[0.169s] [34mcolcon[0m [1;30mDEBUG[0m [32mCommand line arguments: ['/usr/bin/colcon', 'build'][0m
[0.169s] [34mcolcon[0m [1;30mDEBUG[0m [32mParsed command line arguments: Namespace(allow_overriding=[], ament_cmake_args=None, base_paths=['.'], build_base='build', catkin_cmake_args=None, catkin_skip_building_tests=False, cmake_args=None, cmake_clean_cache=False, cmake_clean_first=False, cmake_force_configure=False, cmake_target=None, cmake_target_skip_unavailable=False, continue_on_error=False, event_handlers=None, executor='parallel', ignore_user_meta=False, install_base='install', log_base=None, log_level=None, main=<bound method BuildVerb.main of <colcon_core.verb.build.BuildVerb object at 0x7ffaf4d1c8b0>>, merge_install=False, metas=['./colcon.meta'], packages_above=None, packages_above_and_dependencies=None, packages_above_depth=None, packages_end=None, packages_ignore=None, packages_ignore_regex=None, packages_select=None, packages_select_build_failed=False, packages_select_by_dep=None, packages_select_regex=None, packages_select_test_failures=False, packages_skip=None, packages_skip_build_finished=False, packages_skip_by_dep=None, packages_skip_regex=None, packages_skip_test_passed=False, packages_skip_up_to=None, packages_start=None, packages_up_to=None, packages_up_to_regex=None, parallel_workers=8, paths=None, symlink_install=False, test_result_base=None, verb_extension=<colcon_core.verb.build.BuildVerb object at 0x7ffaf4d1c8b0>, verb_name='build', verb_parser=<colcon_defaults.argument_parser.defaults.DefaultArgumentsDecorator object at 0x7ffaf4cb8790>)[0m
[0.201s] [34mcolcon.colcon_core.package_discovery[0m [1;30mLevel 1[0m discover_packages(colcon_meta) check parameters
[0.201s] [34mcolcon.colcon_core.package_discovery[0m [1;30mLevel 1[0m discover_packages(recursive) check parameters
[0.201s] [34mcolcon.colcon_core.package_discovery[0m [1;30mLevel 1[0m discover_packages(ignore) check parameters
[0.201s] [34mcolcon.colcon_core.package_discovery[0m [1;30mLevel 1[0m discover_packages(path) check parameters
[0.201s] [34mcolcon.colcon_core.package_discovery[0m [1;30mLevel 1[0m discover_packages(colcon_meta) discover
[0.201s] [34mcolcon.colcon_core.package_discovery[0m [1;30mLevel 1[0m discover_packages(recursive) discover
[0.201s] [34mcolcon.colcon_core.package_discovery[0m [1;30mINFO[0m Crawling recursively for packages in '/home/moonly/fpv_ros2_workspace'
[0.201s] [34mcolcon.colcon_core.package_identification[0m [1;30mLevel 1[0m _identify(.) by extensions ['ignore', 'ignore_ament_install']
[0.201s] [34mcolcon.colcon_core.package_identification[0m [1;30mLevel 1[0m _identify(.) by extension 'ignore'
[0.201s] [34mcolcon.colcon_core.package_identification[0m [1;30mLevel 1[0m _identify(.) by extension 'ignore_ament_install'
[0.201s] [34mcolcon.colcon_core.package_identification[0m [1;30mLevel 1[0m _identify(.) by extensions ['colcon_pkg']
[0.201s] [34mcolcon.colcon_core.package_identification[0m [1;30mLevel 1[0m _identify(.) by extension 'colcon_pkg'
[0.201s] [34mcolcon.colcon_core.package_identification[0m [1;30mLevel 1[0m _identify(.) by extensions ['colcon_meta']
[0.201s] [34mcolcon.colcon_core.package_identification[0m [1;30mLevel 1[0m _identify(.) by extension 'colcon_meta'
[0.201s] [34mcolcon.colcon_core.package_identification[0m [1;30mLevel 1[0m _identify(.) by extensions ['ros']
[0.201s] [34mcolcon.colcon_core.package_identification[0m [1;30mLevel 1[0m _identify(.) by extension 'ros'
[0.211s] [34mcolcon.colcon_core.package_identification[0m [1;30mLevel 1[0m _identify(.) by extensions ['cmake', 'python']
[0.211s] [34mcolcon.colcon_core.package_identification[0m [1;30mLevel 1[0m _identify(.) by extension 'cmake'
[0.211s] [34mcolcon.colcon_core.package_identification[0m [1;30mLevel 1[0m _identify(.) by extension 'python'
[0.211s] [34mcolcon.colcon_core.package_identification[0m [1;30mLevel 1[0m _identify(.) by extensions ['python_setup_py']
[0.211s] [34mcolcon.colcon_core.package_identification[0m [1;30mLevel 1[0m _identify(.) by extension 'python_setup_py'
[0.211s] [34mcolcon.colcon_core.package_identification[0m [1;30mLevel 1[0m _identify(build) by extensions ['ignore', 'ignore_ament_install']
[0.211s] [34mcolcon.colcon_core.package_identification[0m [1;30mLevel 1[0m _identify(build) by extension 'ignore'
[0.211s] [34mcolcon.colcon_core.package_identification[0m [1;30mLevel 1[0m _identify(build) ignored
[0.211s] [34mcolcon.colcon_core.package_identification[0m [1;30mLevel 1[0m _identify(install) by extensions ['ignore', 'ignore_ament_install']
[0.211s] [34mcolcon.colcon_core.package_identification[0m [1;30mLevel 1[0m _identify(install) by extension 'ignore'
[0.211s] [34mcolcon.colcon_core.package_identification[0m [1;30mLevel 1[0m _identify(install) ignored
[0.211s] [34mcolcon.colcon_core.package_identification[0m [1;30mLevel 1[0m _identify(log) by extensions ['ignore', 'ignore_ament_install']
[0.211s] [34mcolcon.colcon_core.package_identification[0m [1;30mLevel 1[0m _identify(log) by extension 'ignore'
[0.211s] [34mcolcon.colcon_core.package_identification[0m [1;30mLevel 1[0m _identify(log) ignored
[0.211s] [34mcolcon.colcon_core.package_identification[0m [1;30mLevel 1[0m _identify(src) by extensions ['ignore', 'ignore_ament_install']
[0.211s] [34mcolcon.colcon_core.package_identification[0m [1;30mLevel 1[0m _identify(src) by extension 'ignore'
[0.211s] [34mcolcon.colcon_core.package_identification[0m [1;30mLevel 1[0m _identify(src) by extension 'ignore_ament_install'
[0.211s] [34mcolcon.colcon_core.package_identification[0m [1;30mLevel 1[0m _identify(src) by extensions ['colcon_pkg']
[0.211s] [34mcolcon.colcon_core.package_identification[0m [1;30mLevel 1[0m _identify(src) by extension 'colcon_pkg'
[0.211s] [34mcolcon.colcon_core.package_identification[0m [1;30mLevel 1[0m _identify(src) by extensions ['colcon_meta']
[0.212s] [34mcolcon.colcon_core.package_identification[0m [1;30mLevel 1[0m _identify(src) by extension 'colcon_meta'
[0.212s] [34mcolcon.colcon_core.package_identification[0m [1;30mLevel 1[0m _identify(src) by extensions ['ros']
[0.212s] [34mcolcon.colcon_core.package_identification[0m [1;30mLevel 1[0m _identify(src) by extension 'ros'
[0.212s] [34mcolcon.colcon_core.package_identification[0m [1;30mLevel 1[0m _identify(src) by extensions ['cmake', 'python']
[0.212s] [34mcolcon.colcon_core.package_identification[0m [1;30mLevel 1[0m _identify(src) by extension 'cmake'
[0.212s] [34mcolcon.colcon_core.package_identification[0m [1;30mLevel 1[0m _identify(src) by extension 'python'
[0.212s] [34mcolcon.colcon_core.package_identification[0m [1;30mLevel 1[0m _identify(src) by extensions ['python_setup_py']
[0.212s] [34mcolcon.colcon_core.package_identification[0m [1;30mLevel 1[0m _identify(src) by extension 'python_setup_py'
[0.212s] [34mcolcon.colcon_core.package_identification[0m [1;30mLevel 1[0m _identify(src/auto_control) by extensions ['ignore', 'ignore_ament_install']
[0.212s] [34mcolcon.colcon_core.package_identification[0m [1;30mLevel 1[0m _identify(src/auto_control) by extension 'ignore'
[0.212s] [34mcolcon.colcon_core.package_identification[0m [1;30mLevel 1[0m _identify(src/auto_control) by extension 'ignore_ament_install'
[0.212s] [34mcolcon.colcon_core.package_identification[0m [1;30mLevel 1[0m _identify(src/auto_control) by extensions ['colcon_pkg']
[0.212s] [34mcolcon.colcon_core.package_identification[0m [1;30mLevel 1[0m _identify(src/auto_control) by extension 'colcon_pkg'
[0.212s] [34mcolcon.colcon_core.package_identification[0m [1;30mLevel 1[0m _identify(src/auto_control) by extensions ['colcon_meta']
[0.212s] [34mcolcon.colcon_core.package_identification[0m [1;30mLevel 1[0m _identify(src/auto_control) by extension 'colcon_meta'
[0.212s] [34mcolcon.colcon_core.package_identification[0m [1;30mLevel 1[0m _identify(src/auto_control) by extensions ['ros']
[0.212s] [34mcolcon.colcon_core.package_identification[0m [1;30mLevel 1[0m _identify(src/auto_control) by extension 'ros'
[0.213s] [34mcolcon.colcon_core.package_identification[0m [1;30mDEBUG[0m [32mPackage 'src/auto_control' with type 'ros.ament_cmake' and name 'auto_control'[0m
[0.214s] [34mcolcon.colcon_core.package_identification[0m [1;30mLevel 1[0m _identify(src/fpv_msgs) by extensions ['ignore', 'ignore_ament_install']
[0.214s] [34mcolcon.colcon_core.package_identification[0m [1;30mLevel 1[0m _identify(src/fpv_msgs) by extension 'ignore'
[0.214s] [34mcolcon.colcon_core.package_identification[0m [1;30mLevel 1[0m _identify(src/fpv_msgs) by extension 'ignore_ament_install'
[0.214s] [34mcolcon.colcon_core.package_identification[0m [1;30mLevel 1[0m _identify(src/fpv_msgs) by extensions ['colcon_pkg']
[0.214s] [34mcolcon.colcon_core.package_identification[0m [1;30mLevel 1[0m _identify(src/fpv_msgs) by extension 'colcon_pkg'
[0.214s] [34mcolcon.colcon_core.package_identification[0m [1;30mLevel 1[0m _identify(src/fpv_msgs) by extensions ['colcon_meta']
[0.214s] [34mcolcon.colcon_core.package_identification[0m [1;30mLevel 1[0m _identify(src/fpv_msgs) by extension 'colcon_meta'
[0.214s] [34mcolcon.colcon_core.package_identification[0m [1;30mLevel 1[0m _identify(src/fpv_msgs) by extensions ['ros']
[0.214s] [34mcolcon.colcon_core.package_identification[0m [1;30mLevel 1[0m _identify(src/fpv_msgs) by extension 'ros'
[0.214s] [34mcolcon.colcon_core.package_identification[0m [1;30mDEBUG[0m [32mPackage 'src/fpv_msgs' with type 'ros.ament_cmake' and name 'fpv_msgs'[0m
[0.215s] [34mcolcon.colcon_core.package_identification[0m [1;30mLevel 1[0m _identify(src/position_trans) by extensions ['ignore', 'ignore_ament_install']
[0.215s] [34mcolcon.colcon_core.package_identification[0m [1;30mLevel 1[0m _identify(src/position_trans) by extension 'ignore'
[0.215s] [34mcolcon.colcon_core.package_identification[0m [1;30mLevel 1[0m _identify(src/position_trans) by extension 'ignore_ament_install'
[0.215s] [34mcolcon.colcon_core.package_identification[0m [1;30mLevel 1[0m _identify(src/position_trans) by extensions ['colcon_pkg']
[0.215s] [34mcolcon.colcon_core.package_identification[0m [1;30mLevel 1[0m _identify(src/position_trans) by extension 'colcon_pkg'
[0.215s] [34mcolcon.colcon_core.package_identification[0m [1;30mLevel 1[0m _identify(src/position_trans) by extensions ['colcon_meta']
[0.215s] [34mcolcon.colcon_core.package_identification[0m [1;30mLevel 1[0m _identify(src/position_trans) by extension 'colcon_meta'
[0.215s] [34mcolcon.colcon_core.package_identification[0m [1;30mLevel 1[0m _identify(src/position_trans) by extensions ['ros']
[0.215s] [34mcolcon.colcon_core.package_identification[0m [1;30mLevel 1[0m _identify(src/position_trans) by extension 'ros'
[0.215s] [34mcolcon.colcon_core.package_identification[0m [1;30mDEBUG[0m [32mPackage 'src/position_trans' with type 'ros.ament_cmake' and name 'position_trans'[0m
[0.215s] [34mcolcon.colcon_core.package_identification[0m [1;30mLevel 1[0m _identify(src/pwm_trans) by extensions ['ignore', 'ignore_ament_install']
[0.215s] [34mcolcon.colcon_core.package_identification[0m [1;30mLevel 1[0m _identify(src/pwm_trans) by extension 'ignore'
[0.215s] [34mcolcon.colcon_core.package_identification[0m [1;30mLevel 1[0m _identify(src/pwm_trans) by extension 'ignore_ament_install'
[0.215s] [34mcolcon.colcon_core.package_identification[0m [1;30mLevel 1[0m _identify(src/pwm_trans) by extensions ['colcon_pkg']
[0.215s] [34mcolcon.colcon_core.package_identification[0m [1;30mLevel 1[0m _identify(src/pwm_trans) by extension 'colcon_pkg'
[0.215s] [34mcolcon.colcon_core.package_identification[0m [1;30mLevel 1[0m _identify(src/pwm_trans) by extensions ['colcon_meta']
[0.215s] [34mcolcon.colcon_core.package_identification[0m [1;30mLevel 1[0m _identify(src/pwm_trans) by extension 'colcon_meta'
[0.215s] [34mcolcon.colcon_core.package_identification[0m [1;30mLevel 1[0m _identify(src/pwm_trans) by extensions ['ros']
[0.215s] [34mcolcon.colcon_core.package_identification[0m [1;30mLevel 1[0m _identify(src/pwm_trans) by extension 'ros'
[0.216s] [34mcolcon.colcon_core.package_identification[0m [1;30mDEBUG[0m [32mPackage 'src/pwm_trans' with type 'ros.ament_cmake' and name 'pwm_trans'[0m
[0.216s] [34mcolcon.colcon_core.package_discovery[0m [1;30mLevel 1[0m discover_packages(recursive) using defaults
[0.216s] [34mcolcon.colcon_core.package_discovery[0m [1;30mLevel 1[0m discover_packages(ignore) discover
[0.216s] [34mcolcon.colcon_core.package_discovery[0m [1;30mLevel 1[0m discover_packages(ignore) using defaults
[0.216s] [34mcolcon.colcon_core.package_discovery[0m [1;30mLevel 1[0m discover_packages(path) discover
[0.216s] [34mcolcon.colcon_core.package_discovery[0m [1;30mLevel 1[0m discover_packages(path) using defaults
[0.231s] [34mcolcon.colcon_core.package_discovery[0m [1;30mLevel 1[0m discover_packages(prefix_path) check parameters
[0.231s] [34mcolcon.colcon_core.package_discovery[0m [1;30mLevel 1[0m discover_packages(prefix_path) discover
[0.231s] [34mcolcon.colcon_ros.prefix_path.ament[0m [1;30mWARNING[0m [33mThe path '/home/moonly/fpv_ros2_workspace/install/fpv_msgs' in the environment variable AMENT_PREFIX_PATH doesn't exist[0m
[0.232s] [34mcolcon.colcon_ros.prefix_path.ament[0m [1;30mWARNING[0m [33mThe path '/home/moonly/fpv_ros2_workspace/install/auto_control' in the environment variable AMENT_PREFIX_PATH doesn't exist[0m
[0.232s] [34mcolcon.colcon_ros.prefix_path.catkin[0m [1;30mWARNING[0m [33mThe path '/home/moonly/fpv_ros2_workspace/install/pwm_trans' in the environment variable CMAKE_PREFIX_PATH doesn't exist[0m
[0.232s] [34mcolcon.colcon_ros.prefix_path.catkin[0m [1;30mWARNING[0m [33mThe path '/home/moonly/fpv_ros2_workspace/install/position_trans' in the environment variable CMAKE_PREFIX_PATH doesn't exist[0m
[0.232s] [34mcolcon.colcon_ros.prefix_path.catkin[0m [1;30mWARNING[0m [33mThe path '/home/moonly/fpv_ros2_workspace/install/fpv_msgs' in the environment variable CMAKE_PREFIX_PATH doesn't exist[0m
[0.232s] [34mcolcon.colcon_ros.prefix_path.catkin[0m [1;30mWARNING[0m [33mThe path '/home/moonly/fpv_ros2_workspace/install/auto_control' in the environment variable CMAKE_PREFIX_PATH doesn't exist[0m
[0.232s] [34mcolcon.colcon_installed_package_information.package_discovery[0m [1;30mDEBUG[0m [32mFound 7 installed packages in /home/moonly/moonly_workspace/install[0m
[0.233s] [34mcolcon.colcon_installed_package_information.package_discovery[0m [1;30mDEBUG[0m [32mFound 5 installed packages in /home/moonly/px4_ros_com_ros2/install[0m
[0.233s] [34mcolcon.colcon_installed_package_information.package_discovery[0m [1;30mDEBUG[0m [32mFound 0 installed packages in /home/moonly/fpv_ros2_workspace/install[0m
[0.234s] [34mcolcon.colcon_installed_package_information.package_discovery[0m [1;30mDEBUG[0m [32mFound 264 installed packages in /opt/ros/foxy[0m
[0.235s] [34mcolcon.colcon_core.package_discovery[0m [1;30mLevel 1[0m discover_packages(prefix_path) using defaults
[0.265s] [34mcolcon.colcon_core.verb[0m [1;30mLevel 5[0m set package 'auto_control' build argument 'cmake_args' from command line to 'None'
[0.265s] [34mcolcon.colcon_core.verb[0m [1;30mLevel 5[0m set package 'auto_control' build argument 'cmake_target' from command line to 'None'
[0.265s] [34mcolcon.colcon_core.verb[0m [1;30mLevel 5[0m set package 'auto_control' build argument 'cmake_target_skip_unavailable' from command line to 'False'
[0.265s] [34mcolcon.colcon_core.verb[0m [1;30mLevel 5[0m set package 'auto_control' build argument 'cmake_clean_cache' from command line to 'False'
[0.265s] [34mcolcon.colcon_core.verb[0m [1;30mLevel 5[0m set package 'auto_control' build argument 'cmake_clean_first' from command line to 'False'
[0.265s] [34mcolcon.colcon_core.verb[0m [1;30mLevel 5[0m set package 'auto_control' build argument 'cmake_force_configure' from command line to 'False'
[0.265s] [34mcolcon.colcon_core.verb[0m [1;30mLevel 5[0m set package 'auto_control' build argument 'ament_cmake_args' from command line to 'None'
[0.265s] [34mcolcon.colcon_core.verb[0m [1;30mLevel 5[0m set package 'auto_control' build argument 'catkin_cmake_args' from command line to 'None'
[0.265s] [34mcolcon.colcon_core.verb[0m [1;30mLevel 5[0m set package 'auto_control' build argument 'catkin_skip_building_tests' from command line to 'False'
[0.265s] [34mcolcon.colcon_core.verb[0m [1;30mDEBUG[0m [32mBuilding package 'auto_control' with the following arguments: {'ament_cmake_args': None, 'build_base': '/home/moonly/fpv_ros2_workspace/build/auto_control', 'catkin_cmake_args': None, 'catkin_skip_building_tests': False, 'cmake_args': None, 'cmake_clean_cache': False, 'cmake_clean_first': False, 'cmake_force_configure': False, 'cmake_target': None, 'cmake_target_skip_unavailable': False, 'install_base': '/home/moonly/fpv_ros2_workspace/install/auto_control', 'merge_install': False, 'path': '/home/moonly/fpv_ros2_workspace/src/auto_control', 'symlink_install': False, 'test_result_base': None}[0m
[0.266s] [34mcolcon.colcon_core.verb[0m [1;30mLevel 5[0m set package 'fpv_msgs' build argument 'cmake_args' from command line to 'None'
[0.266s] [34mcolcon.colcon_core.verb[0m [1;30mLevel 5[0m set package 'fpv_msgs' build argument 'cmake_target' from command line to 'None'
[0.266s] [34mcolcon.colcon_core.verb[0m [1;30mLevel 5[0m set package 'fpv_msgs' build argument 'cmake_target_skip_unavailable' from command line to 'False'
[0.266s] [34mcolcon.colcon_core.verb[0m [1;30mLevel 5[0m set package 'fpv_msgs' build argument 'cmake_clean_cache' from command line to 'False'
[0.266s] [34mcolcon.colcon_core.verb[0m [1;30mLevel 5[0m set package 'fpv_msgs' build argument 'cmake_clean_first' from command line to 'False'
[0.266s] [34mcolcon.colcon_core.verb[0m [1;30mLevel 5[0m set package 'fpv_msgs' build argument 'cmake_force_configure' from command line to 'False'
[0.266s] [34mcolcon.colcon_core.verb[0m [1;30mLevel 5[0m set package 'fpv_msgs' build argument 'ament_cmake_args' from command line to 'None'
[0.266s] [34mcolcon.colcon_core.verb[0m [1;30mLevel 5[0m set package 'fpv_msgs' build argument 'catkin_cmake_args' from command line to 'None'
[0.266s] [34mcolcon.colcon_core.verb[0m [1;30mLevel 5[0m set package 'fpv_msgs' build argument 'catkin_skip_building_tests' from command line to 'False'
[0.266s] [34mcolcon.colcon_core.verb[0m [1;30mDEBUG[0m [32mBuilding package 'fpv_msgs' with the following arguments: {'ament_cmake_args': None, 'build_base': '/home/moonly/fpv_ros2_workspace/build/fpv_msgs', 'catkin_cmake_args': None, 'catkin_skip_building_tests': False, 'cmake_args': None, 'cmake_clean_cache': False, 'cmake_clean_first': False, 'cmake_force_configure': False, 'cmake_target': None, 'cmake_target_skip_unavailable': False, 'install_base': '/home/moonly/fpv_ros2_workspace/install/fpv_msgs', 'merge_install': False, 'path': '/home/moonly/fpv_ros2_workspace/src/fpv_msgs', 'symlink_install': False, 'test_result_base': None}[0m
[0.266s] [34mcolcon.colcon_core.verb[0m [1;30mLevel 5[0m set package 'position_trans' build argument 'cmake_args' from command line to 'None'
[0.266s] [34mcolcon.colcon_core.verb[0m [1;30mLevel 5[0m set package 'position_trans' build argument 'cmake_target' from command line to 'None'
[0.266s] [34mcolcon.colcon_core.verb[0m [1;30mLevel 5[0m set package 'position_trans' build argument 'cmake_target_skip_unavailable' from command line to 'False'
[0.266s] [34mcolcon.colcon_core.verb[0m [1;30mLevel 5[0m set package 'position_trans' build argument 'cmake_clean_cache' from command line to 'False'
[0.266s] [34mcolcon.colcon_core.verb[0m [1;30mLevel 5[0m set package 'position_trans' build argument 'cmake_clean_first' from command line to 'False'
[0.266s] [34mcolcon.colcon_core.verb[0m [1;30mLevel 5[0m set package 'position_trans' build argument 'cmake_force_configure' from command line to 'False'
[0.266s] [34mcolcon.colcon_core.verb[0m [1;30mLevel 5[0m set package 'position_trans' build argument 'ament_cmake_args' from command line to 'None'
[0.266s] [34mcolcon.colcon_core.verb[0m [1;30mLevel 5[0m set package 'position_trans' build argument 'catkin_cmake_args' from command line to 'None'
[0.266s] [34mcolcon.colcon_core.verb[0m [1;30mLevel 5[0m set package 'position_trans' build argument 'catkin_skip_building_tests' from command line to 'False'
[0.266s] [34mcolcon.colcon_core.verb[0m [1;30mDEBUG[0m [32mBuilding package 'position_trans' with the following arguments: {'ament_cmake_args': None, 'build_base': '/home/moonly/fpv_ros2_workspace/build/position_trans', 'catkin_cmake_args': None, 'catkin_skip_building_tests': False, 'cmake_args': None, 'cmake_clean_cache': False, 'cmake_clean_first': False, 'cmake_force_configure': False, 'cmake_target': None, 'cmake_target_skip_unavailable': False, 'install_base': '/home/moonly/fpv_ros2_workspace/install/position_trans', 'merge_install': False, 'path': '/home/moonly/fpv_ros2_workspace/src/position_trans', 'symlink_install': False, 'test_result_base': None}[0m
[0.266s] [34mcolcon.colcon_core.verb[0m [1;30mLevel 5[0m set package 'pwm_trans' build argument 'cmake_args' from command line to 'None'
[0.266s] [34mcolcon.colcon_core.verb[0m [1;30mLevel 5[0m set package 'pwm_trans' build argument 'cmake_target' from command line to 'None'
[0.266s] [34mcolcon.colcon_core.verb[0m [1;30mLevel 5[0m set package 'pwm_trans' build argument 'cmake_target_skip_unavailable' from command line to 'False'
[0.266s] [34mcolcon.colcon_core.verb[0m [1;30mLevel 5[0m set package 'pwm_trans' build argument 'cmake_clean_cache' from command line to 'False'
[0.266s] [34mcolcon.colcon_core.verb[0m [1;30mLevel 5[0m set package 'pwm_trans' build argument 'cmake_clean_first' from command line to 'False'
[0.266s] [34mcolcon.colcon_core.verb[0m [1;30mLevel 5[0m set package 'pwm_trans' build argument 'cmake_force_configure' from command line to 'False'
[0.266s] [34mcolcon.colcon_core.verb[0m [1;30mLevel 5[0m set package 'pwm_trans' build argument 'ament_cmake_args' from command line to 'None'
[0.266s] [34mcolcon.colcon_core.verb[0m [1;30mLevel 5[0m set package 'pwm_trans' build argument 'catkin_cmake_args' from command line to 'None'
[0.266s] [34mcolcon.colcon_core.verb[0m [1;30mLevel 5[0m set package 'pwm_trans' build argument 'catkin_skip_building_tests' from command line to 'False'
[0.266s] [34mcolcon.colcon_core.verb[0m [1;30mDEBUG[0m [32mBuilding package 'pwm_trans' with the following arguments: {'ament_cmake_args': None, 'build_base': '/home/moonly/fpv_ros2_workspace/build/pwm_trans', 'catkin_cmake_args': None, 'catkin_skip_building_tests': False, 'cmake_args': None, 'cmake_clean_cache': False, 'cmake_clean_first': False, 'cmake_force_configure': False, 'cmake_target': None, 'cmake_target_skip_unavailable': False, 'install_base': '/home/moonly/fpv_ros2_workspace/install/pwm_trans', 'merge_install': False, 'path': '/home/moonly/fpv_ros2_workspace/src/pwm_trans', 'symlink_install': False, 'test_result_base': None}[0m
[0.267s] [34mcolcon.colcon_core.executor[0m [1;30mINFO[0m Executing jobs using 'parallel' executor
[0.268s] [34mcolcon.colcon_parallel_executor.executor.parallel[0m [1;30mDEBUG[0m [32mrun_until_complete[0m
[0.268s] [34mcolcon.colcon_ros.task.ament_cmake.build[0m [1;30mINFO[0m Building ROS package in '/home/moonly/fpv_ros2_workspace/src/auto_control' with build type 'ament_cmake'
[0.268s] [34mcolcon.colcon_cmake.task.cmake.build[0m [1;30mINFO[0m Building CMake package in '/home/moonly/fpv_ros2_workspace/src/auto_control'
[0.270s] [34mcolcon.colcon_core.plugin_system[0m [1;30mINFO[0m Skipping extension 'colcon_core.shell.bat': Not used on non-Windows systems
[0.270s] [34mcolcon.colcon_core.shell[0m [1;30mINFO[0m Skip shell extension 'powershell' for command environment: Not usable outside of PowerShell
[0.270s] [34mcolcon.colcon_core.shell[0m [1;30mDEBUG[0m [32mSkip shell extension 'dsv' for command environment[0m
[0.279s] [34mcolcon.colcon_ros.task.ament_cmake.build[0m [1;30mINFO[0m Building ROS package in '/home/moonly/fpv_ros2_workspace/src/fpv_msgs' with build type 'ament_cmake'
[0.280s] [34mcolcon.colcon_cmake.task.cmake.build[0m [1;30mINFO[0m Building CMake package in '/home/moonly/fpv_ros2_workspace/src/fpv_msgs'
[0.281s] [34mcolcon.colcon_core.shell[0m [1;30mINFO[0m Skip shell extension 'powershell' for command environment: Not usable outside of PowerShell
[0.281s] [34mcolcon.colcon_core.shell[0m [1;30mDEBUG[0m [32mSkip shell extension 'dsv' for command environment[0m
[0.291s] [34mcolcon.colcon_ros.task.ament_cmake.build[0m [1;30mINFO[0m Building ROS package in '/home/moonly/fpv_ros2_workspace/src/position_trans' with build type 'ament_cmake'
[0.292s] [34mcolcon.colcon_cmake.task.cmake.build[0m [1;30mINFO[0m Building CMake package in '/home/moonly/fpv_ros2_workspace/src/position_trans'
[0.293s] [34mcolcon.colcon_core.shell[0m [1;30mINFO[0m Skip shell extension 'powershell' for command environment: Not usable outside of PowerShell
[0.293s] [34mcolcon.colcon_core.shell[0m [1;30mDEBUG[0m [32mSkip shell extension 'dsv' for command environment[0m
[0.300s] [34mcolcon.colcon_ros.task.ament_cmake.build[0m [1;30mINFO[0m Building ROS package in '/home/moonly/fpv_ros2_workspace/src/pwm_trans' with build type 'ament_cmake'
[0.300s] [34mcolcon.colcon_cmake.task.cmake.build[0m [1;30mINFO[0m Building CMake package in '/home/moonly/fpv_ros2_workspace/src/pwm_trans'
[0.300s] [34mcolcon.colcon_core.shell[0m [1;30mINFO[0m Skip shell extension 'powershell' for command environment: Not usable outside of PowerShell
[0.301s] [34mcolcon.colcon_core.shell[0m [1;30mDEBUG[0m [32mSkip shell extension 'dsv' for command environment[0m
[0.308s] [34mcolcon.colcon_core.event_handler.log_command[0m [1;30mDEBUG[0m [32mInvoking command in '/home/moonly/fpv_ros2_workspace/build/auto_control': CMAKE_PREFIX_PATH=${CMAKE_PREFIX_PATH}:/opt/ros/foxy _=/usr/bin/env /usr/bin/cmake /home/moonly/fpv_ros2_workspace/src/auto_control -DCMAKE_INSTALL_PREFIX=/home/moonly/fpv_ros2_workspace/install/auto_control[0m
[0.317s] [34mcolcon.colcon_core.event_handler.log_command[0m [1;30mDEBUG[0m [32mInvoking command in '/home/moonly/fpv_ros2_workspace/build/fpv_msgs': CMAKE_PREFIX_PATH=${CMAKE_PREFIX_PATH}:/opt/ros/foxy _=/usr/bin/env /usr/bin/cmake /home/moonly/fpv_ros2_workspace/src/fpv_msgs -DCMAKE_INSTALL_PREFIX=/home/moonly/fpv_ros2_workspace/install/fpv_msgs[0m
[0.325s] [34mcolcon.colcon_core.event_handler.log_command[0m [1;30mDEBUG[0m [32mInvoking command in '/home/moonly/fpv_ros2_workspace/build/position_trans': CMAKE_PREFIX_PATH=${CMAKE_PREFIX_PATH}:/opt/ros/foxy _=/usr/bin/env /usr/bin/cmake /home/moonly/fpv_ros2_workspace/src/position_trans -DCMAKE_INSTALL_PREFIX=/home/moonly/fpv_ros2_workspace/install/position_trans[0m
[0.336s] [34mcolcon.colcon_core.event_handler.log_command[0m [1;30mDEBUG[0m [32mInvoking command in '/home/moonly/fpv_ros2_workspace/build/pwm_trans': CMAKE_PREFIX_PATH=${CMAKE_PREFIX_PATH}:/opt/ros/foxy _=/usr/bin/env /usr/bin/cmake /home/moonly/fpv_ros2_workspace/src/pwm_trans -DCMAKE_INSTALL_PREFIX=/home/moonly/fpv_ros2_workspace/install/pwm_trans[0m
[2.510s] [34mcolcon.colcon_core.event_handler.log_command[0m [1;30mDEBUG[0m [32mInvoked command in '/home/moonly/fpv_ros2_workspace/build/pwm_trans' returned '0': CMAKE_PREFIX_PATH=${CMAKE_PREFIX_PATH}:/opt/ros/foxy _=/usr/bin/env /usr/bin/cmake /home/moonly/fpv_ros2_workspace/src/pwm_trans -DCMAKE_INSTALL_PREFIX=/home/moonly/fpv_ros2_workspace/install/pwm_trans[0m
[2.513s] [34mcolcon.colcon_core.event_handler.log_command[0m [1;30mDEBUG[0m [32mInvoking command in '/home/moonly/fpv_ros2_workspace/build/pwm_trans': CMAKE_PREFIX_PATH=${CMAKE_PREFIX_PATH}:/opt/ros/foxy _=/usr/bin/env /usr/bin/cmake --build /home/moonly/fpv_ros2_workspace/build/pwm_trans -- -j8 -l8[0m
[2.609s] [34mcolcon.colcon_core.event_handler.log_command[0m [1;30mDEBUG[0m [32mInvoked command in '/home/moonly/fpv_ros2_workspace/build/position_trans' returned '0': CMAKE_PREFIX_PATH=${CMAKE_PREFIX_PATH}:/opt/ros/foxy _=/usr/bin/env /usr/bin/cmake /home/moonly/fpv_ros2_workspace/src/position_trans -DCMAKE_INSTALL_PREFIX=/home/moonly/fpv_ros2_workspace/install/position_trans[0m
[2.611s] [34mcolcon.colcon_core.event_handler.log_command[0m [1;30mDEBUG[0m [32mInvoking command in '/home/moonly/fpv_ros2_workspace/build/position_trans': CMAKE_PREFIX_PATH=${CMAKE_PREFIX_PATH}:/opt/ros/foxy _=/usr/bin/env /usr/bin/cmake --build /home/moonly/fpv_ros2_workspace/build/position_trans -- -j8 -l8[0m
[2.648s] [34mcolcon.colcon_core.event_handler.log_command[0m [1;30mDEBUG[0m [32mInvoked command in '/home/moonly/fpv_ros2_workspace/build/pwm_trans' returned '0': CMAKE_PREFIX_PATH=${CMAKE_PREFIX_PATH}:/opt/ros/foxy _=/usr/bin/env /usr/bin/cmake --build /home/moonly/fpv_ros2_workspace/build/pwm_trans -- -j8 -l8[0m
[2.694s] [34mcolcon.colcon_core.event_handler.log_command[0m [1;30mDEBUG[0m [32mInvoked command in '/home/moonly/fpv_ros2_workspace/build/position_trans' returned '0': CMAKE_PREFIX_PATH=${CMAKE_PREFIX_PATH}:/opt/ros/foxy _=/usr/bin/env /usr/bin/cmake --build /home/moonly/fpv_ros2_workspace/build/position_trans -- -j8 -l8[0m
[2.713s] [34mcolcon.colcon_core.event_handler.log_command[0m [1;30mDEBUG[0m [32mInvoking command in '/home/moonly/fpv_ros2_workspace/build/pwm_trans': CMAKE_PREFIX_PATH=${CMAKE_PREFIX_PATH}:/opt/ros/foxy _=/usr/bin/env /usr/bin/cmake --install /home/moonly/fpv_ros2_workspace/build/pwm_trans[0m
[2.727s] [34mcolcon.colcon_core.environment[0m [1;30mLevel 1[0m create_environment_scripts_only(pwm_trans)
[2.730s] [34mcolcon.colcon_core.event_handler.log_command[0m [1;30mDEBUG[0m [32mInvoked command in '/home/moonly/fpv_ros2_workspace/build/pwm_trans' returned '0': CMAKE_PREFIX_PATH=${CMAKE_PREFIX_PATH}:/opt/ros/foxy _=/usr/bin/env /usr/bin/cmake --install /home/moonly/fpv_ros2_workspace/build/pwm_trans[0m
[2.732s] [34mcolcon.colcon_core.environment[0m [1;30mLevel 1[0m checking '/home/moonly/fpv_ros2_workspace/install/pwm_trans' for CMake module files
[2.733s] [34mcolcon.colcon_core.environment[0m [1;30mLevel 1[0m checking '/home/moonly/fpv_ros2_workspace/install/pwm_trans' for CMake config files
[2.733s] [34mcolcon.colcon_core.shell[0m [1;30mLevel 1[0m create_environment_hook('pwm_trans', 'cmake_prefix_path')
[2.733s] [34mcolcon.colcon_core.shell[0m [1;30mINFO[0m Creating environment hook '/home/moonly/fpv_ros2_workspace/install/pwm_trans/share/pwm_trans/hook/cmake_prefix_path.ps1'
[2.734s] [34mcolcon.colcon_core.shell[0m [1;30mINFO[0m Creating environment descriptor '/home/moonly/fpv_ros2_workspace/install/pwm_trans/share/pwm_trans/hook/cmake_prefix_path.dsv'
[2.735s] [34mcolcon.colcon_core.shell[0m [1;30mINFO[0m Creating environment hook '/home/moonly/fpv_ros2_workspace/install/pwm_trans/share/pwm_trans/hook/cmake_prefix_path.sh'
[2.748s] [34mcolcon.colcon_core.environment[0m [1;30mLevel 1[0m checking '/home/moonly/fpv_ros2_workspace/install/pwm_trans/bin'
[2.749s] [34mcolcon.colcon_core.environment[0m [1;30mLevel 1[0m checking '/home/moonly/fpv_ros2_workspace/install/pwm_trans/lib/pkgconfig/pwm_trans.pc'
[2.751s] [34mcolcon.colcon_core.environment[0m [1;30mLevel 1[0m checking '/home/moonly/fpv_ros2_workspace/install/pwm_trans/lib/python3.8/site-packages'
[2.751s] [34mcolcon.colcon_core.environment[0m [1;30mLevel 1[0m checking '/home/moonly/fpv_ros2_workspace/install/pwm_trans/bin'
[2.752s] [34mcolcon.colcon_core.shell[0m [1;30mINFO[0m Creating package script '/home/moonly/fpv_ros2_workspace/install/pwm_trans/share/pwm_trans/package.ps1'
[2.753s] [34mcolcon.colcon_core.shell[0m [1;30mINFO[0m Creating package descriptor '/home/moonly/fpv_ros2_workspace/install/pwm_trans/share/pwm_trans/package.dsv'
[2.754s] [34mcolcon.colcon_core.shell[0m [1;30mINFO[0m Creating package script '/home/moonly/fpv_ros2_workspace/install/pwm_trans/share/pwm_trans/package.sh'
[2.754s] [34mcolcon.colcon_core.shell[0m [1;30mINFO[0m Creating package script '/home/moonly/fpv_ros2_workspace/install/pwm_trans/share/pwm_trans/package.bash'
[2.756s] [34mcolcon.colcon_core.shell[0m [1;30mINFO[0m Creating package script '/home/moonly/fpv_ros2_workspace/install/pwm_trans/share/pwm_trans/package.zsh'
[2.756s] [34mcolcon.colcon_core.environment[0m [1;30mLevel 1[0m create_file_with_runtime_dependencies(/home/moonly/fpv_ros2_workspace/install/pwm_trans/share/colcon-core/packages/pwm_trans)
[2.765s] [34mcolcon.colcon_core.event_handler.log_command[0m [1;30mDEBUG[0m [32mInvoking command in '/home/moonly/fpv_ros2_workspace/build/position_trans': CMAKE_PREFIX_PATH=${CMAKE_PREFIX_PATH}:/opt/ros/foxy _=/usr/bin/env /usr/bin/cmake --install /home/moonly/fpv_ros2_workspace/build/position_trans[0m
[2.820s] [34mcolcon.colcon_core.environment[0m [1;30mLevel 1[0m create_environment_scripts_only(position_trans)
[2.821s] [34mcolcon.colcon_core.environment[0m [1;30mLevel 1[0m checking '/home/moonly/fpv_ros2_workspace/install/position_trans' for CMake module files
[2.821s] [34mcolcon.colcon_core.event_handler.log_command[0m [1;30mDEBUG[0m [32mInvoked command in '/home/moonly/fpv_ros2_workspace/build/position_trans' returned '0': CMAKE_PREFIX_PATH=${CMAKE_PREFIX_PATH}:/opt/ros/foxy _=/usr/bin/env /usr/bin/cmake --install /home/moonly/fpv_ros2_workspace/build/position_trans[0m
[2.822s] [34mcolcon.colcon_core.environment[0m [1;30mLevel 1[0m checking '/home/moonly/fpv_ros2_workspace/install/position_trans' for CMake config files
[2.822s] [34mcolcon.colcon_core.shell[0m [1;30mLevel 1[0m create_environment_hook('position_trans', 'cmake_prefix_path')
[2.822s] [34mcolcon.colcon_core.shell[0m [1;30mINFO[0m Creating environment hook '/home/moonly/fpv_ros2_workspace/install/position_trans/share/position_trans/hook/cmake_prefix_path.ps1'
[2.823s] [34mcolcon.colcon_core.shell[0m [1;30mINFO[0m Creating environment descriptor '/home/moonly/fpv_ros2_workspace/install/position_trans/share/position_trans/hook/cmake_prefix_path.dsv'
[2.823s] [34mcolcon.colcon_core.shell[0m [1;30mINFO[0m Creating environment hook '/home/moonly/fpv_ros2_workspace/install/position_trans/share/position_trans/hook/cmake_prefix_path.sh'
[2.823s] [34mcolcon.colcon_core.environment[0m [1;30mLevel 1[0m checking '/home/moonly/fpv_ros2_workspace/install/position_trans/bin'
[2.824s] [34mcolcon.colcon_core.environment[0m [1;30mLevel 1[0m checking '/home/moonly/fpv_ros2_workspace/install/position_trans/lib/pkgconfig/position_trans.pc'
[2.824s] [34mcolcon.colcon_core.environment[0m [1;30mLevel 1[0m checking '/home/moonly/fpv_ros2_workspace/install/position_trans/lib/python3.8/site-packages'
[2.824s] [34mcolcon.colcon_core.environment[0m [1;30mLevel 1[0m checking '/home/moonly/fpv_ros2_workspace/install/position_trans/bin'
[2.824s] [34mcolcon.colcon_core.shell[0m [1;30mINFO[0m Creating package script '/home/moonly/fpv_ros2_workspace/install/position_trans/share/position_trans/package.ps1'
[2.825s] [34mcolcon.colcon_core.shell[0m [1;30mINFO[0m Creating package descriptor '/home/moonly/fpv_ros2_workspace/install/position_trans/share/position_trans/package.dsv'
[2.825s] [34mcolcon.colcon_core.shell[0m [1;30mINFO[0m Creating package script '/home/moonly/fpv_ros2_workspace/install/position_trans/share/position_trans/package.sh'
[2.826s] [34mcolcon.colcon_core.shell[0m [1;30mINFO[0m Creating package script '/home/moonly/fpv_ros2_workspace/install/position_trans/share/position_trans/package.bash'
[2.826s] [34mcolcon.colcon_core.shell[0m [1;30mINFO[0m Creating package script '/home/moonly/fpv_ros2_workspace/install/position_trans/share/position_trans/package.zsh'
[2.826s] [34mcolcon.colcon_core.environment[0m [1;30mLevel 1[0m create_file_with_runtime_dependencies(/home/moonly/fpv_ros2_workspace/install/position_trans/share/colcon-core/packages/position_trans)
[2.833s] [34mcolcon.colcon_core.environment[0m [1;30mLevel 1[0m create_environment_scripts_only(pwm_trans)
[2.833s] [34mcolcon.colcon_core.environment[0m [1;30mLevel 1[0m checking '/home/moonly/fpv_ros2_workspace/install/pwm_trans' for CMake module files
[2.834s] [34mcolcon.colcon_core.environment[0m [1;30mLevel 1[0m checking '/home/moonly/fpv_ros2_workspace/install/pwm_trans' for CMake config files
[2.834s] [34mcolcon.colcon_core.shell[0m [1;30mLevel 1[0m create_environment_hook('pwm_trans', 'cmake_prefix_path')
[2.834s] [34mcolcon.colcon_core.shell[0m [1;30mINFO[0m Creating environment hook '/home/moonly/fpv_ros2_workspace/install/pwm_trans/share/pwm_trans/hook/cmake_prefix_path.ps1'
[2.835s] [34mcolcon.colcon_core.shell[0m [1;30mINFO[0m Creating environment descriptor '/home/moonly/fpv_ros2_workspace/install/pwm_trans/share/pwm_trans/hook/cmake_prefix_path.dsv'
[2.835s] [34mcolcon.colcon_core.shell[0m [1;30mINFO[0m Creating environment hook '/home/moonly/fpv_ros2_workspace/install/pwm_trans/share/pwm_trans/hook/cmake_prefix_path.sh'
[2.836s] [34mcolcon.colcon_core.environment[0m [1;30mLevel 1[0m checking '/home/moonly/fpv_ros2_workspace/install/pwm_trans/bin'
[2.836s] [34mcolcon.colcon_core.environment[0m [1;30mLevel 1[0m checking '/home/moonly/fpv_ros2_workspace/install/pwm_trans/lib/pkgconfig/pwm_trans.pc'
[2.836s] [34mcolcon.colcon_core.environment[0m [1;30mLevel 1[0m checking '/home/moonly/fpv_ros2_workspace/install/pwm_trans/lib/python3.8/site-packages'
[2.836s] [34mcolcon.colcon_core.environment[0m [1;30mLevel 1[0m checking '/home/moonly/fpv_ros2_workspace/install/pwm_trans/bin'
[2.837s] [34mcolcon.colcon_core.shell[0m [1;30mINFO[0m Creating package script '/home/moonly/fpv_ros2_workspace/install/pwm_trans/share/pwm_trans/package.ps1'
[2.837s] [34mcolcon.colcon_core.shell[0m [1;30mINFO[0m Creating package descriptor '/home/moonly/fpv_ros2_workspace/install/pwm_trans/share/pwm_trans/package.dsv'
[2.838s] [34mcolcon.colcon_core.shell[0m [1;30mINFO[0m Creating package script '/home/moonly/fpv_ros2_workspace/install/pwm_trans/share/pwm_trans/package.sh'
[2.838s] [34mcolcon.colcon_core.shell[0m [1;30mINFO[0m Creating package script '/home/moonly/fpv_ros2_workspace/install/pwm_trans/share/pwm_trans/package.bash'
[2.839s] [34mcolcon.colcon_core.shell[0m [1;30mINFO[0m Creating package script '/home/moonly/fpv_ros2_workspace/install/pwm_trans/share/pwm_trans/package.zsh'
[2.840s] [34mcolcon.colcon_core.environment[0m [1;30mLevel 1[0m create_file_with_runtime_dependencies(/home/moonly/fpv_ros2_workspace/install/pwm_trans/share/colcon-core/packages/pwm_trans)
[2.891s] [34mcolcon.colcon_core.environment[0m [1;30mLevel 1[0m create_environment_scripts_only(position_trans)
[2.891s] [34mcolcon.colcon_core.environment[0m [1;30mLevel 1[0m checking '/home/moonly/fpv_ros2_workspace/install/position_trans' for CMake module files
[2.892s] [34mcolcon.colcon_core.environment[0m [1;30mLevel 1[0m checking '/home/moonly/fpv_ros2_workspace/install/position_trans' for CMake config files
[2.892s] [34mcolcon.colcon_core.shell[0m [1;30mLevel 1[0m create_environment_hook('position_trans', 'cmake_prefix_path')
[2.892s] [34mcolcon.colcon_core.shell[0m [1;30mINFO[0m Creating environment hook '/home/moonly/fpv_ros2_workspace/install/position_trans/share/position_trans/hook/cmake_prefix_path.ps1'
[2.892s] [34mcolcon.colcon_core.shell[0m [1;30mINFO[0m Creating environment descriptor '/home/moonly/fpv_ros2_workspace/install/position_trans/share/position_trans/hook/cmake_prefix_path.dsv'
[2.893s] [34mcolcon.colcon_core.shell[0m [1;30mINFO[0m Creating environment hook '/home/moonly/fpv_ros2_workspace/install/position_trans/share/position_trans/hook/cmake_prefix_path.sh'
[2.893s] [34mcolcon.colcon_core.environment[0m [1;30mLevel 1[0m checking '/home/moonly/fpv_ros2_workspace/install/position_trans/bin'
[2.893s] [34mcolcon.colcon_core.environment[0m [1;30mLevel 1[0m checking '/home/moonly/fpv_ros2_workspace/install/position_trans/lib/pkgconfig/position_trans.pc'
[2.893s] [34mcolcon.colcon_core.environment[0m [1;30mLevel 1[0m checking '/home/moonly/fpv_ros2_workspace/install/position_trans/lib/python3.8/site-packages'
[2.893s] [34mcolcon.colcon_core.environment[0m [1;30mLevel 1[0m checking '/home/moonly/fpv_ros2_workspace/install/position_trans/bin'
[2.893s] [34mcolcon.colcon_core.shell[0m [1;30mINFO[0m Creating package script '/home/moonly/fpv_ros2_workspace/install/position_trans/share/position_trans/package.ps1'
[2.894s] [34mcolcon.colcon_core.shell[0m [1;30mINFO[0m Creating package descriptor '/home/moonly/fpv_ros2_workspace/install/position_trans/share/position_trans/package.dsv'
[2.898s] [34mcolcon.colcon_core.shell[0m [1;30mINFO[0m Creating package script '/home/moonly/fpv_ros2_workspace/install/position_trans/share/position_trans/package.sh'
[2.910s] [34mcolcon.colcon_core.shell[0m [1;30mINFO[0m Creating package script '/home/moonly/fpv_ros2_workspace/install/position_trans/share/position_trans/package.bash'
[2.912s] [34mcolcon.colcon_core.shell[0m [1;30mINFO[0m Creating package script '/home/moonly/fpv_ros2_workspace/install/position_trans/share/position_trans/package.zsh'
[2.914s] [34mcolcon.colcon_core.environment[0m [1;30mLevel 1[0m create_file_with_runtime_dependencies(/home/moonly/fpv_ros2_workspace/install/position_trans/share/colcon-core/packages/position_trans)
[3.724s] [34mcolcon.colcon_core.event_handler.log_command[0m [1;30mDEBUG[0m [32mInvoked command in '/home/moonly/fpv_ros2_workspace/build/auto_control' returned '1': CMAKE_PREFIX_PATH=${CMAKE_PREFIX_PATH}:/opt/ros/foxy _=/usr/bin/env /usr/bin/cmake /home/moonly/fpv_ros2_workspace/src/auto_control -DCMAKE_INSTALL_PREFIX=/home/moonly/fpv_ros2_workspace/install/auto_control[0m
[3.736s] [34mcolcon.colcon_core.environment[0m [1;30mLevel 1[0m create_environment_scripts_only(auto_control)
[3.736s] [34mcolcon.colcon_core.environment[0m [1;30mLevel 1[0m checking '/home/moonly/fpv_ros2_workspace/install/auto_control' for CMake module files
[3.737s] [34mcolcon.colcon_core.environment[0m [1;30mLevel 1[0m checking '/home/moonly/fpv_ros2_workspace/install/auto_control' for CMake config files
[3.737s] [34mcolcon.colcon_core.environment[0m [1;30mLevel 1[0m checking '/home/moonly/fpv_ros2_workspace/install/auto_control/bin'
[3.737s] [34mcolcon.colcon_core.environment[0m [1;30mLevel 1[0m checking '/home/moonly/fpv_ros2_workspace/install/auto_control/lib/pkgconfig/auto_control.pc'
[3.737s] [34mcolcon.colcon_core.environment[0m [1;30mLevel 1[0m checking '/home/moonly/fpv_ros2_workspace/install/auto_control/lib/python3.8/site-packages'
[3.737s] [34mcolcon.colcon_core.environment[0m [1;30mLevel 1[0m checking '/home/moonly/fpv_ros2_workspace/install/auto_control/bin'
[3.737s] [34mcolcon.colcon_core.shell[0m [1;30mINFO[0m Creating package script '/home/moonly/fpv_ros2_workspace/install/auto_control/share/auto_control/package.ps1'
[3.738s] [34mcolcon.colcon_core.shell[0m [1;30mINFO[0m Creating package descriptor '/home/moonly/fpv_ros2_workspace/install/auto_control/share/auto_control/package.dsv'
[3.738s] [34mcolcon.colcon_core.shell[0m [1;30mINFO[0m Creating package script '/home/moonly/fpv_ros2_workspace/install/auto_control/share/auto_control/package.sh'
[3.739s] [34mcolcon.colcon_core.shell[0m [1;30mINFO[0m Creating package script '/home/moonly/fpv_ros2_workspace/install/auto_control/share/auto_control/package.bash'
[3.739s] [34mcolcon.colcon_core.shell[0m [1;30mINFO[0m Creating package script '/home/moonly/fpv_ros2_workspace/install/auto_control/share/auto_control/package.zsh'
[3.739s] [34mcolcon.colcon_core.environment[0m [1;30mLevel 1[0m create_file_with_runtime_dependencies(/home/moonly/fpv_ros2_workspace/install/auto_control/share/colcon-core/packages/auto_control)
[4.091s] [34mcolcon.colcon_parallel_executor.executor.parallel[0m [1;30mDEBUG[0m [32mclosing loop[0m
[4.091s] [34mcolcon.colcon_parallel_executor.executor.parallel[0m [1;30mDEBUG[0m [32mloop closed[0m
[4.092s] [34mcolcon.colcon_parallel_executor.executor.parallel[0m [1;30mDEBUG[0m [32mrun_until_complete finished with '1'[0m
[4.092s] [34mcolcon.colcon_core.event_reactor[0m [1;30mDEBUG[0m [32mjoining thread[0m
[4.099s] [34mcolcon.colcon_core.plugin_system[0m [1;30mINFO[0m Skipping extension 'colcon_notification.desktop_notification.terminal_notifier': Not used on non-Darwin systems
[4.099s] [34mcolcon.colcon_core.plugin_system[0m [1;30mINFO[0m Skipping extension 'colcon_notification.desktop_notification.win32': Not used on non-Windows systems
[4.099s] [34mcolcon.colcon_notification.desktop_notification[0m [1;30mINFO[0m Sending desktop notification using 'notify2'
[4.117s] [34mcolcon.colcon_core.event_reactor[0m [1;30mDEBUG[0m [32mjoined thread[0m
[4.118s] [34mcolcon.colcon_core.shell[0m [1;30mINFO[0m Creating prefix script '/home/moonly/fpv_ros2_workspace/install/local_setup.ps1'
[4.119s] [34mcolcon.colcon_core.shell[0m [1;30mINFO[0m Creating prefix util module '/home/moonly/fpv_ros2_workspace/install/_local_setup_util_ps1.py'
[4.120s] [34mcolcon.colcon_core.shell[0m [1;30mINFO[0m Creating prefix chain script '/home/moonly/fpv_ros2_workspace/install/setup.ps1'
[4.121s] [34mcolcon.colcon_core.shell[0m [1;30mINFO[0m Creating prefix script '/home/moonly/fpv_ros2_workspace/install/local_setup.sh'
[4.121s] [34mcolcon.colcon_core.shell[0m [1;30mINFO[0m Creating prefix util module '/home/moonly/fpv_ros2_workspace/install/_local_setup_util_sh.py'
[4.122s] [34mcolcon.colcon_core.shell[0m [1;30mINFO[0m Creating prefix chain script '/home/moonly/fpv_ros2_workspace/install/setup.sh'
[4.124s] [34mcolcon.colcon_core.shell[0m [1;30mINFO[0m Creating prefix script '/home/moonly/fpv_ros2_workspace/install/local_setup.bash'
[4.125s] [34mcolcon.colcon_core.shell[0m [1;30mINFO[0m Creating prefix chain script '/home/moonly/fpv_ros2_workspace/install/setup.bash'
[4.126s] [34mcolcon.colcon_core.shell[0m [1;30mINFO[0m Creating prefix script '/home/moonly/fpv_ros2_workspace/install/local_setup.zsh'
[4.127s] [34mcolcon.colcon_core.shell[0m [1;30mINFO[0m Creating prefix chain script '/home/moonly/fpv_ros2_workspace/install/setup.zsh'
