[  2%] [34m[1mGenerating C code for ROS interfaces[0m
[35m[1mScanning dependencies of target fpv_msgs__cpp[0m
[  5%] [34m[1mGenerating C++ code for ROS interfaces[0m
[35m[1mScanning dependencies of target fpv_msgs__rosidl_generator_c[0m
[  7%] [32mBuilding C object CMakeFiles/fpv_msgs__rosidl_generator_c.dir/rosidl_generator_c/fpv_msgs/msg/detail/moonly_fpv__functions.c.o[0m
[  7%] Built target fpv_msgs__cpp
[ 10%] [32mBuilding C object CMakeFiles/fpv_msgs__rosidl_generator_c.dir/rosidl_generator_c/fpv_msgs/msg/detail/temp__functions.c.o[0m
[ 12%] [34m[1mGenerating C++ introspection for ROS interfaces[0m
[ 15%] [34m[1mGenerating C++ type support dispatch for ROS interfaces[0m
[ 17%] [34m[1mGenerating C++ type support for eProsima Fast-RTPS[0m
[ 20%] [32m[1mLinking C shared library libfpv_msgs__rosidl_generator_c.so[0m
[ 20%] Built target fpv_msgs__rosidl_generator_c
[ 23%] [34m[1mGenerating C introspection for ROS interfaces[0m
[ 25%] [34m[1mGenerating C type support dispatch for ROS interfaces[0m
[35m[1mScanning dependencies of target fpv_msgs__rosidl_typesupport_cpp[0m
[ 28%] [32mBuilding CXX object CMakeFiles/fpv_msgs__rosidl_typesupport_cpp.dir/rosidl_typesupport_cpp/fpv_msgs/msg/temp__type_support.cpp.o[0m
[ 30%] [32mBuilding CXX object CMakeFiles/fpv_msgs__rosidl_typesupport_cpp.dir/rosidl_typesupport_cpp/fpv_msgs/msg/moonly_fpv__type_support.cpp.o[0m
[35m[1mScanning dependencies of target fpv_msgs__rosidl_typesupport_introspection_cpp[0m
[ 33%] [32mBuilding CXX object CMakeFiles/fpv_msgs__rosidl_typesupport_introspection_cpp.dir/rosidl_typesupport_introspection_cpp/fpv_msgs/msg/detail/moonly_fpv__type_support.cpp.o[0m
[ 35%] [32mBuilding CXX object CMakeFiles/fpv_msgs__rosidl_typesupport_introspection_cpp.dir/rosidl_typesupport_introspection_cpp/fpv_msgs/msg/detail/temp__type_support.cpp.o[0m
[35m[1mScanning dependencies of target fpv_msgs__rosidl_typesupport_fastrtps_cpp[0m
[35m[1mScanning dependencies of target fpv_msgs__rosidl_typesupport_c[0m
[35m[1mScanning dependencies of target fpv_msgs__rosidl_typesupport_introspection_c[0m
[ 38%] [32mBuilding CXX object CMakeFiles/fpv_msgs__rosidl_typesupport_c.dir/rosidl_typesupport_c/fpv_msgs/msg/moonly_fpv__type_support.cpp.o[0m
[ 41%] [32mBuilding CXX object CMakeFiles/fpv_msgs__rosidl_typesupport_c.dir/rosidl_typesupport_c/fpv_msgs/msg/temp__type_support.cpp.o[0m
[ 43%] [32mBuilding C object CMakeFiles/fpv_msgs__rosidl_typesupport_introspection_c.dir/rosidl_typesupport_introspection_c/fpv_msgs/msg/detail/moonly_fpv__type_support.c.o[0m
[ 46%] [32mBuilding CXX object CMakeFiles/fpv_msgs__rosidl_typesupport_fastrtps_cpp.dir/rosidl_typesupport_fastrtps_cpp/fpv_msgs/msg/detail/dds_fastrtps/moonly_fpv__type_support.cpp.o[0m
[ 48%] [32mBuilding C object CMakeFiles/fpv_msgs__rosidl_typesupport_introspection_c.dir/rosidl_typesupport_introspection_c/fpv_msgs/msg/detail/temp__type_support.c.o[0m
[ 51%] [32mBuilding CXX object CMakeFiles/fpv_msgs__rosidl_typesupport_fastrtps_cpp.dir/rosidl_typesupport_fastrtps_cpp/fpv_msgs/msg/detail/dds_fastrtps/temp__type_support.cpp.o[0m
[ 53%] [32m[1mLinking CXX shared library libfpv_msgs__rosidl_typesupport_c.so[0m
[ 56%] [32m[1mLinking C shared library libfpv_msgs__rosidl_typesupport_introspection_c.so[0m
[ 56%] Built target fpv_msgs__rosidl_typesupport_c
[ 58%] [32m[1mLinking CXX shared library libfpv_msgs__rosidl_typesupport_cpp.so[0m
[ 58%] Built target fpv_msgs__rosidl_typesupport_introspection_c
[ 58%] Built target fpv_msgs__rosidl_typesupport_cpp
[ 61%] [32m[1mLinking CXX shared library libfpv_msgs__rosidl_typesupport_introspection_cpp.so[0m
[ 61%] Built target fpv_msgs__rosidl_typesupport_introspection_cpp
[ 64%] [32m[1mLinking CXX shared library libfpv_msgs__rosidl_typesupport_fastrtps_cpp.so[0m
[ 64%] Built target fpv_msgs__rosidl_typesupport_fastrtps_cpp
[ 66%] [34m[1mGenerating C type support for eProsima Fast-RTPS[0m
[35m[1mScanning dependencies of target fpv_msgs__rosidl_typesupport_fastrtps_c[0m
[ 71%] [32mBuilding CXX object CMakeFiles/fpv_msgs__rosidl_typesupport_fastrtps_c.dir/rosidl_typesupport_fastrtps_c/fpv_msgs/msg/detail/moonly_fpv__type_support_c.cpp.o[0m
[ 71%] [32mBuilding CXX object CMakeFiles/fpv_msgs__rosidl_typesupport_fastrtps_c.dir/rosidl_typesupport_fastrtps_c/fpv_msgs/msg/detail/temp__type_support_c.cpp.o[0m
[ 74%] [32m[1mLinking CXX shared library libfpv_msgs__rosidl_typesupport_fastrtps_c.so[0m
[ 74%] Built target fpv_msgs__rosidl_typesupport_fastrtps_c
[35m[1mScanning dependencies of target fpv_msgs[0m
[ 74%] Built target fpv_msgs
[35m[1mScanning dependencies of target fpv_msgs__py[0m
[ 76%] [34m[1mGenerating Python code for ROS interfaces[0m
[ 76%] Built target fpv_msgs__py
[35m[1mScanning dependencies of target fpv_msgs__python[0m
[ 82%] [32mBuilding C object CMakeFiles/fpv_msgs__python.dir/rosidl_generator_py/fpv_msgs/msg/_moonly_fpv_s.c.o[0m
[ 82%] [32mBuilding C object CMakeFiles/fpv_msgs__python.dir/rosidl_generator_py/fpv_msgs/msg/_temp_s.c.o[0m
[ 84%] [32m[1mLinking C shared library rosidl_generator_py/fpv_msgs/libfpv_msgs__python.so[0m
[ 84%] Built target fpv_msgs__python
[35m[1mScanning dependencies of target fpv_msgs__rosidl_typesupport_introspection_c__pyext[0m
[35m[1mScanning dependencies of target fpv_msgs__rosidl_typesupport_c__pyext[0m
[35m[1mScanning dependencies of target fpv_msgs__rosidl_typesupport_fastrtps_c__pyext[0m
[ 87%] [32mBuilding C object CMakeFiles/fpv_msgs__rosidl_typesupport_c__pyext.dir/rosidl_generator_py/fpv_msgs/_fpv_msgs_s.ep.rosidl_typesupport_c.c.o[0m
[ 89%] [32mBuilding C object CMakeFiles/fpv_msgs__rosidl_typesupport_fastrtps_c__pyext.dir/rosidl_generator_py/fpv_msgs/_fpv_msgs_s.ep.rosidl_typesupport_fastrtps_c.c.o[0m
[ 92%] [32mBuilding C object CMakeFiles/fpv_msgs__rosidl_typesupport_introspection_c__pyext.dir/rosidl_generator_py/fpv_msgs/_fpv_msgs_s.ep.rosidl_typesupport_introspection_c.c.o[0m
[ 94%] [32m[1mLinking C shared library rosidl_generator_py/fpv_msgs/fpv_msgs_s__rosidl_typesupport_introspection_c.cpython-38-x86_64-linux-gnu.so[0m
[ 97%] [32m[1mLinking C shared library rosidl_generator_py/fpv_msgs/fpv_msgs_s__rosidl_typesupport_c.cpython-38-x86_64-linux-gnu.so[0m
[100%] [32m[1mLinking CXX shared library rosidl_generator_py/fpv_msgs/fpv_msgs_s__rosidl_typesupport_fastrtps_c.cpython-38-x86_64-linux-gnu.so[0m
[100%] Built target fpv_msgs__rosidl_typesupport_introspection_c__pyext
[100%] Built target fpv_msgs__rosidl_typesupport_c__pyext
[100%] Built target fpv_msgs__rosidl_typesupport_fastrtps_c__pyext
