[0.078s] Invoking command in '/home/moonly/fpv_ros2_workspace/build/fpv_msgs': CMAKE_PREFIX_PATH=${CMAKE_PREFIX_PATH}:/opt/ros/foxy _=/usr/bin/env /usr/bin/cmake --build /home/moonly/fpv_ros2_workspace/build/fpv_msgs -- -j8 -l8
[0.167s] [  2%] [34m[1mGenerating C code for ROS interfaces[0m
[0.168s] [35m[1mScanning dependencies of target fpv_msgs__cpp[0m
[0.200s] [  5%] [34m[1mGenerating C++ code for ROS interfaces[0m
[1.727s] [35m[1mScanning dependencies of target fpv_msgs__rosidl_generator_c[0m
[1.793s] [  7%] [32mBuilding C object CMakeFiles/fpv_msgs__rosidl_generator_c.dir/rosidl_generator_c/fpv_msgs/msg/detail/moonly_fpv__functions.c.o[0m
[1.819s] [  7%] Built target fpv_msgs__cpp
[1.849s] [ 10%] [32mBuilding C object CMakeFiles/fpv_msgs__rosidl_generator_c.dir/rosidl_generator_c/fpv_msgs/msg/detail/temp__functions.c.o[0m
[1.893s] [ 12%] [34m[1mGenerating C++ introspection for ROS interfaces[0m
[1.902s] [ 15%] [34m[1mGenerating C++ type support dispatch for ROS interfaces[0m
[1.919s] [ 17%] [34m[1mGenerating C++ type support for eProsima Fast-RTPS[0m
[2.150s] [ 20%] [32m[1mLinking C shared library libfpv_msgs__rosidl_generator_c.so[0m
[2.462s] [ 20%] Built target fpv_msgs__rosidl_generator_c
[2.534s] [ 23%] [34m[1mGenerating C introspection for ROS interfaces[0m
[2.601s] [ 25%] [34m[1mGenerating C type support dispatch for ROS interfaces[0m
[4.102s] [35m[1mScanning dependencies of target fpv_msgs__rosidl_typesupport_cpp[0m
[4.192s] [ 28%] [32mBuilding CXX object CMakeFiles/fpv_msgs__rosidl_typesupport_cpp.dir/rosidl_typesupport_cpp/fpv_msgs/msg/temp__type_support.cpp.o[0m
[4.195s] [ 30%] [32mBuilding CXX object CMakeFiles/fpv_msgs__rosidl_typesupport_cpp.dir/rosidl_typesupport_cpp/fpv_msgs/msg/moonly_fpv__type_support.cpp.o[0m
[4.293s] [35m[1mScanning dependencies of target fpv_msgs__rosidl_typesupport_introspection_cpp[0m
[4.355s] [ 33%] [32mBuilding CXX object CMakeFiles/fpv_msgs__rosidl_typesupport_introspection_cpp.dir/rosidl_typesupport_introspection_cpp/fpv_msgs/msg/detail/moonly_fpv__type_support.cpp.o[0m
[4.393s] [ 35%] [32mBuilding CXX object CMakeFiles/fpv_msgs__rosidl_typesupport_introspection_cpp.dir/rosidl_typesupport_introspection_cpp/fpv_msgs/msg/detail/temp__type_support.cpp.o[0m
[4.693s] [35m[1mScanning dependencies of target fpv_msgs__rosidl_typesupport_fastrtps_cpp[0m
[4.718s] [35m[1mScanning dependencies of target fpv_msgs__rosidl_typesupport_c[0m
[4.718s] [35m[1mScanning dependencies of target fpv_msgs__rosidl_typesupport_introspection_c[0m
[4.775s] [ 38%] [32mBuilding CXX object CMakeFiles/fpv_msgs__rosidl_typesupport_c.dir/rosidl_typesupport_c/fpv_msgs/msg/moonly_fpv__type_support.cpp.o[0m
[4.781s] [ 41%] [32mBuilding CXX object CMakeFiles/fpv_msgs__rosidl_typesupport_c.dir/rosidl_typesupport_c/fpv_msgs/msg/temp__type_support.cpp.o[0m
[4.783s] [ 43%] [32mBuilding C object CMakeFiles/fpv_msgs__rosidl_typesupport_introspection_c.dir/rosidl_typesupport_introspection_c/fpv_msgs/msg/detail/moonly_fpv__type_support.c.o[0m
[4.806s] [ 46%] [32mBuilding CXX object CMakeFiles/fpv_msgs__rosidl_typesupport_fastrtps_cpp.dir/rosidl_typesupport_fastrtps_cpp/fpv_msgs/msg/detail/dds_fastrtps/moonly_fpv__type_support.cpp.o[0m
[4.877s] [ 48%] [32mBuilding C object CMakeFiles/fpv_msgs__rosidl_typesupport_introspection_c.dir/rosidl_typesupport_introspection_c/fpv_msgs/msg/detail/temp__type_support.c.o[0m
[4.877s] [ 51%] [32mBuilding CXX object CMakeFiles/fpv_msgs__rosidl_typesupport_fastrtps_cpp.dir/rosidl_typesupport_fastrtps_cpp/fpv_msgs/msg/detail/dds_fastrtps/temp__type_support.cpp.o[0m
[4.961s] [ 53%] [32m[1mLinking CXX shared library libfpv_msgs__rosidl_typesupport_c.so[0m
[5.005s] [ 56%] [32m[1mLinking C shared library libfpv_msgs__rosidl_typesupport_introspection_c.so[0m
[5.078s] [ 56%] Built target fpv_msgs__rosidl_typesupport_c
[5.086s] [ 58%] [32m[1mLinking CXX shared library libfpv_msgs__rosidl_typesupport_cpp.so[0m
[5.091s] [ 58%] Built target fpv_msgs__rosidl_typesupport_introspection_c
[5.130s] [ 58%] Built target fpv_msgs__rosidl_typesupport_cpp
[5.143s] [ 61%] [32m[1mLinking CXX shared library libfpv_msgs__rosidl_typesupport_introspection_cpp.so[0m
[5.178s] [ 61%] Built target fpv_msgs__rosidl_typesupport_introspection_cpp
[5.387s] [ 64%] [32m[1mLinking CXX shared library libfpv_msgs__rosidl_typesupport_fastrtps_cpp.so[0m
[5.473s] [ 64%] Built target fpv_msgs__rosidl_typesupport_fastrtps_cpp
[5.483s] [ 66%] [34m[1mGenerating C type support for eProsima Fast-RTPS[0m
[5.852s] [35m[1mScanning dependencies of target fpv_msgs__rosidl_typesupport_fastrtps_c[0m
[5.865s] [ 71%] [32mBuilding CXX object CMakeFiles/fpv_msgs__rosidl_typesupport_fastrtps_c.dir/rosidl_typesupport_fastrtps_c/fpv_msgs/msg/detail/moonly_fpv__type_support_c.cpp.o[0m
[5.865s] [ 71%] [32mBuilding CXX object CMakeFiles/fpv_msgs__rosidl_typesupport_fastrtps_c.dir/rosidl_typesupport_fastrtps_c/fpv_msgs/msg/detail/temp__type_support_c.cpp.o[0m
[6.164s] [ 74%] [32m[1mLinking CXX shared library libfpv_msgs__rosidl_typesupport_fastrtps_c.so[0m
[6.250s] [ 74%] Built target fpv_msgs__rosidl_typesupport_fastrtps_c
[6.259s] [35m[1mScanning dependencies of target fpv_msgs[0m
[6.267s] [ 74%] Built target fpv_msgs
[6.280s] [35m[1mScanning dependencies of target fpv_msgs__py[0m
[6.294s] [ 76%] [34m[1mGenerating Python code for ROS interfaces[0m
[7.046s] [ 76%] Built target fpv_msgs__py
[7.054s] [35m[1mScanning dependencies of target fpv_msgs__python[0m
[7.069s] [ 82%] [32mBuilding C object CMakeFiles/fpv_msgs__python.dir/rosidl_generator_py/fpv_msgs/msg/_moonly_fpv_s.c.o[0m
[7.069s] [ 82%] [32mBuilding C object CMakeFiles/fpv_msgs__python.dir/rosidl_generator_py/fpv_msgs/msg/_temp_s.c.o[0m
[7.152s] [ 84%] [32m[1mLinking C shared library rosidl_generator_py/fpv_msgs/libfpv_msgs__python.so[0m
[7.188s] [ 84%] Built target fpv_msgs__python
[7.201s] [35m[1mScanning dependencies of target fpv_msgs__rosidl_typesupport_introspection_c__pyext[0m
[7.203s] [35m[1mScanning dependencies of target fpv_msgs__rosidl_typesupport_c__pyext[0m
[7.205s] [35m[1mScanning dependencies of target fpv_msgs__rosidl_typesupport_fastrtps_c__pyext[0m
[7.255s] [ 87%] [32mBuilding C object CMakeFiles/fpv_msgs__rosidl_typesupport_c__pyext.dir/rosidl_generator_py/fpv_msgs/_fpv_msgs_s.ep.rosidl_typesupport_c.c.o[0m
[7.256s] [ 89%] [32mBuilding C object CMakeFiles/fpv_msgs__rosidl_typesupport_fastrtps_c__pyext.dir/rosidl_generator_py/fpv_msgs/_fpv_msgs_s.ep.rosidl_typesupport_fastrtps_c.c.o[0m
[7.259s] [ 92%] [32mBuilding C object CMakeFiles/fpv_msgs__rosidl_typesupport_introspection_c__pyext.dir/rosidl_generator_py/fpv_msgs/_fpv_msgs_s.ep.rosidl_typesupport_introspection_c.c.o[0m
[7.424s] [ 94%] [32m[1mLinking C shared library rosidl_generator_py/fpv_msgs/fpv_msgs_s__rosidl_typesupport_introspection_c.cpython-38-x86_64-linux-gnu.so[0m
[7.425s] [ 97%] [32m[1mLinking C shared library rosidl_generator_py/fpv_msgs/fpv_msgs_s__rosidl_typesupport_c.cpython-38-x86_64-linux-gnu.so[0m
[7.425s] [100%] [32m[1mLinking CXX shared library rosidl_generator_py/fpv_msgs/fpv_msgs_s__rosidl_typesupport_fastrtps_c.cpython-38-x86_64-linux-gnu.so[0m
[7.488s] [100%] Built target fpv_msgs__rosidl_typesupport_introspection_c__pyext
[7.495s] [100%] Built target fpv_msgs__rosidl_typesupport_c__pyext
[7.523s] [100%] Built target fpv_msgs__rosidl_typesupport_fastrtps_c__pyext
