-- The C compiler identification is GNU 9.4.0
-- The CXX compiler identification is GNU 9.4.0
-- Check for working C compiler: /usr/bin/cc
-- Check for working C compiler: /usr/bin/cc -- works
-- Detecting C compiler ABI info
-- Detecting C compiler ABI info - done
-- Detecting C compile features
-- Detecting C compile features - done
-- Check for working CXX compiler: /usr/bin/c++
-- Check for working CXX compiler: /usr/bin/c++ -- works
-- Detecting CXX compiler ABI info
-- Detecting CXX compiler ABI info - done
-- Detecting CXX compile features
-- Detecting CXX compile features - done
-- Found ament_cmake: 0.9.12 (/opt/ros/foxy/share/ament_cmake/cmake)
-- Found PythonInterp: /usr/bin/python3 (found suitable version "3.8.10", minimum required is "3") 
-- Using PYTHON_EXECUTABLE: /usr/bin/python3
-- Found rclcpp: 2.4.3 (/opt/ros/foxy/share/rclcpp/cmake)
-- Using all available rosidl_typesupport_c: rosidl_typesupport_fastrtps_c;rosidl_typesupport_introspection_c
-- Found rosidl_adapter: 1.3.1 (/opt/ros/foxy/share/rosidl_adapter/cmake)
-- Found OpenSSL: /usr/lib/x86_64-linux-gnu/libcrypto.so (found version "1.1.1f")  
-- Found FastRTPS: /home/moonly/FastDDS-2.0.2/install/fastrtps/include  
-- Using all available rosidl_typesupport_cpp: rosidl_typesupport_fastrtps_cpp;rosidl_typesupport_introspection_cpp
-- Found rmw_implementation_cmake: 1.0.4 (/opt/ros/foxy/share/rmw_implementation_cmake/cmake)
-- Using RMW implementation 'rmw_fastrtps_cpp' as default
-- Looking for pthread.h
-- Looking for pthread.h - found
-- Performing Test CMAKE_HAVE_LIBC_PTHREAD
-- Performing Test CMAKE_HAVE_LIBC_PTHREAD - Failed
-- Looking for pthread_create in pthreads
-- Looking for pthread_create in pthreads - not found
-- Looking for pthread_create in pthread
-- Looking for pthread_create in pthread - found
-- Found Threads: TRUE  
-- Found rosidl_default_generators: 1.0.1 (/opt/ros/foxy/share/rosidl_default_generators/cmake)
-- Found PythonInterp: /usr/bin/python3 (found version "3.8.10") 
-- Found ament_cmake_ros: 0.9.2 (/opt/ros/foxy/share/ament_cmake_ros/cmake)
-- Using all available rosidl_typesupport_c: rosidl_typesupport_fastrtps_c;rosidl_typesupport_introspection_c
-- Using all available rosidl_typesupport_cpp: rosidl_typesupport_fastrtps_cpp;rosidl_typesupport_introspection_cpp
-- Found PythonInterp: /usr/bin/python3 (found suitable version "3.8.10", minimum required is "3.5") 
-- Found python_cmake_module: 0.8.1 (/opt/ros/foxy/share/python_cmake_module/cmake)
-- Found PythonLibs: /usr/lib/x86_64-linux-gnu/libpython3.8.so (found suitable version "3.8.10", minimum required is "3.5") 
-- Using PYTHON_EXECUTABLE: /usr/bin/python3
-- Using PYTHON_INCLUDE_DIRS: /usr/include/python3.8
-- Using PYTHON_LIBRARIES: /usr/lib/x86_64-linux-gnu/libpython3.8.so
-- Found PythonExtra: .so  
-- Found ament_lint_auto: 0.9.8 (/opt/ros/foxy/share/ament_lint_auto/cmake)
-- Added test 'copyright' to check source files copyright and LICENSE
-- Added test 'lint_cmake' to check CMake code style
-- Added test 'xmllint' to check XML markup files
-- Configuring done
-- Generating done
-- Build files have been written to: /home/moonly/fpv_ros2_workspace/build/temp_msgs
[  3%] [34m[1mGenerating C code for ROS interfaces[0m
[35m[1mScanning dependencies of target temp_msgs__cpp[0m
[  6%] [34m[1mGenerating C++ code for ROS interfaces[0m
[35m[1mScanning dependencies of target temp_msgs__rosidl_generator_c[0m
[  6%] Built target temp_msgs__cpp
[  9%] [32mBuilding C object CMakeFiles/temp_msgs__rosidl_generator_c.dir/rosidl_generator_c/temp_msgs/msg/detail/temp_msg__functions.c.o[0m
[ 16%] [34m[1mGenerating C++ type support dispatch for ROS interfaces[0m
[ 16%] [34m[1mGenerating C++ introspection for ROS interfaces[0m
[ 19%] [34m[1mGenerating C++ type support for eProsima Fast-RTPS[0m
[ 22%] [32m[1mLinking C shared library libtemp_msgs__rosidl_generator_c.so[0m
[ 22%] Built target temp_msgs__rosidl_generator_c
[ 25%] [34m[1mGenerating C introspection for ROS interfaces[0m
[ 29%] [34m[1mGenerating C type support dispatch for ROS interfaces[0m
[35m[1mScanning dependencies of target temp_msgs__rosidl_typesupport_cpp[0m
[ 32%] [32mBuilding CXX object CMakeFiles/temp_msgs__rosidl_typesupport_cpp.dir/rosidl_typesupport_cpp/temp_msgs/msg/temp_msg__type_support.cpp.o[0m
[35m[1mScanning dependencies of target temp_msgs__rosidl_typesupport_introspection_cpp[0m
[ 35%] [32mBuilding CXX object CMakeFiles/temp_msgs__rosidl_typesupport_introspection_cpp.dir/rosidl_typesupport_introspection_cpp/temp_msgs/msg/detail/temp_msg__type_support.cpp.o[0m
[35m[1mScanning dependencies of target temp_msgs__rosidl_typesupport_fastrtps_cpp[0m
[ 38%] [32mBuilding CXX object CMakeFiles/temp_msgs__rosidl_typesupport_fastrtps_cpp.dir/rosidl_typesupport_fastrtps_cpp/temp_msgs/msg/detail/dds_fastrtps/temp_msg__type_support.cpp.o[0m
[35m[1mScanning dependencies of target temp_msgs__rosidl_typesupport_c[0m
[ 41%] [32mBuilding CXX object CMakeFiles/temp_msgs__rosidl_typesupport_c.dir/rosidl_typesupport_c/temp_msgs/msg/temp_msg__type_support.cpp.o[0m
[35m[1mScanning dependencies of target temp_msgs__rosidl_typesupport_introspection_c[0m
[ 45%] [32m[1mLinking CXX shared library libtemp_msgs__rosidl_typesupport_c.so[0m
[ 48%] [32mBuilding C object CMakeFiles/temp_msgs__rosidl_typesupport_introspection_c.dir/rosidl_typesupport_introspection_c/temp_msgs/msg/detail/temp_msg__type_support.c.o[0m
[ 51%] [32m[1mLinking C shared library libtemp_msgs__rosidl_typesupport_introspection_c.so[0m
[ 51%] Built target temp_msgs__rosidl_typesupport_c
[ 51%] Built target temp_msgs__rosidl_typesupport_introspection_c
[ 54%] [32m[1mLinking CXX shared library libtemp_msgs__rosidl_typesupport_cpp.so[0m
[ 58%] [32m[1mLinking CXX shared library libtemp_msgs__rosidl_typesupport_introspection_cpp.so[0m
[ 58%] Built target temp_msgs__rosidl_typesupport_cpp
[ 58%] Built target temp_msgs__rosidl_typesupport_introspection_cpp
[ 61%] [32m[1mLinking CXX shared library libtemp_msgs__rosidl_typesupport_fastrtps_cpp.so[0m
[ 61%] Built target temp_msgs__rosidl_typesupport_fastrtps_cpp
[ 64%] [34m[1mGenerating C type support for eProsima Fast-RTPS[0m
[35m[1mScanning dependencies of target temp_msgs__rosidl_typesupport_fastrtps_c[0m
[ 67%] [32mBuilding CXX object CMakeFiles/temp_msgs__rosidl_typesupport_fastrtps_c.dir/rosidl_typesupport_fastrtps_c/temp_msgs/msg/detail/temp_msg__type_support_c.cpp.o[0m
[ 70%] [32m[1mLinking CXX shared library libtemp_msgs__rosidl_typesupport_fastrtps_c.so[0m
[ 70%] Built target temp_msgs__rosidl_typesupport_fastrtps_c
[35m[1mScanning dependencies of target temp_msgs[0m
[ 70%] Built target temp_msgs
[35m[1mScanning dependencies of target temp_msgs__py[0m
[ 74%] [34m[1mGenerating Python code for ROS interfaces[0m
[ 74%] Built target temp_msgs__py
[35m[1mScanning dependencies of target temp_msgs__python[0m
[ 77%] [32mBuilding C object CMakeFiles/temp_msgs__python.dir/rosidl_generator_py/temp_msgs/msg/_temp_msg_s.c.o[0m
[ 80%] [32m[1mLinking C shared library rosidl_generator_py/temp_msgs/libtemp_msgs__python.so[0m
[ 80%] Built target temp_msgs__python
[35m[1mScanning dependencies of target temp_msgs__rosidl_typesupport_fastrtps_c__pyext[0m
[35m[1mScanning dependencies of target temp_msgs__rosidl_typesupport_c__pyext[0m
[35m[1mScanning dependencies of target temp_msgs__rosidl_typesupport_introspection_c__pyext[0m
[ 90%] [32mBuilding C object CMakeFiles/temp_msgs__rosidl_typesupport_fastrtps_c__pyext.dir/rosidl_generator_py/temp_msgs/_temp_msgs_s.ep.rosidl_typesupport_fastrtps_c.c.o[0m
[ 90%] [32mBuilding C object CMakeFiles/temp_msgs__rosidl_typesupport_introspection_c__pyext.dir/rosidl_generator_py/temp_msgs/_temp_msgs_s.ep.rosidl_typesupport_introspection_c.c.o[0m
[ 90%] [32mBuilding C object CMakeFiles/temp_msgs__rosidl_typesupport_c__pyext.dir/rosidl_generator_py/temp_msgs/_temp_msgs_s.ep.rosidl_typesupport_c.c.o[0m
[ 93%] [32m[1mLinking C shared library rosidl_generator_py/temp_msgs/temp_msgs_s__rosidl_typesupport_introspection_c.cpython-38-x86_64-linux-gnu.so[0m
[ 96%] [32m[1mLinking C shared library rosidl_generator_py/temp_msgs/temp_msgs_s__rosidl_typesupport_c.cpython-38-x86_64-linux-gnu.so[0m
[100%] [32m[1mLinking CXX shared library rosidl_generator_py/temp_msgs/temp_msgs_s__rosidl_typesupport_fastrtps_c.cpython-38-x86_64-linux-gnu.so[0m
[100%] Built target temp_msgs__rosidl_typesupport_introspection_c__pyext
[100%] Built target temp_msgs__rosidl_typesupport_c__pyext
[100%] Built target temp_msgs__rosidl_typesupport_fastrtps_c__pyext
-- Install configuration: ""
-- Installing: /home/moonly/fpv_ros2_workspace/install/temp_msgs/share/ament_index/resource_index/rosidl_interfaces/temp_msgs
-- Installing: /home/moonly/fpv_ros2_workspace/install/temp_msgs/include/temp_msgs
-- Installing: /home/moonly/fpv_ros2_workspace/install/temp_msgs/include/temp_msgs/msg
-- Installing: /home/moonly/fpv_ros2_workspace/install/temp_msgs/include/temp_msgs/msg/detail
-- Installing: /home/moonly/fpv_ros2_workspace/install/temp_msgs/include/temp_msgs/msg/detail/temp_msg__struct.h
-- Installing: /home/moonly/fpv_ros2_workspace/install/temp_msgs/include/temp_msgs/msg/detail/temp_msg__type_support.h
-- Installing: /home/moonly/fpv_ros2_workspace/install/temp_msgs/include/temp_msgs/msg/detail/temp_msg__functions.h
-- Installing: /home/moonly/fpv_ros2_workspace/install/temp_msgs/include/temp_msgs/msg/detail/temp_msg__functions.c
-- Installing: /home/moonly/fpv_ros2_workspace/install/temp_msgs/include/temp_msgs/msg/temp_msg.h
-- Installing: /home/moonly/fpv_ros2_workspace/install/temp_msgs/include/temp_msgs/msg/rosidl_generator_c__visibility_control.h
-- Installing: /home/moonly/fpv_ros2_workspace/install/temp_msgs/share/temp_msgs/environment/library_path.sh
-- Installing: /home/moonly/fpv_ros2_workspace/install/temp_msgs/share/temp_msgs/environment/library_path.dsv
-- Installing: /home/moonly/fpv_ros2_workspace/install/temp_msgs/lib/libtemp_msgs__rosidl_generator_c.so
-- Set runtime path of "/home/moonly/fpv_ros2_workspace/install/temp_msgs/lib/libtemp_msgs__rosidl_generator_c.so" to ""
-- Up-to-date: /home/moonly/fpv_ros2_workspace/install/temp_msgs/include/temp_msgs
-- Up-to-date: /home/moonly/fpv_ros2_workspace/install/temp_msgs/include/temp_msgs/msg
-- Up-to-date: /home/moonly/fpv_ros2_workspace/install/temp_msgs/include/temp_msgs/msg/detail
-- Installing: /home/moonly/fpv_ros2_workspace/install/temp_msgs/include/temp_msgs/msg/detail/temp_msg__rosidl_typesupport_fastrtps_c.h
-- Installing: /home/moonly/fpv_ros2_workspace/install/temp_msgs/include/temp_msgs/msg/rosidl_typesupport_fastrtps_c__visibility_control.h
-- Installing: /home/moonly/fpv_ros2_workspace/install/temp_msgs/lib/libtemp_msgs__rosidl_typesupport_fastrtps_c.so
-- Set runtime path of "/home/moonly/fpv_ros2_workspace/install/temp_msgs/lib/libtemp_msgs__rosidl_typesupport_fastrtps_c.so" to ""
-- Up-to-date: /home/moonly/fpv_ros2_workspace/install/temp_msgs/include/temp_msgs
-- Up-to-date: /home/moonly/fpv_ros2_workspace/install/temp_msgs/include/temp_msgs/msg
-- Up-to-date: /home/moonly/fpv_ros2_workspace/install/temp_msgs/include/temp_msgs/msg/detail
-- Installing: /home/moonly/fpv_ros2_workspace/install/temp_msgs/include/temp_msgs/msg/detail/temp_msg__rosidl_typesupport_fastrtps_cpp.hpp
-- Installing: /home/moonly/fpv_ros2_workspace/install/temp_msgs/include/temp_msgs/msg/detail/dds_fastrtps
-- Installing: /home/moonly/fpv_ros2_workspace/install/temp_msgs/include/temp_msgs/msg/rosidl_typesupport_fastrtps_cpp__visibility_control.h
-- Installing: /home/moonly/fpv_ros2_workspace/install/temp_msgs/lib/libtemp_msgs__rosidl_typesupport_fastrtps_cpp.so
-- Set runtime path of "/home/moonly/fpv_ros2_workspace/install/temp_msgs/lib/libtemp_msgs__rosidl_typesupport_fastrtps_cpp.so" to ""
-- Up-to-date: /home/moonly/fpv_ros2_workspace/install/temp_msgs/include/temp_msgs
-- Up-to-date: /home/moonly/fpv_ros2_workspace/install/temp_msgs/include/temp_msgs/msg
-- Up-to-date: /home/moonly/fpv_ros2_workspace/install/temp_msgs/include/temp_msgs/msg/detail
-- Installing: /home/moonly/fpv_ros2_workspace/install/temp_msgs/include/temp_msgs/msg/detail/temp_msg__rosidl_typesupport_introspection_c.h
-- Installing: /home/moonly/fpv_ros2_workspace/install/temp_msgs/include/temp_msgs/msg/detail/temp_msg__type_support.c
-- Installing: /home/moonly/fpv_ros2_workspace/install/temp_msgs/include/temp_msgs/msg/rosidl_typesupport_introspection_c__visibility_control.h
-- Installing: /home/moonly/fpv_ros2_workspace/install/temp_msgs/lib/libtemp_msgs__rosidl_typesupport_introspection_c.so
-- Set runtime path of "/home/moonly/fpv_ros2_workspace/install/temp_msgs/lib/libtemp_msgs__rosidl_typesupport_introspection_c.so" to ""
-- Installing: /home/moonly/fpv_ros2_workspace/install/temp_msgs/lib/libtemp_msgs__rosidl_typesupport_c.so
-- Set runtime path of "/home/moonly/fpv_ros2_workspace/install/temp_msgs/lib/libtemp_msgs__rosidl_typesupport_c.so" to ""
-- Up-to-date: /home/moonly/fpv_ros2_workspace/install/temp_msgs/include/temp_msgs
-- Up-to-date: /home/moonly/fpv_ros2_workspace/install/temp_msgs/include/temp_msgs/msg
-- Installing: /home/moonly/fpv_ros2_workspace/install/temp_msgs/include/temp_msgs/msg/temp_msg.hpp
-- Up-to-date: /home/moonly/fpv_ros2_workspace/install/temp_msgs/include/temp_msgs/msg/detail
-- Installing: /home/moonly/fpv_ros2_workspace/install/temp_msgs/include/temp_msgs/msg/detail/temp_msg__traits.hpp
-- Installing: /home/moonly/fpv_ros2_workspace/install/temp_msgs/include/temp_msgs/msg/detail/temp_msg__builder.hpp
-- Installing: /home/moonly/fpv_ros2_workspace/install/temp_msgs/include/temp_msgs/msg/detail/temp_msg__type_support.hpp
-- Installing: /home/moonly/fpv_ros2_workspace/install/temp_msgs/include/temp_msgs/msg/detail/temp_msg__struct.hpp
-- Installing: /home/moonly/fpv_ros2_workspace/install/temp_msgs/include/temp_msgs/msg/rosidl_generator_cpp__visibility_control.hpp
-- Up-to-date: /home/moonly/fpv_ros2_workspace/install/temp_msgs/include/temp_msgs
-- Up-to-date: /home/moonly/fpv_ros2_workspace/install/temp_msgs/include/temp_msgs/msg
-- Up-to-date: /home/moonly/fpv_ros2_workspace/install/temp_msgs/include/temp_msgs/msg/detail
-- Installing: /home/moonly/fpv_ros2_workspace/install/temp_msgs/include/temp_msgs/msg/detail/temp_msg__rosidl_typesupport_introspection_cpp.hpp
-- Installing: /home/moonly/fpv_ros2_workspace/install/temp_msgs/include/temp_msgs/msg/detail/temp_msg__type_support.cpp
-- Installing: /home/moonly/fpv_ros2_workspace/install/temp_msgs/lib/libtemp_msgs__rosidl_typesupport_introspection_cpp.so
-- Set runtime path of "/home/moonly/fpv_ros2_workspace/install/temp_msgs/lib/libtemp_msgs__rosidl_typesupport_introspection_cpp.so" to ""
-- Installing: /home/moonly/fpv_ros2_workspace/install/temp_msgs/lib/libtemp_msgs__rosidl_typesupport_cpp.so
-- Set runtime path of "/home/moonly/fpv_ros2_workspace/install/temp_msgs/lib/libtemp_msgs__rosidl_typesupport_cpp.so" to ""
-- Installing: /home/moonly/fpv_ros2_workspace/install/temp_msgs/share/temp_msgs/environment/pythonpath.sh
-- Installing: /home/moonly/fpv_ros2_workspace/install/temp_msgs/share/temp_msgs/environment/pythonpath.dsv
-- Installing: /home/moonly/fpv_ros2_workspace/install/temp_msgs/lib/python3.8/site-packages/temp_msgs/__init__.py
Compiling '/home/moonly/fpv_ros2_workspace/install/temp_msgs/lib/python3.8/site-packages/temp_msgs/__init__.py'...
-- Installing: /home/moonly/fpv_ros2_workspace/install/temp_msgs/lib/python3.8/site-packages/temp_msgs/msg
-- Installing: /home/moonly/fpv_ros2_workspace/install/temp_msgs/lib/python3.8/site-packages/temp_msgs/msg/__init__.py
-- Installing: /home/moonly/fpv_ros2_workspace/install/temp_msgs/lib/python3.8/site-packages/temp_msgs/msg/_temp_msg_s.c
-- Installing: /home/moonly/fpv_ros2_workspace/install/temp_msgs/lib/python3.8/site-packages/temp_msgs/msg/_temp_msg.py
-- Installing: /home/moonly/fpv_ros2_workspace/install/temp_msgs/lib/python3.8/site-packages/temp_msgs/temp_msgs_s__rosidl_typesupport_fastrtps_c.cpython-38-x86_64-linux-gnu.so
-- Set runtime path of "/home/moonly/fpv_ros2_workspace/install/temp_msgs/lib/python3.8/site-packages/temp_msgs/temp_msgs_s__rosidl_typesupport_fastrtps_c.cpython-38-x86_64-linux-gnu.so" to ""
-- Installing: /home/moonly/fpv_ros2_workspace/install/temp_msgs/lib/python3.8/site-packages/temp_msgs/temp_msgs_s__rosidl_typesupport_introspection_c.cpython-38-x86_64-linux-gnu.so
-- Set runtime path of "/home/moonly/fpv_ros2_workspace/install/temp_msgs/lib/python3.8/site-packages/temp_msgs/temp_msgs_s__rosidl_typesupport_introspection_c.cpython-38-x86_64-linux-gnu.so" to ""
-- Installing: /home/moonly/fpv_ros2_workspace/install/temp_msgs/lib/python3.8/site-packages/temp_msgs/temp_msgs_s__rosidl_typesupport_c.cpython-38-x86_64-linux-gnu.so
-- Set runtime path of "/home/moonly/fpv_ros2_workspace/install/temp_msgs/lib/python3.8/site-packages/temp_msgs/temp_msgs_s__rosidl_typesupport_c.cpython-38-x86_64-linux-gnu.so" to ""
-- Installing: /home/moonly/fpv_ros2_workspace/install/temp_msgs/lib/libtemp_msgs__python.so
-- Set runtime path of "/home/moonly/fpv_ros2_workspace/install/temp_msgs/lib/libtemp_msgs__python.so" to ""
-- Installing: /home/moonly/fpv_ros2_workspace/install/temp_msgs/share/temp_msgs/msg/TempMsg.idl
-- Installing: /home/moonly/fpv_ros2_workspace/install/temp_msgs/share/temp_msgs/msg/TempMsg.msg
-- Installing: /home/moonly/fpv_ros2_workspace/install/temp_msgs/share/ament_index/resource_index/package_run_dependencies/temp_msgs
-- Installing: /home/moonly/fpv_ros2_workspace/install/temp_msgs/share/ament_index/resource_index/parent_prefix_path/temp_msgs
-- Installing: /home/moonly/fpv_ros2_workspace/install/temp_msgs/share/temp_msgs/environment/ament_prefix_path.sh
-- Installing: /home/moonly/fpv_ros2_workspace/install/temp_msgs/share/temp_msgs/environment/ament_prefix_path.dsv
-- Installing: /home/moonly/fpv_ros2_workspace/install/temp_msgs/share/temp_msgs/environment/path.sh
-- Installing: /home/moonly/fpv_ros2_workspace/install/temp_msgs/share/temp_msgs/environment/path.dsv
-- Installing: /home/moonly/fpv_ros2_workspace/install/temp_msgs/share/temp_msgs/local_setup.bash
-- Installing: /home/moonly/fpv_ros2_workspace/install/temp_msgs/share/temp_msgs/local_setup.sh
-- Installing: /home/moonly/fpv_ros2_workspace/install/temp_msgs/share/temp_msgs/local_setup.zsh
-- Installing: /home/moonly/fpv_ros2_workspace/install/temp_msgs/share/temp_msgs/local_setup.dsv
-- Installing: /home/moonly/fpv_ros2_workspace/install/temp_msgs/share/temp_msgs/package.dsv
-- Installing: /home/moonly/fpv_ros2_workspace/install/temp_msgs/share/ament_index/resource_index/packages/temp_msgs
-- Installing: /home/moonly/fpv_ros2_workspace/install/temp_msgs/share/temp_msgs/cmake/temp_msgs__rosidl_generator_cExport.cmake
-- Installing: /home/moonly/fpv_ros2_workspace/install/temp_msgs/share/temp_msgs/cmake/temp_msgs__rosidl_generator_cExport-noconfig.cmake
-- Installing: /home/moonly/fpv_ros2_workspace/install/temp_msgs/share/temp_msgs/cmake/temp_msgs__rosidl_typesupport_introspection_cExport.cmake
-- Installing: /home/moonly/fpv_ros2_workspace/install/temp_msgs/share/temp_msgs/cmake/temp_msgs__rosidl_typesupport_introspection_cExport-noconfig.cmake
-- Installing: /home/moonly/fpv_ros2_workspace/install/temp_msgs/share/temp_msgs/cmake/temp_msgs__rosidl_typesupport_cExport.cmake
-- Installing: /home/moonly/fpv_ros2_workspace/install/temp_msgs/share/temp_msgs/cmake/temp_msgs__rosidl_typesupport_cExport-noconfig.cmake
-- Installing: /home/moonly/fpv_ros2_workspace/install/temp_msgs/share/temp_msgs/cmake/temp_msgs__rosidl_generator_cppExport.cmake
-- Installing: /home/moonly/fpv_ros2_workspace/install/temp_msgs/share/temp_msgs/cmake/temp_msgs__rosidl_typesupport_introspection_cppExport.cmake
-- Installing: /home/moonly/fpv_ros2_workspace/install/temp_msgs/share/temp_msgs/cmake/temp_msgs__rosidl_typesupport_introspection_cppExport-noconfig.cmake
-- Installing: /home/moonly/fpv_ros2_workspace/install/temp_msgs/share/temp_msgs/cmake/temp_msgs__rosidl_typesupport_cppExport.cmake
-- Installing: /home/moonly/fpv_ros2_workspace/install/temp_msgs/share/temp_msgs/cmake/temp_msgs__rosidl_typesupport_cppExport-noconfig.cmake
-- Installing: /home/moonly/fpv_ros2_workspace/install/temp_msgs/share/temp_msgs/cmake/rosidl_cmake-extras.cmake
-- Installing: /home/moonly/fpv_ros2_workspace/install/temp_msgs/share/temp_msgs/cmake/ament_cmake_export_dependencies-extras.cmake
-- Installing: /home/moonly/fpv_ros2_workspace/install/temp_msgs/share/temp_msgs/cmake/ament_cmake_export_libraries-extras.cmake
-- Installing: /home/moonly/fpv_ros2_workspace/install/temp_msgs/share/temp_msgs/cmake/ament_cmake_export_targets-extras.cmake
-- Installing: /home/moonly/fpv_ros2_workspace/install/temp_msgs/share/temp_msgs/cmake/ament_cmake_export_include_directories-extras.cmake
-- Installing: /home/moonly/fpv_ros2_workspace/install/temp_msgs/share/temp_msgs/cmake/rosidl_cmake_export_typesupport_libraries-extras.cmake
-- Installing: /home/moonly/fpv_ros2_workspace/install/temp_msgs/share/temp_msgs/cmake/rosidl_cmake_export_typesupport_targets-extras.cmake
-- Installing: /home/moonly/fpv_ros2_workspace/install/temp_msgs/share/temp_msgs/cmake/temp_msgsConfig.cmake
-- Installing: /home/moonly/fpv_ros2_workspace/install/temp_msgs/share/temp_msgs/cmake/temp_msgsConfig-version.cmake
-- Installing: /home/moonly/fpv_ros2_workspace/install/temp_msgs/share/temp_msgs/package.xml
