[0.024s] Invoking command in '/home/moonly/fpv_ros2_workspace/build/temp_msgs': CMAKE_PREFIX_PATH=${CMAKE_PREFIX_PATH}:/opt/ros/foxy _=/usr/bin/env /usr/bin/cmake /home/moonly/fpv_ros2_workspace/src/temp_msgs -DCMAKE_INSTALL_PREFIX=/home/moonly/fpv_ros2_workspace/install/temp_msgs
[0.074s] -- The C compiler identification is GNU 9.4.0
[0.113s] -- The CXX compiler identification is GNU 9.4.0
[0.116s] -- Check for working C compiler: /usr/bin/cc
[0.171s] -- Check for working C compiler: /usr/bin/cc -- works
[0.171s] -- Detecting C compiler ABI info
[0.218s] -- Detecting C compiler ABI info - done
[0.228s] -- Detecting C compile features
[0.228s] -- Detecting C compile features - done
[0.229s] -- Check for working CXX compiler: /usr/bin/c++
[0.287s] -- Check for working CXX compiler: /usr/bin/c++ -- works
[0.288s] -- Detecting CXX compiler ABI info
[0.349s] -- Detecting CXX compiler ABI info - done
[0.357s] -- Detecting CXX compile features
[0.357s] -- Detecting CXX compile features - done
[0.359s] -- Found ament_cmake: 0.9.12 (/opt/ros/foxy/share/ament_cmake/cmake)
[0.377s] -- Found PythonInterp: /usr/bin/python3 (found suitable version "3.8.10", minimum required is "3") 
[0.378s] -- Using PYTHON_EXECUTABLE: /usr/bin/python3
[0.547s] -- Found rclcpp: 2.4.3 (/opt/ros/foxy/share/rclcpp/cmake)
[0.594s] -- Using all available rosidl_typesupport_c: rosidl_typesupport_fastrtps_c;rosidl_typesupport_introspection_c
[0.600s] -- Found rosidl_adapter: 1.3.1 (/opt/ros/foxy/share/rosidl_adapter/cmake)
[0.689s] -- Found OpenSSL: /usr/lib/x86_64-linux-gnu/libcrypto.so (found version "1.1.1f")  
[0.713s] -- Found FastRTPS: /home/moonly/FastDDS-2.0.2/install/fastrtps/include  
[0.777s] -- Using all available rosidl_typesupport_cpp: rosidl_typesupport_fastrtps_cpp;rosidl_typesupport_introspection_cpp
[0.817s] -- Found rmw_implementation_cmake: 1.0.4 (/opt/ros/foxy/share/rmw_implementation_cmake/cmake)
[0.818s] -- Using RMW implementation 'rmw_fastrtps_cpp' as default
[0.819s] -- Looking for pthread.h
[0.876s] -- Looking for pthread.h - found
[0.876s] -- Performing Test CMAKE_HAVE_LIBC_PTHREAD
[0.932s] -- Performing Test CMAKE_HAVE_LIBC_PTHREAD - Failed
[0.932s] -- Looking for pthread_create in pthreads
[0.977s] -- Looking for pthread_create in pthreads - not found
[0.977s] -- Looking for pthread_create in pthread
[1.032s] -- Looking for pthread_create in pthread - found
[1.033s] -- Found Threads: TRUE  
[1.143s] -- Found rosidl_default_generators: 1.0.1 (/opt/ros/foxy/share/rosidl_default_generators/cmake)
[1.171s] -- Found PythonInterp: /usr/bin/python3 (found version "3.8.10") 
[1.265s] -- Found ament_cmake_ros: 0.9.2 (/opt/ros/foxy/share/ament_cmake_ros/cmake)
[1.347s] -- Using all available rosidl_typesupport_c: rosidl_typesupport_fastrtps_c;rosidl_typesupport_introspection_c
[1.352s] -- Using all available rosidl_typesupport_cpp: rosidl_typesupport_fastrtps_cpp;rosidl_typesupport_introspection_cpp
[1.370s] -- Found PythonInterp: /usr/bin/python3 (found suitable version "3.8.10", minimum required is "3.5") 
[1.371s] -- Found python_cmake_module: 0.8.1 (/opt/ros/foxy/share/python_cmake_module/cmake)
[1.391s] -- Found PythonLibs: /usr/lib/x86_64-linux-gnu/libpython3.8.so (found suitable version "3.8.10", minimum required is "3.5") 
[1.391s] -- Using PYTHON_EXECUTABLE: /usr/bin/python3
[1.391s] -- Using PYTHON_INCLUDE_DIRS: /usr/include/python3.8
[1.391s] -- Using PYTHON_LIBRARIES: /usr/lib/x86_64-linux-gnu/libpython3.8.so
[1.407s] -- Found PythonExtra: .so  
[1.518s] -- Found ament_lint_auto: 0.9.8 (/opt/ros/foxy/share/ament_lint_auto/cmake)
[1.540s] -- Added test 'copyright' to check source files copyright and LICENSE
[1.542s] -- Added test 'lint_cmake' to check CMake code style
[1.543s] -- Added test 'xmllint' to check XML markup files
[1.548s] -- Configuring done
[1.572s] -- Generating done
[1.575s] -- Build files have been written to: /home/moonly/fpv_ros2_workspace/build/temp_msgs
[1.584s] Invoked command in '/home/moonly/fpv_ros2_workspace/build/temp_msgs' returned '0': CMAKE_PREFIX_PATH=${CMAKE_PREFIX_PATH}:/opt/ros/foxy _=/usr/bin/env /usr/bin/cmake /home/moonly/fpv_ros2_workspace/src/temp_msgs -DCMAKE_INSTALL_PREFIX=/home/moonly/fpv_ros2_workspace/install/temp_msgs
[1.586s] Invoking command in '/home/moonly/fpv_ros2_workspace/build/temp_msgs': CMAKE_PREFIX_PATH=${CMAKE_PREFIX_PATH}:/opt/ros/foxy _=/usr/bin/env /usr/bin/cmake --build /home/moonly/fpv_ros2_workspace/build/temp_msgs -- -j8 -l8
[1.618s] [  3%] [34m[1mGenerating C code for ROS interfaces[0m
[1.618s] [35m[1mScanning dependencies of target temp_msgs__cpp[0m
[1.630s] [  6%] [34m[1mGenerating C++ code for ROS interfaces[0m
[1.841s] [35m[1mScanning dependencies of target temp_msgs__rosidl_generator_c[0m
[1.850s] [  6%] Built target temp_msgs__cpp
[1.853s] [  9%] [32mBuilding C object CMakeFiles/temp_msgs__rosidl_generator_c.dir/rosidl_generator_c/temp_msgs/msg/detail/temp_msg__functions.c.o[0m
[1.872s] [ 16%] [34m[1mGenerating C++ type support dispatch for ROS interfaces[0m
[1.872s] [ 16%] [34m[1mGenerating C++ introspection for ROS interfaces[0m
[1.885s] [ 19%] [34m[1mGenerating C++ type support for eProsima Fast-RTPS[0m
[1.954s] [ 22%] [32m[1mLinking C shared library libtemp_msgs__rosidl_generator_c.so[0m
[2.102s] [ 22%] Built target temp_msgs__rosidl_generator_c
[2.173s] [ 25%] [34m[1mGenerating C introspection for ROS interfaces[0m
[2.180s] [ 29%] [34m[1mGenerating C type support dispatch for ROS interfaces[0m
[2.630s] [35m[1mScanning dependencies of target temp_msgs__rosidl_typesupport_cpp[0m
[2.689s] [ 32%] [32mBuilding CXX object CMakeFiles/temp_msgs__rosidl_typesupport_cpp.dir/rosidl_typesupport_cpp/temp_msgs/msg/temp_msg__type_support.cpp.o[0m
[2.783s] [35m[1mScanning dependencies of target temp_msgs__rosidl_typesupport_introspection_cpp[0m
[2.860s] [ 35%] [32mBuilding CXX object CMakeFiles/temp_msgs__rosidl_typesupport_introspection_cpp.dir/rosidl_typesupport_introspection_cpp/temp_msgs/msg/detail/temp_msg__type_support.cpp.o[0m
[2.935s] [35m[1mScanning dependencies of target temp_msgs__rosidl_typesupport_fastrtps_cpp[0m
[2.976s] [ 38%] [32mBuilding CXX object CMakeFiles/temp_msgs__rosidl_typesupport_fastrtps_cpp.dir/rosidl_typesupport_fastrtps_cpp/temp_msgs/msg/detail/dds_fastrtps/temp_msg__type_support.cpp.o[0m
[3.002s] [35m[1mScanning dependencies of target temp_msgs__rosidl_typesupport_c[0m
[3.029s] [ 41%] [32mBuilding CXX object CMakeFiles/temp_msgs__rosidl_typesupport_c.dir/rosidl_typesupport_c/temp_msgs/msg/temp_msg__type_support.cpp.o[0m
[3.069s] [35m[1mScanning dependencies of target temp_msgs__rosidl_typesupport_introspection_c[0m
[3.111s] [ 45%] [32m[1mLinking CXX shared library libtemp_msgs__rosidl_typesupport_c.so[0m
[3.112s] [ 48%] [32mBuilding C object CMakeFiles/temp_msgs__rosidl_typesupport_introspection_c.dir/rosidl_typesupport_introspection_c/temp_msgs/msg/detail/temp_msg__type_support.c.o[0m
[3.153s] [ 51%] [32m[1mLinking C shared library libtemp_msgs__rosidl_typesupport_introspection_c.so[0m
[3.174s] [ 51%] Built target temp_msgs__rosidl_typesupport_c
[3.203s] [ 51%] Built target temp_msgs__rosidl_typesupport_introspection_c
[3.315s] [ 54%] [32m[1mLinking CXX shared library libtemp_msgs__rosidl_typesupport_cpp.so[0m
[3.341s] [ 58%] [32m[1mLinking CXX shared library libtemp_msgs__rosidl_typesupport_introspection_cpp.so[0m
[3.349s] [ 58%] Built target temp_msgs__rosidl_typesupport_cpp
[3.381s] [ 58%] Built target temp_msgs__rosidl_typesupport_introspection_cpp
[3.464s] [ 61%] [32m[1mLinking CXX shared library libtemp_msgs__rosidl_typesupport_fastrtps_cpp.so[0m
[3.520s] [ 61%] Built target temp_msgs__rosidl_typesupport_fastrtps_cpp
[3.528s] [ 64%] [34m[1mGenerating C type support for eProsima Fast-RTPS[0m
[3.705s] [35m[1mScanning dependencies of target temp_msgs__rosidl_typesupport_fastrtps_c[0m
[3.714s] [ 67%] [32mBuilding CXX object CMakeFiles/temp_msgs__rosidl_typesupport_fastrtps_c.dir/rosidl_typesupport_fastrtps_c/temp_msgs/msg/detail/temp_msg__type_support_c.cpp.o[0m
[3.939s] [ 70%] [32m[1mLinking CXX shared library libtemp_msgs__rosidl_typesupport_fastrtps_c.so[0m
[4.003s] [ 70%] Built target temp_msgs__rosidl_typesupport_fastrtps_c
[4.010s] [35m[1mScanning dependencies of target temp_msgs[0m
[4.017s] [ 70%] Built target temp_msgs
[4.024s] [35m[1mScanning dependencies of target temp_msgs__py[0m
[4.032s] [ 74%] [34m[1mGenerating Python code for ROS interfaces[0m
[4.324s] [ 74%] Built target temp_msgs__py
[4.332s] [35m[1mScanning dependencies of target temp_msgs__python[0m
[4.349s] [ 77%] [32mBuilding C object CMakeFiles/temp_msgs__python.dir/rosidl_generator_py/temp_msgs/msg/_temp_msg_s.c.o[0m
[4.411s] [ 80%] [32m[1mLinking C shared library rosidl_generator_py/temp_msgs/libtemp_msgs__python.so[0m
[4.442s] [ 80%] Built target temp_msgs__python
[4.453s] [35m[1mScanning dependencies of target temp_msgs__rosidl_typesupport_fastrtps_c__pyext[0m
[4.453s] [35m[1mScanning dependencies of target temp_msgs__rosidl_typesupport_c__pyext[0m
[4.453s] [35m[1mScanning dependencies of target temp_msgs__rosidl_typesupport_introspection_c__pyext[0m
[4.499s] [ 90%] [32mBuilding C object CMakeFiles/temp_msgs__rosidl_typesupport_fastrtps_c__pyext.dir/rosidl_generator_py/temp_msgs/_temp_msgs_s.ep.rosidl_typesupport_fastrtps_c.c.o[0m
[4.499s] [ 90%] [32mBuilding C object CMakeFiles/temp_msgs__rosidl_typesupport_introspection_c__pyext.dir/rosidl_generator_py/temp_msgs/_temp_msgs_s.ep.rosidl_typesupport_introspection_c.c.o[0m
[4.499s] [ 90%] [32mBuilding C object CMakeFiles/temp_msgs__rosidl_typesupport_c__pyext.dir/rosidl_generator_py/temp_msgs/_temp_msgs_s.ep.rosidl_typesupport_c.c.o[0m
[4.652s] [ 93%] [32m[1mLinking C shared library rosidl_generator_py/temp_msgs/temp_msgs_s__rosidl_typesupport_introspection_c.cpython-38-x86_64-linux-gnu.so[0m
[4.652s] [ 96%] [32m[1mLinking C shared library rosidl_generator_py/temp_msgs/temp_msgs_s__rosidl_typesupport_c.cpython-38-x86_64-linux-gnu.so[0m
[4.681s] [100%] [32m[1mLinking CXX shared library rosidl_generator_py/temp_msgs/temp_msgs_s__rosidl_typesupport_fastrtps_c.cpython-38-x86_64-linux-gnu.so[0m
[4.729s] [100%] Built target temp_msgs__rosidl_typesupport_introspection_c__pyext
[4.733s] [100%] Built target temp_msgs__rosidl_typesupport_c__pyext
[4.769s] [100%] Built target temp_msgs__rosidl_typesupport_fastrtps_c__pyext
[4.777s] Invoked command in '/home/moonly/fpv_ros2_workspace/build/temp_msgs' returned '0': CMAKE_PREFIX_PATH=${CMAKE_PREFIX_PATH}:/opt/ros/foxy _=/usr/bin/env /usr/bin/cmake --build /home/moonly/fpv_ros2_workspace/build/temp_msgs -- -j8 -l8
[4.849s] Invoking command in '/home/moonly/fpv_ros2_workspace/build/temp_msgs': CMAKE_PREFIX_PATH=${CMAKE_PREFIX_PATH}:/opt/ros/foxy _=/usr/bin/env /usr/bin/cmake --install /home/moonly/fpv_ros2_workspace/build/temp_msgs
[4.860s] -- Install configuration: ""
[4.860s] -- Installing: /home/moonly/fpv_ros2_workspace/install/temp_msgs/share/ament_index/resource_index/rosidl_interfaces/temp_msgs
[4.860s] -- Installing: /home/moonly/fpv_ros2_workspace/install/temp_msgs/include/temp_msgs
[4.861s] -- Installing: /home/moonly/fpv_ros2_workspace/install/temp_msgs/include/temp_msgs/msg
[4.861s] -- Installing: /home/moonly/fpv_ros2_workspace/install/temp_msgs/include/temp_msgs/msg/detail
[4.861s] -- Installing: /home/moonly/fpv_ros2_workspace/install/temp_msgs/include/temp_msgs/msg/detail/temp_msg__struct.h
[4.861s] -- Installing: /home/moonly/fpv_ros2_workspace/install/temp_msgs/include/temp_msgs/msg/detail/temp_msg__type_support.h
[4.861s] -- Installing: /home/moonly/fpv_ros2_workspace/install/temp_msgs/include/temp_msgs/msg/detail/temp_msg__functions.h
[4.861s] -- Installing: /home/moonly/fpv_ros2_workspace/install/temp_msgs/include/temp_msgs/msg/detail/temp_msg__functions.c
[4.861s] -- Installing: /home/moonly/fpv_ros2_workspace/install/temp_msgs/include/temp_msgs/msg/temp_msg.h
[4.861s] -- Installing: /home/moonly/fpv_ros2_workspace/install/temp_msgs/include/temp_msgs/msg/rosidl_generator_c__visibility_control.h
[4.861s] -- Installing: /home/moonly/fpv_ros2_workspace/install/temp_msgs/share/temp_msgs/environment/library_path.sh
[4.861s] -- Installing: /home/moonly/fpv_ros2_workspace/install/temp_msgs/share/temp_msgs/environment/library_path.dsv
[4.861s] -- Installing: /home/moonly/fpv_ros2_workspace/install/temp_msgs/lib/libtemp_msgs__rosidl_generator_c.so
[4.861s] -- Set runtime path of "/home/moonly/fpv_ros2_workspace/install/temp_msgs/lib/libtemp_msgs__rosidl_generator_c.so" to ""
[4.861s] -- Up-to-date: /home/moonly/fpv_ros2_workspace/install/temp_msgs/include/temp_msgs
[4.861s] -- Up-to-date: /home/moonly/fpv_ros2_workspace/install/temp_msgs/include/temp_msgs/msg
[4.861s] -- Up-to-date: /home/moonly/fpv_ros2_workspace/install/temp_msgs/include/temp_msgs/msg/detail
[4.861s] -- Installing: /home/moonly/fpv_ros2_workspace/install/temp_msgs/include/temp_msgs/msg/detail/temp_msg__rosidl_typesupport_fastrtps_c.h
[4.861s] -- Installing: /home/moonly/fpv_ros2_workspace/install/temp_msgs/include/temp_msgs/msg/rosidl_typesupport_fastrtps_c__visibility_control.h
[4.862s] -- Installing: /home/moonly/fpv_ros2_workspace/install/temp_msgs/lib/libtemp_msgs__rosidl_typesupport_fastrtps_c.so
[4.862s] -- Set runtime path of "/home/moonly/fpv_ros2_workspace/install/temp_msgs/lib/libtemp_msgs__rosidl_typesupport_fastrtps_c.so" to ""
[4.862s] -- Up-to-date: /home/moonly/fpv_ros2_workspace/install/temp_msgs/include/temp_msgs
[4.862s] -- Up-to-date: /home/moonly/fpv_ros2_workspace/install/temp_msgs/include/temp_msgs/msg
[4.862s] -- Up-to-date: /home/moonly/fpv_ros2_workspace/install/temp_msgs/include/temp_msgs/msg/detail
[4.862s] -- Installing: /home/moonly/fpv_ros2_workspace/install/temp_msgs/include/temp_msgs/msg/detail/temp_msg__rosidl_typesupport_fastrtps_cpp.hpp
[4.862s] -- Installing: /home/moonly/fpv_ros2_workspace/install/temp_msgs/include/temp_msgs/msg/detail/dds_fastrtps
[4.862s] -- Installing: /home/moonly/fpv_ros2_workspace/install/temp_msgs/include/temp_msgs/msg/rosidl_typesupport_fastrtps_cpp__visibility_control.h
[4.862s] -- Installing: /home/moonly/fpv_ros2_workspace/install/temp_msgs/lib/libtemp_msgs__rosidl_typesupport_fastrtps_cpp.so
[4.862s] -- Set runtime path of "/home/moonly/fpv_ros2_workspace/install/temp_msgs/lib/libtemp_msgs__rosidl_typesupport_fastrtps_cpp.so" to ""
[4.862s] -- Up-to-date: /home/moonly/fpv_ros2_workspace/install/temp_msgs/include/temp_msgs
[4.862s] -- Up-to-date: /home/moonly/fpv_ros2_workspace/install/temp_msgs/include/temp_msgs/msg
[4.862s] -- Up-to-date: /home/moonly/fpv_ros2_workspace/install/temp_msgs/include/temp_msgs/msg/detail
[4.862s] -- Installing: /home/moonly/fpv_ros2_workspace/install/temp_msgs/include/temp_msgs/msg/detail/temp_msg__rosidl_typesupport_introspection_c.h
[4.862s] -- Installing: /home/moonly/fpv_ros2_workspace/install/temp_msgs/include/temp_msgs/msg/detail/temp_msg__type_support.c
[4.862s] -- Installing: /home/moonly/fpv_ros2_workspace/install/temp_msgs/include/temp_msgs/msg/rosidl_typesupport_introspection_c__visibility_control.h
[4.862s] -- Installing: /home/moonly/fpv_ros2_workspace/install/temp_msgs/lib/libtemp_msgs__rosidl_typesupport_introspection_c.so
[4.862s] -- Set runtime path of "/home/moonly/fpv_ros2_workspace/install/temp_msgs/lib/libtemp_msgs__rosidl_typesupport_introspection_c.so" to ""
[4.863s] -- Installing: /home/moonly/fpv_ros2_workspace/install/temp_msgs/lib/libtemp_msgs__rosidl_typesupport_c.so
[4.863s] -- Set runtime path of "/home/moonly/fpv_ros2_workspace/install/temp_msgs/lib/libtemp_msgs__rosidl_typesupport_c.so" to ""
[4.863s] -- Up-to-date: /home/moonly/fpv_ros2_workspace/install/temp_msgs/include/temp_msgs
[4.863s] -- Up-to-date: /home/moonly/fpv_ros2_workspace/install/temp_msgs/include/temp_msgs/msg
[4.863s] -- Installing: /home/moonly/fpv_ros2_workspace/install/temp_msgs/include/temp_msgs/msg/temp_msg.hpp
[4.863s] -- Up-to-date: /home/moonly/fpv_ros2_workspace/install/temp_msgs/include/temp_msgs/msg/detail
[4.863s] -- Installing: /home/moonly/fpv_ros2_workspace/install/temp_msgs/include/temp_msgs/msg/detail/temp_msg__traits.hpp
[4.863s] -- Installing: /home/moonly/fpv_ros2_workspace/install/temp_msgs/include/temp_msgs/msg/detail/temp_msg__builder.hpp
[4.863s] -- Installing: /home/moonly/fpv_ros2_workspace/install/temp_msgs/include/temp_msgs/msg/detail/temp_msg__type_support.hpp
[4.863s] -- Installing: /home/moonly/fpv_ros2_workspace/install/temp_msgs/include/temp_msgs/msg/detail/temp_msg__struct.hpp
[4.863s] -- Installing: /home/moonly/fpv_ros2_workspace/install/temp_msgs/include/temp_msgs/msg/rosidl_generator_cpp__visibility_control.hpp
[4.863s] -- Up-to-date: /home/moonly/fpv_ros2_workspace/install/temp_msgs/include/temp_msgs
[4.863s] -- Up-to-date: /home/moonly/fpv_ros2_workspace/install/temp_msgs/include/temp_msgs/msg
[4.863s] -- Up-to-date: /home/moonly/fpv_ros2_workspace/install/temp_msgs/include/temp_msgs/msg/detail
[4.863s] -- Installing: /home/moonly/fpv_ros2_workspace/install/temp_msgs/include/temp_msgs/msg/detail/temp_msg__rosidl_typesupport_introspection_cpp.hpp
[4.863s] -- Installing: /home/moonly/fpv_ros2_workspace/install/temp_msgs/include/temp_msgs/msg/detail/temp_msg__type_support.cpp
[4.863s] -- Installing: /home/moonly/fpv_ros2_workspace/install/temp_msgs/lib/libtemp_msgs__rosidl_typesupport_introspection_cpp.so
[4.863s] -- Set runtime path of "/home/moonly/fpv_ros2_workspace/install/temp_msgs/lib/libtemp_msgs__rosidl_typesupport_introspection_cpp.so" to ""
[4.863s] -- Installing: /home/moonly/fpv_ros2_workspace/install/temp_msgs/lib/libtemp_msgs__rosidl_typesupport_cpp.so
[4.864s] -- Set runtime path of "/home/moonly/fpv_ros2_workspace/install/temp_msgs/lib/libtemp_msgs__rosidl_typesupport_cpp.so" to ""
[4.864s] -- Installing: /home/moonly/fpv_ros2_workspace/install/temp_msgs/share/temp_msgs/environment/pythonpath.sh
[4.864s] -- Installing: /home/moonly/fpv_ros2_workspace/install/temp_msgs/share/temp_msgs/environment/pythonpath.dsv
[4.864s] -- Installing: /home/moonly/fpv_ros2_workspace/install/temp_msgs/lib/python3.8/site-packages/temp_msgs/__init__.py
[4.891s] Compiling '/home/moonly/fpv_ros2_workspace/install/temp_msgs/lib/python3.8/site-packages/temp_msgs/__init__.py'...
[4.894s] -- Installing: /home/moonly/fpv_ros2_workspace/install/temp_msgs/lib/python3.8/site-packages/temp_msgs/msg
[4.894s] -- Installing: /home/moonly/fpv_ros2_workspace/install/temp_msgs/lib/python3.8/site-packages/temp_msgs/msg/__init__.py
[4.894s] -- Installing: /home/moonly/fpv_ros2_workspace/install/temp_msgs/lib/python3.8/site-packages/temp_msgs/msg/_temp_msg_s.c
[4.894s] -- Installing: /home/moonly/fpv_ros2_workspace/install/temp_msgs/lib/python3.8/site-packages/temp_msgs/msg/_temp_msg.py
[4.894s] -- Installing: /home/moonly/fpv_ros2_workspace/install/temp_msgs/lib/python3.8/site-packages/temp_msgs/temp_msgs_s__rosidl_typesupport_fastrtps_c.cpython-38-x86_64-linux-gnu.so
[4.894s] -- Set runtime path of "/home/moonly/fpv_ros2_workspace/install/temp_msgs/lib/python3.8/site-packages/temp_msgs/temp_msgs_s__rosidl_typesupport_fastrtps_c.cpython-38-x86_64-linux-gnu.so" to ""
[4.894s] -- Installing: /home/moonly/fpv_ros2_workspace/install/temp_msgs/lib/python3.8/site-packages/temp_msgs/temp_msgs_s__rosidl_typesupport_introspection_c.cpython-38-x86_64-linux-gnu.so
[4.895s] -- Set runtime path of "/home/moonly/fpv_ros2_workspace/install/temp_msgs/lib/python3.8/site-packages/temp_msgs/temp_msgs_s__rosidl_typesupport_introspection_c.cpython-38-x86_64-linux-gnu.so" to ""
[4.895s] -- Installing: /home/moonly/fpv_ros2_workspace/install/temp_msgs/lib/python3.8/site-packages/temp_msgs/temp_msgs_s__rosidl_typesupport_c.cpython-38-x86_64-linux-gnu.so
[4.895s] -- Set runtime path of "/home/moonly/fpv_ros2_workspace/install/temp_msgs/lib/python3.8/site-packages/temp_msgs/temp_msgs_s__rosidl_typesupport_c.cpython-38-x86_64-linux-gnu.so" to ""
[4.895s] -- Installing: /home/moonly/fpv_ros2_workspace/install/temp_msgs/lib/libtemp_msgs__python.so
[4.895s] -- Set runtime path of "/home/moonly/fpv_ros2_workspace/install/temp_msgs/lib/libtemp_msgs__python.so" to ""
[4.895s] -- Installing: /home/moonly/fpv_ros2_workspace/install/temp_msgs/share/temp_msgs/msg/TempMsg.idl
[4.895s] -- Installing: /home/moonly/fpv_ros2_workspace/install/temp_msgs/share/temp_msgs/msg/TempMsg.msg
[4.896s] -- Installing: /home/moonly/fpv_ros2_workspace/install/temp_msgs/share/ament_index/resource_index/package_run_dependencies/temp_msgs
[4.896s] -- Installing: /home/moonly/fpv_ros2_workspace/install/temp_msgs/share/ament_index/resource_index/parent_prefix_path/temp_msgs
[4.896s] -- Installing: /home/moonly/fpv_ros2_workspace/install/temp_msgs/share/temp_msgs/environment/ament_prefix_path.sh
[4.896s] -- Installing: /home/moonly/fpv_ros2_workspace/install/temp_msgs/share/temp_msgs/environment/ament_prefix_path.dsv
[4.896s] -- Installing: /home/moonly/fpv_ros2_workspace/install/temp_msgs/share/temp_msgs/environment/path.sh
[4.896s] -- Installing: /home/moonly/fpv_ros2_workspace/install/temp_msgs/share/temp_msgs/environment/path.dsv
[4.896s] -- Installing: /home/moonly/fpv_ros2_workspace/install/temp_msgs/share/temp_msgs/local_setup.bash
[4.896s] -- Installing: /home/moonly/fpv_ros2_workspace/install/temp_msgs/share/temp_msgs/local_setup.sh
[4.896s] -- Installing: /home/moonly/fpv_ros2_workspace/install/temp_msgs/share/temp_msgs/local_setup.zsh
[4.896s] -- Installing: /home/moonly/fpv_ros2_workspace/install/temp_msgs/share/temp_msgs/local_setup.dsv
[4.896s] -- Installing: /home/moonly/fpv_ros2_workspace/install/temp_msgs/share/temp_msgs/package.dsv
[4.896s] -- Installing: /home/moonly/fpv_ros2_workspace/install/temp_msgs/share/ament_index/resource_index/packages/temp_msgs
[4.896s] -- Installing: /home/moonly/fpv_ros2_workspace/install/temp_msgs/share/temp_msgs/cmake/temp_msgs__rosidl_generator_cExport.cmake
[4.896s] -- Installing: /home/moonly/fpv_ros2_workspace/install/temp_msgs/share/temp_msgs/cmake/temp_msgs__rosidl_generator_cExport-noconfig.cmake
[4.897s] -- Installing: /home/moonly/fpv_ros2_workspace/install/temp_msgs/share/temp_msgs/cmake/temp_msgs__rosidl_typesupport_introspection_cExport.cmake
[4.897s] -- Installing: /home/moonly/fpv_ros2_workspace/install/temp_msgs/share/temp_msgs/cmake/temp_msgs__rosidl_typesupport_introspection_cExport-noconfig.cmake
[4.897s] -- Installing: /home/moonly/fpv_ros2_workspace/install/temp_msgs/share/temp_msgs/cmake/temp_msgs__rosidl_typesupport_cExport.cmake
[4.897s] -- Installing: /home/moonly/fpv_ros2_workspace/install/temp_msgs/share/temp_msgs/cmake/temp_msgs__rosidl_typesupport_cExport-noconfig.cmake
[4.897s] -- Installing: /home/moonly/fpv_ros2_workspace/install/temp_msgs/share/temp_msgs/cmake/temp_msgs__rosidl_generator_cppExport.cmake
[4.897s] -- Installing: /home/moonly/fpv_ros2_workspace/install/temp_msgs/share/temp_msgs/cmake/temp_msgs__rosidl_typesupport_introspection_cppExport.cmake
[4.897s] -- Installing: /home/moonly/fpv_ros2_workspace/install/temp_msgs/share/temp_msgs/cmake/temp_msgs__rosidl_typesupport_introspection_cppExport-noconfig.cmake
[4.897s] -- Installing: /home/moonly/fpv_ros2_workspace/install/temp_msgs/share/temp_msgs/cmake/temp_msgs__rosidl_typesupport_cppExport.cmake
[4.897s] -- Installing: /home/moonly/fpv_ros2_workspace/install/temp_msgs/share/temp_msgs/cmake/temp_msgs__rosidl_typesupport_cppExport-noconfig.cmake
[4.897s] -- Installing: /home/moonly/fpv_ros2_workspace/install/temp_msgs/share/temp_msgs/cmake/rosidl_cmake-extras.cmake
[4.897s] -- Installing: /home/moonly/fpv_ros2_workspace/install/temp_msgs/share/temp_msgs/cmake/ament_cmake_export_dependencies-extras.cmake
[4.897s] -- Installing: /home/moonly/fpv_ros2_workspace/install/temp_msgs/share/temp_msgs/cmake/ament_cmake_export_libraries-extras.cmake
[4.897s] -- Installing: /home/moonly/fpv_ros2_workspace/install/temp_msgs/share/temp_msgs/cmake/ament_cmake_export_targets-extras.cmake
[4.898s] -- Installing: /home/moonly/fpv_ros2_workspace/install/temp_msgs/share/temp_msgs/cmake/ament_cmake_export_include_directories-extras.cmake
[4.898s] -- Installing: /home/moonly/fpv_ros2_workspace/install/temp_msgs/share/temp_msgs/cmake/rosidl_cmake_export_typesupport_libraries-extras.cmake
[4.898s] -- Installing: /home/moonly/fpv_ros2_workspace/install/temp_msgs/share/temp_msgs/cmake/rosidl_cmake_export_typesupport_targets-extras.cmake
[4.898s] -- Installing: /home/moonly/fpv_ros2_workspace/install/temp_msgs/share/temp_msgs/cmake/temp_msgsConfig.cmake
[4.898s] -- Installing: /home/moonly/fpv_ros2_workspace/install/temp_msgs/share/temp_msgs/cmake/temp_msgsConfig-version.cmake
[4.898s] -- Installing: /home/moonly/fpv_ros2_workspace/install/temp_msgs/share/temp_msgs/package.xml
[4.900s] Invoked command in '/home/moonly/fpv_ros2_workspace/build/temp_msgs' returned '0': CMAKE_PREFIX_PATH=${CMAKE_PREFIX_PATH}:/opt/ros/foxy _=/usr/bin/env /usr/bin/cmake --install /home/moonly/fpv_ros2_workspace/build/temp_msgs
