-- Found ament_cmake: 0.9.12 (/opt/ros/foxy/share/ament_cmake/cmake)
-- Found PythonInterp: /usr/bin/python3 (found suitable version "3.8.10", minimum required is "3") 
-- Using PYTHON_EXECUTABLE: /usr/bin/python3
-- Found rclcpp: 2.4.3 (/opt/ros/foxy/share/rclcpp/cmake)
-- Using all available rosidl_typesupport_c: rosidl_typesupport_fastrtps_c;rosidl_typesupport_introspection_c
-- Found rosidl_adapter: 1.3.1 (/opt/ros/foxy/share/rosidl_adapter/cmake)
-- Using all available rosidl_typesupport_cpp: rosidl_typesupport_fastrtps_cpp;rosidl_typesupport_introspection_cpp
-- Found rmw_implementation_cmake: 1.0.4 (/opt/ros/foxy/share/rmw_implementation_cmake/cmake)
-- Using RMW implementation 'rmw_fastrtps_cpp' as default
-- Found rosidl_default_generators: 1.0.1 (/opt/ros/foxy/share/rosidl_default_generators/cmake)
-- Found PythonInterp: /usr/bin/python3 (found version "3.8.10") 
CMake Error at /opt/ros/foxy/share/rosidl_adapter/cmake/rosidl_adapt_interfaces.cmake:60 (message):
  execute_process(/usr/bin/python3 -m rosidl_adapter --package-name fpv_msgs
  --arguments-file
  /home/moonly/fpv_ros2_workspace/build/fpv_msgs/rosidl_adapter__arguments__fpv_msgs.json
  --output-dir
  /home/moonly/fpv_ros2_workspace/build/fpv_msgs/rosidl_adapter/fpv_msgs
  --output-file
  /home/moonly/fpv_ros2_workspace/build/fpv_msgs/rosidl_adapter/fpv_msgs.idls)
  returned error code 1:

  Error with: fpv_msgs MoonlyFpv float64

  Traceback (most recent call last):

    File "/usr/lib/python3.8/runpy.py", line 194, in _run_module_as_main
      return _run_code(code, main_globals, None,
    File "/usr/lib/python3.8/runpy.py", line 87, in _run_code
      exec(code, run_globals)
    File "/opt/ros/foxy/lib/python3.8/site-packages/rosidl_adapter/__main__.py", line 19, in <module>
      sys.exit(main())
    File "/opt/ros/foxy/lib/python3.8/site-packages/rosidl_adapter/main.py", line 53, in main
      abs_idl_file = convert_to_idl(
    File "/opt/ros/foxy/lib/python3.8/site-packages/rosidl_adapter/__init__.py", line 19, in convert_to_idl
      return convert_msg_to_idl(
    File "/opt/ros/foxy/lib/python3.8/site-packages/rosidl_adapter/msg/__init__.py", line 28, in convert_msg_to_idl
      msg = parse_message_string(package_name, input_file.stem, content)
    File "/opt/ros/foxy/lib/python3.8/site-packages/rosidl_adapter/parser.py", line 506, in parse_message_string
      raise InvalidFieldDefinition(line)

  rosidl_adapter.parser.InvalidFieldDefinition: float64

Call Stack (most recent call first):
  /opt/ros/foxy/share/rosidl_cmake/cmake/rosidl_generate_interfaces.cmake:130 (rosidl_adapt_interfaces)
  CMakeLists.txt:26 (rosidl_generate_interfaces)


-- Configuring incomplete, errors occurred!
See also "/home/moonly/fpv_ros2_workspace/build/fpv_msgs/CMakeFiles/CMakeOutput.log".
See also "/home/moonly/fpv_ros2_workspace/build/fpv_msgs/CMakeFiles/CMakeError.log".
make: *** [Makefile:748：cmake_check_build_system] 错误 1
