[0.068s] Invoking command in '/home/moonly/fpv_ros2_workspace/build/fpv_msgs': CMAKE_PREFIX_PATH=${CMAKE_PREFIX_PATH}:/opt/ros/foxy _=/usr/bin/env /usr/bin/cmake --build /home/moonly/fpv_ros2_workspace/build/fpv_msgs -- -j8 -l8
[0.118s] -- Found ament_cmake: 0.9.12 (/opt/ros/foxy/share/ament_cmake/cmake)
[0.157s] -- Found PythonInterp: /usr/bin/python3 (found suitable version "3.8.10", minimum required is "3") 
[0.158s] -- Using PYTHON_EXECUTABLE: /usr/bin/python3
[0.413s] -- Found rclcpp: 2.4.3 (/opt/ros/foxy/share/rclcpp/cmake)
[0.441s] -- Using all available rosidl_typesupport_c: rosidl_typesupport_fastrtps_c;rosidl_typesupport_introspection_c
[0.444s] -- Found rosidl_adapter: 1.3.1 (/opt/ros/foxy/share/rosidl_adapter/cmake)
[0.559s] -- Using all available rosidl_typesupport_cpp: rosidl_typesupport_fastrtps_cpp;rosidl_typesupport_introspection_cpp
[0.592s] -- Found rmw_implementation_cmake: 1.0.4 (/opt/ros/foxy/share/rmw_implementation_cmake/cmake)
[0.593s] -- Using RMW implementation 'rmw_fastrtps_cpp' as default
[0.706s] -- Found rosidl_default_generators: 1.0.1 (/opt/ros/foxy/share/rosidl_default_generators/cmake)
[0.769s] -- Found PythonInterp: /usr/bin/python3 (found version "3.8.10") 
[0.930s] CMake Error at /opt/ros/foxy/share/rosidl_adapter/cmake/rosidl_adapt_interfaces.cmake:60 (message):
[0.931s]   execute_process(/usr/bin/python3 -m rosidl_adapter --package-name fpv_msgs
[0.931s]   --arguments-file
[0.931s]   /home/moonly/fpv_ros2_workspace/build/fpv_msgs/rosidl_adapter__arguments__fpv_msgs.json
[0.931s]   --output-dir
[0.931s]   /home/moonly/fpv_ros2_workspace/build/fpv_msgs/rosidl_adapter/fpv_msgs
[0.931s]   --output-file
[0.931s]   /home/moonly/fpv_ros2_workspace/build/fpv_msgs/rosidl_adapter/fpv_msgs.idls)
[0.931s]   returned error code 1:
[0.931s] 
[0.931s]   Error with: fpv_msgs MoonlyFpv float64
[0.931s] 
[0.931s]   Traceback (most recent call last):
[0.931s] 
[0.931s]     File "/usr/lib/python3.8/runpy.py", line 194, in _run_module_as_main
[0.931s]       return _run_code(code, main_globals, None,
[0.931s]     File "/usr/lib/python3.8/runpy.py", line 87, in _run_code
[0.931s]       exec(code, run_globals)
[0.931s]     File "/opt/ros/foxy/lib/python3.8/site-packages/rosidl_adapter/__main__.py", line 19, in <module>
[0.931s]       sys.exit(main())
[0.931s]     File "/opt/ros/foxy/lib/python3.8/site-packages/rosidl_adapter/main.py", line 53, in main
[0.932s]       abs_idl_file = convert_to_idl(
[0.932s]     File "/opt/ros/foxy/lib/python3.8/site-packages/rosidl_adapter/__init__.py", line 19, in convert_to_idl
[0.932s]       return convert_msg_to_idl(
[0.932s]     File "/opt/ros/foxy/lib/python3.8/site-packages/rosidl_adapter/msg/__init__.py", line 28, in convert_msg_to_idl
[0.932s]       msg = parse_message_string(package_name, input_file.stem, content)
[0.932s]     File "/opt/ros/foxy/lib/python3.8/site-packages/rosidl_adapter/parser.py", line 506, in parse_message_string
[0.932s]       raise InvalidFieldDefinition(line)
[0.932s] 
[0.932s]   rosidl_adapter.parser.InvalidFieldDefinition: float64
[0.932s] 
[0.932s] Call Stack (most recent call first):
[0.932s]   /opt/ros/foxy/share/rosidl_cmake/cmake/rosidl_generate_interfaces.cmake:130 (rosidl_adapt_interfaces)
[0.932s]   CMakeLists.txt:26 (rosidl_generate_interfaces)
[0.932s] 
[0.932s] 
[0.932s] -- Configuring incomplete, errors occurred!
[0.932s] See also "/home/moonly/fpv_ros2_workspace/build/fpv_msgs/CMakeFiles/CMakeOutput.log".
[0.932s] See also "/home/moonly/fpv_ros2_workspace/build/fpv_msgs/CMakeFiles/CMakeError.log".
[0.941s] make: *** [Makefile:748：cmake_check_build_system] 错误 1
[0.942s] Invoked command in '/home/moonly/fpv_ros2_workspace/build/fpv_msgs' returned '2': CMAKE_PREFIX_PATH=${CMAKE_PREFIX_PATH}:/opt/ros/foxy _=/usr/bin/env /usr/bin/cmake --build /home/moonly/fpv_ros2_workspace/build/fpv_msgs -- -j8 -l8
