[0.039s] Invoking command in '/home/moonly/fpv_ros2_workspace/build/auto_control': CMAKE_PREFIX_PATH=${CMAKE_PREFIX_PATH}:/opt/ros/foxy _=/usr/bin/env /usr/bin/cmake /home/moonly/fpv_ros2_workspace/src/auto_control -DCMAKE_INSTALL_PREFIX=/home/moonly/fpv_ros2_workspace/install/auto_control
[0.134s] -- The C compiler identification is GNU 9.4.0
[0.230s] -- The CXX compiler identification is GNU 9.4.0
[0.252s] -- Check for working C compiler: /usr/bin/cc
[0.406s] -- Check for working C compiler: /usr/bin/cc -- works
[0.408s] -- Detecting C compiler ABI info
[0.580s] -- Detecting C compiler ABI info - done
[0.607s] -- Detecting C compile features
[0.607s] -- Detecting C compile features - done
[0.628s] -- Check for working CXX compiler: /usr/bin/c++
[0.928s] -- Check for working CXX compiler: /usr/bin/c++ -- works
[0.930s] -- Detecting CXX compiler ABI info
[1.166s] -- Detecting CXX compiler ABI info - done
[1.212s] -- Detecting CXX compile features
[1.213s] -- Detecting CXX compile features - done
[1.215s] -- Found ament_cmake: 0.9.12 (/opt/ros/foxy/share/ament_cmake/cmake)
[1.281s] -- Found PythonInterp: /usr/bin/python3 (found suitable version "3.8.10", minimum required is "3") 
[1.281s] -- Using PYTHON_EXECUTABLE: /usr/bin/python3
[1.879s] -- Found ament_lint_auto: 0.9.8 (/opt/ros/foxy/share/ament_lint_auto/cmake)
[2.118s] -- Found rclcpp: 2.4.3 (/opt/ros/foxy/share/rclcpp/cmake)
[2.247s] -- Using all available rosidl_typesupport_c: rosidl_typesupport_fastrtps_c;rosidl_typesupport_introspection_c
[2.266s] -- Found rosidl_adapter: 1.3.1 (/opt/ros/foxy/share/rosidl_adapter/cmake)
[2.484s] -- Found OpenSSL: /usr/lib/x86_64-linux-gnu/libcrypto.so (found version "1.1.1f")  
[2.565s] -- Found FastRTPS: /opt/ros/foxy/include  
[2.768s] -- Using all available rosidl_typesupport_cpp: rosidl_typesupport_fastrtps_cpp;rosidl_typesupport_introspection_cpp
[2.815s] -- Found rmw_implementation_cmake: 1.0.4 (/opt/ros/foxy/share/rmw_implementation_cmake/cmake)
[2.816s] -- Using RMW implementation 'rmw_fastrtps_cpp' as default
[2.817s] -- Looking for pthread.h
[2.876s] -- Looking for pthread.h - found
[2.877s] -- Performing Test CMAKE_HAVE_LIBC_PTHREAD
[2.968s] -- Performing Test CMAKE_HAVE_LIBC_PTHREAD - Failed
[2.976s] -- Looking for pthread_create in pthreads
[3.083s] -- Looking for pthread_create in pthreads - not found
[3.083s] -- Looking for pthread_create in pthread
[3.195s] -- Looking for pthread_create in pthread - found
[3.196s] -- Found Threads: TRUE  
[3.346s] -- Found geometry_msgs: 2.0.5 (/opt/ros/foxy/share/geometry_msgs/cmake)
[3.371s] -- Found sensor_msgs: 2.0.5 (/opt/ros/foxy/share/sensor_msgs/cmake)
[3.447s] CMake Error at CMakeLists.txt:47 (find_package):
[3.447s]   By not providing "Findfpv_msgs.cmake" in CMAKE_MODULE_PATH this project has
[3.447s]   asked CMake to find a package configuration file provided by "fpv_msgs",
[3.447s]   but CMake did not find one.
[3.447s] 
[3.447s]   Could not find a package configuration file provided by "fpv_msgs" with any
[3.448s]   of the following names:
[3.448s] 
[3.448s]     fpv_msgsConfig.cmake
[3.448s]     fpv_msgs-config.cmake
[3.448s] 
[3.448s]   Add the installation prefix of "fpv_msgs" to CMAKE_PREFIX_PATH or set
[3.448s]   "fpv_msgs_DIR" to a directory containing one of the above files.  If
[3.448s]   "fpv_msgs" provides a separate development package or SDK, be sure it has
[3.448s]   been installed.
[3.448s] 
[3.448s] 
[3.448s] -- Configuring incomplete, errors occurred!
[3.448s] See also "/home/moonly/fpv_ros2_workspace/build/auto_control/CMakeFiles/CMakeOutput.log".
[3.448s] See also "/home/moonly/fpv_ros2_workspace/build/auto_control/CMakeFiles/CMakeError.log".
[3.455s] Invoked command in '/home/moonly/fpv_ros2_workspace/build/auto_control' returned '1': CMAKE_PREFIX_PATH=${CMAKE_PREFIX_PATH}:/opt/ros/foxy _=/usr/bin/env /usr/bin/cmake /home/moonly/fpv_ros2_workspace/src/auto_control -DCMAKE_INSTALL_PREFIX=/home/moonly/fpv_ros2_workspace/install/auto_control
