[0.121s] Invoking command in '/home/moonly/fpv_ros2_workspace/build/position_trans': CMAKE_PREFIX_PATH=${CMAKE_PREFIX_PATH}:/opt/ros/foxy _=/usr/bin/env /usr/bin/cmake --build /home/moonly/fpv_ros2_workspace/build/position_trans -- -j8 -l8
[0.625s] [100%] Built target position_trans
[0.688s] Invoked command in '/home/moonly/fpv_ros2_workspace/build/position_trans' returned '0': CMAKE_PREFIX_PATH=${CMAKE_PREFIX_PATH}:/opt/ros/foxy _=/usr/bin/env /usr/bin/cmake --build /home/moonly/fpv_ros2_workspace/build/position_trans -- -j8 -l8
[1.261s] Invoking command in '/home/moonly/fpv_ros2_workspace/build/position_trans': CMAKE_PREFIX_PATH=${CMAKE_PREFIX_PATH}:/opt/ros/foxy _=/usr/bin/env /usr/bin/cmake --install /home/moonly/fpv_ros2_workspace/build/position_trans
[2.750s] -- Install configuration: ""
[2.751s] -- Up-to-date: /home/moonly/fpv_ros2_workspace/install/position_trans/lib/position_trans/position_trans
[2.751s] -- Up-to-date: /home/moonly/fpv_ros2_workspace/install/position_trans/share/ament_index/resource_index/package_run_dependencies/position_trans
[2.751s] -- Up-to-date: /home/moonly/fpv_ros2_workspace/install/position_trans/share/ament_index/resource_index/parent_prefix_path/position_trans
[2.751s] -- Up-to-date: /home/moonly/fpv_ros2_workspace/install/position_trans/share/position_trans/environment/ament_prefix_path.sh
[2.757s] -- Up-to-date: /home/moonly/fpv_ros2_workspace/install/position_trans/share/position_trans/environment/ament_prefix_path.dsv
[2.759s] -- Up-to-date: /home/moonly/fpv_ros2_workspace/install/position_trans/share/position_trans/environment/path.sh
[2.761s] -- Up-to-date: /home/moonly/fpv_ros2_workspace/install/position_trans/share/position_trans/environment/path.dsv
[2.796s] -- Up-to-date: /home/moonly/fpv_ros2_workspace/install/position_trans/share/position_trans/local_setup.bash
[2.803s] -- Up-to-date: /home/moonly/fpv_ros2_workspace/install/position_trans/share/position_trans/local_setup.sh
[2.804s] -- Up-to-date: /home/moonly/fpv_ros2_workspace/install/position_trans/share/position_trans/local_setup.zsh
[2.804s] -- Up-to-date: /home/moonly/fpv_ros2_workspace/install/position_trans/share/position_trans/local_setup.dsv
[2.804s] -- Installing: /home/moonly/fpv_ros2_workspace/install/position_trans/share/position_trans/package.dsv
[2.804s] -- Up-to-date: /home/moonly/fpv_ros2_workspace/install/position_trans/share/ament_index/resource_index/packages/position_trans
[2.804s] -- Up-to-date: /home/moonly/fpv_ros2_workspace/install/position_trans/share/position_trans/cmake/position_transConfig.cmake
[2.804s] -- Up-to-date: /home/moonly/fpv_ros2_workspace/install/position_trans/share/position_trans/cmake/position_transConfig-version.cmake
[2.804s] -- Up-to-date: /home/moonly/fpv_ros2_workspace/install/position_trans/share/position_trans/package.xml
[2.926s] Invoked command in '/home/moonly/fpv_ros2_workspace/build/position_trans' returned '0': CMAKE_PREFIX_PATH=${CMAKE_PREFIX_PATH}:/opt/ros/foxy _=/usr/bin/env /usr/bin/cmake --install /home/moonly/fpv_ros2_workspace/build/position_trans
