[0.053s] Invoking command in '/home/moonly/fpv_ros2_workspace/build/manual_control': CMAKE_PREFIX_PATH=${CMAKE_PREFIX_PATH}:/opt/ros/foxy _=/usr/bin/env /usr/bin/cmake --build /home/moonly/fpv_ros2_workspace/build/manual_control -- -j8 -l8
[0.172s] [35m[1mScanning dependencies of target manual_control[0m
[0.328s] [ 50%] [32mBuilding CXX object CMakeFiles/manual_control.dir/src/Manual_control.cpp.o[0m
[3.694s] [100%] [32m[1mLinking CXX executable manual_control[0m
[3.839s] [100%] Built target manual_control
[3.847s] Invoked command in '/home/moonly/fpv_ros2_workspace/build/manual_control' returned '0': CMAKE_PREFIX_PATH=${CMAKE_PREFIX_PATH}:/opt/ros/foxy _=/usr/bin/env /usr/bin/cmake --build /home/moonly/fpv_ros2_workspace/build/manual_control -- -j8 -l8
[3.873s] Invoking command in '/home/moonly/fpv_ros2_workspace/build/manual_control': CMAKE_PREFIX_PATH=${CMAKE_PREFIX_PATH}:/opt/ros/foxy _=/usr/bin/env /usr/bin/cmake --install /home/moonly/fpv_ros2_workspace/build/manual_control
[3.881s] -- Install configuration: ""
[3.881s] -- Installing: /home/moonly/fpv_ros2_workspace/install/manual_control/lib/manual_control/manual_control
[3.882s] -- Set runtime path of "/home/moonly/fpv_ros2_workspace/install/manual_control/lib/manual_control/manual_control" to ""
[3.882s] -- Up-to-date: /home/moonly/fpv_ros2_workspace/install/manual_control/share/ament_index/resource_index/package_run_dependencies/manual_control
[3.882s] -- Up-to-date: /home/moonly/fpv_ros2_workspace/install/manual_control/share/ament_index/resource_index/parent_prefix_path/manual_control
[3.882s] -- Up-to-date: /home/moonly/fpv_ros2_workspace/install/manual_control/share/manual_control/environment/ament_prefix_path.sh
[3.882s] -- Up-to-date: /home/moonly/fpv_ros2_workspace/install/manual_control/share/manual_control/environment/ament_prefix_path.dsv
[3.882s] -- Up-to-date: /home/moonly/fpv_ros2_workspace/install/manual_control/share/manual_control/environment/path.sh
[3.882s] -- Up-to-date: /home/moonly/fpv_ros2_workspace/install/manual_control/share/manual_control/environment/path.dsv
[3.882s] -- Up-to-date: /home/moonly/fpv_ros2_workspace/install/manual_control/share/manual_control/local_setup.bash
[3.882s] -- Up-to-date: /home/moonly/fpv_ros2_workspace/install/manual_control/share/manual_control/local_setup.sh
[3.882s] -- Up-to-date: /home/moonly/fpv_ros2_workspace/install/manual_control/share/manual_control/local_setup.zsh
[3.882s] -- Up-to-date: /home/moonly/fpv_ros2_workspace/install/manual_control/share/manual_control/local_setup.dsv
[3.882s] -- Installing: /home/moonly/fpv_ros2_workspace/install/manual_control/share/manual_control/package.dsv
[3.882s] -- Up-to-date: /home/moonly/fpv_ros2_workspace/install/manual_control/share/ament_index/resource_index/packages/manual_control
[3.882s] -- Up-to-date: /home/moonly/fpv_ros2_workspace/install/manual_control/share/manual_control/cmake/manual_controlConfig.cmake
[3.882s] -- Up-to-date: /home/moonly/fpv_ros2_workspace/install/manual_control/share/manual_control/cmake/manual_controlConfig-version.cmake
[3.882s] -- Up-to-date: /home/moonly/fpv_ros2_workspace/install/manual_control/share/manual_control/package.xml
[3.884s] Invoked command in '/home/moonly/fpv_ros2_workspace/build/manual_control' returned '0': CMAKE_PREFIX_PATH=${CMAKE_PREFIX_PATH}:/opt/ros/foxy _=/usr/bin/env /usr/bin/cmake --install /home/moonly/fpv_ros2_workspace/build/manual_control
