[0.234s] Invoking command in '/home/moonly/fpv_ros2_workspace/build/fpv_msg_monitor': CMAKE_PREFIX_PATH=${CMAKE_PREFIX_PATH}:/opt/ros/foxy _=/usr/bin/env /usr/bin/cmake --build /home/moonly/fpv_ros2_workspace/build/fpv_msg_monitor -- -j8 -l8
[0.538s] [100%] Built target fpv_msg_monitor
[0.582s] Invoked command in '/home/moonly/fpv_ros2_workspace/build/fpv_msg_monitor' returned '0': CMAKE_PREFIX_PATH=${CMAKE_PREFIX_PATH}:/opt/ros/foxy _=/usr/bin/env /usr/bin/cmake --build /home/moonly/fpv_ros2_workspace/build/fpv_msg_monitor -- -j8 -l8
[1.118s] Invoking command in '/home/moonly/fpv_ros2_workspace/build/fpv_msg_monitor': CMAKE_PREFIX_PATH=${CMAKE_PREFIX_PATH}:/opt/ros/foxy _=/usr/bin/env /usr/bin/cmake --install /home/moonly/fpv_ros2_workspace/build/fpv_msg_monitor
[1.202s] -- Install configuration: ""
[1.204s] -- Up-to-date: /home/moonly/fpv_ros2_workspace/install/fpv_msg_monitor/lib/fpv_msg_monitor/fpv_msg_monitor
[1.206s] -- Up-to-date: /home/moonly/fpv_ros2_workspace/install/fpv_msg_monitor/share/ament_index/resource_index/package_run_dependencies/fpv_msg_monitor
[1.220s] -- Up-to-date: /home/moonly/fpv_ros2_workspace/install/fpv_msg_monitor/share/ament_index/resource_index/parent_prefix_path/fpv_msg_monitor
[1.222s] -- Up-to-date: /home/moonly/fpv_ros2_workspace/install/fpv_msg_monitor/share/fpv_msg_monitor/environment/ament_prefix_path.sh
[1.225s] -- Up-to-date: /home/moonly/fpv_ros2_workspace/install/fpv_msg_monitor/share/fpv_msg_monitor/environment/ament_prefix_path.dsv
[1.226s] -- Up-to-date: /home/moonly/fpv_ros2_workspace/install/fpv_msg_monitor/share/fpv_msg_monitor/environment/path.sh
[1.227s] -- Up-to-date: /home/moonly/fpv_ros2_workspace/install/fpv_msg_monitor/share/fpv_msg_monitor/environment/path.dsv
[1.230s] -- Up-to-date: /home/moonly/fpv_ros2_workspace/install/fpv_msg_monitor/share/fpv_msg_monitor/local_setup.bash
[1.234s] -- Up-to-date: /home/moonly/fpv_ros2_workspace/install/fpv_msg_monitor/share/fpv_msg_monitor/local_setup.sh
[1.234s] -- Up-to-date: /home/moonly/fpv_ros2_workspace/install/fpv_msg_monitor/share/fpv_msg_monitor/local_setup.zsh
[1.235s] -- Up-to-date: /home/moonly/fpv_ros2_workspace/install/fpv_msg_monitor/share/fpv_msg_monitor/local_setup.dsv
[1.235s] -- Installing: /home/moonly/fpv_ros2_workspace/install/fpv_msg_monitor/share/fpv_msg_monitor/package.dsv
[1.236s] -- Up-to-date: /home/moonly/fpv_ros2_workspace/install/fpv_msg_monitor/share/ament_index/resource_index/packages/fpv_msg_monitor
[1.236s] -- Up-to-date: /home/moonly/fpv_ros2_workspace/install/fpv_msg_monitor/share/fpv_msg_monitor/cmake/fpv_msg_monitorConfig.cmake
[1.236s] -- Up-to-date: /home/moonly/fpv_ros2_workspace/install/fpv_msg_monitor/share/fpv_msg_monitor/cmake/fpv_msg_monitorConfig-version.cmake
[1.236s] -- Up-to-date: /home/moonly/fpv_ros2_workspace/install/fpv_msg_monitor/share/fpv_msg_monitor/package.xml
[1.296s] Invoked command in '/home/moonly/fpv_ros2_workspace/build/fpv_msg_monitor' returned '0': CMAKE_PREFIX_PATH=${CMAKE_PREFIX_PATH}:/opt/ros/foxy _=/usr/bin/env /usr/bin/cmake --install /home/moonly/fpv_ros2_workspace/build/fpv_msg_monitor
