[35m[1mScanning dependencies of target fpv_msg_monitor[0m
[ 50%] [32mBuilding CXX object CMakeFiles/fpv_msg_monitor.dir/src/Fpv_msg_monitor.cpp.o[0m
[100%] [32m[1mLinking CXX executable fpv_msg_monitor[0m
[100%] Built target fpv_msg_monitor
-- Install configuration: ""
-- Installing: /home/moonly/fpv_ros2_workspace/install/fpv_msg_monitor/lib/fpv_msg_monitor/fpv_msg_monitor
-- Set runtime path of "/home/moonly/fpv_ros2_workspace/install/fpv_msg_monitor/lib/fpv_msg_monitor/fpv_msg_monitor" to ""
-- Up-to-date: /home/moonly/fpv_ros2_workspace/install/fpv_msg_monitor/share/ament_index/resource_index/package_run_dependencies/fpv_msg_monitor
-- Up-to-date: /home/moonly/fpv_ros2_workspace/install/fpv_msg_monitor/share/ament_index/resource_index/parent_prefix_path/fpv_msg_monitor
-- Up-to-date: /home/moonly/fpv_ros2_workspace/install/fpv_msg_monitor/share/fpv_msg_monitor/environment/ament_prefix_path.sh
-- Up-to-date: /home/moonly/fpv_ros2_workspace/install/fpv_msg_monitor/share/fpv_msg_monitor/environment/ament_prefix_path.dsv
-- Up-to-date: /home/moonly/fpv_ros2_workspace/install/fpv_msg_monitor/share/fpv_msg_monitor/environment/path.sh
-- Up-to-date: /home/moonly/fpv_ros2_workspace/install/fpv_msg_monitor/share/fpv_msg_monitor/environment/path.dsv
-- Up-to-date: /home/moonly/fpv_ros2_workspace/install/fpv_msg_monitor/share/fpv_msg_monitor/local_setup.bash
-- Up-to-date: /home/moonly/fpv_ros2_workspace/install/fpv_msg_monitor/share/fpv_msg_monitor/local_setup.sh
-- Up-to-date: /home/moonly/fpv_ros2_workspace/install/fpv_msg_monitor/share/fpv_msg_monitor/local_setup.zsh
-- Up-to-date: /home/moonly/fpv_ros2_workspace/install/fpv_msg_monitor/share/fpv_msg_monitor/local_setup.dsv
-- Installing: /home/moonly/fpv_ros2_workspace/install/fpv_msg_monitor/share/fpv_msg_monitor/package.dsv
-- Up-to-date: /home/moonly/fpv_ros2_workspace/install/fpv_msg_monitor/share/ament_index/resource_index/packages/fpv_msg_monitor
-- Up-to-date: /home/moonly/fpv_ros2_workspace/install/fpv_msg_monitor/share/fpv_msg_monitor/cmake/fpv_msg_monitorConfig.cmake
-- Up-to-date: /home/moonly/fpv_ros2_workspace/install/fpv_msg_monitor/share/fpv_msg_monitor/cmake/fpv_msg_monitorConfig-version.cmake
-- Up-to-date: /home/moonly/fpv_ros2_workspace/install/fpv_msg_monitor/share/fpv_msg_monitor/package.xml
