[0.083s] Invoking command in '/home/moonly/fpv_ros2_workspace/build/fpv_msg_monitor': CMAKE_PREFIX_PATH=${CMAKE_PREFIX_PATH}:/opt/ros/foxy _=/usr/bin/env /usr/bin/cmake --build /home/moonly/fpv_ros2_workspace/build/fpv_msg_monitor -- -j8 -l8
[0.163s] [35m[1mScanning dependencies of target fpv_msg_monitor[0m
[0.203s] [ 50%] [32mBuilding CXX object CMakeFiles/fpv_msg_monitor.dir/src/Fpv_msg_monitor.cpp.o[0m
[7.215s] [100%] [32m[1mLinking CXX executable fpv_msg_monitor[0m
[7.484s] [100%] Built target fpv_msg_monitor
[7.500s] Invoked command in '/home/moonly/fpv_ros2_workspace/build/fpv_msg_monitor' returned '0': CMAKE_PREFIX_PATH=${CMAKE_PREFIX_PATH}:/opt/ros/foxy _=/usr/bin/env /usr/bin/cmake --build /home/moonly/fpv_ros2_workspace/build/fpv_msg_monitor -- -j8 -l8
[7.534s] Invoking command in '/home/moonly/fpv_ros2_workspace/build/fpv_msg_monitor': CMAKE_PREFIX_PATH=${CMAKE_PREFIX_PATH}:/opt/ros/foxy _=/usr/bin/env /usr/bin/cmake --install /home/moonly/fpv_ros2_workspace/build/fpv_msg_monitor
[7.545s] -- Install configuration: ""
[7.546s] -- Installing: /home/moonly/fpv_ros2_workspace/install/fpv_msg_monitor/lib/fpv_msg_monitor/fpv_msg_monitor
[7.548s] -- Set runtime path of "/home/moonly/fpv_ros2_workspace/install/fpv_msg_monitor/lib/fpv_msg_monitor/fpv_msg_monitor" to ""
[7.549s] -- Up-to-date: /home/moonly/fpv_ros2_workspace/install/fpv_msg_monitor/share/ament_index/resource_index/package_run_dependencies/fpv_msg_monitor
[7.549s] -- Up-to-date: /home/moonly/fpv_ros2_workspace/install/fpv_msg_monitor/share/ament_index/resource_index/parent_prefix_path/fpv_msg_monitor
[7.549s] -- Up-to-date: /home/moonly/fpv_ros2_workspace/install/fpv_msg_monitor/share/fpv_msg_monitor/environment/ament_prefix_path.sh
[7.549s] -- Up-to-date: /home/moonly/fpv_ros2_workspace/install/fpv_msg_monitor/share/fpv_msg_monitor/environment/ament_prefix_path.dsv
[7.549s] -- Up-to-date: /home/moonly/fpv_ros2_workspace/install/fpv_msg_monitor/share/fpv_msg_monitor/environment/path.sh
[7.549s] -- Up-to-date: /home/moonly/fpv_ros2_workspace/install/fpv_msg_monitor/share/fpv_msg_monitor/environment/path.dsv
[7.549s] -- Up-to-date: /home/moonly/fpv_ros2_workspace/install/fpv_msg_monitor/share/fpv_msg_monitor/local_setup.bash
[7.549s] -- Up-to-date: /home/moonly/fpv_ros2_workspace/install/fpv_msg_monitor/share/fpv_msg_monitor/local_setup.sh
[7.549s] -- Up-to-date: /home/moonly/fpv_ros2_workspace/install/fpv_msg_monitor/share/fpv_msg_monitor/local_setup.zsh
[7.549s] -- Up-to-date: /home/moonly/fpv_ros2_workspace/install/fpv_msg_monitor/share/fpv_msg_monitor/local_setup.dsv
[7.549s] -- Installing: /home/moonly/fpv_ros2_workspace/install/fpv_msg_monitor/share/fpv_msg_monitor/package.dsv
[7.549s] -- Up-to-date: /home/moonly/fpv_ros2_workspace/install/fpv_msg_monitor/share/ament_index/resource_index/packages/fpv_msg_monitor
[7.549s] -- Up-to-date: /home/moonly/fpv_ros2_workspace/install/fpv_msg_monitor/share/fpv_msg_monitor/cmake/fpv_msg_monitorConfig.cmake
[7.549s] -- Up-to-date: /home/moonly/fpv_ros2_workspace/install/fpv_msg_monitor/share/fpv_msg_monitor/cmake/fpv_msg_monitorConfig-version.cmake
[7.550s] -- Up-to-date: /home/moonly/fpv_ros2_workspace/install/fpv_msg_monitor/share/fpv_msg_monitor/package.xml
[7.553s] Invoked command in '/home/moonly/fpv_ros2_workspace/build/fpv_msg_monitor' returned '0': CMAKE_PREFIX_PATH=${CMAKE_PREFIX_PATH}:/opt/ros/foxy _=/usr/bin/env /usr/bin/cmake --install /home/moonly/fpv_ros2_workspace/build/fpv_msg_monitor
