[0.331s] Invoking command in '/home/moonly/fpv_ros2_workspace/build/temp_msgs': CMAKE_PREFIX_PATH=${CMAKE_PREFIX_PATH}:/opt/ros/foxy _=/usr/bin/env /usr/bin/cmake --build /home/moonly/fpv_ros2_workspace/build/temp_msgs -- -j8 -l8
[0.848s] [  3%] Built target temp_msgs__cpp
[0.871s] [ 12%] Built target temp_msgs__rosidl_generator_c
[1.117s] [ 22%] Built target temp_msgs__rosidl_typesupport_cpp
[1.158s] [ 32%] Built target temp_msgs__rosidl_typesupport_introspection_cpp
[1.164s] [ 41%] Built target temp_msgs__rosidl_typesupport_c
[1.171s] [ 51%] Built target temp_msgs__rosidl_typesupport_fastrtps_cpp
[1.177s] [ 61%] Built target temp_msgs__rosidl_typesupport_introspection_c
[1.323s] [ 70%] Built target temp_msgs__rosidl_typesupport_fastrtps_c
[1.394s] [ 70%] Built target temp_msgs
[1.563s] [ 74%] Built target temp_msgs__py
[1.649s] [ 80%] Built target temp_msgs__python
[1.738s] [ 87%] Built target temp_msgs__rosidl_typesupport_introspection_c__pyext
[1.748s] [ 93%] Built target temp_msgs__rosidl_typesupport_fastrtps_c__pyext
[1.752s] [100%] Built target temp_msgs__rosidl_typesupport_c__pyext
[1.778s] Invoked command in '/home/moonly/fpv_ros2_workspace/build/temp_msgs' returned '0': CMAKE_PREFIX_PATH=${CMAKE_PREFIX_PATH}:/opt/ros/foxy _=/usr/bin/env /usr/bin/cmake --build /home/moonly/fpv_ros2_workspace/build/temp_msgs -- -j8 -l8
[1.921s] Invoking command in '/home/moonly/fpv_ros2_workspace/build/temp_msgs': CMAKE_PREFIX_PATH=${CMAKE_PREFIX_PATH}:/opt/ros/foxy _=/usr/bin/env /usr/bin/cmake --install /home/moonly/fpv_ros2_workspace/build/temp_msgs
[1.930s] -- Install configuration: ""
[1.930s] -- Up-to-date: /home/moonly/fpv_ros2_workspace/install/temp_msgs/share/ament_index/resource_index/rosidl_interfaces/temp_msgs
[1.930s] -- Up-to-date: /home/moonly/fpv_ros2_workspace/install/temp_msgs/include/temp_msgs
[1.930s] -- Up-to-date: /home/moonly/fpv_ros2_workspace/install/temp_msgs/include/temp_msgs/msg
[1.930s] -- Up-to-date: /home/moonly/fpv_ros2_workspace/install/temp_msgs/include/temp_msgs/msg/detail
[1.930s] -- Up-to-date: /home/moonly/fpv_ros2_workspace/install/temp_msgs/include/temp_msgs/msg/detail/temp_msg__struct.h
[1.930s] -- Up-to-date: /home/moonly/fpv_ros2_workspace/install/temp_msgs/include/temp_msgs/msg/detail/temp_msg__type_support.h
[1.930s] -- Up-to-date: /home/moonly/fpv_ros2_workspace/install/temp_msgs/include/temp_msgs/msg/detail/temp_msg__functions.h
[1.931s] -- Up-to-date: /home/moonly/fpv_ros2_workspace/install/temp_msgs/include/temp_msgs/msg/detail/temp_msg__functions.c
[1.931s] -- Up-to-date: /home/moonly/fpv_ros2_workspace/install/temp_msgs/include/temp_msgs/msg/temp_msg.h
[1.931s] -- Up-to-date: /home/moonly/fpv_ros2_workspace/install/temp_msgs/include/temp_msgs/msg/rosidl_generator_c__visibility_control.h
[1.931s] -- Up-to-date: /home/moonly/fpv_ros2_workspace/install/temp_msgs/share/temp_msgs/environment/library_path.sh
[1.931s] -- Up-to-date: /home/moonly/fpv_ros2_workspace/install/temp_msgs/share/temp_msgs/environment/library_path.dsv
[1.931s] -- Up-to-date: /home/moonly/fpv_ros2_workspace/install/temp_msgs/lib/libtemp_msgs__rosidl_generator_c.so
[1.931s] -- Up-to-date: /home/moonly/fpv_ros2_workspace/install/temp_msgs/include/temp_msgs
[1.931s] -- Up-to-date: /home/moonly/fpv_ros2_workspace/install/temp_msgs/include/temp_msgs/msg
[1.931s] -- Up-to-date: /home/moonly/fpv_ros2_workspace/install/temp_msgs/include/temp_msgs/msg/detail
[1.931s] -- Up-to-date: /home/moonly/fpv_ros2_workspace/install/temp_msgs/include/temp_msgs/msg/detail/temp_msg__rosidl_typesupport_fastrtps_c.h
[1.931s] -- Up-to-date: /home/moonly/fpv_ros2_workspace/install/temp_msgs/include/temp_msgs/msg/rosidl_typesupport_fastrtps_c__visibility_control.h
[1.931s] -- Up-to-date: /home/moonly/fpv_ros2_workspace/install/temp_msgs/lib/libtemp_msgs__rosidl_typesupport_fastrtps_c.so
[1.931s] -- Up-to-date: /home/moonly/fpv_ros2_workspace/install/temp_msgs/include/temp_msgs
[1.932s] -- Up-to-date: /home/moonly/fpv_ros2_workspace/install/temp_msgs/include/temp_msgs/msg
[1.932s] -- Up-to-date: /home/moonly/fpv_ros2_workspace/install/temp_msgs/include/temp_msgs/msg/detail
[1.932s] -- Up-to-date: /home/moonly/fpv_ros2_workspace/install/temp_msgs/include/temp_msgs/msg/detail/temp_msg__rosidl_typesupport_fastrtps_cpp.hpp
[1.932s] -- Up-to-date: /home/moonly/fpv_ros2_workspace/install/temp_msgs/include/temp_msgs/msg/detail/dds_fastrtps
[1.932s] -- Up-to-date: /home/moonly/fpv_ros2_workspace/install/temp_msgs/include/temp_msgs/msg/rosidl_typesupport_fastrtps_cpp__visibility_control.h
[1.932s] -- Up-to-date: /home/moonly/fpv_ros2_workspace/install/temp_msgs/lib/libtemp_msgs__rosidl_typesupport_fastrtps_cpp.so
[1.932s] -- Up-to-date: /home/moonly/fpv_ros2_workspace/install/temp_msgs/include/temp_msgs
[1.932s] -- Up-to-date: /home/moonly/fpv_ros2_workspace/install/temp_msgs/include/temp_msgs/msg
[1.932s] -- Up-to-date: /home/moonly/fpv_ros2_workspace/install/temp_msgs/include/temp_msgs/msg/detail
[1.932s] -- Up-to-date: /home/moonly/fpv_ros2_workspace/install/temp_msgs/include/temp_msgs/msg/detail/temp_msg__rosidl_typesupport_introspection_c.h
[1.933s] -- Up-to-date: /home/moonly/fpv_ros2_workspace/install/temp_msgs/include/temp_msgs/msg/detail/temp_msg__type_support.c
[1.933s] -- Up-to-date: /home/moonly/fpv_ros2_workspace/install/temp_msgs/include/temp_msgs/msg/rosidl_typesupport_introspection_c__visibility_control.h
[1.933s] -- Up-to-date: /home/moonly/fpv_ros2_workspace/install/temp_msgs/lib/libtemp_msgs__rosidl_typesupport_introspection_c.so
[1.933s] -- Up-to-date: /home/moonly/fpv_ros2_workspace/install/temp_msgs/lib/libtemp_msgs__rosidl_typesupport_c.so
[1.933s] -- Up-to-date: /home/moonly/fpv_ros2_workspace/install/temp_msgs/include/temp_msgs
[1.933s] -- Up-to-date: /home/moonly/fpv_ros2_workspace/install/temp_msgs/include/temp_msgs/msg
[1.933s] -- Up-to-date: /home/moonly/fpv_ros2_workspace/install/temp_msgs/include/temp_msgs/msg/temp_msg.hpp
[1.933s] -- Up-to-date: /home/moonly/fpv_ros2_workspace/install/temp_msgs/include/temp_msgs/msg/detail
[1.933s] -- Up-to-date: /home/moonly/fpv_ros2_workspace/install/temp_msgs/include/temp_msgs/msg/detail/temp_msg__traits.hpp
[1.933s] -- Up-to-date: /home/moonly/fpv_ros2_workspace/install/temp_msgs/include/temp_msgs/msg/detail/temp_msg__builder.hpp
[1.933s] -- Up-to-date: /home/moonly/fpv_ros2_workspace/install/temp_msgs/include/temp_msgs/msg/detail/temp_msg__type_support.hpp
[1.934s] -- Up-to-date: /home/moonly/fpv_ros2_workspace/install/temp_msgs/include/temp_msgs/msg/detail/temp_msg__struct.hpp
[1.934s] -- Up-to-date: /home/moonly/fpv_ros2_workspace/install/temp_msgs/include/temp_msgs/msg/rosidl_generator_cpp__visibility_control.hpp
[1.934s] -- Up-to-date: /home/moonly/fpv_ros2_workspace/install/temp_msgs/include/temp_msgs
[1.934s] -- Up-to-date: /home/moonly/fpv_ros2_workspace/install/temp_msgs/include/temp_msgs/msg
[1.934s] -- Up-to-date: /home/moonly/fpv_ros2_workspace/install/temp_msgs/include/temp_msgs/msg/detail
[1.934s] -- Up-to-date: /home/moonly/fpv_ros2_workspace/install/temp_msgs/include/temp_msgs/msg/detail/temp_msg__rosidl_typesupport_introspection_cpp.hpp
[1.934s] -- Up-to-date: /home/moonly/fpv_ros2_workspace/install/temp_msgs/include/temp_msgs/msg/detail/temp_msg__type_support.cpp
[1.934s] -- Up-to-date: /home/moonly/fpv_ros2_workspace/install/temp_msgs/lib/libtemp_msgs__rosidl_typesupport_introspection_cpp.so
[1.934s] -- Up-to-date: /home/moonly/fpv_ros2_workspace/install/temp_msgs/lib/libtemp_msgs__rosidl_typesupport_cpp.so
[1.936s] -- Up-to-date: /home/moonly/fpv_ros2_workspace/install/temp_msgs/share/temp_msgs/environment/pythonpath.sh
[1.937s] -- Up-to-date: /home/moonly/fpv_ros2_workspace/install/temp_msgs/share/temp_msgs/environment/pythonpath.dsv
[1.937s] -- Up-to-date: /home/moonly/fpv_ros2_workspace/install/temp_msgs/lib/python3.8/site-packages/temp_msgs/__init__.py
[1.967s] -- Up-to-date: /home/moonly/fpv_ros2_workspace/install/temp_msgs/lib/python3.8/site-packages/temp_msgs/msg
[1.967s] -- Up-to-date: /home/moonly/fpv_ros2_workspace/install/temp_msgs/lib/python3.8/site-packages/temp_msgs/msg/__init__.py
[1.967s] -- Up-to-date: /home/moonly/fpv_ros2_workspace/install/temp_msgs/lib/python3.8/site-packages/temp_msgs/msg/_temp_msg_s.c
[1.968s] -- Up-to-date: /home/moonly/fpv_ros2_workspace/install/temp_msgs/lib/python3.8/site-packages/temp_msgs/msg/_temp_msg.py
[1.968s] -- Up-to-date: /home/moonly/fpv_ros2_workspace/install/temp_msgs/lib/python3.8/site-packages/temp_msgs/temp_msgs_s__rosidl_typesupport_fastrtps_c.cpython-38-x86_64-linux-gnu.so
[1.968s] -- Up-to-date: /home/moonly/fpv_ros2_workspace/install/temp_msgs/lib/python3.8/site-packages/temp_msgs/temp_msgs_s__rosidl_typesupport_introspection_c.cpython-38-x86_64-linux-gnu.so
[1.969s] -- Up-to-date: /home/moonly/fpv_ros2_workspace/install/temp_msgs/lib/python3.8/site-packages/temp_msgs/temp_msgs_s__rosidl_typesupport_c.cpython-38-x86_64-linux-gnu.so
[1.969s] -- Up-to-date: /home/moonly/fpv_ros2_workspace/install/temp_msgs/lib/libtemp_msgs__python.so
[1.969s] -- Up-to-date: /home/moonly/fpv_ros2_workspace/install/temp_msgs/share/temp_msgs/msg/TempMsg.idl
[1.969s] -- Up-to-date: /home/moonly/fpv_ros2_workspace/install/temp_msgs/share/temp_msgs/msg/TempMsg.msg
[1.969s] -- Up-to-date: /home/moonly/fpv_ros2_workspace/install/temp_msgs/share/ament_index/resource_index/package_run_dependencies/temp_msgs
[1.969s] -- Up-to-date: /home/moonly/fpv_ros2_workspace/install/temp_msgs/share/ament_index/resource_index/parent_prefix_path/temp_msgs
[1.969s] -- Up-to-date: /home/moonly/fpv_ros2_workspace/install/temp_msgs/share/temp_msgs/environment/ament_prefix_path.sh
[1.969s] -- Up-to-date: /home/moonly/fpv_ros2_workspace/install/temp_msgs/share/temp_msgs/environment/ament_prefix_path.dsv
[1.969s] -- Up-to-date: /home/moonly/fpv_ros2_workspace/install/temp_msgs/share/temp_msgs/environment/path.sh
[1.969s] -- Up-to-date: /home/moonly/fpv_ros2_workspace/install/temp_msgs/share/temp_msgs/environment/path.dsv
[1.970s] -- Up-to-date: /home/moonly/fpv_ros2_workspace/install/temp_msgs/share/temp_msgs/local_setup.bash
[1.970s] -- Up-to-date: /home/moonly/fpv_ros2_workspace/install/temp_msgs/share/temp_msgs/local_setup.sh
[1.970s] -- Up-to-date: /home/moonly/fpv_ros2_workspace/install/temp_msgs/share/temp_msgs/local_setup.zsh
[1.970s] -- Up-to-date: /home/moonly/fpv_ros2_workspace/install/temp_msgs/share/temp_msgs/local_setup.dsv
[1.970s] -- Installing: /home/moonly/fpv_ros2_workspace/install/temp_msgs/share/temp_msgs/package.dsv
[1.970s] -- Up-to-date: /home/moonly/fpv_ros2_workspace/install/temp_msgs/share/ament_index/resource_index/packages/temp_msgs
[1.970s] -- Up-to-date: /home/moonly/fpv_ros2_workspace/install/temp_msgs/share/temp_msgs/cmake/temp_msgs__rosidl_generator_cExport.cmake
[1.970s] -- Up-to-date: /home/moonly/fpv_ros2_workspace/install/temp_msgs/share/temp_msgs/cmake/temp_msgs__rosidl_generator_cExport-noconfig.cmake
[1.970s] -- Up-to-date: /home/moonly/fpv_ros2_workspace/install/temp_msgs/share/temp_msgs/cmake/temp_msgs__rosidl_typesupport_introspection_cExport.cmake
[1.970s] -- Up-to-date: /home/moonly/fpv_ros2_workspace/install/temp_msgs/share/temp_msgs/cmake/temp_msgs__rosidl_typesupport_introspection_cExport-noconfig.cmake
[1.970s] -- Up-to-date: /home/moonly/fpv_ros2_workspace/install/temp_msgs/share/temp_msgs/cmake/temp_msgs__rosidl_typesupport_cExport.cmake
[1.970s] -- Up-to-date: /home/moonly/fpv_ros2_workspace/install/temp_msgs/share/temp_msgs/cmake/temp_msgs__rosidl_typesupport_cExport-noconfig.cmake
[1.971s] -- Up-to-date: /home/moonly/fpv_ros2_workspace/install/temp_msgs/share/temp_msgs/cmake/temp_msgs__rosidl_generator_cppExport.cmake
[1.971s] -- Up-to-date: /home/moonly/fpv_ros2_workspace/install/temp_msgs/share/temp_msgs/cmake/temp_msgs__rosidl_typesupport_introspection_cppExport.cmake
[1.971s] -- Up-to-date: /home/moonly/fpv_ros2_workspace/install/temp_msgs/share/temp_msgs/cmake/temp_msgs__rosidl_typesupport_introspection_cppExport-noconfig.cmake
[1.971s] -- Up-to-date: /home/moonly/fpv_ros2_workspace/install/temp_msgs/share/temp_msgs/cmake/temp_msgs__rosidl_typesupport_cppExport.cmake
[1.971s] -- Up-to-date: /home/moonly/fpv_ros2_workspace/install/temp_msgs/share/temp_msgs/cmake/temp_msgs__rosidl_typesupport_cppExport-noconfig.cmake
[1.971s] -- Up-to-date: /home/moonly/fpv_ros2_workspace/install/temp_msgs/share/temp_msgs/cmake/rosidl_cmake-extras.cmake
[1.971s] -- Up-to-date: /home/moonly/fpv_ros2_workspace/install/temp_msgs/share/temp_msgs/cmake/ament_cmake_export_dependencies-extras.cmake
[1.971s] -- Up-to-date: /home/moonly/fpv_ros2_workspace/install/temp_msgs/share/temp_msgs/cmake/ament_cmake_export_libraries-extras.cmake
[1.971s] -- Up-to-date: /home/moonly/fpv_ros2_workspace/install/temp_msgs/share/temp_msgs/cmake/ament_cmake_export_targets-extras.cmake
[1.971s] -- Up-to-date: /home/moonly/fpv_ros2_workspace/install/temp_msgs/share/temp_msgs/cmake/ament_cmake_export_include_directories-extras.cmake
[1.971s] -- Up-to-date: /home/moonly/fpv_ros2_workspace/install/temp_msgs/share/temp_msgs/cmake/rosidl_cmake_export_typesupport_libraries-extras.cmake
[1.971s] -- Up-to-date: /home/moonly/fpv_ros2_workspace/install/temp_msgs/share/temp_msgs/cmake/rosidl_cmake_export_typesupport_targets-extras.cmake
[1.971s] -- Up-to-date: /home/moonly/fpv_ros2_workspace/install/temp_msgs/share/temp_msgs/cmake/temp_msgsConfig.cmake
[1.971s] -- Up-to-date: /home/moonly/fpv_ros2_workspace/install/temp_msgs/share/temp_msgs/cmake/temp_msgsConfig-version.cmake
[1.971s] -- Up-to-date: /home/moonly/fpv_ros2_workspace/install/temp_msgs/share/temp_msgs/package.xml
[1.974s] Invoked command in '/home/moonly/fpv_ros2_workspace/build/temp_msgs' returned '0': CMAKE_PREFIX_PATH=${CMAKE_PREFIX_PATH}:/opt/ros/foxy _=/usr/bin/env /usr/bin/cmake --install /home/moonly/fpv_ros2_workspace/build/temp_msgs
