[0.091s] Invoking command in '/home/moonly/fpv_ros2_workspace/build/manual_control': CMAKE_PREFIX_PATH=${CMAKE_PREFIX_PATH}:/opt/ros/foxy _=/usr/bin/env /usr/bin/cmake /home/moonly/fpv_ros2_workspace/src/manual_control -DCMAKE_INSTALL_PREFIX=/home/moonly/fpv_ros2_workspace/install/manual_control
[0.111s] -- Found ament_cmake: 0.9.12 (/opt/ros/foxy/share/ament_cmake/cmake)
[0.149s] -- Using PYTHON_EXECUTABLE: /usr/bin/python3
[0.431s] -- Found ament_lint_auto: 0.9.8 (/opt/ros/foxy/share/ament_lint_auto/cmake)
[0.509s] -- Found rclcpp: 2.4.3 (/opt/ros/foxy/share/rclcpp/cmake)
[0.539s] -- Using all available rosidl_typesupport_c: rosidl_typesupport_fastrtps_c;rosidl_typesupport_introspection_c
[0.542s] -- Found rosidl_adapter: 1.3.1 (/opt/ros/foxy/share/rosidl_adapter/cmake)
[0.647s] -- Using all available rosidl_typesupport_cpp: rosidl_typesupport_fastrtps_cpp;rosidl_typesupport_introspection_cpp
[0.682s] -- Found rmw_implementation_cmake: 1.0.4 (/opt/ros/foxy/share/rmw_implementation_cmake/cmake)
[0.683s] -- Using RMW implementation 'rmw_fastrtps_cpp' as default
[0.795s] -- Found geometry_msgs: 2.0.5 (/opt/ros/foxy/share/geometry_msgs/cmake)
[0.822s] -- Found sensor_msgs: 2.0.5 (/opt/ros/foxy/share/sensor_msgs/cmake)
[0.871s] -- Found fpv_msgs: 0.0.0 (/home/moonly/fpv_ros2_workspace/install/fpv_msgs/share/fpv_msgs/cmake)
[0.879s] -- Added test 'copyright' to check source files copyright and LICENSE
[0.879s] -- Added test 'cppcheck' to perform static code analysis on C / C++ code
[0.879s] -- Configured cppcheck include dirs: /home/moonly/fpv_ros2_workspace/src/manual_control/include
[0.879s] -- Configured cppcheck exclude dirs and/or files: 
[0.880s] -- Added test 'cpplint' to check C / C++ code against the Google style
[0.880s] -- Configured cpplint exclude dirs and/or files: 
[0.880s] -- Added test 'lint_cmake' to check CMake code style
[0.881s] -- Added test 'uncrustify' to check C / C++ code style
[0.881s] -- Configured uncrustify additional arguments: 
[0.881s] -- Added test 'xmllint' to check XML markup files
[0.883s] -- Configuring done
[0.889s] -- Generating done
[0.889s] -- Build files have been written to: /home/moonly/fpv_ros2_workspace/build/manual_control
[0.897s] Invoked command in '/home/moonly/fpv_ros2_workspace/build/manual_control' returned '0': CMAKE_PREFIX_PATH=${CMAKE_PREFIX_PATH}:/opt/ros/foxy _=/usr/bin/env /usr/bin/cmake /home/moonly/fpv_ros2_workspace/src/manual_control -DCMAKE_INSTALL_PREFIX=/home/moonly/fpv_ros2_workspace/install/manual_control
[0.899s] Invoking command in '/home/moonly/fpv_ros2_workspace/build/manual_control': CMAKE_PREFIX_PATH=${CMAKE_PREFIX_PATH}:/opt/ros/foxy _=/usr/bin/env /usr/bin/cmake --build /home/moonly/fpv_ros2_workspace/build/manual_control -- -j8 -l8
[0.940s] [35m[1mScanning dependencies of target manual_control[0m
[0.981s] [ 50%] [32mBuilding CXX object CMakeFiles/manual_control.dir/src/Manual_control.cpp.o[0m
[2.589s] [100%] [32m[1mLinking CXX executable manual_control[0m
[2.664s] /usr/bin/ld: /usr/lib/gcc/x86_64-linux-gnu/9/../../../x86_64-linux-gnu/Scrt1.o: in function `_start':
[2.664s] (.text+0x24): undefined reference to `main'
[2.664s] collect2: error: ld returned 1 exit status
[2.665s] make[2]: *** [CMakeFiles/manual_control.dir/build.make:146：manual_control] 错误 1
[2.666s] make[1]: *** [CMakeFiles/Makefile2:78：CMakeFiles/manual_control.dir/all] 错误 2
[2.666s] make: *** [Makefile:141：all] 错误 2
[2.667s] Invoked command in '/home/moonly/fpv_ros2_workspace/build/manual_control' returned '2': CMAKE_PREFIX_PATH=${CMAKE_PREFIX_PATH}:/opt/ros/foxy _=/usr/bin/env /usr/bin/cmake --build /home/moonly/fpv_ros2_workspace/build/manual_control -- -j8 -l8
