[0.110s] Invoking command in '/home/moonly/fpv_ros2_workspace/build/mavlink_pub': CMAKE_PREFIX_PATH=${CMAKE_PREFIX_PATH}:/opt/ros/foxy _=/usr/bin/env /usr/bin/cmake --build /home/moonly/fpv_ros2_workspace/build/mavlink_pub -- -j8 -l8
[0.202s] Invoked command in '/home/moonly/fpv_ros2_workspace/build/mavlink_pub' returned '0': CMAKE_PREFIX_PATH=${CMAKE_PREFIX_PATH}:/opt/ros/foxy _=/usr/bin/env /usr/bin/cmake --build /home/moonly/fpv_ros2_workspace/build/mavlink_pub -- -j8 -l8
[0.312s] Invoking command in '/home/moonly/fpv_ros2_workspace/build/mavlink_pub': CMAKE_PREFIX_PATH=${CMAKE_PREFIX_PATH}:/opt/ros/foxy _=/usr/bin/env /usr/bin/cmake --install /home/moonly/fpv_ros2_workspace/build/mavlink_pub
[0.343s] -- Install configuration: ""
[0.343s] -- Up-to-date: /home/moonly/fpv_ros2_workspace/install/mavlink_pub/share/ament_index/resource_index/package_run_dependencies/mavlink_pub
[0.343s] -- Up-to-date: /home/moonly/fpv_ros2_workspace/install/mavlink_pub/share/ament_index/resource_index/parent_prefix_path/mavlink_pub
[0.343s] -- Up-to-date: /home/moonly/fpv_ros2_workspace/install/mavlink_pub/share/mavlink_pub/environment/ament_prefix_path.sh
[0.344s] -- Up-to-date: /home/moonly/fpv_ros2_workspace/install/mavlink_pub/share/mavlink_pub/environment/ament_prefix_path.dsv
[0.344s] -- Up-to-date: /home/moonly/fpv_ros2_workspace/install/mavlink_pub/share/mavlink_pub/environment/path.sh
[0.345s] -- Up-to-date: /home/moonly/fpv_ros2_workspace/install/mavlink_pub/share/mavlink_pub/environment/path.dsv
[0.345s] -- Up-to-date: /home/moonly/fpv_ros2_workspace/install/mavlink_pub/share/mavlink_pub/local_setup.bash
[0.345s] -- Up-to-date: /home/moonly/fpv_ros2_workspace/install/mavlink_pub/share/mavlink_pub/local_setup.sh
[0.346s] -- Up-to-date: /home/moonly/fpv_ros2_workspace/install/mavlink_pub/share/mavlink_pub/local_setup.zsh
[0.346s] -- Up-to-date: /home/moonly/fpv_ros2_workspace/install/mavlink_pub/share/mavlink_pub/local_setup.dsv
[0.346s] -- Installing: /home/moonly/fpv_ros2_workspace/install/mavlink_pub/share/mavlink_pub/package.dsv
[0.346s] -- Up-to-date: /home/moonly/fpv_ros2_workspace/install/mavlink_pub/share/ament_index/resource_index/packages/mavlink_pub
[0.346s] -- Up-to-date: /home/moonly/fpv_ros2_workspace/install/mavlink_pub/share/mavlink_pub/cmake/mavlink_pubConfig.cmake
[0.347s] -- Up-to-date: /home/moonly/fpv_ros2_workspace/install/mavlink_pub/share/mavlink_pub/cmake/mavlink_pubConfig-version.cmake
[0.347s] -- Up-to-date: /home/moonly/fpv_ros2_workspace/install/mavlink_pub/share/mavlink_pub/package.xml
[0.367s] Invoked command in '/home/moonly/fpv_ros2_workspace/build/mavlink_pub' returned '0': CMAKE_PREFIX_PATH=${CMAKE_PREFIX_PATH}:/opt/ros/foxy _=/usr/bin/env /usr/bin/cmake --install /home/moonly/fpv_ros2_workspace/build/mavlink_pub
