[0.252s] Invoking command in '/home/moonly/fpv_ros2_workspace/build/fpv_msgs': CMAKE_PREFIX_PATH=${CMAKE_PREFIX_PATH}:/opt/ros/foxy _=/usr/bin/env /usr/bin/cmake --build /home/moonly/fpv_ros2_workspace/build/fpv_msgs -- -j8 -l8
[0.557s] [  9%] Built target fpv_msgs__rosidl_generator_c
[0.682s] [ 12%] Built target fpv_msgs__cpp
[0.722s] [ 22%] Built target fpv_msgs__rosidl_typesupport_introspection_c
[0.793s] [ 32%] Built target fpv_msgs__rosidl_typesupport_c
[0.860s] [ 41%] Built target fpv_msgs__rosidl_typesupport_introspection_cpp
[0.912s] [ 51%] Built target fpv_msgs__rosidl_typesupport_cpp
[1.005s] [ 61%] Built target fpv_msgs__rosidl_typesupport_fastrtps_cpp
[1.171s] [ 70%] Built target fpv_msgs__rosidl_typesupport_fastrtps_c
[1.274s] [ 70%] Built target fpv_msgs
[1.474s] [ 74%] Built target fpv_msgs__py
[1.592s] [ 80%] Built target fpv_msgs__python
[1.720s] [ 87%] Built target fpv_msgs__rosidl_typesupport_fastrtps_c__pyext
[1.749s] [ 93%] Built target fpv_msgs__rosidl_typesupport_c__pyext
[1.759s] [100%] Built target fpv_msgs__rosidl_typesupport_introspection_c__pyext
[1.811s] Invoked command in '/home/moonly/fpv_ros2_workspace/build/fpv_msgs' returned '0': CMAKE_PREFIX_PATH=${CMAKE_PREFIX_PATH}:/opt/ros/foxy _=/usr/bin/env /usr/bin/cmake --build /home/moonly/fpv_ros2_workspace/build/fpv_msgs -- -j8 -l8
[2.298s] Invoking command in '/home/moonly/fpv_ros2_workspace/build/fpv_msgs': CMAKE_PREFIX_PATH=${CMAKE_PREFIX_PATH}:/opt/ros/foxy _=/usr/bin/env /usr/bin/cmake --install /home/moonly/fpv_ros2_workspace/build/fpv_msgs
[2.324s] -- Install configuration: ""
[2.324s] -- Up-to-date: /home/moonly/fpv_ros2_workspace/install/fpv_msgs/share/ament_index/resource_index/rosidl_interfaces/fpv_msgs
[2.324s] -- Up-to-date: /home/moonly/fpv_ros2_workspace/install/fpv_msgs/include/fpv_msgs
[2.325s] -- Up-to-date: /home/moonly/fpv_ros2_workspace/install/fpv_msgs/include/fpv_msgs/msg
[2.326s] -- Up-to-date: /home/moonly/fpv_ros2_workspace/install/fpv_msgs/include/fpv_msgs/msg/detail
[2.326s] -- Up-to-date: /home/moonly/fpv_ros2_workspace/install/fpv_msgs/include/fpv_msgs/msg/detail/moonly_fpv__functions.c
[2.327s] -- Up-to-date: /home/moonly/fpv_ros2_workspace/install/fpv_msgs/include/fpv_msgs/msg/detail/moonly_fpv__struct.h
[2.327s] -- Up-to-date: /home/moonly/fpv_ros2_workspace/install/fpv_msgs/include/fpv_msgs/msg/detail/moonly_fpv__type_support.h
[2.328s] -- Up-to-date: /home/moonly/fpv_ros2_workspace/install/fpv_msgs/include/fpv_msgs/msg/detail/moonly_fpv__functions.h
[2.328s] -- Up-to-date: /home/moonly/fpv_ros2_workspace/install/fpv_msgs/include/fpv_msgs/msg/moonly_fpv.h
[2.329s] -- Up-to-date: /home/moonly/fpv_ros2_workspace/install/fpv_msgs/include/fpv_msgs/msg/rosidl_generator_c__visibility_control.h
[2.329s] -- Up-to-date: /home/moonly/fpv_ros2_workspace/install/fpv_msgs/share/fpv_msgs/environment/library_path.sh
[2.330s] -- Up-to-date: /home/moonly/fpv_ros2_workspace/install/fpv_msgs/share/fpv_msgs/environment/library_path.dsv
[2.330s] -- Up-to-date: /home/moonly/fpv_ros2_workspace/install/fpv_msgs/lib/libfpv_msgs__rosidl_generator_c.so
[2.331s] -- Up-to-date: /home/moonly/fpv_ros2_workspace/install/fpv_msgs/include/fpv_msgs
[2.332s] -- Up-to-date: /home/moonly/fpv_ros2_workspace/install/fpv_msgs/include/fpv_msgs/msg
[2.332s] -- Up-to-date: /home/moonly/fpv_ros2_workspace/install/fpv_msgs/include/fpv_msgs/msg/detail
[2.333s] -- Up-to-date: /home/moonly/fpv_ros2_workspace/install/fpv_msgs/include/fpv_msgs/msg/detail/moonly_fpv__rosidl_typesupport_fastrtps_c.h
[2.333s] -- Up-to-date: /home/moonly/fpv_ros2_workspace/install/fpv_msgs/include/fpv_msgs/msg/rosidl_typesupport_fastrtps_c__visibility_control.h
[2.334s] -- Up-to-date: /home/moonly/fpv_ros2_workspace/install/fpv_msgs/lib/libfpv_msgs__rosidl_typesupport_fastrtps_c.so
[2.334s] -- Up-to-date: /home/moonly/fpv_ros2_workspace/install/fpv_msgs/include/fpv_msgs
[2.334s] -- Up-to-date: /home/moonly/fpv_ros2_workspace/install/fpv_msgs/include/fpv_msgs/msg
[2.334s] -- Up-to-date: /home/moonly/fpv_ros2_workspace/install/fpv_msgs/include/fpv_msgs/msg/detail
[2.335s] -- Up-to-date: /home/moonly/fpv_ros2_workspace/install/fpv_msgs/include/fpv_msgs/msg/detail/dds_fastrtps
[2.335s] -- Up-to-date: /home/moonly/fpv_ros2_workspace/install/fpv_msgs/include/fpv_msgs/msg/detail/moonly_fpv__rosidl_typesupport_fastrtps_cpp.hpp
[2.335s] -- Up-to-date: /home/moonly/fpv_ros2_workspace/install/fpv_msgs/include/fpv_msgs/msg/rosidl_typesupport_fastrtps_cpp__visibility_control.h
[2.335s] -- Up-to-date: /home/moonly/fpv_ros2_workspace/install/fpv_msgs/lib/libfpv_msgs__rosidl_typesupport_fastrtps_cpp.so
[2.335s] -- Up-to-date: /home/moonly/fpv_ros2_workspace/install/fpv_msgs/include/fpv_msgs
[2.335s] -- Up-to-date: /home/moonly/fpv_ros2_workspace/install/fpv_msgs/include/fpv_msgs/msg
[2.335s] -- Up-to-date: /home/moonly/fpv_ros2_workspace/install/fpv_msgs/include/fpv_msgs/msg/detail
[2.335s] -- Up-to-date: /home/moonly/fpv_ros2_workspace/install/fpv_msgs/include/fpv_msgs/msg/detail/moonly_fpv__type_support.c
[2.335s] -- Up-to-date: /home/moonly/fpv_ros2_workspace/install/fpv_msgs/include/fpv_msgs/msg/detail/moonly_fpv__rosidl_typesupport_introspection_c.h
[2.335s] -- Up-to-date: /home/moonly/fpv_ros2_workspace/install/fpv_msgs/include/fpv_msgs/msg/rosidl_typesupport_introspection_c__visibility_control.h
[2.335s] -- Up-to-date: /home/moonly/fpv_ros2_workspace/install/fpv_msgs/lib/libfpv_msgs__rosidl_typesupport_introspection_c.so
[2.336s] -- Up-to-date: /home/moonly/fpv_ros2_workspace/install/fpv_msgs/lib/libfpv_msgs__rosidl_typesupport_c.so
[2.336s] -- Up-to-date: /home/moonly/fpv_ros2_workspace/install/fpv_msgs/include/fpv_msgs
[2.336s] -- Up-to-date: /home/moonly/fpv_ros2_workspace/install/fpv_msgs/include/fpv_msgs/msg
[2.336s] -- Up-to-date: /home/moonly/fpv_ros2_workspace/install/fpv_msgs/include/fpv_msgs/msg/moonly_fpv.hpp
[2.337s] -- Up-to-date: /home/moonly/fpv_ros2_workspace/install/fpv_msgs/include/fpv_msgs/msg/detail
[2.337s] -- Up-to-date: /home/moonly/fpv_ros2_workspace/install/fpv_msgs/include/fpv_msgs/msg/detail/moonly_fpv__struct.hpp
[2.337s] -- Up-to-date: /home/moonly/fpv_ros2_workspace/install/fpv_msgs/include/fpv_msgs/msg/detail/moonly_fpv__builder.hpp
[2.337s] -- Up-to-date: /home/moonly/fpv_ros2_workspace/install/fpv_msgs/include/fpv_msgs/msg/detail/moonly_fpv__traits.hpp
[2.337s] -- Up-to-date: /home/moonly/fpv_ros2_workspace/install/fpv_msgs/include/fpv_msgs/msg/detail/moonly_fpv__type_support.hpp
[2.337s] -- Up-to-date: /home/moonly/fpv_ros2_workspace/install/fpv_msgs/include/fpv_msgs/msg/rosidl_generator_cpp__visibility_control.hpp
[2.337s] -- Up-to-date: /home/moonly/fpv_ros2_workspace/install/fpv_msgs/include/fpv_msgs
[2.337s] -- Up-to-date: /home/moonly/fpv_ros2_workspace/install/fpv_msgs/include/fpv_msgs/msg
[2.337s] -- Up-to-date: /home/moonly/fpv_ros2_workspace/install/fpv_msgs/include/fpv_msgs/msg/detail
[2.337s] -- Up-to-date: /home/moonly/fpv_ros2_workspace/install/fpv_msgs/include/fpv_msgs/msg/detail/moonly_fpv__type_support.cpp
[2.338s] -- Up-to-date: /home/moonly/fpv_ros2_workspace/install/fpv_msgs/include/fpv_msgs/msg/detail/moonly_fpv__rosidl_typesupport_introspection_cpp.hpp
[2.338s] -- Up-to-date: /home/moonly/fpv_ros2_workspace/install/fpv_msgs/lib/libfpv_msgs__rosidl_typesupport_introspection_cpp.so
[2.338s] -- Up-to-date: /home/moonly/fpv_ros2_workspace/install/fpv_msgs/lib/libfpv_msgs__rosidl_typesupport_cpp.so
[2.338s] -- Up-to-date: /home/moonly/fpv_ros2_workspace/install/fpv_msgs/share/fpv_msgs/environment/pythonpath.sh
[2.338s] -- Up-to-date: /home/moonly/fpv_ros2_workspace/install/fpv_msgs/share/fpv_msgs/environment/pythonpath.dsv
[2.338s] -- Up-to-date: /home/moonly/fpv_ros2_workspace/install/fpv_msgs/lib/python3.8/site-packages/fpv_msgs/__init__.py
[2.407s] -- Up-to-date: /home/moonly/fpv_ros2_workspace/install/fpv_msgs/lib/python3.8/site-packages/fpv_msgs/msg
[2.407s] -- Up-to-date: /home/moonly/fpv_ros2_workspace/install/fpv_msgs/lib/python3.8/site-packages/fpv_msgs/msg/_moonly_fpv.py
[2.407s] -- Up-to-date: /home/moonly/fpv_ros2_workspace/install/fpv_msgs/lib/python3.8/site-packages/fpv_msgs/msg/__init__.py
[2.407s] -- Up-to-date: /home/moonly/fpv_ros2_workspace/install/fpv_msgs/lib/python3.8/site-packages/fpv_msgs/msg/_moonly_fpv_s.c
[2.408s] -- Up-to-date: /home/moonly/fpv_ros2_workspace/install/fpv_msgs/lib/python3.8/site-packages/fpv_msgs/fpv_msgs_s__rosidl_typesupport_fastrtps_c.cpython-38-x86_64-linux-gnu.so
[2.408s] -- Up-to-date: /home/moonly/fpv_ros2_workspace/install/fpv_msgs/lib/python3.8/site-packages/fpv_msgs/fpv_msgs_s__rosidl_typesupport_introspection_c.cpython-38-x86_64-linux-gnu.so
[2.408s] -- Up-to-date: /home/moonly/fpv_ros2_workspace/install/fpv_msgs/lib/python3.8/site-packages/fpv_msgs/fpv_msgs_s__rosidl_typesupport_c.cpython-38-x86_64-linux-gnu.so
[2.409s] -- Up-to-date: /home/moonly/fpv_ros2_workspace/install/fpv_msgs/lib/libfpv_msgs__python.so
[2.409s] -- Up-to-date: /home/moonly/fpv_ros2_workspace/install/fpv_msgs/share/fpv_msgs/msg/MoonlyFpv.idl
[2.409s] -- Up-to-date: /home/moonly/fpv_ros2_workspace/install/fpv_msgs/share/fpv_msgs/msg/MoonlyFpv.msg
[2.409s] -- Up-to-date: /home/moonly/fpv_ros2_workspace/install/fpv_msgs/share/ament_index/resource_index/package_run_dependencies/fpv_msgs
[2.409s] -- Up-to-date: /home/moonly/fpv_ros2_workspace/install/fpv_msgs/share/ament_index/resource_index/parent_prefix_path/fpv_msgs
[2.409s] -- Up-to-date: /home/moonly/fpv_ros2_workspace/install/fpv_msgs/share/fpv_msgs/environment/ament_prefix_path.sh
[2.409s] -- Up-to-date: /home/moonly/fpv_ros2_workspace/install/fpv_msgs/share/fpv_msgs/environment/ament_prefix_path.dsv
[2.409s] -- Up-to-date: /home/moonly/fpv_ros2_workspace/install/fpv_msgs/share/fpv_msgs/environment/path.sh
[2.409s] -- Up-to-date: /home/moonly/fpv_ros2_workspace/install/fpv_msgs/share/fpv_msgs/environment/path.dsv
[2.410s] -- Up-to-date: /home/moonly/fpv_ros2_workspace/install/fpv_msgs/share/fpv_msgs/local_setup.bash
[2.410s] -- Up-to-date: /home/moonly/fpv_ros2_workspace/install/fpv_msgs/share/fpv_msgs/local_setup.sh
[2.410s] -- Up-to-date: /home/moonly/fpv_ros2_workspace/install/fpv_msgs/share/fpv_msgs/local_setup.zsh
[2.410s] -- Up-to-date: /home/moonly/fpv_ros2_workspace/install/fpv_msgs/share/fpv_msgs/local_setup.dsv
[2.410s] -- Installing: /home/moonly/fpv_ros2_workspace/install/fpv_msgs/share/fpv_msgs/package.dsv
[2.410s] -- Up-to-date: /home/moonly/fpv_ros2_workspace/install/fpv_msgs/share/ament_index/resource_index/packages/fpv_msgs
[2.410s] -- Up-to-date: /home/moonly/fpv_ros2_workspace/install/fpv_msgs/share/fpv_msgs/cmake/fpv_msgs__rosidl_generator_cExport.cmake
[2.410s] -- Up-to-date: /home/moonly/fpv_ros2_workspace/install/fpv_msgs/share/fpv_msgs/cmake/fpv_msgs__rosidl_generator_cExport-noconfig.cmake
[2.410s] -- Up-to-date: /home/moonly/fpv_ros2_workspace/install/fpv_msgs/share/fpv_msgs/cmake/fpv_msgs__rosidl_typesupport_introspection_cExport.cmake
[2.410s] -- Up-to-date: /home/moonly/fpv_ros2_workspace/install/fpv_msgs/share/fpv_msgs/cmake/fpv_msgs__rosidl_typesupport_introspection_cExport-noconfig.cmake
[2.411s] -- Up-to-date: /home/moonly/fpv_ros2_workspace/install/fpv_msgs/share/fpv_msgs/cmake/fpv_msgs__rosidl_typesupport_cExport.cmake
[2.411s] -- Up-to-date: /home/moonly/fpv_ros2_workspace/install/fpv_msgs/share/fpv_msgs/cmake/fpv_msgs__rosidl_typesupport_cExport-noconfig.cmake
[2.411s] -- Up-to-date: /home/moonly/fpv_ros2_workspace/install/fpv_msgs/share/fpv_msgs/cmake/fpv_msgs__rosidl_generator_cppExport.cmake
[2.411s] -- Up-to-date: /home/moonly/fpv_ros2_workspace/install/fpv_msgs/share/fpv_msgs/cmake/fpv_msgs__rosidl_typesupport_introspection_cppExport.cmake
[2.411s] -- Up-to-date: /home/moonly/fpv_ros2_workspace/install/fpv_msgs/share/fpv_msgs/cmake/fpv_msgs__rosidl_typesupport_introspection_cppExport-noconfig.cmake
[2.411s] -- Up-to-date: /home/moonly/fpv_ros2_workspace/install/fpv_msgs/share/fpv_msgs/cmake/fpv_msgs__rosidl_typesupport_cppExport.cmake
[2.411s] -- Up-to-date: /home/moonly/fpv_ros2_workspace/install/fpv_msgs/share/fpv_msgs/cmake/fpv_msgs__rosidl_typesupport_cppExport-noconfig.cmake
[2.411s] -- Up-to-date: /home/moonly/fpv_ros2_workspace/install/fpv_msgs/share/fpv_msgs/cmake/rosidl_cmake-extras.cmake
[2.411s] -- Up-to-date: /home/moonly/fpv_ros2_workspace/install/fpv_msgs/share/fpv_msgs/cmake/ament_cmake_export_dependencies-extras.cmake
[2.412s] -- Up-to-date: /home/moonly/fpv_ros2_workspace/install/fpv_msgs/share/fpv_msgs/cmake/ament_cmake_export_libraries-extras.cmake
[2.412s] -- Up-to-date: /home/moonly/fpv_ros2_workspace/install/fpv_msgs/share/fpv_msgs/cmake/ament_cmake_export_targets-extras.cmake
[2.412s] -- Up-to-date: /home/moonly/fpv_ros2_workspace/install/fpv_msgs/share/fpv_msgs/cmake/ament_cmake_export_include_directories-extras.cmake
[2.412s] -- Up-to-date: /home/moonly/fpv_ros2_workspace/install/fpv_msgs/share/fpv_msgs/cmake/rosidl_cmake_export_typesupport_libraries-extras.cmake
[2.412s] -- Up-to-date: /home/moonly/fpv_ros2_workspace/install/fpv_msgs/share/fpv_msgs/cmake/rosidl_cmake_export_typesupport_targets-extras.cmake
[2.412s] -- Up-to-date: /home/moonly/fpv_ros2_workspace/install/fpv_msgs/share/fpv_msgs/cmake/fpv_msgsConfig.cmake
[2.412s] -- Up-to-date: /home/moonly/fpv_ros2_workspace/install/fpv_msgs/share/fpv_msgs/cmake/fpv_msgsConfig-version.cmake
[2.412s] -- Up-to-date: /home/moonly/fpv_ros2_workspace/install/fpv_msgs/share/fpv_msgs/package.xml
[2.419s] Invoked command in '/home/moonly/fpv_ros2_workspace/build/fpv_msgs' returned '0': CMAKE_PREFIX_PATH=${CMAKE_PREFIX_PATH}:/opt/ros/foxy _=/usr/bin/env /usr/bin/cmake --install /home/moonly/fpv_ros2_workspace/build/fpv_msgs
