[0.390s] Invoking command in '/home/moonly/fpv_ros2_workspace/build/pwm_trans': CMAKE_PREFIX_PATH=${CMAKE_PREFIX_PATH}:/opt/ros/foxy _=/usr/bin/env /usr/bin/cmake --build /home/moonly/fpv_ros2_workspace/build/pwm_trans -- -j8 -l8
[0.774s] [100%] Built target pwm_trans
[0.908s] Invoked command in '/home/moonly/fpv_ros2_workspace/build/pwm_trans' returned '0': CMAKE_PREFIX_PATH=${CMAKE_PREFIX_PATH}:/opt/ros/foxy _=/usr/bin/env /usr/bin/cmake --build /home/moonly/fpv_ros2_workspace/build/pwm_trans -- -j8 -l8
[1.152s] Invoking command in '/home/moonly/fpv_ros2_workspace/build/pwm_trans': CMAKE_PREFIX_PATH=${CMAKE_PREFIX_PATH}:/opt/ros/foxy _=/usr/bin/env /usr/bin/cmake --install /home/moonly/fpv_ros2_workspace/build/pwm_trans
[1.201s] -- Install configuration: ""
[1.205s] -- Up-to-date: /home/moonly/fpv_ros2_workspace/install/pwm_trans/lib/pwm_trans/pwm_trans
[1.206s] -- Up-to-date: /home/moonly/fpv_ros2_workspace/install/pwm_trans/share/ament_index/resource_index/package_run_dependencies/pwm_trans
[1.208s] -- Up-to-date: /home/moonly/fpv_ros2_workspace/install/pwm_trans/share/ament_index/resource_index/parent_prefix_path/pwm_trans
[1.208s] -- Up-to-date: /home/moonly/fpv_ros2_workspace/install/pwm_trans/share/pwm_trans/environment/ament_prefix_path.sh
[1.209s] -- Up-to-date: /home/moonly/fpv_ros2_workspace/install/pwm_trans/share/pwm_trans/environment/ament_prefix_path.dsv
[1.210s] -- Up-to-date: /home/moonly/fpv_ros2_workspace/install/pwm_trans/share/pwm_trans/environment/path.sh
[1.211s] -- Up-to-date: /home/moonly/fpv_ros2_workspace/install/pwm_trans/share/pwm_trans/environment/path.dsv
[1.212s] -- Up-to-date: /home/moonly/fpv_ros2_workspace/install/pwm_trans/share/pwm_trans/local_setup.bash
[1.213s] -- Up-to-date: /home/moonly/fpv_ros2_workspace/install/pwm_trans/share/pwm_trans/local_setup.sh
[1.213s] -- Up-to-date: /home/moonly/fpv_ros2_workspace/install/pwm_trans/share/pwm_trans/local_setup.zsh
[1.216s] -- Up-to-date: /home/moonly/fpv_ros2_workspace/install/pwm_trans/share/pwm_trans/local_setup.dsv
[1.217s] -- Installing: /home/moonly/fpv_ros2_workspace/install/pwm_trans/share/pwm_trans/package.dsv
[1.226s] -- Up-to-date: /home/moonly/fpv_ros2_workspace/install/pwm_trans/share/ament_index/resource_index/packages/pwm_trans
[1.228s] -- Up-to-date: /home/moonly/fpv_ros2_workspace/install/pwm_trans/share/pwm_trans/cmake/pwm_transConfig.cmake
[1.230s] -- Up-to-date: /home/moonly/fpv_ros2_workspace/install/pwm_trans/share/pwm_trans/cmake/pwm_transConfig-version.cmake
[1.231s] -- Up-to-date: /home/moonly/fpv_ros2_workspace/install/pwm_trans/share/pwm_trans/package.xml
[1.238s] Invoked command in '/home/moonly/fpv_ros2_workspace/build/pwm_trans' returned '0': CMAKE_PREFIX_PATH=${CMAKE_PREFIX_PATH}:/opt/ros/foxy _=/usr/bin/env /usr/bin/cmake --install /home/moonly/fpv_ros2_workspace/build/pwm_trans
