[0.023s] Invoking command in '/home/moonly/fpv_ros2_workspace/build/dgps_ros2': CMAKE_PREFIX_PATH=/home/moonly/fpv_ros2_workspace/install/dgps_msgs:/home/moonly/moonly_workspace/install/moonly_msgs:/home/moonly/fpv_ros2_workspace/install/pwm_trans:/home/moonly/fpv_ros2_workspace/install/position_trans:/home/moonly/fpv_ros2_workspace/install/mavlink_pub:/home/moonly/fpv_ros2_workspace/install/manual_control:/home/moonly/fpv_ros2_workspace/install/fpv_msgs:/home/moonly/fpv_ros2_workspace/install/fpv_msg_monitor:/home/moonly/fpv_ros2_workspace/install/dgps_ros2:/home/moonly/fpv_ros2_workspace/install/auto_control:/opt/ros/foxy LD_LIBRARY_PATH=/home/moonly/fpv_ros2_workspace/install/dgps_msgs/lib:/home/moonly/fpv_ros2_workspace/install/fpv_msgs/lib:/home/moonly/fpv_ros2_workspace/install/dgps_ros2/lib:/opt/ros/foxy/opt/yaml_cpp_vendor/lib:/opt/ros/foxy/opt/rviz_ogre_vendor/lib:/opt/ros/foxy/lib/x86_64-linux-gnu:/opt/ros/foxy/lib:/home/ns-allinone-2.35/otcl-1.14:/home/ns-allinone-2.35/lib PYTHONPATH=/home/moonly/fpv_ros2_workspace/install/dgps_msgs/lib/python3.8/site-packages:/home/moonly/fpv_ros2_workspace/install/fpv_msgs/lib/python3.8/site-packages:/opt/ros/foxy/lib/python3.8/site-packages _=/usr/bin/env /usr/bin/cmake --build /home/moonly/fpv_ros2_workspace/build/dgps_ros2 -- -j8 -l8
[0.078s] [ 33%] Built target dgps_ros2_exe
[0.086s] [100%] Built target dgps_ros2_node
[0.100s] Invoked command in '/home/moonly/fpv_ros2_workspace/build/dgps_ros2' returned '0': CMAKE_PREFIX_PATH=/home/moonly/fpv_ros2_workspace/install/dgps_msgs:/home/moonly/moonly_workspace/install/moonly_msgs:/home/moonly/fpv_ros2_workspace/install/pwm_trans:/home/moonly/fpv_ros2_workspace/install/position_trans:/home/moonly/fpv_ros2_workspace/install/mavlink_pub:/home/moonly/fpv_ros2_workspace/install/manual_control:/home/moonly/fpv_ros2_workspace/install/fpv_msgs:/home/moonly/fpv_ros2_workspace/install/fpv_msg_monitor:/home/moonly/fpv_ros2_workspace/install/dgps_ros2:/home/moonly/fpv_ros2_workspace/install/auto_control:/opt/ros/foxy LD_LIBRARY_PATH=/home/moonly/fpv_ros2_workspace/install/dgps_msgs/lib:/home/moonly/fpv_ros2_workspace/install/fpv_msgs/lib:/home/moonly/fpv_ros2_workspace/install/dgps_ros2/lib:/opt/ros/foxy/opt/yaml_cpp_vendor/lib:/opt/ros/foxy/opt/rviz_ogre_vendor/lib:/opt/ros/foxy/lib/x86_64-linux-gnu:/opt/ros/foxy/lib:/home/ns-allinone-2.35/otcl-1.14:/home/ns-allinone-2.35/lib PYTHONPATH=/home/moonly/fpv_ros2_workspace/install/dgps_msgs/lib/python3.8/site-packages:/home/moonly/fpv_ros2_workspace/install/fpv_msgs/lib/python3.8/site-packages:/opt/ros/foxy/lib/python3.8/site-packages _=/usr/bin/env /usr/bin/cmake --build /home/moonly/fpv_ros2_workspace/build/dgps_ros2 -- -j8 -l8
[0.139s] Invoking command in '/home/moonly/fpv_ros2_workspace/build/dgps_ros2': CMAKE_PREFIX_PATH=/home/moonly/fpv_ros2_workspace/install/dgps_msgs:/home/moonly/moonly_workspace/install/moonly_msgs:/home/moonly/fpv_ros2_workspace/install/pwm_trans:/home/moonly/fpv_ros2_workspace/install/position_trans:/home/moonly/fpv_ros2_workspace/install/mavlink_pub:/home/moonly/fpv_ros2_workspace/install/manual_control:/home/moonly/fpv_ros2_workspace/install/fpv_msgs:/home/moonly/fpv_ros2_workspace/install/fpv_msg_monitor:/home/moonly/fpv_ros2_workspace/install/dgps_ros2:/home/moonly/fpv_ros2_workspace/install/auto_control:/opt/ros/foxy LD_LIBRARY_PATH=/home/moonly/fpv_ros2_workspace/install/dgps_msgs/lib:/home/moonly/fpv_ros2_workspace/install/fpv_msgs/lib:/home/moonly/fpv_ros2_workspace/install/dgps_ros2/lib:/opt/ros/foxy/opt/yaml_cpp_vendor/lib:/opt/ros/foxy/opt/rviz_ogre_vendor/lib:/opt/ros/foxy/lib/x86_64-linux-gnu:/opt/ros/foxy/lib:/home/ns-allinone-2.35/otcl-1.14:/home/ns-allinone-2.35/lib PYTHONPATH=/home/moonly/fpv_ros2_workspace/install/dgps_msgs/lib/python3.8/site-packages:/home/moonly/fpv_ros2_workspace/install/fpv_msgs/lib/python3.8/site-packages:/opt/ros/foxy/lib/python3.8/site-packages _=/usr/bin/env /usr/bin/cmake --install /home/moonly/fpv_ros2_workspace/build/dgps_ros2
[0.154s] -- Install configuration: ""
[0.154s] -- Up-to-date: /home/moonly/fpv_ros2_workspace/install/dgps_ros2/lib/dgps_ros2/dgps_ros2_exe
[0.155s] -- Up-to-date: /home/moonly/fpv_ros2_workspace/install/dgps_ros2/lib/libdgps_ros2_node.so
[0.155s] -- Up-to-date: /home/moonly/fpv_ros2_workspace/install/dgps_ros2/include
[0.155s] -- Up-to-date: /home/moonly/fpv_ros2_workspace/install/dgps_ros2/include/dgps_ros2
[0.155s] -- Up-to-date: /home/moonly/fpv_ros2_workspace/install/dgps_ros2/include/dgps_ros2/serial.h
[0.155s] -- Up-to-date: /home/moonly/fpv_ros2_workspace/install/dgps_ros2/include/dgps_ros2/ntrip.h
[0.155s] -- Up-to-date: /home/moonly/fpv_ros2_workspace/install/dgps_ros2/share/dgps_ros2/launch
[0.155s] -- Up-to-date: /home/moonly/fpv_ros2_workspace/install/dgps_ros2/share/dgps_ros2/launch/dgps_ros2.launch.py
[0.155s] -- Up-to-date: /home/moonly/fpv_ros2_workspace/install/dgps_ros2/share/dgps_ros2/environment/library_path.sh
[0.156s] -- Up-to-date: /home/moonly/fpv_ros2_workspace/install/dgps_ros2/share/dgps_ros2/environment/library_path.dsv
[0.156s] -- Up-to-date: /home/moonly/fpv_ros2_workspace/install/dgps_ros2/share/ament_index/resource_index/package_run_dependencies/dgps_ros2
[0.156s] -- Up-to-date: /home/moonly/fpv_ros2_workspace/install/dgps_ros2/share/ament_index/resource_index/parent_prefix_path/dgps_ros2
[0.156s] -- Up-to-date: /home/moonly/fpv_ros2_workspace/install/dgps_ros2/share/dgps_ros2/environment/ament_prefix_path.sh
[0.156s] -- Up-to-date: /home/moonly/fpv_ros2_workspace/install/dgps_ros2/share/dgps_ros2/environment/ament_prefix_path.dsv
[0.156s] -- Up-to-date: /home/moonly/fpv_ros2_workspace/install/dgps_ros2/share/dgps_ros2/environment/path.sh
[0.156s] -- Up-to-date: /home/moonly/fpv_ros2_workspace/install/dgps_ros2/share/dgps_ros2/environment/path.dsv
[0.156s] -- Up-to-date: /home/moonly/fpv_ros2_workspace/install/dgps_ros2/share/dgps_ros2/local_setup.bash
[0.156s] -- Up-to-date: /home/moonly/fpv_ros2_workspace/install/dgps_ros2/share/dgps_ros2/local_setup.sh
[0.156s] -- Up-to-date: /home/moonly/fpv_ros2_workspace/install/dgps_ros2/share/dgps_ros2/local_setup.zsh
[0.156s] -- Up-to-date: /home/moonly/fpv_ros2_workspace/install/dgps_ros2/share/dgps_ros2/local_setup.dsv
[0.156s] -- Installing: /home/moonly/fpv_ros2_workspace/install/dgps_ros2/share/dgps_ros2/package.dsv
[0.156s] -- Up-to-date: /home/moonly/fpv_ros2_workspace/install/dgps_ros2/share/ament_index/resource_index/packages/dgps_ros2
[0.156s] -- Up-to-date: /home/moonly/fpv_ros2_workspace/install/dgps_ros2/share/ament_index/resource_index/rclcpp_components/dgps_ros2
[0.157s] -- Up-to-date: /home/moonly/fpv_ros2_workspace/install/dgps_ros2/share/dgps_ros2/cmake/ament_cmake_export_dependencies-extras.cmake
[0.157s] -- Up-to-date: /home/moonly/fpv_ros2_workspace/install/dgps_ros2/share/dgps_ros2/cmake/ament_cmake_export_include_directories-extras.cmake
[0.157s] -- Up-to-date: /home/moonly/fpv_ros2_workspace/install/dgps_ros2/share/dgps_ros2/cmake/ament_cmake_export_libraries-extras.cmake
[0.157s] -- Up-to-date: /home/moonly/fpv_ros2_workspace/install/dgps_ros2/share/dgps_ros2/cmake/dgps_ros2Config.cmake
[0.157s] -- Up-to-date: /home/moonly/fpv_ros2_workspace/install/dgps_ros2/share/dgps_ros2/cmake/dgps_ros2Config-version.cmake
[0.157s] -- Up-to-date: /home/moonly/fpv_ros2_workspace/install/dgps_ros2/share/dgps_ros2/package.xml
[0.159s] Invoked command in '/home/moonly/fpv_ros2_workspace/build/dgps_ros2' returned '0': CMAKE_PREFIX_PATH=/home/moonly/fpv_ros2_workspace/install/dgps_msgs:/home/moonly/moonly_workspace/install/moonly_msgs:/home/moonly/fpv_ros2_workspace/install/pwm_trans:/home/moonly/fpv_ros2_workspace/install/position_trans:/home/moonly/fpv_ros2_workspace/install/mavlink_pub:/home/moonly/fpv_ros2_workspace/install/manual_control:/home/moonly/fpv_ros2_workspace/install/fpv_msgs:/home/moonly/fpv_ros2_workspace/install/fpv_msg_monitor:/home/moonly/fpv_ros2_workspace/install/dgps_ros2:/home/moonly/fpv_ros2_workspace/install/auto_control:/opt/ros/foxy LD_LIBRARY_PATH=/home/moonly/fpv_ros2_workspace/install/dgps_msgs/lib:/home/moonly/fpv_ros2_workspace/install/fpv_msgs/lib:/home/moonly/fpv_ros2_workspace/install/dgps_ros2/lib:/opt/ros/foxy/opt/yaml_cpp_vendor/lib:/opt/ros/foxy/opt/rviz_ogre_vendor/lib:/opt/ros/foxy/lib/x86_64-linux-gnu:/opt/ros/foxy/lib:/home/ns-allinone-2.35/otcl-1.14:/home/ns-allinone-2.35/lib PYTHONPATH=/home/moonly/fpv_ros2_workspace/install/dgps_msgs/lib/python3.8/site-packages:/home/moonly/fpv_ros2_workspace/install/fpv_msgs/lib/python3.8/site-packages:/opt/ros/foxy/lib/python3.8/site-packages _=/usr/bin/env /usr/bin/cmake --install /home/moonly/fpv_ros2_workspace/build/dgps_ros2
