-- The C compiler identification is GNU 9.4.0
-- The CXX compiler identification is GNU 9.4.0
-- Check for working C compiler: /usr/bin/cc
-- Check for working C compiler: /usr/bin/cc -- works
-- Detecting C compiler ABI info
-- Detecting C compiler ABI info - done
-- Detecting C compile features
-- Detecting C compile features - done
-- Check for working CXX compiler: /usr/bin/c++
-- Check for working CXX compiler: /usr/bin/c++ -- works
-- Detecting CXX compiler ABI info
-- Detecting CXX compiler ABI info - done
-- Detecting CXX compile features
-- Detecting CXX compile features - done
-- Found ament_cmake: 0.9.12 (/opt/ros/foxy/share/ament_cmake/cmake)
-- Found PythonInterp: /usr/bin/python3 (found suitable version "3.8.10", minimum required is "3") 
-- Using PYTHON_EXECUTABLE: /usr/bin/python3
-- Found ament_lint_auto: 0.9.8 (/opt/ros/foxy/share/ament_lint_auto/cmake)
-- Found std_msgs: 2.0.5 (/opt/ros/foxy/share/std_msgs/cmake)
-- Using all available rosidl_typesupport_c: rosidl_typesupport_fastrtps_c;rosidl_typesupport_introspection_c
-- Found rosidl_adapter: 1.3.1 (/opt/ros/foxy/share/rosidl_adapter/cmake)
-- Found OpenSSL: /usr/lib/x86_64-linux-gnu/libcrypto.so (found version "1.1.1f")  
-- Found FastRTPS: /opt/ros/foxy/include  
-- Using all available rosidl_typesupport_cpp: rosidl_typesupport_fastrtps_cpp;rosidl_typesupport_introspection_cpp
-- Found sensor_msgs: 2.0.5 (/opt/ros/foxy/share/sensor_msgs/cmake)
-- Looking for pthread.h
-- Looking for pthread.h - found
-- Performing Test CMAKE_HAVE_LIBC_PTHREAD
-- Performing Test CMAKE_HAVE_LIBC_PTHREAD - Failed
-- Looking for pthread_create in pthreads
-- Looking for pthread_create in pthreads - not found
-- Looking for pthread_create in pthread
-- Looking for pthread_create in pthread - found
-- Found Threads: TRUE  
-- Found rclcpp: 2.4.3 (/opt/ros/foxy/share/rclcpp/cmake)
-- Found rmw_implementation_cmake: 1.0.4 (/opt/ros/foxy/share/rmw_implementation_cmake/cmake)
-- Using RMW implementation 'rmw_fastrtps_cpp' as default
-- Found rclcpp_components: 2.4.3 (/opt/ros/foxy/share/rclcpp_components/cmake)
-- Found dgps_msgs: 0.0.0 (/home/moonly/px4_ros_com_ros2/src/dgps_ros2/install/dgps_msgs/share/dgps_msgs/cmake)
-- Added test 'copyright' to check source files copyright and LICENSE
-- Added test 'cppcheck' to perform static code analysis on C / C++ code
-- Configured cppcheck include dirs: /home/moonly/px4_ros_com_ros2/src/dgps_ros2/dgps_ros2/include
-- Configured cppcheck exclude dirs and/or files: 
-- Added test 'cpplint' to check C / C++ code against the Google style
-- Configured cpplint exclude dirs and/or files: 
-- Added test 'flake8' to check Python code syntax and style conventions
-- Added test 'lint_cmake' to check CMake code style
-- Added test 'pep257' to check Python code against some of the style conventions in PEP 257
-- Added test 'uncrustify' to check C / C++ code style
-- Configured uncrustify additional arguments: 
-- Added test 'xmllint' to check XML markup files
-- Configuring done
-- Generating done
-- Build files have been written to: /home/moonly/px4_ros_com_ros2/src/dgps_ros2/build/dgps_ros2
[35m[1mScanning dependencies of target dgps_ros2_exe[0m
[35m[1mScanning dependencies of target dgps_ros2_node[0m
[ 33%] [32mBuilding CXX object CMakeFiles/dgps_ros2_node.dir/src/dgps_ros2_node.cpp.o[0m
[ 33%] [32mBuilding CXX object CMakeFiles/dgps_ros2_node.dir/src/serial.cpp.o[0m
[ 50%] [32mBuilding CXX object CMakeFiles/dgps_ros2_node.dir/src/ntripclient.cpp.o[0m
[ 66%] [32mBuilding CXX object CMakeFiles/dgps_ros2_exe.dir/rclcpp_components/node_main_dgps_ros2_exe.cpp.o[0m
[01m[K/home/moonly/px4_ros_com_ros2/src/dgps_ros2/dgps_ros2/src/serial.cpp:[m[K In function ‘[01m[Kvoid printHexString(const char*, size_t)[m[K’:
[01m[K/home/moonly/px4_ros_com_ros2/src/dgps_ros2/dgps_ros2/src/serial.cpp:108:11:[m[K [01;35m[Kwarning: [m[Kunused variable ‘[01m[Kt[m[K’ [[01;35m[K-Wunused-variable[m[K]
  108 |      char [01;35m[Kt[m[K[8];
      |           [01;35m[K^[m[K
In file included from [01m[K/home/moonly/px4_ros_com_ros2/src/dgps_ros2/dgps_ros2/src/serial.cpp:30[m[K:
[01m[K/home/moonly/px4_ros_com_ros2/src/dgps_ros2/dgps_ros2/include/dgps_ros2/serial.h:[m[K At global scope:
[01m[K/home/moonly/px4_ros_com_ros2/src/dgps_ros2/dgps_ros2/include/dgps_ros2/serial.h:55:28:[m[K [01;35m[Kwarning: [m[K‘[01m[KSerialProtocol SerialGetProtocol(const char*, int*)[m[K’ defined but not used [[01;35m[K-Wunused-function[m[K]
   55 | static enum SerialProtocol [01;35m[KSerialGetProtocol[m[K(const char *buf, int *ressize)
      |                            [01;35m[K^~~~~~~~~~~~~~~~~[m[K
[01m[K/home/moonly/px4_ros_com_ros2/src/dgps_ros2/dgps_ros2/include/dgps_ros2/serial.h:33:26:[m[K [01;35m[Kwarning: [m[K‘[01m[KSerialParity SerialGetParity(const char*, int*)[m[K’ defined but not used [[01;35m[K-Wunused-function[m[K]
   33 | static enum SerialParity [01;35m[KSerialGetParity[m[K(const char *buf, int *ressize)
      |                          [01;35m[K^~~~~~~~~~~~~~~[m[K
[01m[K/home/moonly/px4_ros_com_ros2/src/dgps_ros2/dgps_ros2/src/ntripclient.cpp:[m[K In function ‘[01m[Kvoid ntrserial_client(Args*)[m[K’:
[01m[K/home/moonly/px4_ros_com_ros2/src/dgps_ros2/dgps_ros2/src/ntripclient.cpp:595:11:[m[K [01;35m[Kwarning: [m[Kunused variable ‘[01m[Kj[m[K’ [[01;35m[K-Wunused-variable[m[K]
  595 |       int [01;35m[Kj[m[K = 0;
      |           [01;35m[K^[m[K
[01m[K/home/moonly/px4_ros_com_ros2/src/dgps_ros2/dgps_ros2/src/ntripclient.cpp:[m[K In function ‘[01m[Kvoid ntrip_client(Args*)[m[K’:
[01m[K/home/moonly/px4_ros_com_ros2/src/dgps_ros2/dgps_ros2/src/ntripclient.cpp:775:25:[m[K [01;35m[Kwarning: [m[Koverflow in conversion from ‘[01m[Kint[m[K’ to ‘[01m[Kchar[m[K’ changes value from ‘[01m[K128[m[K’ to ‘[01m[K'\37777777600'[m[K’ [[01;35m[K-Woverflow[m[K]
  775 |           rtpbuf[0] = [01;35m[K(2<<6)[m[K;
      |                       [01;35m[K~~^~~~[m[K
[01m[K/home/moonly/px4_ros_com_ros2/src/dgps_ros2/dgps_ros2/src/ntripclient.cpp:1040:39:[m[K [01;35m[Kwarning: [m[Koverflow in conversion from ‘[01m[Kint[m[K’ to ‘[01m[Kchar[m[K’ changes value from ‘[01m[K128[m[K’ to ‘[01m[K'\37777777600'[m[K’ [[01;35m[K-Woverflow[m[K]
 1040 |                         rtpbuf[0] = [01;35m[K(2<<6)[m[K;
      |                                     [01;35m[K~~^~~~[m[K
[01m[K/home/moonly/px4_ros_com_ros2/src/dgps_ros2/dgps_ros2/src/ntripclient.cpp:1074:31:[m[K [01;35m[Kwarning: [m[Koverflow in conversion from ‘[01m[Kint[m[K’ to ‘[01m[Kchar[m[K’ changes value from ‘[01m[K128[m[K’ to ‘[01m[K'\37777777600'[m[K’ [[01;35m[K-Woverflow[m[K]
 1074 |                 rtpbuf[0] = [01;35m[K(2<<6)[m[K;
      |                             [01;35m[K~~^~~~[m[K
[01m[K/home/moonly/px4_ros_com_ros2/src/dgps_ros2/dgps_ros2/src/ntripclient.cpp:1239:34:[m[K [01;35m[Kwarning: [m[Koverflow in conversion from ‘[01m[Kint[m[K’ to ‘[01m[Kchar[m[K’ changes value from ‘[01m[K128[m[K’ to ‘[01m[K'\37777777600'[m[K’ [[01;35m[K-Woverflow[m[K]
 1239 |                 rtpbuffer[0] = [01;35m[K(2<<6)[m[K;
      |                                [01;35m[K~~^~~~[m[K
[01m[K/home/moonly/px4_ros_com_ros2/src/dgps_ros2/dgps_ros2/src/ntripclient.cpp:626:10:[m[K [01;35m[Kwarning: [m[Kunused variable ‘[01m[Knmeabuffer[m[K’ [[01;35m[K-Wunused-variable[m[K]
  626 |     char [01;35m[Knmeabuffer[m[K[MAXDATASIZE] = "$GPGGA,"; /* our start string */
      |          [01;35m[K^~~~~~~~~~[m[K
[01m[K/home/moonly/px4_ros_com_ros2/src/dgps_ros2/dgps_ros2/src/ntripclient.cpp:627:12:[m[K [01;35m[Kwarning: [m[Kunused variable ‘[01m[Knmeabufpos[m[K’ [[01;35m[K-Wunused-variable[m[K]
  627 |     size_t [01;35m[Knmeabufpos[m[K = 0;
      |            [01;35m[K^~~~~~~~~~[m[K
[01m[K/home/moonly/px4_ros_com_ros2/src/dgps_ros2/dgps_ros2/src/ntripclient.cpp:628:12:[m[K [01;35m[Kwarning: [m[Kunused variable ‘[01m[Knmeastarpos[m[K’ [[01;35m[K-Wunused-variable[m[K]
  628 |     size_t [01;35m[Knmeastarpos[m[K = 0;
      |            [01;35m[K^~~~~~~~~~~[m[K
[01m[K/home/moonly/px4_ros_com_ros2/src/dgps_ros2/dgps_ros2/src/ntripclient.cpp:[m[K In function ‘[01m[Kint getargs(int, char**, Args*)[m[K’:
[01m[K/home/moonly/px4_ros_com_ros2/src/dgps_ros2/dgps_ros2/src/ntripclient.cpp:344:14:[m[K [01;35m[Kwarning: [m[Kthis statement may fall through [[01;35m[K-Wimplicit-fallthrough=[m[K]
  344 |       [01;35m[Kfprintf(stderr, "Option -d or --data is deprecated. Use -m instead.\n")[m[K;
      |       [01;35m[K~~~~~~~^~~~~~~~~~~~~~~~~~~~~~~~~~~~~~~~~~~~~~~~~~~~~~~~~~~~~~~~~~~~~~~~[m[K
[01m[K/home/moonly/px4_ros_com_ros2/src/dgps_ros2/dgps_ros2/src/ntripclient.cpp:345:5:[m[K [01;36m[Knote: [m[Khere
  345 |     [01;36m[Kcase[m[K 'm':
      |     [01;36m[K^~~~[m[K
[01m[K/home/moonly/px4_ros_com_ros2/src/dgps_ros2/dgps_ros2/src/ntripclient.cpp:[m[K In function ‘[01m[Kvoid ntrip_client(Args*)[m[K’:
[01m[K/home/moonly/px4_ros_com_ros2/src/dgps_ros2/dgps_ros2/src/ntripclient.cpp:1619:23:[m[K [01;35m[Kwarning: [m[Kthis statement may fall through [[01;35m[K-Wimplicit-fallthrough=[m[K]
 1619 |                       [01;35m[K++chunkymode[m[K; /* no break */
      |                       [01;35m[K^~~~~~~~~~~~[m[K
[01m[K/home/moonly/px4_ros_com_ros2/src/dgps_ros2/dgps_ros2/src/ntripclient.cpp:1620:21:[m[K [01;36m[Knote: [m[Khere
 1620 |                     [01;36m[Kcase[m[K 2: /* during reading number */
      |                     [01;36m[K^~~~[m[K
[01m[K/home/moonly/px4_ros_com_ros2/src/dgps_ros2/dgps_ros2/src/ntripclient.cpp:[m[K At global scope:
[01m[K/home/moonly/px4_ros_com_ros2/src/dgps_ros2/dgps_ros2/src/ntripclient.cpp:304:12:[m[K [01;35m[Kwarning: [m[K‘[01m[Kint getargs(int, char**, Args*)[m[K’ defined but not used [[01;35m[K-Wunused-function[m[K]
  304 | static int [01;35m[Kgetargs[m[K(int argc, char **argv, struct Args *args)
      |            [01;35m[K^~~~~~~[m[K
[01m[K/home/moonly/px4_ros_com_ros2/src/dgps_ros2/dgps_ros2/src/ntripclient.cpp:139:13:[m[K [01;35m[Kwarning: [m[K‘[01m[Kvoid sighandler_int(int)[m[K’ defined but not used [[01;35m[K-Wunused-function[m[K]
  139 | static void [01;35m[Ksighandler_int[m[K(int sig __attribute__((__unused__)))
      |             [01;35m[K^~~~~~~~~~~~~~[m[K
[01m[K/home/moonly/px4_ros_com_ros2/src/dgps_ros2/dgps_ros2/src/ntripclient.cpp:125:40:[m[K [01;35m[Kwarning: [m[K‘[01m[Kvoid sighandler_alarm(int)[m[K’ defined but not used [[01;35m[K-Wunused-function[m[K]
  125 | static __attribute__ ((noreturn)) void [01;35m[Ksighandler_alarm[m[K(
      |                                        [01;35m[K^~~~~~~~~~~~~~~~[m[K
[ 83%] [32m[1mLinking CXX executable dgps_ros2_exe[0m
[ 83%] Built target dgps_ros2_exe
In file included from [01m[K/home/moonly/px4_ros_com_ros2/src/dgps_ros2/dgps_ros2/include/dgps_ros2/ntrip.h:5[m[K,
                 from [01m[K/home/moonly/px4_ros_com_ros2/src/dgps_ros2/dgps_ros2/src/dgps_ros2_node.cpp:6[m[K:
[01m[K/home/moonly/px4_ros_com_ros2/src/dgps_ros2/dgps_ros2/include/dgps_ros2/serial.h:55:28:[m[K [01;35m[Kwarning: [m[K‘[01m[KSerialProtocol SerialGetProtocol(const char*, int*)[m[K’ defined but not used [[01;35m[K-Wunused-function[m[K]
   55 | static enum SerialProtocol [01;35m[KSerialGetProtocol[m[K(const char *buf, int *ressize)
      |                            [01;35m[K^~~~~~~~~~~~~~~~~[m[K
[01m[K/home/moonly/px4_ros_com_ros2/src/dgps_ros2/dgps_ros2/include/dgps_ros2/serial.h:33:26:[m[K [01;35m[Kwarning: [m[K‘[01m[KSerialParity SerialGetParity(const char*, int*)[m[K’ defined but not used [[01;35m[K-Wunused-function[m[K]
   33 | static enum SerialParity [01;35m[KSerialGetParity[m[K(const char *buf, int *ressize)
      |                          [01;35m[K^~~~~~~~~~~~~~~[m[K
[100%] [32m[1mLinking CXX shared library libdgps_ros2_node.so[0m
[100%] Built target dgps_ros2_node
-- Install configuration: ""
-- Installing: /home/moonly/px4_ros_com_ros2/src/dgps_ros2/install/dgps_ros2/lib/dgps_ros2/dgps_ros2_exe
-- Set runtime path of "/home/moonly/px4_ros_com_ros2/src/dgps_ros2/install/dgps_ros2/lib/dgps_ros2/dgps_ros2_exe" to ""
-- Installing: /home/moonly/px4_ros_com_ros2/src/dgps_ros2/install/dgps_ros2/lib/libdgps_ros2_node.so
-- Set runtime path of "/home/moonly/px4_ros_com_ros2/src/dgps_ros2/install/dgps_ros2/lib/libdgps_ros2_node.so" to ""
-- Installing: /home/moonly/px4_ros_com_ros2/src/dgps_ros2/install/dgps_ros2/include
-- Installing: /home/moonly/px4_ros_com_ros2/src/dgps_ros2/install/dgps_ros2/include/dgps_ros2
-- Installing: /home/moonly/px4_ros_com_ros2/src/dgps_ros2/install/dgps_ros2/include/dgps_ros2/serial.h
-- Installing: /home/moonly/px4_ros_com_ros2/src/dgps_ros2/install/dgps_ros2/include/dgps_ros2/ntrip.h
-- Installing: /home/moonly/px4_ros_com_ros2/src/dgps_ros2/install/dgps_ros2/share/dgps_ros2/launch
-- Installing: /home/moonly/px4_ros_com_ros2/src/dgps_ros2/install/dgps_ros2/share/dgps_ros2/launch/dgps_ros2.launch.py
-- Installing: /home/moonly/px4_ros_com_ros2/src/dgps_ros2/install/dgps_ros2/share/dgps_ros2/environment/library_path.sh
-- Installing: /home/moonly/px4_ros_com_ros2/src/dgps_ros2/install/dgps_ros2/share/dgps_ros2/environment/library_path.dsv
-- Installing: /home/moonly/px4_ros_com_ros2/src/dgps_ros2/install/dgps_ros2/share/ament_index/resource_index/package_run_dependencies/dgps_ros2
-- Installing: /home/moonly/px4_ros_com_ros2/src/dgps_ros2/install/dgps_ros2/share/ament_index/resource_index/parent_prefix_path/dgps_ros2
-- Installing: /home/moonly/px4_ros_com_ros2/src/dgps_ros2/install/dgps_ros2/share/dgps_ros2/environment/ament_prefix_path.sh
-- Installing: /home/moonly/px4_ros_com_ros2/src/dgps_ros2/install/dgps_ros2/share/dgps_ros2/environment/ament_prefix_path.dsv
-- Installing: /home/moonly/px4_ros_com_ros2/src/dgps_ros2/install/dgps_ros2/share/dgps_ros2/environment/path.sh
-- Installing: /home/moonly/px4_ros_com_ros2/src/dgps_ros2/install/dgps_ros2/share/dgps_ros2/environment/path.dsv
-- Installing: /home/moonly/px4_ros_com_ros2/src/dgps_ros2/install/dgps_ros2/share/dgps_ros2/local_setup.bash
-- Installing: /home/moonly/px4_ros_com_ros2/src/dgps_ros2/install/dgps_ros2/share/dgps_ros2/local_setup.sh
-- Installing: /home/moonly/px4_ros_com_ros2/src/dgps_ros2/install/dgps_ros2/share/dgps_ros2/local_setup.zsh
-- Installing: /home/moonly/px4_ros_com_ros2/src/dgps_ros2/install/dgps_ros2/share/dgps_ros2/local_setup.dsv
-- Installing: /home/moonly/px4_ros_com_ros2/src/dgps_ros2/install/dgps_ros2/share/dgps_ros2/package.dsv
-- Installing: /home/moonly/px4_ros_com_ros2/src/dgps_ros2/install/dgps_ros2/share/ament_index/resource_index/packages/dgps_ros2
-- Installing: /home/moonly/px4_ros_com_ros2/src/dgps_ros2/install/dgps_ros2/share/ament_index/resource_index/rclcpp_components/dgps_ros2
-- Installing: /home/moonly/px4_ros_com_ros2/src/dgps_ros2/install/dgps_ros2/share/dgps_ros2/cmake/ament_cmake_export_dependencies-extras.cmake
-- Installing: /home/moonly/px4_ros_com_ros2/src/dgps_ros2/install/dgps_ros2/share/dgps_ros2/cmake/ament_cmake_export_include_directories-extras.cmake
-- Installing: /home/moonly/px4_ros_com_ros2/src/dgps_ros2/install/dgps_ros2/share/dgps_ros2/cmake/ament_cmake_export_libraries-extras.cmake
-- Installing: /home/moonly/px4_ros_com_ros2/src/dgps_ros2/install/dgps_ros2/share/dgps_ros2/cmake/dgps_ros2Config.cmake
-- Installing: /home/moonly/px4_ros_com_ros2/src/dgps_ros2/install/dgps_ros2/share/dgps_ros2/cmake/dgps_ros2Config-version.cmake
-- Installing: /home/moonly/px4_ros_com_ros2/src/dgps_ros2/install/dgps_ros2/share/dgps_ros2/package.xml
