-- The C compiler identification is GNU 9.4.0
-- The CXX compiler identification is GNU 9.4.0
-- Check for working C compiler: /usr/bin/cc
-- Check for working C compiler: /usr/bin/cc -- works
-- Detecting C compiler ABI info
-- Detecting C compiler ABI info - done
-- Detecting C compile features
-- Detecting C compile features - done
-- Check for working CXX compiler: /usr/bin/c++
-- Check for working CXX compiler: /usr/bin/c++ -- works
-- Detecting CXX compiler ABI info
-- Detecting CXX compiler ABI info - done
-- Detecting CXX compile features
-- Detecting CXX compile features - done
-- Found ament_cmake: 0.9.12 (/opt/ros/foxy/share/ament_cmake/cmake)
-- Found PythonInterp: /usr/bin/python3 (found suitable version "3.8.10", minimum required is "3") 
-- Using PYTHON_EXECUTABLE: /usr/bin/python3
-- Found ament_lint_auto: 0.9.8 (/opt/ros/foxy/share/ament_lint_auto/cmake)
-- Found std_msgs: 2.0.5 (/opt/ros/foxy/share/std_msgs/cmake)
-- Using all available rosidl_typesupport_c: rosidl_typesupport_fastrtps_c;rosidl_typesupport_introspection_c
-- Found rosidl_adapter: 1.3.1 (/opt/ros/foxy/share/rosidl_adapter/cmake)
-- Found OpenSSL: /usr/lib/x86_64-linux-gnu/libcrypto.so (found version "1.1.1f")  
-- Found FastRTPS: /opt/ros/foxy/include  
-- Using all available rosidl_typesupport_cpp: rosidl_typesupport_fastrtps_cpp;rosidl_typesupport_introspection_cpp
-- Found sensor_msgs: 2.0.5 (/opt/ros/foxy/share/sensor_msgs/cmake)
-- Looking for pthread.h
-- Looking for pthread.h - found
-- Performing Test CMAKE_HAVE_LIBC_PTHREAD
-- Performing Test CMAKE_HAVE_LIBC_PTHREAD - Failed
-- Looking for pthread_create in pthreads
-- Looking for pthread_create in pthreads - not found
-- Looking for pthread_create in pthread
-- Looking for pthread_create in pthread - found
-- Found Threads: TRUE  
-- Found rclcpp: 2.4.3 (/opt/ros/foxy/share/rclcpp/cmake)
-- Found rmw_implementation_cmake: 1.0.4 (/opt/ros/foxy/share/rmw_implementation_cmake/cmake)
-- Using RMW implementation 'rmw_fastrtps_cpp' as default
-- Found rclcpp_components: 2.4.3 (/opt/ros/foxy/share/rclcpp_components/cmake)
-- Found dgps_msgs: 0.0.0 (/home/moonly/px4_ros_com_ros2/src/dgps_ros2/install/dgps_msgs/share/dgps_msgs/cmake)
-- Added test 'copyright' to check source files copyright and LICENSE
-- Added test 'cppcheck' to perform static code analysis on C / C++ code
-- Configured cppcheck include dirs: /home/moonly/px4_ros_com_ros2/src/dgps_ros2/dgps_ros2/include
-- Configured cppcheck exclude dirs and/or files: 
-- Added test 'cpplint' to check C / C++ code against the Google style
-- Configured cpplint exclude dirs and/or files: 
-- Added test 'flake8' to check Python code syntax and style conventions
-- Added test 'lint_cmake' to check CMake code style
-- Added test 'pep257' to check Python code against some of the style conventions in PEP 257
-- Added test 'uncrustify' to check C / C++ code style
-- Configured uncrustify additional arguments: 
-- Added test 'xmllint' to check XML markup files
-- Configuring done
-- Generating done
-- Build files have been written to: /home/moonly/px4_ros_com_ros2/src/dgps_ros2/build/dgps_ros2
[35m[1mScanning dependencies of target dgps_ros2_exe[0m
[35m[1mScanning dependencies of target dgps_ros2_node[0m
[ 33%] [32mBuilding CXX object CMakeFiles/dgps_ros2_node.dir/src/dgps_ros2_node.cpp.o[0m
[ 33%] [32mBuilding CXX object CMakeFiles/dgps_ros2_node.dir/src/serial.cpp.o[0m
[ 50%] [32mBuilding CXX object CMakeFiles/dgps_ros2_node.dir/src/ntripclient.cpp.o[0m
[ 66%] [32mBuilding CXX object CMakeFiles/dgps_ros2_exe.dir/rclcpp_components/node_main_dgps_ros2_exe.cpp.o[0m
[ 83%] [32m[1mLinking CXX executable dgps_ros2_exe[0m
[ 83%] Built target dgps_ros2_exe
[100%] [32m[1mLinking CXX shared library libdgps_ros2_node.so[0m
[100%] Built target dgps_ros2_node
-- Install configuration: ""
-- Installing: /home/moonly/px4_ros_com_ros2/src/dgps_ros2/install/dgps_ros2/lib/dgps_ros2/dgps_ros2_exe
-- Set runtime path of "/home/moonly/px4_ros_com_ros2/src/dgps_ros2/install/dgps_ros2/lib/dgps_ros2/dgps_ros2_exe" to ""
-- Installing: /home/moonly/px4_ros_com_ros2/src/dgps_ros2/install/dgps_ros2/lib/libdgps_ros2_node.so
-- Set runtime path of "/home/moonly/px4_ros_com_ros2/src/dgps_ros2/install/dgps_ros2/lib/libdgps_ros2_node.so" to ""
-- Installing: /home/moonly/px4_ros_com_ros2/src/dgps_ros2/install/dgps_ros2/include
-- Installing: /home/moonly/px4_ros_com_ros2/src/dgps_ros2/install/dgps_ros2/include/dgps_ros2
-- Installing: /home/moonly/px4_ros_com_ros2/src/dgps_ros2/install/dgps_ros2/include/dgps_ros2/serial.h
-- Installing: /home/moonly/px4_ros_com_ros2/src/dgps_ros2/install/dgps_ros2/include/dgps_ros2/ntrip.h
-- Installing: /home/moonly/px4_ros_com_ros2/src/dgps_ros2/install/dgps_ros2/share/dgps_ros2/launch
-- Installing: /home/moonly/px4_ros_com_ros2/src/dgps_ros2/install/dgps_ros2/share/dgps_ros2/launch/dgps_ros2.launch.py
-- Installing: /home/moonly/px4_ros_com_ros2/src/dgps_ros2/install/dgps_ros2/share/dgps_ros2/environment/library_path.sh
-- Installing: /home/moonly/px4_ros_com_ros2/src/dgps_ros2/install/dgps_ros2/share/dgps_ros2/environment/library_path.dsv
-- Installing: /home/moonly/px4_ros_com_ros2/src/dgps_ros2/install/dgps_ros2/share/ament_index/resource_index/package_run_dependencies/dgps_ros2
-- Installing: /home/moonly/px4_ros_com_ros2/src/dgps_ros2/install/dgps_ros2/share/ament_index/resource_index/parent_prefix_path/dgps_ros2
-- Installing: /home/moonly/px4_ros_com_ros2/src/dgps_ros2/install/dgps_ros2/share/dgps_ros2/environment/ament_prefix_path.sh
-- Installing: /home/moonly/px4_ros_com_ros2/src/dgps_ros2/install/dgps_ros2/share/dgps_ros2/environment/ament_prefix_path.dsv
-- Installing: /home/moonly/px4_ros_com_ros2/src/dgps_ros2/install/dgps_ros2/share/dgps_ros2/environment/path.sh
-- Installing: /home/moonly/px4_ros_com_ros2/src/dgps_ros2/install/dgps_ros2/share/dgps_ros2/environment/path.dsv
-- Installing: /home/moonly/px4_ros_com_ros2/src/dgps_ros2/install/dgps_ros2/share/dgps_ros2/local_setup.bash
-- Installing: /home/moonly/px4_ros_com_ros2/src/dgps_ros2/install/dgps_ros2/share/dgps_ros2/local_setup.sh
-- Installing: /home/moonly/px4_ros_com_ros2/src/dgps_ros2/install/dgps_ros2/share/dgps_ros2/local_setup.zsh
-- Installing: /home/moonly/px4_ros_com_ros2/src/dgps_ros2/install/dgps_ros2/share/dgps_ros2/local_setup.dsv
-- Installing: /home/moonly/px4_ros_com_ros2/src/dgps_ros2/install/dgps_ros2/share/dgps_ros2/package.dsv
-- Installing: /home/moonly/px4_ros_com_ros2/src/dgps_ros2/install/dgps_ros2/share/ament_index/resource_index/packages/dgps_ros2
-- Installing: /home/moonly/px4_ros_com_ros2/src/dgps_ros2/install/dgps_ros2/share/ament_index/resource_index/rclcpp_components/dgps_ros2
-- Installing: /home/moonly/px4_ros_com_ros2/src/dgps_ros2/install/dgps_ros2/share/dgps_ros2/cmake/ament_cmake_export_dependencies-extras.cmake
-- Installing: /home/moonly/px4_ros_com_ros2/src/dgps_ros2/install/dgps_ros2/share/dgps_ros2/cmake/ament_cmake_export_include_directories-extras.cmake
-- Installing: /home/moonly/px4_ros_com_ros2/src/dgps_ros2/install/dgps_ros2/share/dgps_ros2/cmake/ament_cmake_export_libraries-extras.cmake
-- Installing: /home/moonly/px4_ros_com_ros2/src/dgps_ros2/install/dgps_ros2/share/dgps_ros2/cmake/dgps_ros2Config.cmake
-- Installing: /home/moonly/px4_ros_com_ros2/src/dgps_ros2/install/dgps_ros2/share/dgps_ros2/cmake/dgps_ros2Config-version.cmake
-- Installing: /home/moonly/px4_ros_com_ros2/src/dgps_ros2/install/dgps_ros2/share/dgps_ros2/package.xml
