[0.028s] Invoking command in '/home/moonly/fpv_ros2_workspace/build/position_trans': CMAKE_PREFIX_PATH=${CMAKE_PREFIX_PATH}:/opt/ros/foxy _=/usr/bin/env /usr/bin/cmake --build /home/moonly/fpv_ros2_workspace/build/position_trans -- -j8 -l8
[0.055s] -- Found ament_cmake: 0.9.12 (/opt/ros/foxy/share/ament_cmake/cmake)
[0.072s] -- Using PYTHON_EXECUTABLE: /usr/bin/python3
[0.220s] -- Found ament_lint_auto: 0.9.8 (/opt/ros/foxy/share/ament_lint_auto/cmake)
[0.276s] -- Found rclcpp: 2.4.3 (/opt/ros/foxy/share/rclcpp/cmake)
[0.300s] -- Using all available rosidl_typesupport_c: rosidl_typesupport_fastrtps_c;rosidl_typesupport_introspection_c
[0.302s] -- Found rosidl_adapter: 1.3.1 (/opt/ros/foxy/share/rosidl_adapter/cmake)
[0.406s] -- Using all available rosidl_typesupport_cpp: rosidl_typesupport_fastrtps_cpp;rosidl_typesupport_introspection_cpp
[0.492s] -- Found rmw_implementation_cmake: 1.0.4 (/opt/ros/foxy/share/rmw_implementation_cmake/cmake)
[0.494s] -- Using RMW implementation 'rmw_fastrtps_cpp' as default
[0.603s] -- Found geometry_msgs: 2.0.5 (/opt/ros/foxy/share/geometry_msgs/cmake)
[0.628s] -- Found sensor_msgs: 2.0.5 (/opt/ros/foxy/share/sensor_msgs/cmake)
[0.676s] -- Found fpv_msgs: 0.0.0 (/home/moonly/fpv_ros2_workspace/install/fpv_msgs/share/fpv_msgs/cmake)
[0.680s] -- Found temp_msgs: 0.0.0 (/home/moonly/fpv_ros2_workspace/install/temp_msgs/share/temp_msgs/cmake)
[0.693s] -- Added test 'copyright' to check source files copyright and LICENSE
[0.693s] -- Added test 'cppcheck' to perform static code analysis on C / C++ code
[0.694s] -- Configured cppcheck include dirs: /home/moonly/fpv_ros2_workspace/src/position_trans/include
[0.694s] -- Configured cppcheck exclude dirs and/or files: 
[0.694s] -- Added test 'cpplint' to check C / C++ code against the Google style
[0.694s] -- Configured cpplint exclude dirs and/or files: 
[0.695s] -- Added test 'lint_cmake' to check CMake code style
[0.695s] -- Added test 'uncrustify' to check C / C++ code style
[0.695s] -- Configured uncrustify additional arguments: 
[0.696s] -- Added test 'xmllint' to check XML markup files
[0.698s] -- Configuring done
[0.708s] -- Generating done
[0.710s] -- Build files have been written to: /home/moonly/fpv_ros2_workspace/build/position_trans
[0.731s] [35m[1mScanning dependencies of target position_trans[0m
[0.762s] [ 50%] [32mBuilding CXX object CMakeFiles/position_trans.dir/src/Position_trans.cpp.o[0m
[2.550s] In file included from [01m[K/home/moonly/fpv_ros2_workspace/src/position_trans/src/Position_trans.cpp:2[m[K:
[2.550s] [01m[K/home/moonly/fpv_ros2_workspace/src/position_trans/include/Position_trans.hpp:59:31:[m[K [01;31m[Kerror: [m[K‘[01m[KTempMsg[m[K’ in namespace ‘[01m[Kfpv_msgs::msg[m[K’ does not name a type
[2.550s]    59 | void sub(const fpv_msgs::msg::[01;31m[KTempMsg[m[K::SharedPtr msg)
[2.551s]       |                               [01;31m[K^~~~~~~[m[K
[2.551s] [01m[K/home/moonly/fpv_ros2_workspace/src/position_trans/include/Position_trans.hpp:59:50:[m[K [01;31m[Kerror: [m[Kexpected unqualified-id before ‘[01m[Kmsg[m[K’
[2.551s]    59 | void sub(const fpv_msgs::msg::TempMsg::SharedPtr [01;31m[Kmsg[m[K)
[2.551s]       |                                                  [01;31m[K^~~[m[K
[2.551s] [01m[K/home/moonly/fpv_ros2_workspace/src/position_trans/include/Position_trans.hpp:59:49:[m[K [01;31m[Kerror: [m[Kexpected ‘[01m[K)[m[K’ before ‘[01m[Kmsg[m[K’
[2.551s]    59 | void sub[34m[K([m[Kconst fpv_msgs::msg::TempMsg::SharedPtr[01;31m[K [m[K[32m[Kmsg[m[K)
[2.551s]       |         [34m[K~[m[K                                       [01;31m[K^[m[K[32m[K~~~[m[K
[2.551s]       |                                                 [32m[K)[m[K
[2.551s] [01m[K/home/moonly/fpv_ros2_workspace/src/position_trans/include/Position_trans.hpp:59:50:[m[K [01;31m[Kerror: [m[Kexpected initializer before ‘[01m[Kmsg[m[K’
[2.551s]    59 | void sub(const fpv_msgs::msg::TempMsg::SharedPtr [01;31m[Kmsg[m[K)
[2.551s]       |                                                  [01;31m[K^~~[m[K
[2.554s] [01m[K/home/moonly/fpv_ros2_workspace/src/position_trans/src/Position_trans.cpp:[m[K In function ‘[01m[Kint main(int, char**)[m[K’:
[2.554s] [01m[K/home/moonly/fpv_ros2_workspace/src/position_trans/src/Position_trans.cpp:16:57:[m[K [01;31m[Kerror: [m[K‘[01m[KTemp[m[K’ is not a member of ‘[01m[Kfpv_msgs::msg[m[K’
[2.554s]    16 |     auto sub = node->create_subscription<fpv_msgs::msg::[01;31m[KTemp[m[K>("/in",10, sub);
[2.554s]       |                                                         [01;31m[K^~~~[m[K
[2.555s] [01m[K/home/moonly/fpv_ros2_workspace/src/position_trans/src/Position_trans.cpp:16:57:[m[K [01;31m[Kerror: [m[K‘[01m[KTemp[m[K’ is not a member of ‘[01m[Kfpv_msgs::msg[m[K’
[2.555s] [01m[K/home/moonly/fpv_ros2_workspace/src/position_trans/src/Position_trans.cpp:16:73:[m[K [01;31m[Kerror: [m[Kuse of ‘[01m[Ksub[m[K’ before deduction of ‘[01m[Kauto[m[K’
[2.555s]    16 |     auto sub = node->create_subscription<fpv_msgs::msg::Temp>("/in",10, [01;31m[Ksub[m[K);
[2.555s]       |                                                                         [01;31m[K^~~[m[K
[3.382s] make[2]: *** [CMakeFiles/position_trans.dir/build.make:63：CMakeFiles/position_trans.dir/src/Position_trans.cpp.o] 错误 1
[3.382s] make[1]: *** [CMakeFiles/Makefile2:78：CMakeFiles/position_trans.dir/all] 错误 2
[3.382s] make: *** [Makefile:141：all] 错误 2
[3.384s] Invoked command in '/home/moonly/fpv_ros2_workspace/build/position_trans' returned '2': CMAKE_PREFIX_PATH=${CMAKE_PREFIX_PATH}:/opt/ros/foxy _=/usr/bin/env /usr/bin/cmake --build /home/moonly/fpv_ros2_workspace/build/position_trans -- -j8 -l8
