[0.264s] Invoking command in '/home/moonly/fpv_ros2_workspace/build/mavlink_pub': CMAKE_PREFIX_PATH=${CMAKE_PREFIX_PATH}:/opt/ros/foxy _=/usr/bin/env /usr/bin/cmake --build /home/moonly/fpv_ros2_workspace/build/mavlink_pub -- -j8 -l8
[0.593s] Invoked command in '/home/moonly/fpv_ros2_workspace/build/mavlink_pub' returned '0': CMAKE_PREFIX_PATH=${CMAKE_PREFIX_PATH}:/opt/ros/foxy _=/usr/bin/env /usr/bin/cmake --build /home/moonly/fpv_ros2_workspace/build/mavlink_pub -- -j8 -l8
[0.938s] Invoking command in '/home/moonly/fpv_ros2_workspace/build/mavlink_pub': CMAKE_PREFIX_PATH=${CMAKE_PREFIX_PATH}:/opt/ros/foxy _=/usr/bin/env /usr/bin/cmake --install /home/moonly/fpv_ros2_workspace/build/mavlink_pub
[1.005s] -- Install configuration: ""
[1.005s] -- Up-to-date: /home/moonly/fpv_ros2_workspace/install/mavlink_pub/share/ament_index/resource_index/package_run_dependencies/mavlink_pub
[1.005s] -- Up-to-date: /home/moonly/fpv_ros2_workspace/install/mavlink_pub/share/ament_index/resource_index/parent_prefix_path/mavlink_pub
[1.005s] -- Up-to-date: /home/moonly/fpv_ros2_workspace/install/mavlink_pub/share/mavlink_pub/environment/ament_prefix_path.sh
[1.005s] -- Up-to-date: /home/moonly/fpv_ros2_workspace/install/mavlink_pub/share/mavlink_pub/environment/ament_prefix_path.dsv
[1.005s] -- Up-to-date: /home/moonly/fpv_ros2_workspace/install/mavlink_pub/share/mavlink_pub/environment/path.sh
[1.006s] -- Up-to-date: /home/moonly/fpv_ros2_workspace/install/mavlink_pub/share/mavlink_pub/environment/path.dsv
[1.006s] -- Up-to-date: /home/moonly/fpv_ros2_workspace/install/mavlink_pub/share/mavlink_pub/local_setup.bash
[1.006s] -- Up-to-date: /home/moonly/fpv_ros2_workspace/install/mavlink_pub/share/mavlink_pub/local_setup.sh
[1.006s] -- Up-to-date: /home/moonly/fpv_ros2_workspace/install/mavlink_pub/share/mavlink_pub/local_setup.zsh
[1.006s] -- Up-to-date: /home/moonly/fpv_ros2_workspace/install/mavlink_pub/share/mavlink_pub/local_setup.dsv
[1.009s] -- Installing: /home/moonly/fpv_ros2_workspace/install/mavlink_pub/share/mavlink_pub/package.dsv
[1.009s] -- Up-to-date: /home/moonly/fpv_ros2_workspace/install/mavlink_pub/share/ament_index/resource_index/packages/mavlink_pub
[1.009s] -- Up-to-date: /home/moonly/fpv_ros2_workspace/install/mavlink_pub/share/mavlink_pub/cmake/mavlink_pubConfig.cmake
[1.009s] -- Up-to-date: /home/moonly/fpv_ros2_workspace/install/mavlink_pub/share/mavlink_pub/cmake/mavlink_pubConfig-version.cmake
[1.009s] -- Up-to-date: /home/moonly/fpv_ros2_workspace/install/mavlink_pub/share/mavlink_pub/package.xml
[1.081s] Invoked command in '/home/moonly/fpv_ros2_workspace/build/mavlink_pub' returned '0': CMAKE_PREFIX_PATH=${CMAKE_PREFIX_PATH}:/opt/ros/foxy _=/usr/bin/env /usr/bin/cmake --install /home/moonly/fpv_ros2_workspace/build/mavlink_pub
