[0.084s] Invoking command in '/home/moonly/fpv_ros2_workspace/build/auto_control': CMAKE_PREFIX_PATH=${CMAKE_PREFIX_PATH}:/opt/ros/foxy _=/usr/bin/env /usr/bin/cmake --build /home/moonly/fpv_ros2_workspace/build/auto_control -- -j8 -l8
[0.157s] -- Found ament_cmake: 0.9.12 (/opt/ros/foxy/share/ament_cmake/cmake)
[0.179s] -- Using PYTHON_EXECUTABLE: /usr/bin/python3
[0.577s] -- Found ament_lint_auto: 0.9.8 (/opt/ros/foxy/share/ament_lint_auto/cmake)
[0.696s] -- Found rclcpp: 2.4.3 (/opt/ros/foxy/share/rclcpp/cmake)
[0.732s] -- Using all available rosidl_typesupport_c: rosidl_typesupport_fastrtps_c;rosidl_typesupport_introspection_c
[0.742s] -- Found rosidl_adapter: 1.3.1 (/opt/ros/foxy/share/rosidl_adapter/cmake)
[0.929s] -- Using all available rosidl_typesupport_cpp: rosidl_typesupport_fastrtps_cpp;rosidl_typesupport_introspection_cpp
[1.003s] -- Found rmw_implementation_cmake: 1.0.4 (/opt/ros/foxy/share/rmw_implementation_cmake/cmake)
[1.003s] -- Using RMW implementation 'rmw_fastrtps_cpp' as default
[1.207s] -- Found geometry_msgs: 2.0.5 (/opt/ros/foxy/share/geometry_msgs/cmake)
[1.260s] -- Found sensor_msgs: 2.0.5 (/opt/ros/foxy/share/sensor_msgs/cmake)
[1.361s] -- Found fpv_msgs: 0.0.0 (/home/moonly/fpv_ros2_workspace/install/fpv_msgs/share/fpv_msgs/cmake)
[1.380s] -- Added test 'copyright' to check source files copyright and LICENSE
[1.381s] -- Added test 'cppcheck' to perform static code analysis on C / C++ code
[1.381s] -- Configured cppcheck include dirs: /home/moonly/fpv_ros2_workspace/src/auto_control/include
[1.382s] -- Configured cppcheck exclude dirs and/or files: 
[1.382s] -- Added test 'cpplint' to check C / C++ code against the Google style
[1.382s] -- Configured cpplint exclude dirs and/or files: 
[1.384s] -- Added test 'lint_cmake' to check CMake code style
[1.384s] -- Added test 'uncrustify' to check C / C++ code style
[1.384s] -- Configured uncrustify additional arguments: 
[1.385s] -- Added test 'xmllint' to check XML markup files
[1.388s] -- Configuring done
[1.413s] -- Generating done
[1.413s] -- Build files have been written to: /home/moonly/fpv_ros2_workspace/build/auto_control
[1.450s] [35m[1mScanning dependencies of target auto_control[0m
[1.485s] [ 50%] [32mBuilding CXX object CMakeFiles/auto_control.dir/src/Auto_control.cpp.o[0m
[2.888s] In file included from [01m[K/home/moonly/fpv_ros2_workspace/src/auto_control/src/Auto_control.cpp:3[m[K:
[2.888s] [01m[K/home/moonly/fpv_ros2_workspace/src/auto_control/include/Auto_control.hpp:[m[K In function ‘[01m[Kvoid* take_off(void*)[m[K’:
[2.888s] [01m[K/home/moonly/fpv_ros2_workspace/src/auto_control/include/Auto_control.hpp:116:22:[m[K [01;35m[Kwarning: [m[Kunused parameter ‘[01m[Karg[m[K’ [[01;35m[K-Wunused-parameter[m[K]
[2.888s]   116 | void *take_off([01;35m[Kvoid *arg[m[K)
[2.888s]       |                [01;35m[K~~~~~~^~~[m[K
[2.888s] [01m[K/home/moonly/fpv_ros2_workspace/src/auto_control/include/Auto_control.hpp:[m[K In function ‘[01m[Kvoid* land(void*)[m[K’:
[2.889s] [01m[K/home/moonly/fpv_ros2_workspace/src/auto_control/include/Auto_control.hpp:137:18:[m[K [01;35m[Kwarning: [m[Kunused parameter ‘[01m[Karg[m[K’ [[01;35m[K-Wunused-parameter[m[K]
[2.889s]   137 | void *land([01;35m[Kvoid *arg[m[K)
[2.889s]       |            [01;35m[K~~~~~~^~~[m[K
[2.889s] [01m[K/home/moonly/fpv_ros2_workspace/src/auto_control/include/Auto_control.hpp:[m[K In function ‘[01m[Kvoid* auto_fpv_control(void*)[m[K’:
[2.889s] [01m[K/home/moonly/fpv_ros2_workspace/src/auto_control/include/Auto_control.hpp:157:30:[m[K [01;35m[Kwarning: [m[Kunused parameter ‘[01m[Karg[m[K’ [[01;35m[K-Wunused-parameter[m[K]
[2.889s]   157 | void *auto_fpv_control([01;35m[Kvoid *arg[m[K)
[2.889s]       |                        [01;35m[K~~~~~~^~~[m[K
[2.889s] [01m[K/home/moonly/fpv_ros2_workspace/src/auto_control/include/Auto_control.hpp:[m[K In function ‘[01m[Kvoid* auto_boat_control(void*)[m[K’:
[2.889s] [01m[K/home/moonly/fpv_ros2_workspace/src/auto_control/include/Auto_control.hpp:274:31:[m[K [01;35m[Kwarning: [m[Kunused parameter ‘[01m[Karg[m[K’ [[01;35m[K-Wunused-parameter[m[K]
[2.889s]   274 | void *auto_boat_control([01;35m[Kvoid *arg[m[K)
[2.889s]       |                         [01;35m[K~~~~~~^~~[m[K
[6.181s] [100%] [32m[1mLinking CXX executable auto_control[0m
[6.418s] [100%] Built target auto_control
[6.427s] Invoked command in '/home/moonly/fpv_ros2_workspace/build/auto_control' returned '0': CMAKE_PREFIX_PATH=${CMAKE_PREFIX_PATH}:/opt/ros/foxy _=/usr/bin/env /usr/bin/cmake --build /home/moonly/fpv_ros2_workspace/build/auto_control -- -j8 -l8
[6.461s] Invoking command in '/home/moonly/fpv_ros2_workspace/build/auto_control': CMAKE_PREFIX_PATH=${CMAKE_PREFIX_PATH}:/opt/ros/foxy _=/usr/bin/env /usr/bin/cmake --install /home/moonly/fpv_ros2_workspace/build/auto_control
[6.472s] -- Install configuration: ""
[6.472s] -- Installing: /home/moonly/fpv_ros2_workspace/install/auto_control/lib/auto_control/auto_control
[6.474s] -- Set runtime path of "/home/moonly/fpv_ros2_workspace/install/auto_control/lib/auto_control/auto_control" to ""
[6.475s] -- Up-to-date: /home/moonly/fpv_ros2_workspace/install/auto_control/share/ament_index/resource_index/package_run_dependencies/auto_control
[6.475s] -- Installing: /home/moonly/fpv_ros2_workspace/install/auto_control/share/ament_index/resource_index/parent_prefix_path/auto_control
[6.477s] -- Up-to-date: /home/moonly/fpv_ros2_workspace/install/auto_control/share/auto_control/environment/ament_prefix_path.sh
[6.477s] -- Installing: /home/moonly/fpv_ros2_workspace/install/auto_control/share/auto_control/environment/ament_prefix_path.dsv
[6.477s] -- Up-to-date: /home/moonly/fpv_ros2_workspace/install/auto_control/share/auto_control/environment/path.sh
[6.477s] -- Installing: /home/moonly/fpv_ros2_workspace/install/auto_control/share/auto_control/environment/path.dsv
[6.477s] -- Up-to-date: /home/moonly/fpv_ros2_workspace/install/auto_control/share/auto_control/local_setup.bash
[6.477s] -- Up-to-date: /home/moonly/fpv_ros2_workspace/install/auto_control/share/auto_control/local_setup.sh
[6.477s] -- Up-to-date: /home/moonly/fpv_ros2_workspace/install/auto_control/share/auto_control/local_setup.zsh
[6.477s] -- Installing: /home/moonly/fpv_ros2_workspace/install/auto_control/share/auto_control/local_setup.dsv
[6.477s] -- Installing: /home/moonly/fpv_ros2_workspace/install/auto_control/share/auto_control/package.dsv
[6.477s] -- Up-to-date: /home/moonly/fpv_ros2_workspace/install/auto_control/share/ament_index/resource_index/packages/auto_control
[6.477s] -- Up-to-date: /home/moonly/fpv_ros2_workspace/install/auto_control/share/auto_control/cmake/auto_controlConfig.cmake
[6.477s] -- Up-to-date: /home/moonly/fpv_ros2_workspace/install/auto_control/share/auto_control/cmake/auto_controlConfig-version.cmake
[6.478s] -- Up-to-date: /home/moonly/fpv_ros2_workspace/install/auto_control/share/auto_control/package.xml
[6.479s] Invoked command in '/home/moonly/fpv_ros2_workspace/build/auto_control' returned '0': CMAKE_PREFIX_PATH=${CMAKE_PREFIX_PATH}:/opt/ros/foxy _=/usr/bin/env /usr/bin/cmake --install /home/moonly/fpv_ros2_workspace/build/auto_control
