[0.053s] Invoking command in '/home/moonly/fpv_ros2_workspace/build/fpv_msg_monitor': CMAKE_PREFIX_PATH=${CMAKE_PREFIX_PATH}:/opt/ros/foxy _=/usr/bin/env /usr/bin/cmake --build /home/moonly/fpv_ros2_workspace/build/fpv_msg_monitor -- -j8 -l8
[0.310s] [100%] Built target fpv_msg_monitor
[0.343s] Invoked command in '/home/moonly/fpv_ros2_workspace/build/fpv_msg_monitor' returned '0': CMAKE_PREFIX_PATH=${CMAKE_PREFIX_PATH}:/opt/ros/foxy _=/usr/bin/env /usr/bin/cmake --build /home/moonly/fpv_ros2_workspace/build/fpv_msg_monitor -- -j8 -l8
[0.494s] Invoking command in '/home/moonly/fpv_ros2_workspace/build/fpv_msg_monitor': CMAKE_PREFIX_PATH=${CMAKE_PREFIX_PATH}:/opt/ros/foxy _=/usr/bin/env /usr/bin/cmake --install /home/moonly/fpv_ros2_workspace/build/fpv_msg_monitor
[0.569s] -- Install configuration: ""
[0.569s] -- Up-to-date: /home/moonly/fpv_ros2_workspace/install/fpv_msg_monitor/lib/fpv_msg_monitor/fpv_msg_monitor
[0.569s] -- Up-to-date: /home/moonly/fpv_ros2_workspace/install/fpv_msg_monitor/share/ament_index/resource_index/package_run_dependencies/fpv_msg_monitor
[0.569s] -- Up-to-date: /home/moonly/fpv_ros2_workspace/install/fpv_msg_monitor/share/ament_index/resource_index/parent_prefix_path/fpv_msg_monitor
[0.571s] -- Up-to-date: /home/moonly/fpv_ros2_workspace/install/fpv_msg_monitor/share/fpv_msg_monitor/environment/ament_prefix_path.sh
[0.574s] -- Up-to-date: /home/moonly/fpv_ros2_workspace/install/fpv_msg_monitor/share/fpv_msg_monitor/environment/ament_prefix_path.dsv
[0.576s] -- Up-to-date: /home/moonly/fpv_ros2_workspace/install/fpv_msg_monitor/share/fpv_msg_monitor/environment/path.sh
[0.578s] -- Up-to-date: /home/moonly/fpv_ros2_workspace/install/fpv_msg_monitor/share/fpv_msg_monitor/environment/path.dsv
[0.581s] -- Up-to-date: /home/moonly/fpv_ros2_workspace/install/fpv_msg_monitor/share/fpv_msg_monitor/local_setup.bash
[0.587s] -- Up-to-date: /home/moonly/fpv_ros2_workspace/install/fpv_msg_monitor/share/fpv_msg_monitor/local_setup.sh
[0.587s] -- Up-to-date: /home/moonly/fpv_ros2_workspace/install/fpv_msg_monitor/share/fpv_msg_monitor/local_setup.zsh
[0.587s] -- Up-to-date: /home/moonly/fpv_ros2_workspace/install/fpv_msg_monitor/share/fpv_msg_monitor/local_setup.dsv
[0.588s] -- Installing: /home/moonly/fpv_ros2_workspace/install/fpv_msg_monitor/share/fpv_msg_monitor/package.dsv
[0.588s] -- Up-to-date: /home/moonly/fpv_ros2_workspace/install/fpv_msg_monitor/share/ament_index/resource_index/packages/fpv_msg_monitor
[0.588s] -- Up-to-date: /home/moonly/fpv_ros2_workspace/install/fpv_msg_monitor/share/fpv_msg_monitor/cmake/fpv_msg_monitorConfig.cmake
[0.588s] -- Up-to-date: /home/moonly/fpv_ros2_workspace/install/fpv_msg_monitor/share/fpv_msg_monitor/cmake/fpv_msg_monitorConfig-version.cmake
[0.588s] -- Up-to-date: /home/moonly/fpv_ros2_workspace/install/fpv_msg_monitor/share/fpv_msg_monitor/package.xml
[0.703s] Invoked command in '/home/moonly/fpv_ros2_workspace/build/fpv_msg_monitor' returned '0': CMAKE_PREFIX_PATH=${CMAKE_PREFIX_PATH}:/opt/ros/foxy _=/usr/bin/env /usr/bin/cmake --install /home/moonly/fpv_ros2_workspace/build/fpv_msg_monitor
