[0.088s] Invoking command in '/home/moonly/fpv_ros2_workspace/build/fpv_msgs': CMAKE_PREFIX_PATH=${CMAKE_PREFIX_PATH}:/opt/ros/foxy _=/usr/bin/env /usr/bin/cmake /home/moonly/fpv_ros2_workspace/src/fpv_msgs -DCMAKE_INSTALL_PREFIX=/home/moonly/fpv_ros2_workspace/install/fpv_msgs
[0.236s] -- The C compiler identification is GNU 9.4.0
[0.388s] -- The CXX compiler identification is GNU 9.4.0
[0.394s] -- Check for working C compiler: /usr/bin/cc
[0.508s] -- Check for working C compiler: /usr/bin/cc -- works
[0.510s] -- Detecting C compiler ABI info
[0.686s] -- Detecting C compiler ABI info - done
[0.719s] -- Detecting C compile features
[0.719s] -- Detecting C compile features - done
[0.723s] -- Check for working CXX compiler: /usr/bin/c++
[0.877s] -- Check for working CXX compiler: /usr/bin/c++ -- works
[0.879s] -- Detecting CXX compiler ABI info
[1.053s] -- Detecting CXX compiler ABI info - done
[1.084s] -- Detecting CXX compile features
[1.085s] -- Detecting CXX compile features - done
[1.089s] -- Found ament_cmake: 0.9.12 (/opt/ros/foxy/share/ament_cmake/cmake)
[1.158s] -- Found PythonInterp: /usr/bin/python3 (found suitable version "3.8.10", minimum required is "3") 
[1.158s] -- Using PYTHON_EXECUTABLE: /usr/bin/python3
[1.557s] -- Found rclcpp: 2.4.3 (/opt/ros/foxy/share/rclcpp/cmake)
[1.648s] -- Using all available rosidl_typesupport_c: rosidl_typesupport_fastrtps_c;rosidl_typesupport_introspection_c
[1.663s] -- Found rosidl_adapter: 1.3.1 (/opt/ros/foxy/share/rosidl_adapter/cmake)
[1.842s] -- Found OpenSSL: /usr/lib/x86_64-linux-gnu/libcrypto.so (found version "1.1.1f")  
[1.899s] -- Found FastRTPS: /home/moonly/FastDDS-2.0.2/install/fastrtps/include  
[2.065s] -- Using all available rosidl_typesupport_cpp: rosidl_typesupport_fastrtps_cpp;rosidl_typesupport_introspection_cpp
[2.160s] -- Found rmw_implementation_cmake: 1.0.4 (/opt/ros/foxy/share/rmw_implementation_cmake/cmake)
[2.164s] -- Using RMW implementation 'rmw_fastrtps_cpp' as default
[2.166s] -- Looking for pthread.h
[2.323s] -- Looking for pthread.h - found
[2.323s] -- Performing Test CMAKE_HAVE_LIBC_PTHREAD
[2.501s] -- Performing Test CMAKE_HAVE_LIBC_PTHREAD - Failed
[2.502s] -- Looking for pthread_create in pthreads
[2.618s] -- Looking for pthread_create in pthreads - not found
[2.619s] -- Looking for pthread_create in pthread
[2.740s] -- Looking for pthread_create in pthread - found
[2.742s] -- Found Threads: TRUE  
[3.010s] -- Found rosidl_default_generators: 1.0.1 (/opt/ros/foxy/share/rosidl_default_generators/cmake)
[3.086s] -- Found PythonInterp: /usr/bin/python3 (found version "3.8.10") 
[3.314s] -- Found ament_cmake_ros: 0.9.2 (/opt/ros/foxy/share/ament_cmake_ros/cmake)
[3.550s] -- Using all available rosidl_typesupport_c: rosidl_typesupport_fastrtps_c;rosidl_typesupport_introspection_c
[3.572s] -- Using all available rosidl_typesupport_cpp: rosidl_typesupport_fastrtps_cpp;rosidl_typesupport_introspection_cpp
[3.620s] -- Found PythonInterp: /usr/bin/python3 (found suitable version "3.8.10", minimum required is "3.5") 
[3.624s] -- Found python_cmake_module: 0.8.1 (/opt/ros/foxy/share/python_cmake_module/cmake)
[3.664s] -- Found PythonLibs: /usr/lib/x86_64-linux-gnu/libpython3.8.so (found suitable version "3.8.10", minimum required is "3.5") 
[3.665s] -- Using PYTHON_EXECUTABLE: /usr/bin/python3
[3.665s] -- Using PYTHON_INCLUDE_DIRS: /usr/include/python3.8
[3.665s] -- Using PYTHON_LIBRARIES: /usr/lib/x86_64-linux-gnu/libpython3.8.so
[3.694s] -- Found PythonExtra: .so  
[3.919s] -- Found ament_lint_auto: 0.9.8 (/opt/ros/foxy/share/ament_lint_auto/cmake)
[3.947s] -- Added test 'copyright' to check source files copyright and LICENSE
[3.949s] -- Added test 'lint_cmake' to check CMake code style
[3.950s] -- Added test 'xmllint' to check XML markup files
[3.955s] -- Configuring done
[3.992s] -- Generating done
[3.995s] -- Build files have been written to: /home/moonly/fpv_ros2_workspace/build/fpv_msgs
