[0.051s] Invoking command in '/home/moonly/fpv_ros2_workspace/build/dgps_msgs': CMAKE_PREFIX_PATH=${CMAKE_PREFIX_PATH}:/opt/ros/foxy _=/usr/bin/env /usr/bin/cmake --build /home/moonly/fpv_ros2_workspace/build/dgps_msgs -- -j8 -l8
[0.158s] [ 10%] Built target dgps_msgs__rosidl_generator_c
[0.167s] [ 12%] Built target dgps_msgs__cpp
[0.281s] [ 23%] Built target dgps_msgs__rosidl_typesupport_introspection_c
[0.300s] [ 34%] Built target dgps_msgs__rosidl_typesupport_introspection_cpp
[0.322s] [ 44%] Built target dgps_msgs__rosidl_typesupport_fastrtps_cpp
[0.324s] [ 55%] Built target dgps_msgs__rosidl_typesupport_c
[0.347s] [ 65%] Built target dgps_msgs__rosidl_typesupport_cpp
[0.435s] [ 76%] Built target dgps_msgs__rosidl_typesupport_fastrtps_c
[0.588s] [ 76%] Built target dgps_msgs
[0.669s] [ 78%] Built target dgps_msgs__py
[0.735s] [ 87%] Built target dgps_msgs__python
[0.867s] [ 91%] Built target dgps_msgs__rosidl_typesupport_introspection_c__pyext
[0.878s] [ 95%] Built target dgps_msgs__rosidl_typesupport_c__pyext
[0.883s] [100%] Built target dgps_msgs__rosidl_typesupport_fastrtps_c__pyext
[0.999s] Invoked command in '/home/moonly/fpv_ros2_workspace/build/dgps_msgs' returned '0': CMAKE_PREFIX_PATH=${CMAKE_PREFIX_PATH}:/opt/ros/foxy _=/usr/bin/env /usr/bin/cmake --build /home/moonly/fpv_ros2_workspace/build/dgps_msgs -- -j8 -l8
[1.220s] Invoking command in '/home/moonly/fpv_ros2_workspace/build/dgps_msgs': CMAKE_PREFIX_PATH=${CMAKE_PREFIX_PATH}:/opt/ros/foxy _=/usr/bin/env /usr/bin/cmake --install /home/moonly/fpv_ros2_workspace/build/dgps_msgs
[1.229s] -- Install configuration: ""
[1.229s] -- Up-to-date: /home/moonly/fpv_ros2_workspace/install/dgps_msgs/share/ament_index/resource_index/rosidl_interfaces/dgps_msgs
[1.229s] -- Up-to-date: /home/moonly/fpv_ros2_workspace/install/dgps_msgs/include/dgps_msgs
[1.229s] -- Up-to-date: /home/moonly/fpv_ros2_workspace/install/dgps_msgs/include/dgps_msgs/msg
[1.229s] -- Up-to-date: /home/moonly/fpv_ros2_workspace/install/dgps_msgs/include/dgps_msgs/msg/detail
[1.229s] -- Up-to-date: /home/moonly/fpv_ros2_workspace/install/dgps_msgs/include/dgps_msgs/msg/detail/gnvtg__functions.h
[1.230s] -- Up-to-date: /home/moonly/fpv_ros2_workspace/install/dgps_msgs/include/dgps_msgs/msg/detail/gnvtg__functions.c
[1.230s] -- Up-to-date: /home/moonly/fpv_ros2_workspace/install/dgps_msgs/include/dgps_msgs/msg/detail/gpfpd__functions.c
[1.230s] -- Up-to-date: /home/moonly/fpv_ros2_workspace/install/dgps_msgs/include/dgps_msgs/msg/detail/gnvtg__struct.h
[1.230s] -- Up-to-date: /home/moonly/fpv_ros2_workspace/install/dgps_msgs/include/dgps_msgs/msg/detail/gtimu__type_support.h
[1.230s] -- Up-to-date: /home/moonly/fpv_ros2_workspace/install/dgps_msgs/include/dgps_msgs/msg/detail/gpfpd__type_support.h
[1.230s] -- Up-to-date: /home/moonly/fpv_ros2_workspace/install/dgps_msgs/include/dgps_msgs/msg/detail/gtimu__functions.h
[1.230s] -- Up-to-date: /home/moonly/fpv_ros2_workspace/install/dgps_msgs/include/dgps_msgs/msg/detail/gtimu__struct.h
[1.230s] -- Up-to-date: /home/moonly/fpv_ros2_workspace/install/dgps_msgs/include/dgps_msgs/msg/detail/gtimu__functions.c
[1.230s] -- Up-to-date: /home/moonly/fpv_ros2_workspace/install/dgps_msgs/include/dgps_msgs/msg/detail/gpfpd__functions.h
[1.230s] -- Up-to-date: /home/moonly/fpv_ros2_workspace/install/dgps_msgs/include/dgps_msgs/msg/detail/gpfpd__struct.h
[1.230s] -- Up-to-date: /home/moonly/fpv_ros2_workspace/install/dgps_msgs/include/dgps_msgs/msg/detail/gnvtg__type_support.h
[1.230s] -- Up-to-date: /home/moonly/fpv_ros2_workspace/install/dgps_msgs/include/dgps_msgs/msg/gpfpd.h
[1.230s] -- Up-to-date: /home/moonly/fpv_ros2_workspace/install/dgps_msgs/include/dgps_msgs/msg/gtimu.h
[1.230s] -- Up-to-date: /home/moonly/fpv_ros2_workspace/install/dgps_msgs/include/dgps_msgs/msg/gnvtg.h
[1.230s] -- Up-to-date: /home/moonly/fpv_ros2_workspace/install/dgps_msgs/include/dgps_msgs/msg/rosidl_generator_c__visibility_control.h
[1.231s] -- Up-to-date: /home/moonly/fpv_ros2_workspace/install/dgps_msgs/share/dgps_msgs/environment/library_path.sh
[1.231s] -- Up-to-date: /home/moonly/fpv_ros2_workspace/install/dgps_msgs/share/dgps_msgs/environment/library_path.dsv
[1.231s] -- Up-to-date: /home/moonly/fpv_ros2_workspace/install/dgps_msgs/lib/libdgps_msgs__rosidl_generator_c.so
[1.231s] -- Up-to-date: /home/moonly/fpv_ros2_workspace/install/dgps_msgs/include/dgps_msgs
[1.231s] -- Up-to-date: /home/moonly/fpv_ros2_workspace/install/dgps_msgs/include/dgps_msgs/msg
[1.231s] -- Up-to-date: /home/moonly/fpv_ros2_workspace/install/dgps_msgs/include/dgps_msgs/msg/detail
[1.231s] -- Up-to-date: /home/moonly/fpv_ros2_workspace/install/dgps_msgs/include/dgps_msgs/msg/detail/gtimu__rosidl_typesupport_fastrtps_c.h
[1.231s] -- Up-to-date: /home/moonly/fpv_ros2_workspace/install/dgps_msgs/include/dgps_msgs/msg/detail/gpfpd__rosidl_typesupport_fastrtps_c.h
[1.231s] -- Up-to-date: /home/moonly/fpv_ros2_workspace/install/dgps_msgs/include/dgps_msgs/msg/detail/gnvtg__rosidl_typesupport_fastrtps_c.h
[1.231s] -- Up-to-date: /home/moonly/fpv_ros2_workspace/install/dgps_msgs/include/dgps_msgs/msg/rosidl_typesupport_fastrtps_c__visibility_control.h
[1.232s] -- Up-to-date: /home/moonly/fpv_ros2_workspace/install/dgps_msgs/lib/libdgps_msgs__rosidl_typesupport_fastrtps_c.so
[1.232s] -- Up-to-date: /home/moonly/fpv_ros2_workspace/install/dgps_msgs/include/dgps_msgs
[1.232s] -- Up-to-date: /home/moonly/fpv_ros2_workspace/install/dgps_msgs/include/dgps_msgs/msg
[1.232s] -- Up-to-date: /home/moonly/fpv_ros2_workspace/install/dgps_msgs/include/dgps_msgs/msg/detail
[1.232s] -- Up-to-date: /home/moonly/fpv_ros2_workspace/install/dgps_msgs/include/dgps_msgs/msg/detail/dds_fastrtps
[1.232s] -- Up-to-date: /home/moonly/fpv_ros2_workspace/install/dgps_msgs/include/dgps_msgs/msg/detail/gpfpd__rosidl_typesupport_fastrtps_cpp.hpp
[1.232s] -- Up-to-date: /home/moonly/fpv_ros2_workspace/install/dgps_msgs/include/dgps_msgs/msg/detail/gnvtg__rosidl_typesupport_fastrtps_cpp.hpp
[1.232s] -- Up-to-date: /home/moonly/fpv_ros2_workspace/install/dgps_msgs/include/dgps_msgs/msg/detail/gtimu__rosidl_typesupport_fastrtps_cpp.hpp
[1.232s] -- Up-to-date: /home/moonly/fpv_ros2_workspace/install/dgps_msgs/include/dgps_msgs/msg/rosidl_typesupport_fastrtps_cpp__visibility_control.h
[1.232s] -- Up-to-date: /home/moonly/fpv_ros2_workspace/install/dgps_msgs/lib/libdgps_msgs__rosidl_typesupport_fastrtps_cpp.so
[1.232s] -- Up-to-date: /home/moonly/fpv_ros2_workspace/install/dgps_msgs/include/dgps_msgs
[1.232s] -- Up-to-date: /home/moonly/fpv_ros2_workspace/install/dgps_msgs/include/dgps_msgs/msg
[1.232s] -- Up-to-date: /home/moonly/fpv_ros2_workspace/install/dgps_msgs/include/dgps_msgs/msg/detail
[1.232s] -- Up-to-date: /home/moonly/fpv_ros2_workspace/install/dgps_msgs/include/dgps_msgs/msg/detail/gpfpd__type_support.c
[1.232s] -- Up-to-date: /home/moonly/fpv_ros2_workspace/install/dgps_msgs/include/dgps_msgs/msg/detail/gtimu__rosidl_typesupport_introspection_c.h
[1.232s] -- Up-to-date: /home/moonly/fpv_ros2_workspace/install/dgps_msgs/include/dgps_msgs/msg/detail/gnvtg__rosidl_typesupport_introspection_c.h
[1.232s] -- Up-to-date: /home/moonly/fpv_ros2_workspace/install/dgps_msgs/include/dgps_msgs/msg/detail/gnvtg__type_support.c
[1.232s] -- Up-to-date: /home/moonly/fpv_ros2_workspace/install/dgps_msgs/include/dgps_msgs/msg/detail/gtimu__type_support.c
[1.233s] -- Up-to-date: /home/moonly/fpv_ros2_workspace/install/dgps_msgs/include/dgps_msgs/msg/detail/gpfpd__rosidl_typesupport_introspection_c.h
[1.233s] -- Up-to-date: /home/moonly/fpv_ros2_workspace/install/dgps_msgs/include/dgps_msgs/msg/rosidl_typesupport_introspection_c__visibility_control.h
[1.233s] -- Up-to-date: /home/moonly/fpv_ros2_workspace/install/dgps_msgs/lib/libdgps_msgs__rosidl_typesupport_introspection_c.so
[1.233s] -- Up-to-date: /home/moonly/fpv_ros2_workspace/install/dgps_msgs/lib/libdgps_msgs__rosidl_typesupport_c.so
[1.233s] -- Up-to-date: /home/moonly/fpv_ros2_workspace/install/dgps_msgs/include/dgps_msgs
[1.233s] -- Up-to-date: /home/moonly/fpv_ros2_workspace/install/dgps_msgs/include/dgps_msgs/msg
[1.233s] -- Up-to-date: /home/moonly/fpv_ros2_workspace/install/dgps_msgs/include/dgps_msgs/msg/detail
[1.233s] -- Up-to-date: /home/moonly/fpv_ros2_workspace/install/dgps_msgs/include/dgps_msgs/msg/detail/gnvtg__struct.hpp
[1.233s] -- Up-to-date: /home/moonly/fpv_ros2_workspace/install/dgps_msgs/include/dgps_msgs/msg/detail/gpfpd__traits.hpp
[1.233s] -- Up-to-date: /home/moonly/fpv_ros2_workspace/install/dgps_msgs/include/dgps_msgs/msg/detail/gtimu__builder.hpp
[1.233s] -- Up-to-date: /home/moonly/fpv_ros2_workspace/install/dgps_msgs/include/dgps_msgs/msg/detail/gtimu__traits.hpp
[1.233s] -- Up-to-date: /home/moonly/fpv_ros2_workspace/install/dgps_msgs/include/dgps_msgs/msg/detail/gpfpd__struct.hpp
[1.233s] -- Up-to-date: /home/moonly/fpv_ros2_workspace/install/dgps_msgs/include/dgps_msgs/msg/detail/gpfpd__type_support.hpp
[1.233s] -- Up-to-date: /home/moonly/fpv_ros2_workspace/install/dgps_msgs/include/dgps_msgs/msg/detail/gtimu__struct.hpp
[1.234s] -- Up-to-date: /home/moonly/fpv_ros2_workspace/install/dgps_msgs/include/dgps_msgs/msg/detail/gnvtg__type_support.hpp
[1.234s] -- Up-to-date: /home/moonly/fpv_ros2_workspace/install/dgps_msgs/include/dgps_msgs/msg/detail/gpfpd__builder.hpp
[1.234s] -- Up-to-date: /home/moonly/fpv_ros2_workspace/install/dgps_msgs/include/dgps_msgs/msg/detail/gnvtg__builder.hpp
[1.235s] -- Up-to-date: /home/moonly/fpv_ros2_workspace/install/dgps_msgs/include/dgps_msgs/msg/detail/gtimu__type_support.hpp
[1.237s] -- Up-to-date: /home/moonly/fpv_ros2_workspace/install/dgps_msgs/include/dgps_msgs/msg/detail/gnvtg__traits.hpp
[1.252s] -- Up-to-date: /home/moonly/fpv_ros2_workspace/install/dgps_msgs/include/dgps_msgs/msg/gpfpd.hpp
[1.252s] -- Up-to-date: /home/moonly/fpv_ros2_workspace/install/dgps_msgs/include/dgps_msgs/msg/gtimu.hpp
[1.253s] -- Up-to-date: /home/moonly/fpv_ros2_workspace/install/dgps_msgs/include/dgps_msgs/msg/gnvtg.hpp
[1.253s] -- Up-to-date: /home/moonly/fpv_ros2_workspace/install/dgps_msgs/include/dgps_msgs/msg/rosidl_generator_cpp__visibility_control.hpp
[1.253s] -- Up-to-date: /home/moonly/fpv_ros2_workspace/install/dgps_msgs/include/dgps_msgs
[1.254s] -- Up-to-date: /home/moonly/fpv_ros2_workspace/install/dgps_msgs/include/dgps_msgs/msg
[1.255s] -- Up-to-date: /home/moonly/fpv_ros2_workspace/install/dgps_msgs/include/dgps_msgs/msg/detail
[1.256s] -- Up-to-date: /home/moonly/fpv_ros2_workspace/install/dgps_msgs/include/dgps_msgs/msg/detail/gnvtg__rosidl_typesupport_introspection_cpp.hpp
[1.257s] -- Up-to-date: /home/moonly/fpv_ros2_workspace/install/dgps_msgs/include/dgps_msgs/msg/detail/gnvtg__type_support.cpp
[1.258s] -- Up-to-date: /home/moonly/fpv_ros2_workspace/install/dgps_msgs/include/dgps_msgs/msg/detail/gpfpd__type_support.cpp
[1.258s] -- Up-to-date: /home/moonly/fpv_ros2_workspace/install/dgps_msgs/include/dgps_msgs/msg/detail/gtimu__type_support.cpp
[1.258s] -- Up-to-date: /home/moonly/fpv_ros2_workspace/install/dgps_msgs/include/dgps_msgs/msg/detail/gpfpd__rosidl_typesupport_introspection_cpp.hpp
[1.258s] -- Up-to-date: /home/moonly/fpv_ros2_workspace/install/dgps_msgs/include/dgps_msgs/msg/detail/gtimu__rosidl_typesupport_introspection_cpp.hpp
[1.258s] -- Up-to-date: /home/moonly/fpv_ros2_workspace/install/dgps_msgs/lib/libdgps_msgs__rosidl_typesupport_introspection_cpp.so
[1.259s] -- Up-to-date: /home/moonly/fpv_ros2_workspace/install/dgps_msgs/lib/libdgps_msgs__rosidl_typesupport_cpp.so
[1.259s] -- Up-to-date: /home/moonly/fpv_ros2_workspace/install/dgps_msgs/share/dgps_msgs/environment/pythonpath.sh
[1.259s] -- Up-to-date: /home/moonly/fpv_ros2_workspace/install/dgps_msgs/share/dgps_msgs/environment/pythonpath.dsv
[1.260s] -- Up-to-date: /home/moonly/fpv_ros2_workspace/install/dgps_msgs/lib/python3.8/site-packages/dgps_msgs/__init__.py
[1.317s] -- Up-to-date: /home/moonly/fpv_ros2_workspace/install/dgps_msgs/lib/python3.8/site-packages/dgps_msgs/msg
[1.318s] -- Up-to-date: /home/moonly/fpv_ros2_workspace/install/dgps_msgs/lib/python3.8/site-packages/dgps_msgs/msg/_gtimu_s.c
[1.318s] -- Up-to-date: /home/moonly/fpv_ros2_workspace/install/dgps_msgs/lib/python3.8/site-packages/dgps_msgs/msg/_gpfpd.py
[1.318s] -- Up-to-date: /home/moonly/fpv_ros2_workspace/install/dgps_msgs/lib/python3.8/site-packages/dgps_msgs/msg/__init__.py
[1.318s] -- Up-to-date: /home/moonly/fpv_ros2_workspace/install/dgps_msgs/lib/python3.8/site-packages/dgps_msgs/msg/_gnvtg_s.c
[1.318s] -- Up-to-date: /home/moonly/fpv_ros2_workspace/install/dgps_msgs/lib/python3.8/site-packages/dgps_msgs/msg/_gtimu.py
[1.318s] -- Up-to-date: /home/moonly/fpv_ros2_workspace/install/dgps_msgs/lib/python3.8/site-packages/dgps_msgs/msg/_gnvtg.py
[1.318s] -- Up-to-date: /home/moonly/fpv_ros2_workspace/install/dgps_msgs/lib/python3.8/site-packages/dgps_msgs/msg/_gpfpd_s.c
[1.318s] -- Up-to-date: /home/moonly/fpv_ros2_workspace/install/dgps_msgs/lib/python3.8/site-packages/dgps_msgs/dgps_msgs_s__rosidl_typesupport_fastrtps_c.cpython-38-x86_64-linux-gnu.so
[1.318s] -- Up-to-date: /home/moonly/fpv_ros2_workspace/install/dgps_msgs/lib/python3.8/site-packages/dgps_msgs/dgps_msgs_s__rosidl_typesupport_introspection_c.cpython-38-x86_64-linux-gnu.so
[1.319s] -- Up-to-date: /home/moonly/fpv_ros2_workspace/install/dgps_msgs/lib/python3.8/site-packages/dgps_msgs/dgps_msgs_s__rosidl_typesupport_c.cpython-38-x86_64-linux-gnu.so
[1.319s] -- Up-to-date: /home/moonly/fpv_ros2_workspace/install/dgps_msgs/lib/libdgps_msgs__python.so
[1.319s] -- Up-to-date: /home/moonly/fpv_ros2_workspace/install/dgps_msgs/share/dgps_msgs/msg/Gnvtg.idl
[1.319s] -- Up-to-date: /home/moonly/fpv_ros2_workspace/install/dgps_msgs/share/dgps_msgs/msg/Gpfpd.idl
[1.319s] -- Up-to-date: /home/moonly/fpv_ros2_workspace/install/dgps_msgs/share/dgps_msgs/msg/Gtimu.idl
[1.319s] -- Up-to-date: /home/moonly/fpv_ros2_workspace/install/dgps_msgs/share/dgps_msgs/msg/Gnvtg.msg
[1.319s] -- Up-to-date: /home/moonly/fpv_ros2_workspace/install/dgps_msgs/share/dgps_msgs/msg/Gpfpd.msg
[1.320s] -- Up-to-date: /home/moonly/fpv_ros2_workspace/install/dgps_msgs/share/dgps_msgs/msg/Gtimu.msg
[1.320s] -- Up-to-date: /home/moonly/fpv_ros2_workspace/install/dgps_msgs/share/ament_index/resource_index/package_run_dependencies/dgps_msgs
[1.320s] -- Up-to-date: /home/moonly/fpv_ros2_workspace/install/dgps_msgs/share/ament_index/resource_index/parent_prefix_path/dgps_msgs
[1.320s] -- Up-to-date: /home/moonly/fpv_ros2_workspace/install/dgps_msgs/share/dgps_msgs/environment/ament_prefix_path.sh
[1.320s] -- Up-to-date: /home/moonly/fpv_ros2_workspace/install/dgps_msgs/share/dgps_msgs/environment/ament_prefix_path.dsv
[1.320s] -- Up-to-date: /home/moonly/fpv_ros2_workspace/install/dgps_msgs/share/dgps_msgs/environment/path.sh
[1.320s] -- Up-to-date: /home/moonly/fpv_ros2_workspace/install/dgps_msgs/share/dgps_msgs/environment/path.dsv
[1.320s] -- Up-to-date: /home/moonly/fpv_ros2_workspace/install/dgps_msgs/share/dgps_msgs/local_setup.bash
[1.320s] -- Up-to-date: /home/moonly/fpv_ros2_workspace/install/dgps_msgs/share/dgps_msgs/local_setup.sh
[1.320s] -- Up-to-date: /home/moonly/fpv_ros2_workspace/install/dgps_msgs/share/dgps_msgs/local_setup.zsh
[1.322s] -- Up-to-date: /home/moonly/fpv_ros2_workspace/install/dgps_msgs/share/dgps_msgs/local_setup.dsv
[1.324s] -- Installing: /home/moonly/fpv_ros2_workspace/install/dgps_msgs/share/dgps_msgs/package.dsv
[1.328s] -- Up-to-date: /home/moonly/fpv_ros2_workspace/install/dgps_msgs/share/ament_index/resource_index/packages/dgps_msgs
[1.331s] -- Up-to-date: /home/moonly/fpv_ros2_workspace/install/dgps_msgs/share/dgps_msgs/cmake/dgps_msgs__rosidl_generator_cExport.cmake
[1.334s] -- Up-to-date: /home/moonly/fpv_ros2_workspace/install/dgps_msgs/share/dgps_msgs/cmake/dgps_msgs__rosidl_generator_cExport-noconfig.cmake
[1.335s] -- Up-to-date: /home/moonly/fpv_ros2_workspace/install/dgps_msgs/share/dgps_msgs/cmake/dgps_msgs__rosidl_typesupport_introspection_cExport.cmake
[1.336s] -- Up-to-date: /home/moonly/fpv_ros2_workspace/install/dgps_msgs/share/dgps_msgs/cmake/dgps_msgs__rosidl_typesupport_introspection_cExport-noconfig.cmake
[1.336s] -- Up-to-date: /home/moonly/fpv_ros2_workspace/install/dgps_msgs/share/dgps_msgs/cmake/dgps_msgs__rosidl_typesupport_cExport.cmake
[1.336s] -- Up-to-date: /home/moonly/fpv_ros2_workspace/install/dgps_msgs/share/dgps_msgs/cmake/dgps_msgs__rosidl_typesupport_cExport-noconfig.cmake
[1.336s] -- Up-to-date: /home/moonly/fpv_ros2_workspace/install/dgps_msgs/share/dgps_msgs/cmake/dgps_msgs__rosidl_generator_cppExport.cmake
[1.336s] -- Up-to-date: /home/moonly/fpv_ros2_workspace/install/dgps_msgs/share/dgps_msgs/cmake/dgps_msgs__rosidl_typesupport_introspection_cppExport.cmake
[1.336s] -- Up-to-date: /home/moonly/fpv_ros2_workspace/install/dgps_msgs/share/dgps_msgs/cmake/dgps_msgs__rosidl_typesupport_introspection_cppExport-noconfig.cmake
[1.337s] -- Up-to-date: /home/moonly/fpv_ros2_workspace/install/dgps_msgs/share/dgps_msgs/cmake/dgps_msgs__rosidl_typesupport_cppExport.cmake
[1.337s] -- Up-to-date: /home/moonly/fpv_ros2_workspace/install/dgps_msgs/share/dgps_msgs/cmake/dgps_msgs__rosidl_typesupport_cppExport-noconfig.cmake
[1.337s] -- Up-to-date: /home/moonly/fpv_ros2_workspace/install/dgps_msgs/share/dgps_msgs/cmake/rosidl_cmake-extras.cmake
[1.337s] -- Up-to-date: /home/moonly/fpv_ros2_workspace/install/dgps_msgs/share/dgps_msgs/cmake/ament_cmake_export_dependencies-extras.cmake
[1.337s] -- Up-to-date: /home/moonly/fpv_ros2_workspace/install/dgps_msgs/share/dgps_msgs/cmake/ament_cmake_export_libraries-extras.cmake
[1.337s] -- Up-to-date: /home/moonly/fpv_ros2_workspace/install/dgps_msgs/share/dgps_msgs/cmake/ament_cmake_export_targets-extras.cmake
[1.337s] -- Up-to-date: /home/moonly/fpv_ros2_workspace/install/dgps_msgs/share/dgps_msgs/cmake/ament_cmake_export_include_directories-extras.cmake
[1.337s] -- Up-to-date: /home/moonly/fpv_ros2_workspace/install/dgps_msgs/share/dgps_msgs/cmake/rosidl_cmake_export_typesupport_libraries-extras.cmake
[1.337s] -- Up-to-date: /home/moonly/fpv_ros2_workspace/install/dgps_msgs/share/dgps_msgs/cmake/rosidl_cmake_export_typesupport_targets-extras.cmake
[1.337s] -- Up-to-date: /home/moonly/fpv_ros2_workspace/install/dgps_msgs/share/dgps_msgs/cmake/dgps_msgsConfig.cmake
[1.338s] -- Up-to-date: /home/moonly/fpv_ros2_workspace/install/dgps_msgs/share/dgps_msgs/cmake/dgps_msgsConfig-version.cmake
[1.342s] -- Up-to-date: /home/moonly/fpv_ros2_workspace/install/dgps_msgs/share/dgps_msgs/package.xml
[1.342s] Invoked command in '/home/moonly/fpv_ros2_workspace/build/dgps_msgs' returned '0': CMAKE_PREFIX_PATH=${CMAKE_PREFIX_PATH}:/opt/ros/foxy _=/usr/bin/env /usr/bin/cmake --install /home/moonly/fpv_ros2_workspace/build/dgps_msgs
