[0.068s] Invoking command in '/home/moonly/fpv_ros2_workspace/build/auto_control': CMAKE_PREFIX_PATH=${CMAKE_PREFIX_PATH}:/opt/ros/foxy _=/usr/bin/env /usr/bin/cmake --build /home/moonly/fpv_ros2_workspace/build/auto_control -- -j8 -l8
[0.115s] -- Found ament_cmake: 0.9.12 (/opt/ros/foxy/share/ament_cmake/cmake)
[0.159s] -- Using PYTHON_EXECUTABLE: /usr/bin/python3
[0.536s] -- Found ament_lint_auto: 0.9.8 (/opt/ros/foxy/share/ament_lint_auto/cmake)
[0.691s] -- Found rclcpp: 2.4.3 (/opt/ros/foxy/share/rclcpp/cmake)
[0.759s] -- Using all available rosidl_typesupport_c: rosidl_typesupport_fastrtps_c;rosidl_typesupport_introspection_c
[0.766s] -- Found rosidl_adapter: 1.3.1 (/opt/ros/foxy/share/rosidl_adapter/cmake)
[0.939s] -- Using all available rosidl_typesupport_cpp: rosidl_typesupport_fastrtps_cpp;rosidl_typesupport_introspection_cpp
[1.007s] -- Found rmw_implementation_cmake: 1.0.4 (/opt/ros/foxy/share/rmw_implementation_cmake/cmake)
[1.009s] -- Using RMW implementation 'rmw_fastrtps_cpp' as default
[1.176s] -- Found geometry_msgs: 2.0.5 (/opt/ros/foxy/share/geometry_msgs/cmake)
[1.204s] -- Found sensor_msgs: 2.0.5 (/opt/ros/foxy/share/sensor_msgs/cmake)
[1.321s] -- Found fpv_msgs: 0.0.0 (/home/moonly/fpv_ros2_workspace/install/fpv_msgs/share/fpv_msgs/cmake)
[1.353s] -- Added test 'copyright' to check source files copyright and LICENSE
[1.356s] -- Added test 'cppcheck' to perform static code analysis on C / C++ code
[1.357s] -- Configured cppcheck include dirs: /home/moonly/fpv_ros2_workspace/src/auto_control/include
[1.359s] -- Configured cppcheck exclude dirs and/or files: 
[1.361s] -- Added test 'cpplint' to check C / C++ code against the Google style
[1.362s] -- Configured cpplint exclude dirs and/or files: 
[1.364s] -- Added test 'lint_cmake' to check CMake code style
[1.367s] -- Added test 'uncrustify' to check C / C++ code style
[1.368s] -- Configured uncrustify additional arguments: 
[1.369s] -- Added test 'xmllint' to check XML markup files
[1.374s] -- Configuring done
[1.394s] -- Generating done
[1.396s] -- Build files have been written to: /home/moonly/fpv_ros2_workspace/build/auto_control
[1.441s] [35m[1mScanning dependencies of target auto_control[0m
[1.488s] [ 50%] [32mBuilding CXX object CMakeFiles/auto_control.dir/src/Auto_control.cpp.o[0m
[4.237s] [100%] [32m[1mLinking CXX executable auto_control[0m
[4.475s] [100%] Built target auto_control
[4.490s] Invoked command in '/home/moonly/fpv_ros2_workspace/build/auto_control' returned '0': CMAKE_PREFIX_PATH=${CMAKE_PREFIX_PATH}:/opt/ros/foxy _=/usr/bin/env /usr/bin/cmake --build /home/moonly/fpv_ros2_workspace/build/auto_control -- -j8 -l8
[4.520s] Invoking command in '/home/moonly/fpv_ros2_workspace/build/auto_control': CMAKE_PREFIX_PATH=${CMAKE_PREFIX_PATH}:/opt/ros/foxy _=/usr/bin/env /usr/bin/cmake --install /home/moonly/fpv_ros2_workspace/build/auto_control
[4.534s] -- Install configuration: ""
[4.534s] -- Installing: /home/moonly/fpv_ros2_workspace/install/auto_control/lib/auto_control/auto_control
[4.535s] -- Set runtime path of "/home/moonly/fpv_ros2_workspace/install/auto_control/lib/auto_control/auto_control" to ""
[4.535s] -- Up-to-date: /home/moonly/fpv_ros2_workspace/install/auto_control/share/ament_index/resource_index/package_run_dependencies/auto_control
[4.535s] -- Installing: /home/moonly/fpv_ros2_workspace/install/auto_control/share/ament_index/resource_index/parent_prefix_path/auto_control
[4.535s] -- Up-to-date: /home/moonly/fpv_ros2_workspace/install/auto_control/share/auto_control/environment/ament_prefix_path.sh
[4.535s] -- Installing: /home/moonly/fpv_ros2_workspace/install/auto_control/share/auto_control/environment/ament_prefix_path.dsv
[4.535s] -- Up-to-date: /home/moonly/fpv_ros2_workspace/install/auto_control/share/auto_control/environment/path.sh
[4.536s] -- Installing: /home/moonly/fpv_ros2_workspace/install/auto_control/share/auto_control/environment/path.dsv
[4.537s] -- Up-to-date: /home/moonly/fpv_ros2_workspace/install/auto_control/share/auto_control/local_setup.bash
[4.537s] -- Up-to-date: /home/moonly/fpv_ros2_workspace/install/auto_control/share/auto_control/local_setup.sh
[4.537s] -- Up-to-date: /home/moonly/fpv_ros2_workspace/install/auto_control/share/auto_control/local_setup.zsh
[4.537s] -- Installing: /home/moonly/fpv_ros2_workspace/install/auto_control/share/auto_control/local_setup.dsv
[4.537s] -- Installing: /home/moonly/fpv_ros2_workspace/install/auto_control/share/auto_control/package.dsv
[4.537s] -- Up-to-date: /home/moonly/fpv_ros2_workspace/install/auto_control/share/ament_index/resource_index/packages/auto_control
[4.537s] -- Up-to-date: /home/moonly/fpv_ros2_workspace/install/auto_control/share/auto_control/cmake/auto_controlConfig.cmake
[4.537s] -- Up-to-date: /home/moonly/fpv_ros2_workspace/install/auto_control/share/auto_control/cmake/auto_controlConfig-version.cmake
[4.537s] -- Up-to-date: /home/moonly/fpv_ros2_workspace/install/auto_control/share/auto_control/package.xml
[4.540s] Invoked command in '/home/moonly/fpv_ros2_workspace/build/auto_control' returned '0': CMAKE_PREFIX_PATH=${CMAKE_PREFIX_PATH}:/opt/ros/foxy _=/usr/bin/env /usr/bin/cmake --install /home/moonly/fpv_ros2_workspace/build/auto_control
