[0.115s] Invoking command in '/home/moonly/fpv_ros2_workspace/build/manual_control': CMAKE_PREFIX_PATH=${CMAKE_PREFIX_PATH}:/opt/ros/foxy _=/usr/bin/env /usr/bin/cmake --build /home/moonly/fpv_ros2_workspace/build/manual_control -- -j8 -l8
[0.447s] [100%] Built target manual_control
[0.587s] Invoked command in '/home/moonly/fpv_ros2_workspace/build/manual_control' returned '0': CMAKE_PREFIX_PATH=${CMAKE_PREFIX_PATH}:/opt/ros/foxy _=/usr/bin/env /usr/bin/cmake --build /home/moonly/fpv_ros2_workspace/build/manual_control -- -j8 -l8
[1.072s] Invoking command in '/home/moonly/fpv_ros2_workspace/build/manual_control': CMAKE_PREFIX_PATH=${CMAKE_PREFIX_PATH}:/opt/ros/foxy _=/usr/bin/env /usr/bin/cmake --install /home/moonly/fpv_ros2_workspace/build/manual_control
[1.192s] -- Install configuration: ""
[1.192s] -- Up-to-date: /home/moonly/fpv_ros2_workspace/install/manual_control/lib/manual_control/manual_control
[1.193s] -- Up-to-date: /home/moonly/fpv_ros2_workspace/install/manual_control/share/ament_index/resource_index/package_run_dependencies/manual_control
[1.193s] -- Up-to-date: /home/moonly/fpv_ros2_workspace/install/manual_control/share/ament_index/resource_index/parent_prefix_path/manual_control
[1.193s] -- Up-to-date: /home/moonly/fpv_ros2_workspace/install/manual_control/share/manual_control/environment/ament_prefix_path.sh
[1.193s] -- Up-to-date: /home/moonly/fpv_ros2_workspace/install/manual_control/share/manual_control/environment/ament_prefix_path.dsv
[1.194s] -- Up-to-date: /home/moonly/fpv_ros2_workspace/install/manual_control/share/manual_control/environment/path.sh
[1.195s] -- Up-to-date: /home/moonly/fpv_ros2_workspace/install/manual_control/share/manual_control/environment/path.dsv
[1.195s] -- Up-to-date: /home/moonly/fpv_ros2_workspace/install/manual_control/share/manual_control/local_setup.bash
[1.195s] -- Up-to-date: /home/moonly/fpv_ros2_workspace/install/manual_control/share/manual_control/local_setup.sh
[1.195s] -- Up-to-date: /home/moonly/fpv_ros2_workspace/install/manual_control/share/manual_control/local_setup.zsh
[1.195s] -- Up-to-date: /home/moonly/fpv_ros2_workspace/install/manual_control/share/manual_control/local_setup.dsv
[1.195s] -- Installing: /home/moonly/fpv_ros2_workspace/install/manual_control/share/manual_control/package.dsv
[1.195s] -- Up-to-date: /home/moonly/fpv_ros2_workspace/install/manual_control/share/ament_index/resource_index/packages/manual_control
[1.195s] -- Up-to-date: /home/moonly/fpv_ros2_workspace/install/manual_control/share/manual_control/cmake/manual_controlConfig.cmake
[1.195s] -- Up-to-date: /home/moonly/fpv_ros2_workspace/install/manual_control/share/manual_control/cmake/manual_controlConfig-version.cmake
[1.195s] -- Up-to-date: /home/moonly/fpv_ros2_workspace/install/manual_control/share/manual_control/package.xml
[1.386s] Invoked command in '/home/moonly/fpv_ros2_workspace/build/manual_control' returned '0': CMAKE_PREFIX_PATH=${CMAKE_PREFIX_PATH}:/opt/ros/foxy _=/usr/bin/env /usr/bin/cmake --install /home/moonly/fpv_ros2_workspace/build/manual_control
