[0.091s] Invoking command in '/home/moonly/fpv_ros2_workspace/build/auto_control': CMAKE_PREFIX_PATH=${CMAKE_PREFIX_PATH}:/opt/ros/foxy _=/usr/bin/env /usr/bin/cmake /home/moonly/fpv_ros2_workspace/src/auto_control -DCMAKE_INSTALL_PREFIX=/home/moonly/fpv_ros2_workspace/install/auto_control
[0.226s] -- The C compiler identification is GNU 9.4.0
[0.387s] -- The CXX compiler identification is GNU 9.4.0
[0.393s] -- Check for working C compiler: /usr/bin/cc
[0.523s] -- Check for working C compiler: /usr/bin/cc -- works
[0.524s] -- Detecting C compiler ABI info
[0.688s] -- Detecting C compiler ABI info - done
[0.706s] -- Detecting C compile features
[0.710s] -- Detecting C compile features - done
[0.714s] -- Check for working CXX compiler: /usr/bin/c++
[0.953s] -- Check for working CXX compiler: /usr/bin/c++ -- works
[0.954s] -- Detecting CXX compiler ABI info
[1.108s] -- Detecting CXX compiler ABI info - done
[1.127s] -- Detecting CXX compile features
[1.128s] -- Detecting CXX compile features - done
[1.134s] -- Found ament_cmake: 0.9.12 (/opt/ros/foxy/share/ament_cmake/cmake)
[1.185s] -- Found PythonInterp: /usr/bin/python3 (found suitable version "3.8.10", minimum required is "3") 
[1.186s] -- Using PYTHON_EXECUTABLE: /usr/bin/python3
[1.595s] -- Found ament_lint_auto: 0.9.8 (/opt/ros/foxy/share/ament_lint_auto/cmake)
[1.739s] -- Found rclcpp: 2.4.3 (/opt/ros/foxy/share/rclcpp/cmake)
[1.828s] -- Using all available rosidl_typesupport_c: rosidl_typesupport_fastrtps_c;rosidl_typesupport_introspection_c
[1.860s] -- Found rosidl_adapter: 1.3.1 (/opt/ros/foxy/share/rosidl_adapter/cmake)
[2.078s] -- Found OpenSSL: /usr/lib/x86_64-linux-gnu/libcrypto.so (found version "1.1.1f")  
[2.138s] -- Found FastRTPS: /home/moonly/FastDDS-2.0.2/install/fastrtps/include  
[2.287s] -- Using all available rosidl_typesupport_cpp: rosidl_typesupport_fastrtps_cpp;rosidl_typesupport_introspection_cpp
[2.386s] -- Found rmw_implementation_cmake: 1.0.4 (/opt/ros/foxy/share/rmw_implementation_cmake/cmake)
[2.389s] -- Using RMW implementation 'rmw_fastrtps_cpp' as default
[2.392s] -- Looking for pthread.h
[2.530s] -- Looking for pthread.h - found
[2.530s] -- Performing Test CMAKE_HAVE_LIBC_PTHREAD
[2.709s] -- Performing Test CMAKE_HAVE_LIBC_PTHREAD - Failed
[2.709s] -- Looking for pthread_create in pthreads
[2.829s] -- Looking for pthread_create in pthreads - not found
[2.829s] -- Looking for pthread_create in pthread
[3.017s] -- Looking for pthread_create in pthread - found
[3.023s] -- Found Threads: TRUE  
[3.297s] -- Found geometry_msgs: 2.0.5 (/opt/ros/foxy/share/geometry_msgs/cmake)
[3.355s] -- Found sensor_msgs: 2.0.5 (/opt/ros/foxy/share/sensor_msgs/cmake)
[3.494s] CMake Error at CMakeLists.txt:47 (find_package):
[3.494s]   By not providing "Findfpv_msgs.cmake" in CMAKE_MODULE_PATH this project has
[3.494s]   asked CMake to find a package configuration file provided by "fpv_msgs",
[3.494s]   but CMake did not find one.
[3.494s] 
[3.494s]   Could not find a package configuration file provided by "fpv_msgs" with any
[3.494s]   of the following names:
[3.494s] 
[3.494s]     fpv_msgsConfig.cmake
[3.495s]     fpv_msgs-config.cmake
[3.495s] 
[3.495s]   Add the installation prefix of "fpv_msgs" to CMAKE_PREFIX_PATH or set
[3.495s]   "fpv_msgs_DIR" to a directory containing one of the above files.  If
[3.495s]   "fpv_msgs" provides a separate development package or SDK, be sure it has
[3.495s]   been installed.
[3.495s] 
[3.495s] 
[3.496s] -- Configuring incomplete, errors occurred!
[3.497s] See also "/home/moonly/fpv_ros2_workspace/build/auto_control/CMakeFiles/CMakeOutput.log".
[3.497s] See also "/home/moonly/fpv_ros2_workspace/build/auto_control/CMakeFiles/CMakeError.log".
[3.509s] Invoked command in '/home/moonly/fpv_ros2_workspace/build/auto_control' returned '1': CMAKE_PREFIX_PATH=${CMAKE_PREFIX_PATH}:/opt/ros/foxy _=/usr/bin/env /usr/bin/cmake /home/moonly/fpv_ros2_workspace/src/auto_control -DCMAKE_INSTALL_PREFIX=/home/moonly/fpv_ros2_workspace/install/auto_control
