[35m[1mScanning dependencies of target auto_control[0m
[ 50%] [32mBuilding CXX object CMakeFiles/auto_control.dir/src/Auto_control.cpp.o[0m
In file included from [01m[K/home/moonly/fpv_ros2_workspace/src/auto_control/src/Auto_control.cpp:3[m[K:
[01m[K/home/moonly/fpv_ros2_workspace/src/auto_control/include/Auto_control.hpp:[m[K In function ‘[01m[Kvoid* take_off(void*)[m[K’:
[01m[K/home/moonly/fpv_ros2_workspace/src/auto_control/include/Auto_control.hpp:120:22:[m[K [01;35m[Kwarning: [m[Kunused parameter ‘[01m[Karg[m[K’ [[01;35m[K-Wunused-parameter[m[K]
  120 | void *take_off([01;35m[Kvoid *arg[m[K)
      |                [01;35m[K~~~~~~^~~[m[K
[01m[K/home/moonly/fpv_ros2_workspace/src/auto_control/include/Auto_control.hpp:[m[K In function ‘[01m[Kvoid* land(void*)[m[K’:
[01m[K/home/moonly/fpv_ros2_workspace/src/auto_control/include/Auto_control.hpp:141:18:[m[K [01;35m[Kwarning: [m[Kunused parameter ‘[01m[Karg[m[K’ [[01;35m[K-Wunused-parameter[m[K]
  141 | void *land([01;35m[Kvoid *arg[m[K)
      |            [01;35m[K~~~~~~^~~[m[K
[01m[K/home/moonly/fpv_ros2_workspace/src/auto_control/include/Auto_control.hpp:[m[K In function ‘[01m[Kvoid* auto_fpv_control(void*)[m[K’:
[01m[K/home/moonly/fpv_ros2_workspace/src/auto_control/include/Auto_control.hpp:161:30:[m[K [01;35m[Kwarning: [m[Kunused parameter ‘[01m[Karg[m[K’ [[01;35m[K-Wunused-parameter[m[K]
  161 | void *auto_fpv_control([01;35m[Kvoid *arg[m[K)
      |                        [01;35m[K~~~~~~^~~[m[K
[01m[K/home/moonly/fpv_ros2_workspace/src/auto_control/include/Auto_control.hpp:[m[K In function ‘[01m[Kvoid* auto_boat_control(void*)[m[K’:
[01m[K/home/moonly/fpv_ros2_workspace/src/auto_control/include/Auto_control.hpp:278:31:[m[K [01;35m[Kwarning: [m[Kunused parameter ‘[01m[Karg[m[K’ [[01;35m[K-Wunused-parameter[m[K]
  278 | void *auto_boat_control([01;35m[Kvoid *arg[m[K)
      |                         [01;35m[K~~~~~~^~~[m[K
[01m[K/home/moonly/fpv_ros2_workspace/src/auto_control/src/Auto_control.cpp:[m[K In function ‘[01m[Kint main(int, char**)[m[K’:
[01m[K/home/moonly/fpv_ros2_workspace/src/auto_control/src/Auto_control.cpp:37:17:[m[K [01;31m[Kerror: [m[Kredeclaration of ‘[01m[Kstd::thread getkey_thread[m[K’
   37 |     std::thread [01;31m[Kgetkey_thread[m[K(terminal_print);
      |                 [01;31m[K^~~~~~~~~~~~~[m[K
[01m[K/home/moonly/fpv_ros2_workspace/src/auto_control/src/Auto_control.cpp:34:17:[m[K [01;36m[Knote: [m[K‘[01m[Kstd::thread getkey_thread[m[K’ previously declared here
   34 |     std::thread [01;36m[Kgetkey_thread[m[K(model_choose);
      |                 [01;36m[K^~~~~~~~~~~~~[m[K
make[2]: *** [CMakeFiles/auto_control.dir/build.make:63：CMakeFiles/auto_control.dir/src/Auto_control.cpp.o] 错误 1
make[1]: *** [CMakeFiles/Makefile2:78：CMakeFiles/auto_control.dir/all] 错误 2
make: *** [Makefile:141：all] 错误 2
