[0.330s] DEBUG:colcon:Command line arguments: ['/usr/bin/colcon', 'build']
[0.330s] DEBUG:colcon:Parsed command line arguments: Namespace(allow_overriding=[], ament_cmake_args=None, base_paths=['.'], build_base='build', catkin_cmake_args=None, catkin_skip_building_tests=False, cmake_args=None, cmake_clean_cache=False, cmake_clean_first=False, cmake_force_configure=False, cmake_target=None, cmake_target_skip_unavailable=False, continue_on_error=False, event_handlers=None, executor='parallel', ignore_user_meta=False, install_base='install', log_base=None, log_level=None, main=<bound method BuildVerb.main of <colcon_core.verb.build.BuildVerb object at 0x7f39b76beb80>>, merge_install=False, metas=['./colcon.meta'], packages_above=None, packages_above_and_dependencies=None, packages_above_depth=None, packages_end=None, packages_ignore=None, packages_ignore_regex=None, packages_select=None, packages_select_build_failed=False, packages_select_by_dep=None, packages_select_regex=None, packages_select_test_failures=False, packages_skip=None, packages_skip_build_finished=False, packages_skip_by_dep=None, packages_skip_regex=None, packages_skip_test_passed=False, packages_skip_up_to=None, packages_start=None, packages_up_to=None, packages_up_to_regex=None, parallel_workers=8, paths=None, symlink_install=False, test_result_base=None, verb_extension=<colcon_core.verb.build.BuildVerb object at 0x7f39b76beb80>, verb_name='build', verb_parser=<colcon_defaults.argument_parser.defaults.DefaultArgumentsDecorator object at 0x7f39b76c8130>)
[0.351s] Level 1:colcon.colcon_core.package_discovery:discover_packages(colcon_meta) check parameters
[0.351s] Level 1:colcon.colcon_core.package_discovery:discover_packages(recursive) check parameters
[0.351s] Level 1:colcon.colcon_core.package_discovery:discover_packages(ignore) check parameters
[0.351s] Level 1:colcon.colcon_core.package_discovery:discover_packages(path) check parameters
[0.351s] Level 1:colcon.colcon_core.package_discovery:discover_packages(colcon_meta) discover
[0.351s] Level 1:colcon.colcon_core.package_discovery:discover_packages(recursive) discover
[0.351s] INFO:colcon.colcon_core.package_discovery:Crawling recursively for packages in '/home/moonly/px4_ros_com_ros2/src/dgps_ros2'
[0.351s] Level 1:colcon.colcon_core.package_identification:_identify(.) by extensions ['ignore', 'ignore_ament_install']
[0.351s] Level 1:colcon.colcon_core.package_identification:_identify(.) by extension 'ignore'
[0.352s] Level 1:colcon.colcon_core.package_identification:_identify(.) by extension 'ignore_ament_install'
[0.352s] Level 1:colcon.colcon_core.package_identification:_identify(.) by extensions ['colcon_pkg']
[0.352s] Level 1:colcon.colcon_core.package_identification:_identify(.) by extension 'colcon_pkg'
[0.352s] Level 1:colcon.colcon_core.package_identification:_identify(.) by extensions ['colcon_meta']
[0.352s] Level 1:colcon.colcon_core.package_identification:_identify(.) by extension 'colcon_meta'
[0.352s] Level 1:colcon.colcon_core.package_identification:_identify(.) by extensions ['ros']
[0.352s] Level 1:colcon.colcon_core.package_identification:_identify(.) by extension 'ros'
[0.370s] Level 1:colcon.colcon_core.package_identification:_identify(.) by extensions ['cmake', 'python']
[0.370s] Level 1:colcon.colcon_core.package_identification:_identify(.) by extension 'cmake'
[0.370s] Level 1:colcon.colcon_core.package_identification:_identify(.) by extension 'python'
[0.370s] Level 1:colcon.colcon_core.package_identification:_identify(.) by extensions ['python_setup_py']
[0.370s] Level 1:colcon.colcon_core.package_identification:_identify(.) by extension 'python_setup_py'
[0.371s] Level 1:colcon.colcon_core.package_identification:_identify(build) by extensions ['ignore', 'ignore_ament_install']
[0.371s] Level 1:colcon.colcon_core.package_identification:_identify(build) by extension 'ignore'
[0.371s] Level 1:colcon.colcon_core.package_identification:_identify(build) ignored
[0.371s] Level 1:colcon.colcon_core.package_identification:_identify(dgps_msgs) by extensions ['ignore', 'ignore_ament_install']
[0.371s] Level 1:colcon.colcon_core.package_identification:_identify(dgps_msgs) by extension 'ignore'
[0.371s] Level 1:colcon.colcon_core.package_identification:_identify(dgps_msgs) by extension 'ignore_ament_install'
[0.371s] Level 1:colcon.colcon_core.package_identification:_identify(dgps_msgs) by extensions ['colcon_pkg']
[0.371s] Level 1:colcon.colcon_core.package_identification:_identify(dgps_msgs) by extension 'colcon_pkg'
[0.371s] Level 1:colcon.colcon_core.package_identification:_identify(dgps_msgs) by extensions ['colcon_meta']
[0.371s] Level 1:colcon.colcon_core.package_identification:_identify(dgps_msgs) by extension 'colcon_meta'
[0.371s] Level 1:colcon.colcon_core.package_identification:_identify(dgps_msgs) by extensions ['ros']
[0.371s] Level 1:colcon.colcon_core.package_identification:_identify(dgps_msgs) by extension 'ros'
[0.373s] DEBUG:colcon.colcon_core.package_identification:Package 'dgps_msgs' with type 'ros.ament_cmake' and name 'dgps_msgs'
[0.373s] Level 1:colcon.colcon_core.package_identification:_identify(dgps_ros2) by extensions ['ignore', 'ignore_ament_install']
[0.373s] Level 1:colcon.colcon_core.package_identification:_identify(dgps_ros2) by extension 'ignore'
[0.373s] Level 1:colcon.colcon_core.package_identification:_identify(dgps_ros2) by extension 'ignore_ament_install'
[0.373s] Level 1:colcon.colcon_core.package_identification:_identify(dgps_ros2) by extensions ['colcon_pkg']
[0.373s] Level 1:colcon.colcon_core.package_identification:_identify(dgps_ros2) by extension 'colcon_pkg'
[0.373s] Level 1:colcon.colcon_core.package_identification:_identify(dgps_ros2) by extensions ['colcon_meta']
[0.373s] Level 1:colcon.colcon_core.package_identification:_identify(dgps_ros2) by extension 'colcon_meta'
[0.373s] Level 1:colcon.colcon_core.package_identification:_identify(dgps_ros2) by extensions ['ros']
[0.373s] Level 1:colcon.colcon_core.package_identification:_identify(dgps_ros2) by extension 'ros'
[0.374s] DEBUG:colcon.colcon_core.package_identification:Package 'dgps_ros2' with type 'ros.ament_cmake' and name 'dgps_ros2'
[0.374s] Level 1:colcon.colcon_core.package_identification:_identify(install) by extensions ['ignore', 'ignore_ament_install']
[0.374s] Level 1:colcon.colcon_core.package_identification:_identify(install) by extension 'ignore'
[0.374s] Level 1:colcon.colcon_core.package_identification:_identify(install) ignored
[0.374s] Level 1:colcon.colcon_core.package_identification:_identify(log) by extensions ['ignore', 'ignore_ament_install']
[0.374s] Level 1:colcon.colcon_core.package_identification:_identify(log) by extension 'ignore'
[0.374s] Level 1:colcon.colcon_core.package_identification:_identify(log) ignored
[0.374s] Level 1:colcon.colcon_core.package_discovery:discover_packages(recursive) using defaults
[0.374s] Level 1:colcon.colcon_core.package_discovery:discover_packages(ignore) discover
[0.374s] Level 1:colcon.colcon_core.package_discovery:discover_packages(ignore) using defaults
[0.374s] Level 1:colcon.colcon_core.package_discovery:discover_packages(path) discover
[0.374s] Level 1:colcon.colcon_core.package_discovery:discover_packages(path) using defaults
[0.394s] Level 1:colcon.colcon_core.package_discovery:discover_packages(prefix_path) check parameters
[0.394s] Level 1:colcon.colcon_core.package_discovery:discover_packages(prefix_path) discover
[0.396s] DEBUG:colcon.colcon_installed_package_information.package_discovery:Found 3 installed packages in /home/moonly/px4_ros_com_ros2/install
[0.396s] DEBUG:colcon.colcon_installed_package_information.package_discovery:Found 3 installed packages in /home/moonly/桌面/My_PX4_projects/Workspace/install
[0.397s] DEBUG:colcon.colcon_installed_package_information.package_discovery:Found 263 installed packages in /opt/ros/foxy
[0.398s] Level 1:colcon.colcon_core.package_discovery:discover_packages(prefix_path) using defaults
[0.445s] Level 5:colcon.colcon_core.verb:set package 'dgps_msgs' build argument 'cmake_args' from command line to 'None'
[0.445s] Level 5:colcon.colcon_core.verb:set package 'dgps_msgs' build argument 'cmake_target' from command line to 'None'
[0.445s] Level 5:colcon.colcon_core.verb:set package 'dgps_msgs' build argument 'cmake_target_skip_unavailable' from command line to 'False'
[0.445s] Level 5:colcon.colcon_core.verb:set package 'dgps_msgs' build argument 'cmake_clean_cache' from command line to 'False'
[0.445s] Level 5:colcon.colcon_core.verb:set package 'dgps_msgs' build argument 'cmake_clean_first' from command line to 'False'
[0.445s] Level 5:colcon.colcon_core.verb:set package 'dgps_msgs' build argument 'cmake_force_configure' from command line to 'False'
[0.445s] Level 5:colcon.colcon_core.verb:set package 'dgps_msgs' build argument 'ament_cmake_args' from command line to 'None'
[0.445s] Level 5:colcon.colcon_core.verb:set package 'dgps_msgs' build argument 'catkin_cmake_args' from command line to 'None'
[0.445s] Level 5:colcon.colcon_core.verb:set package 'dgps_msgs' build argument 'catkin_skip_building_tests' from command line to 'False'
[0.445s] DEBUG:colcon.colcon_core.verb:Building package 'dgps_msgs' with the following arguments: {'ament_cmake_args': None, 'build_base': '/home/moonly/px4_ros_com_ros2/src/dgps_ros2/build/dgps_msgs', 'catkin_cmake_args': None, 'catkin_skip_building_tests': False, 'cmake_args': None, 'cmake_clean_cache': False, 'cmake_clean_first': False, 'cmake_force_configure': False, 'cmake_target': None, 'cmake_target_skip_unavailable': False, 'install_base': '/home/moonly/px4_ros_com_ros2/src/dgps_ros2/install/dgps_msgs', 'merge_install': False, 'path': '/home/moonly/px4_ros_com_ros2/src/dgps_ros2/dgps_msgs', 'symlink_install': False, 'test_result_base': None}
[0.446s] Level 5:colcon.colcon_core.verb:set package 'dgps_ros2' build argument 'cmake_args' from command line to 'None'
[0.446s] Level 5:colcon.colcon_core.verb:set package 'dgps_ros2' build argument 'cmake_target' from command line to 'None'
[0.446s] Level 5:colcon.colcon_core.verb:set package 'dgps_ros2' build argument 'cmake_target_skip_unavailable' from command line to 'False'
[0.446s] Level 5:colcon.colcon_core.verb:set package 'dgps_ros2' build argument 'cmake_clean_cache' from command line to 'False'
[0.446s] Level 5:colcon.colcon_core.verb:set package 'dgps_ros2' build argument 'cmake_clean_first' from command line to 'False'
[0.446s] Level 5:colcon.colcon_core.verb:set package 'dgps_ros2' build argument 'cmake_force_configure' from command line to 'False'
[0.446s] Level 5:colcon.colcon_core.verb:set package 'dgps_ros2' build argument 'ament_cmake_args' from command line to 'None'
[0.446s] Level 5:colcon.colcon_core.verb:set package 'dgps_ros2' build argument 'catkin_cmake_args' from command line to 'None'
[0.446s] Level 5:colcon.colcon_core.verb:set package 'dgps_ros2' build argument 'catkin_skip_building_tests' from command line to 'False'
[0.446s] DEBUG:colcon.colcon_core.verb:Building package 'dgps_ros2' with the following arguments: {'ament_cmake_args': None, 'build_base': '/home/moonly/px4_ros_com_ros2/src/dgps_ros2/build/dgps_ros2', 'catkin_cmake_args': None, 'catkin_skip_building_tests': False, 'cmake_args': None, 'cmake_clean_cache': False, 'cmake_clean_first': False, 'cmake_force_configure': False, 'cmake_target': None, 'cmake_target_skip_unavailable': False, 'install_base': '/home/moonly/px4_ros_com_ros2/src/dgps_ros2/install/dgps_ros2', 'merge_install': False, 'path': '/home/moonly/px4_ros_com_ros2/src/dgps_ros2/dgps_ros2', 'symlink_install': False, 'test_result_base': None}
[0.447s] INFO:colcon.colcon_core.executor:Executing jobs using 'parallel' executor
[0.449s] DEBUG:colcon.colcon_parallel_executor.executor.parallel:run_until_complete
[0.449s] INFO:colcon.colcon_ros.task.ament_cmake.build:Building ROS package in '/home/moonly/px4_ros_com_ros2/src/dgps_ros2/dgps_msgs' with build type 'ament_cmake'
[0.449s] INFO:colcon.colcon_cmake.task.cmake.build:Building CMake package in '/home/moonly/px4_ros_com_ros2/src/dgps_ros2/dgps_msgs'
[0.454s] INFO:colcon.colcon_core.plugin_system:Skipping extension 'colcon_core.shell.bat': Not used on non-Windows systems
[0.454s] INFO:colcon.colcon_core.shell:Skip shell extension 'powershell' for command environment: Not usable outside of PowerShell
[0.454s] DEBUG:colcon.colcon_core.shell:Skip shell extension 'dsv' for command environment
[0.466s] DEBUG:colcon.colcon_core.event_handler.log_command:Invoking command in '/home/moonly/px4_ros_com_ros2/src/dgps_ros2/build/dgps_msgs': CMAKE_PREFIX_PATH=${CMAKE_PREFIX_PATH}:/opt/ros/foxy /usr/bin/cmake --build /home/moonly/px4_ros_com_ros2/src/dgps_ros2/build/dgps_msgs -- -j8 -l8
[0.896s] DEBUG:colcon.colcon_core.event_handler.log_command:Invoked command in '/home/moonly/px4_ros_com_ros2/src/dgps_ros2/build/dgps_msgs' returned '0': CMAKE_PREFIX_PATH=${CMAKE_PREFIX_PATH}:/opt/ros/foxy /usr/bin/cmake --build /home/moonly/px4_ros_com_ros2/src/dgps_ros2/build/dgps_msgs -- -j8 -l8
[1.165s] DEBUG:colcon.colcon_core.event_handler.log_command:Invoking command in '/home/moonly/px4_ros_com_ros2/src/dgps_ros2/build/dgps_msgs': CMAKE_PREFIX_PATH=${CMAKE_PREFIX_PATH}:/opt/ros/foxy /usr/bin/cmake --install /home/moonly/px4_ros_com_ros2/src/dgps_ros2/build/dgps_msgs
[1.271s] Level 1:colcon.colcon_core.environment:create_environment_scripts_only(dgps_msgs)
[1.274s] DEBUG:colcon.colcon_core.event_handler.log_command:Invoked command in '/home/moonly/px4_ros_com_ros2/src/dgps_ros2/build/dgps_msgs' returned '0': CMAKE_PREFIX_PATH=${CMAKE_PREFIX_PATH}:/opt/ros/foxy /usr/bin/cmake --install /home/moonly/px4_ros_com_ros2/src/dgps_ros2/build/dgps_msgs
[1.287s] Level 1:colcon.colcon_core.environment:checking '/home/moonly/px4_ros_com_ros2/src/dgps_ros2/install/dgps_msgs' for CMake module files
[1.288s] Level 1:colcon.colcon_core.environment:checking '/home/moonly/px4_ros_com_ros2/src/dgps_ros2/install/dgps_msgs' for CMake config files
[1.289s] Level 1:colcon.colcon_core.shell:create_environment_hook('dgps_msgs', 'cmake_prefix_path')
[1.293s] INFO:colcon.colcon_core.shell:Creating environment hook '/home/moonly/px4_ros_com_ros2/src/dgps_ros2/install/dgps_msgs/share/dgps_msgs/hook/cmake_prefix_path.ps1'
[1.294s] INFO:colcon.colcon_core.shell:Creating environment descriptor '/home/moonly/px4_ros_com_ros2/src/dgps_ros2/install/dgps_msgs/share/dgps_msgs/hook/cmake_prefix_path.dsv'
[1.295s] INFO:colcon.colcon_core.shell:Creating environment hook '/home/moonly/px4_ros_com_ros2/src/dgps_ros2/install/dgps_msgs/share/dgps_msgs/hook/cmake_prefix_path.sh'
[1.296s] Level 1:colcon.colcon_core.environment:checking '/home/moonly/px4_ros_com_ros2/src/dgps_ros2/install/dgps_msgs/lib'
[1.297s] Level 1:colcon.colcon_core.shell:create_environment_hook('dgps_msgs', 'ld_library_path_lib')
[1.299s] INFO:colcon.colcon_core.shell:Creating environment hook '/home/moonly/px4_ros_com_ros2/src/dgps_ros2/install/dgps_msgs/share/dgps_msgs/hook/ld_library_path_lib.ps1'
[1.301s] INFO:colcon.colcon_core.shell:Creating environment descriptor '/home/moonly/px4_ros_com_ros2/src/dgps_ros2/install/dgps_msgs/share/dgps_msgs/hook/ld_library_path_lib.dsv'
[1.302s] INFO:colcon.colcon_core.shell:Creating environment hook '/home/moonly/px4_ros_com_ros2/src/dgps_ros2/install/dgps_msgs/share/dgps_msgs/hook/ld_library_path_lib.sh'
[1.302s] Level 1:colcon.colcon_core.environment:checking '/home/moonly/px4_ros_com_ros2/src/dgps_ros2/install/dgps_msgs/bin'
[1.303s] Level 1:colcon.colcon_core.environment:checking '/home/moonly/px4_ros_com_ros2/src/dgps_ros2/install/dgps_msgs/lib/pkgconfig/dgps_msgs.pc'
[1.303s] Level 1:colcon.colcon_core.environment:checking '/home/moonly/px4_ros_com_ros2/src/dgps_ros2/install/dgps_msgs/lib/python3.8/site-packages'
[1.303s] Level 1:colcon.colcon_core.shell:create_environment_hook('dgps_msgs', 'pythonpath')
[1.305s] INFO:colcon.colcon_core.shell:Creating environment hook '/home/moonly/px4_ros_com_ros2/src/dgps_ros2/install/dgps_msgs/share/dgps_msgs/hook/pythonpath.ps1'
[1.307s] INFO:colcon.colcon_core.shell:Creating environment descriptor '/home/moonly/px4_ros_com_ros2/src/dgps_ros2/install/dgps_msgs/share/dgps_msgs/hook/pythonpath.dsv'
[1.307s] INFO:colcon.colcon_core.shell:Creating environment hook '/home/moonly/px4_ros_com_ros2/src/dgps_ros2/install/dgps_msgs/share/dgps_msgs/hook/pythonpath.sh'
[1.308s] Level 1:colcon.colcon_core.environment:checking '/home/moonly/px4_ros_com_ros2/src/dgps_ros2/install/dgps_msgs/bin'
[1.310s] INFO:colcon.colcon_core.shell:Creating package script '/home/moonly/px4_ros_com_ros2/src/dgps_ros2/install/dgps_msgs/share/dgps_msgs/package.ps1'
[1.311s] INFO:colcon.colcon_core.shell:Creating package descriptor '/home/moonly/px4_ros_com_ros2/src/dgps_ros2/install/dgps_msgs/share/dgps_msgs/package.dsv'
[1.312s] INFO:colcon.colcon_core.shell:Creating package script '/home/moonly/px4_ros_com_ros2/src/dgps_ros2/install/dgps_msgs/share/dgps_msgs/package.sh'
[1.313s] INFO:colcon.colcon_core.shell:Creating package script '/home/moonly/px4_ros_com_ros2/src/dgps_ros2/install/dgps_msgs/share/dgps_msgs/package.bash'
[1.313s] INFO:colcon.colcon_core.shell:Creating package script '/home/moonly/px4_ros_com_ros2/src/dgps_ros2/install/dgps_msgs/share/dgps_msgs/package.zsh'
[1.314s] Level 1:colcon.colcon_core.environment:create_file_with_runtime_dependencies(/home/moonly/px4_ros_com_ros2/src/dgps_ros2/install/dgps_msgs/share/colcon-core/packages/dgps_msgs)
[1.474s] Level 1:colcon.colcon_core.environment:create_environment_scripts_only(dgps_msgs)
[1.477s] Level 1:colcon.colcon_core.environment:checking '/home/moonly/px4_ros_com_ros2/src/dgps_ros2/install/dgps_msgs' for CMake module files
[1.478s] Level 1:colcon.colcon_core.environment:checking '/home/moonly/px4_ros_com_ros2/src/dgps_ros2/install/dgps_msgs' for CMake config files
[1.479s] Level 1:colcon.colcon_core.shell:create_environment_hook('dgps_msgs', 'cmake_prefix_path')
[1.481s] INFO:colcon.colcon_core.shell:Creating environment hook '/home/moonly/px4_ros_com_ros2/src/dgps_ros2/install/dgps_msgs/share/dgps_msgs/hook/cmake_prefix_path.ps1'
[1.483s] INFO:colcon.colcon_core.shell:Creating environment descriptor '/home/moonly/px4_ros_com_ros2/src/dgps_ros2/install/dgps_msgs/share/dgps_msgs/hook/cmake_prefix_path.dsv'
[1.483s] INFO:colcon.colcon_core.shell:Creating environment hook '/home/moonly/px4_ros_com_ros2/src/dgps_ros2/install/dgps_msgs/share/dgps_msgs/hook/cmake_prefix_path.sh'
[1.485s] Level 1:colcon.colcon_core.environment:checking '/home/moonly/px4_ros_com_ros2/src/dgps_ros2/install/dgps_msgs/lib'
[1.485s] Level 1:colcon.colcon_core.shell:create_environment_hook('dgps_msgs', 'ld_library_path_lib')
[1.488s] INFO:colcon.colcon_core.shell:Creating environment hook '/home/moonly/px4_ros_com_ros2/src/dgps_ros2/install/dgps_msgs/share/dgps_msgs/hook/ld_library_path_lib.ps1'
[1.489s] INFO:colcon.colcon_core.shell:Creating environment descriptor '/home/moonly/px4_ros_com_ros2/src/dgps_ros2/install/dgps_msgs/share/dgps_msgs/hook/ld_library_path_lib.dsv'
[1.490s] INFO:colcon.colcon_core.shell:Creating environment hook '/home/moonly/px4_ros_com_ros2/src/dgps_ros2/install/dgps_msgs/share/dgps_msgs/hook/ld_library_path_lib.sh'
[1.490s] Level 1:colcon.colcon_core.environment:checking '/home/moonly/px4_ros_com_ros2/src/dgps_ros2/install/dgps_msgs/bin'
[1.490s] Level 1:colcon.colcon_core.environment:checking '/home/moonly/px4_ros_com_ros2/src/dgps_ros2/install/dgps_msgs/lib/pkgconfig/dgps_msgs.pc'
[1.490s] Level 1:colcon.colcon_core.environment:checking '/home/moonly/px4_ros_com_ros2/src/dgps_ros2/install/dgps_msgs/lib/python3.8/site-packages'
[1.490s] Level 1:colcon.colcon_core.shell:create_environment_hook('dgps_msgs', 'pythonpath')
[1.493s] INFO:colcon.colcon_core.shell:Creating environment hook '/home/moonly/px4_ros_com_ros2/src/dgps_ros2/install/dgps_msgs/share/dgps_msgs/hook/pythonpath.ps1'
[1.494s] INFO:colcon.colcon_core.shell:Creating environment descriptor '/home/moonly/px4_ros_com_ros2/src/dgps_ros2/install/dgps_msgs/share/dgps_msgs/hook/pythonpath.dsv'
[1.495s] INFO:colcon.colcon_core.shell:Creating environment hook '/home/moonly/px4_ros_com_ros2/src/dgps_ros2/install/dgps_msgs/share/dgps_msgs/hook/pythonpath.sh'
[1.496s] Level 1:colcon.colcon_core.environment:checking '/home/moonly/px4_ros_com_ros2/src/dgps_ros2/install/dgps_msgs/bin'
[1.500s] INFO:colcon.colcon_core.shell:Creating package script '/home/moonly/px4_ros_com_ros2/src/dgps_ros2/install/dgps_msgs/share/dgps_msgs/package.ps1'
[1.501s] INFO:colcon.colcon_core.shell:Creating package descriptor '/home/moonly/px4_ros_com_ros2/src/dgps_ros2/install/dgps_msgs/share/dgps_msgs/package.dsv'
[1.503s] INFO:colcon.colcon_core.shell:Creating package script '/home/moonly/px4_ros_com_ros2/src/dgps_ros2/install/dgps_msgs/share/dgps_msgs/package.sh'
[1.504s] INFO:colcon.colcon_core.shell:Creating package script '/home/moonly/px4_ros_com_ros2/src/dgps_ros2/install/dgps_msgs/share/dgps_msgs/package.bash'
[1.504s] INFO:colcon.colcon_core.shell:Creating package script '/home/moonly/px4_ros_com_ros2/src/dgps_ros2/install/dgps_msgs/share/dgps_msgs/package.zsh'
[1.505s] Level 1:colcon.colcon_core.environment:create_file_with_runtime_dependencies(/home/moonly/px4_ros_com_ros2/src/dgps_ros2/install/dgps_msgs/share/colcon-core/packages/dgps_msgs)
[1.507s] INFO:colcon.colcon_ros.task.ament_cmake.build:Building ROS package in '/home/moonly/px4_ros_com_ros2/src/dgps_ros2/dgps_ros2' with build type 'ament_cmake'
[1.508s] INFO:colcon.colcon_cmake.task.cmake.build:Building CMake package in '/home/moonly/px4_ros_com_ros2/src/dgps_ros2/dgps_ros2'
[1.511s] INFO:colcon.colcon_core.shell:Skip shell extension 'powershell' for command environment: Not usable outside of PowerShell
[1.512s] DEBUG:colcon.colcon_core.shell:Skip shell extension 'dsv' for command environment
[1.553s] DEBUG:colcon.colcon_core.event_handler.log_command:Invoking command in '/home/moonly/px4_ros_com_ros2/src/dgps_ros2/build/dgps_ros2': AMENT_PREFIX_PATH=/home/moonly/px4_ros_com_ros2/src/dgps_ros2/install/dgps_msgs:${AMENT_PREFIX_PATH} CMAKE_PREFIX_PATH=/home/moonly/px4_ros_com_ros2/src/dgps_ros2/install/dgps_msgs:/home/moonly/桌面/My_PX4_projects/Workspace/install/keyboard_control:/home/moonly/桌面/My_PX4_projects/Workspace/install/auto_cruise:/home/moonly/桌面/My_PX4_projects/Workspace/install/KeyboardControl:/home/moonly/px4_ros_com_ros2/install/px4_ros_com:/home/moonly/px4_ros_com_ros2/install/boat_transform:/home/moonly/px4_ros_com_ros2/install/px4_msgs:/opt/ros/foxy LD_LIBRARY_PATH=/home/moonly/px4_ros_com_ros2/src/dgps_ros2/install/dgps_msgs/lib:${LD_LIBRARY_PATH} PYTHONPATH=/home/moonly/px4_ros_com_ros2/src/dgps_ros2/install/dgps_msgs/lib/python3.8/site-packages:${PYTHONPATH} /usr/bin/cmake --build /home/moonly/px4_ros_com_ros2/src/dgps_ros2/build/dgps_ros2 -- -j8 -l8
[13.506s] DEBUG:colcon.colcon_core.event_handler.log_command:Invoked command in '/home/moonly/px4_ros_com_ros2/src/dgps_ros2/build/dgps_ros2' returned '0': AMENT_PREFIX_PATH=/home/moonly/px4_ros_com_ros2/src/dgps_ros2/install/dgps_msgs:${AMENT_PREFIX_PATH} CMAKE_PREFIX_PATH=/home/moonly/px4_ros_com_ros2/src/dgps_ros2/install/dgps_msgs:/home/moonly/桌面/My_PX4_projects/Workspace/install/keyboard_control:/home/moonly/桌面/My_PX4_projects/Workspace/install/auto_cruise:/home/moonly/桌面/My_PX4_projects/Workspace/install/KeyboardControl:/home/moonly/px4_ros_com_ros2/install/px4_ros_com:/home/moonly/px4_ros_com_ros2/install/boat_transform:/home/moonly/px4_ros_com_ros2/install/px4_msgs:/opt/ros/foxy LD_LIBRARY_PATH=/home/moonly/px4_ros_com_ros2/src/dgps_ros2/install/dgps_msgs/lib:${LD_LIBRARY_PATH} PYTHONPATH=/home/moonly/px4_ros_com_ros2/src/dgps_ros2/install/dgps_msgs/lib/python3.8/site-packages:${PYTHONPATH} /usr/bin/cmake --build /home/moonly/px4_ros_com_ros2/src/dgps_ros2/build/dgps_ros2 -- -j8 -l8
[13.536s] DEBUG:colcon.colcon_core.event_handler.log_command:Invoking command in '/home/moonly/px4_ros_com_ros2/src/dgps_ros2/build/dgps_ros2': AMENT_PREFIX_PATH=/home/moonly/px4_ros_com_ros2/src/dgps_ros2/install/dgps_msgs:${AMENT_PREFIX_PATH} CMAKE_PREFIX_PATH=/home/moonly/px4_ros_com_ros2/src/dgps_ros2/install/dgps_msgs:/home/moonly/桌面/My_PX4_projects/Workspace/install/keyboard_control:/home/moonly/桌面/My_PX4_projects/Workspace/install/auto_cruise:/home/moonly/桌面/My_PX4_projects/Workspace/install/KeyboardControl:/home/moonly/px4_ros_com_ros2/install/px4_ros_com:/home/moonly/px4_ros_com_ros2/install/boat_transform:/home/moonly/px4_ros_com_ros2/install/px4_msgs:/opt/ros/foxy LD_LIBRARY_PATH=/home/moonly/px4_ros_com_ros2/src/dgps_ros2/install/dgps_msgs/lib:${LD_LIBRARY_PATH} PYTHONPATH=/home/moonly/px4_ros_com_ros2/src/dgps_ros2/install/dgps_msgs/lib/python3.8/site-packages:${PYTHONPATH} /usr/bin/cmake --install /home/moonly/px4_ros_com_ros2/src/dgps_ros2/build/dgps_ros2
[13.546s] Level 1:colcon.colcon_core.environment:create_environment_scripts_only(dgps_ros2)
[13.547s] Level 1:colcon.colcon_core.environment:checking '/home/moonly/px4_ros_com_ros2/src/dgps_ros2/install/dgps_ros2' for CMake module files
[13.548s] DEBUG:colcon.colcon_core.event_handler.log_command:Invoked command in '/home/moonly/px4_ros_com_ros2/src/dgps_ros2/build/dgps_ros2' returned '0': AMENT_PREFIX_PATH=/home/moonly/px4_ros_com_ros2/src/dgps_ros2/install/dgps_msgs:${AMENT_PREFIX_PATH} CMAKE_PREFIX_PATH=/home/moonly/px4_ros_com_ros2/src/dgps_ros2/install/dgps_msgs:/home/moonly/桌面/My_PX4_projects/Workspace/install/keyboard_control:/home/moonly/桌面/My_PX4_projects/Workspace/install/auto_cruise:/home/moonly/桌面/My_PX4_projects/Workspace/install/KeyboardControl:/home/moonly/px4_ros_com_ros2/install/px4_ros_com:/home/moonly/px4_ros_com_ros2/install/boat_transform:/home/moonly/px4_ros_com_ros2/install/px4_msgs:/opt/ros/foxy LD_LIBRARY_PATH=/home/moonly/px4_ros_com_ros2/src/dgps_ros2/install/dgps_msgs/lib:${LD_LIBRARY_PATH} PYTHONPATH=/home/moonly/px4_ros_com_ros2/src/dgps_ros2/install/dgps_msgs/lib/python3.8/site-packages:${PYTHONPATH} /usr/bin/cmake --install /home/moonly/px4_ros_com_ros2/src/dgps_ros2/build/dgps_ros2
[13.548s] Level 1:colcon.colcon_core.environment:checking '/home/moonly/px4_ros_com_ros2/src/dgps_ros2/install/dgps_ros2' for CMake config files
[13.548s] Level 1:colcon.colcon_core.shell:create_environment_hook('dgps_ros2', 'cmake_prefix_path')
[13.549s] INFO:colcon.colcon_core.shell:Creating environment hook '/home/moonly/px4_ros_com_ros2/src/dgps_ros2/install/dgps_ros2/share/dgps_ros2/hook/cmake_prefix_path.ps1'
[13.549s] INFO:colcon.colcon_core.shell:Creating environment descriptor '/home/moonly/px4_ros_com_ros2/src/dgps_ros2/install/dgps_ros2/share/dgps_ros2/hook/cmake_prefix_path.dsv'
[13.549s] INFO:colcon.colcon_core.shell:Creating environment hook '/home/moonly/px4_ros_com_ros2/src/dgps_ros2/install/dgps_ros2/share/dgps_ros2/hook/cmake_prefix_path.sh'
[13.550s] Level 1:colcon.colcon_core.environment:checking '/home/moonly/px4_ros_com_ros2/src/dgps_ros2/install/dgps_ros2/lib'
[13.550s] Level 1:colcon.colcon_core.shell:create_environment_hook('dgps_ros2', 'ld_library_path_lib')
[13.551s] INFO:colcon.colcon_core.shell:Creating environment hook '/home/moonly/px4_ros_com_ros2/src/dgps_ros2/install/dgps_ros2/share/dgps_ros2/hook/ld_library_path_lib.ps1'
[13.551s] INFO:colcon.colcon_core.shell:Creating environment descriptor '/home/moonly/px4_ros_com_ros2/src/dgps_ros2/install/dgps_ros2/share/dgps_ros2/hook/ld_library_path_lib.dsv'
[13.551s] INFO:colcon.colcon_core.shell:Creating environment hook '/home/moonly/px4_ros_com_ros2/src/dgps_ros2/install/dgps_ros2/share/dgps_ros2/hook/ld_library_path_lib.sh'
[13.551s] Level 1:colcon.colcon_core.environment:checking '/home/moonly/px4_ros_com_ros2/src/dgps_ros2/install/dgps_ros2/bin'
[13.551s] Level 1:colcon.colcon_core.environment:checking '/home/moonly/px4_ros_com_ros2/src/dgps_ros2/install/dgps_ros2/lib/pkgconfig/dgps_ros2.pc'
[13.551s] Level 1:colcon.colcon_core.environment:checking '/home/moonly/px4_ros_com_ros2/src/dgps_ros2/install/dgps_ros2/lib/python3.8/site-packages'
[13.552s] Level 1:colcon.colcon_core.environment:checking '/home/moonly/px4_ros_com_ros2/src/dgps_ros2/install/dgps_ros2/bin'
[13.552s] INFO:colcon.colcon_core.shell:Creating package script '/home/moonly/px4_ros_com_ros2/src/dgps_ros2/install/dgps_ros2/share/dgps_ros2/package.ps1'
[13.553s] INFO:colcon.colcon_core.shell:Creating package descriptor '/home/moonly/px4_ros_com_ros2/src/dgps_ros2/install/dgps_ros2/share/dgps_ros2/package.dsv'
[13.553s] INFO:colcon.colcon_core.shell:Creating package script '/home/moonly/px4_ros_com_ros2/src/dgps_ros2/install/dgps_ros2/share/dgps_ros2/package.sh'
[13.553s] INFO:colcon.colcon_core.shell:Creating package script '/home/moonly/px4_ros_com_ros2/src/dgps_ros2/install/dgps_ros2/share/dgps_ros2/package.bash'
[13.554s] INFO:colcon.colcon_core.shell:Creating package script '/home/moonly/px4_ros_com_ros2/src/dgps_ros2/install/dgps_ros2/share/dgps_ros2/package.zsh'
[13.554s] Level 1:colcon.colcon_core.environment:create_file_with_runtime_dependencies(/home/moonly/px4_ros_com_ros2/src/dgps_ros2/install/dgps_ros2/share/colcon-core/packages/dgps_ros2)
[13.584s] Level 1:colcon.colcon_core.environment:create_environment_scripts_only(dgps_ros2)
[13.586s] Level 1:colcon.colcon_core.environment:checking '/home/moonly/px4_ros_com_ros2/src/dgps_ros2/install/dgps_ros2' for CMake module files
[13.587s] Level 1:colcon.colcon_core.environment:checking '/home/moonly/px4_ros_com_ros2/src/dgps_ros2/install/dgps_ros2' for CMake config files
[13.587s] Level 1:colcon.colcon_core.shell:create_environment_hook('dgps_ros2', 'cmake_prefix_path')
[13.588s] INFO:colcon.colcon_core.shell:Creating environment hook '/home/moonly/px4_ros_com_ros2/src/dgps_ros2/install/dgps_ros2/share/dgps_ros2/hook/cmake_prefix_path.ps1'
[13.590s] INFO:colcon.colcon_core.shell:Creating environment descriptor '/home/moonly/px4_ros_com_ros2/src/dgps_ros2/install/dgps_ros2/share/dgps_ros2/hook/cmake_prefix_path.dsv'
[13.591s] INFO:colcon.colcon_core.shell:Creating environment hook '/home/moonly/px4_ros_com_ros2/src/dgps_ros2/install/dgps_ros2/share/dgps_ros2/hook/cmake_prefix_path.sh'
[13.592s] Level 1:colcon.colcon_core.environment:checking '/home/moonly/px4_ros_com_ros2/src/dgps_ros2/install/dgps_ros2/lib'
[13.592s] Level 1:colcon.colcon_core.shell:create_environment_hook('dgps_ros2', 'ld_library_path_lib')
[13.594s] INFO:colcon.colcon_core.shell:Creating environment hook '/home/moonly/px4_ros_com_ros2/src/dgps_ros2/install/dgps_ros2/share/dgps_ros2/hook/ld_library_path_lib.ps1'
[13.594s] INFO:colcon.colcon_core.shell:Creating environment descriptor '/home/moonly/px4_ros_com_ros2/src/dgps_ros2/install/dgps_ros2/share/dgps_ros2/hook/ld_library_path_lib.dsv'
[13.595s] INFO:colcon.colcon_core.shell:Creating environment hook '/home/moonly/px4_ros_com_ros2/src/dgps_ros2/install/dgps_ros2/share/dgps_ros2/hook/ld_library_path_lib.sh'
[13.595s] Level 1:colcon.colcon_core.environment:checking '/home/moonly/px4_ros_com_ros2/src/dgps_ros2/install/dgps_ros2/bin'
[13.595s] Level 1:colcon.colcon_core.environment:checking '/home/moonly/px4_ros_com_ros2/src/dgps_ros2/install/dgps_ros2/lib/pkgconfig/dgps_ros2.pc'
[13.595s] Level 1:colcon.colcon_core.environment:checking '/home/moonly/px4_ros_com_ros2/src/dgps_ros2/install/dgps_ros2/lib/python3.8/site-packages'
[13.595s] Level 1:colcon.colcon_core.environment:checking '/home/moonly/px4_ros_com_ros2/src/dgps_ros2/install/dgps_ros2/bin'
[13.597s] INFO:colcon.colcon_core.shell:Creating package script '/home/moonly/px4_ros_com_ros2/src/dgps_ros2/install/dgps_ros2/share/dgps_ros2/package.ps1'
[13.597s] INFO:colcon.colcon_core.shell:Creating package descriptor '/home/moonly/px4_ros_com_ros2/src/dgps_ros2/install/dgps_ros2/share/dgps_ros2/package.dsv'
[13.598s] INFO:colcon.colcon_core.shell:Creating package script '/home/moonly/px4_ros_com_ros2/src/dgps_ros2/install/dgps_ros2/share/dgps_ros2/package.sh'
[13.598s] INFO:colcon.colcon_core.shell:Creating package script '/home/moonly/px4_ros_com_ros2/src/dgps_ros2/install/dgps_ros2/share/dgps_ros2/package.bash'
[13.599s] INFO:colcon.colcon_core.shell:Creating package script '/home/moonly/px4_ros_com_ros2/src/dgps_ros2/install/dgps_ros2/share/dgps_ros2/package.zsh'
[13.599s] Level 1:colcon.colcon_core.environment:create_file_with_runtime_dependencies(/home/moonly/px4_ros_com_ros2/src/dgps_ros2/install/dgps_ros2/share/colcon-core/packages/dgps_ros2)
[13.600s] DEBUG:colcon.colcon_parallel_executor.executor.parallel:closing loop
[13.600s] DEBUG:colcon.colcon_parallel_executor.executor.parallel:loop closed
[13.600s] DEBUG:colcon.colcon_parallel_executor.executor.parallel:run_until_complete finished with '0'
[13.600s] DEBUG:colcon.colcon_core.event_reactor:joining thread
[13.613s] INFO:colcon.colcon_core.plugin_system:Skipping extension 'colcon_notification.desktop_notification.terminal_notifier': Not used on non-Darwin systems
[13.613s] INFO:colcon.colcon_core.plugin_system:Skipping extension 'colcon_notification.desktop_notification.win32': Not used on non-Windows systems
[13.613s] INFO:colcon.colcon_notification.desktop_notification:Sending desktop notification using 'notify2'
[13.625s] DEBUG:colcon.colcon_core.event_reactor:joined thread
[13.627s] INFO:colcon.colcon_core.shell:Creating prefix script '/home/moonly/px4_ros_com_ros2/src/dgps_ros2/install/local_setup.ps1'
[13.629s] INFO:colcon.colcon_core.shell:Creating prefix util module '/home/moonly/px4_ros_com_ros2/src/dgps_ros2/install/_local_setup_util_ps1.py'
[13.630s] INFO:colcon.colcon_core.shell:Creating prefix chain script '/home/moonly/px4_ros_com_ros2/src/dgps_ros2/install/setup.ps1'
[13.632s] INFO:colcon.colcon_core.shell:Creating prefix script '/home/moonly/px4_ros_com_ros2/src/dgps_ros2/install/local_setup.sh'
[13.634s] INFO:colcon.colcon_core.shell:Creating prefix util module '/home/moonly/px4_ros_com_ros2/src/dgps_ros2/install/_local_setup_util_sh.py'
[13.635s] INFO:colcon.colcon_core.shell:Creating prefix chain script '/home/moonly/px4_ros_com_ros2/src/dgps_ros2/install/setup.sh'
[13.640s] INFO:colcon.colcon_core.shell:Creating prefix script '/home/moonly/px4_ros_com_ros2/src/dgps_ros2/install/local_setup.bash'
[13.642s] INFO:colcon.colcon_core.shell:Creating prefix chain script '/home/moonly/px4_ros_com_ros2/src/dgps_ros2/install/setup.bash'
[13.646s] INFO:colcon.colcon_core.shell:Creating prefix script '/home/moonly/px4_ros_com_ros2/src/dgps_ros2/install/local_setup.zsh'
[13.648s] INFO:colcon.colcon_core.shell:Creating prefix chain script '/home/moonly/px4_ros_com_ros2/src/dgps_ros2/install/setup.zsh'
