[0.073s] Invoking command in '/home/moonly/fpv_ros2_workspace/build/fpv_msgs': CMAKE_PREFIX_PATH=${CMAKE_PREFIX_PATH}:/opt/ros/foxy _=/usr/bin/env /usr/bin/cmake --build /home/moonly/fpv_ros2_workspace/build/fpv_msgs -- -j8 -l8
[0.119s] -- Found ament_cmake: 0.9.12 (/opt/ros/foxy/share/ament_cmake/cmake)
[0.169s] -- Found PythonInterp: /usr/bin/python3 (found suitable version "3.8.10", minimum required is "3") 
[0.171s] -- Using PYTHON_EXECUTABLE: /usr/bin/python3
[0.472s] -- Found rclcpp: 2.4.3 (/opt/ros/foxy/share/rclcpp/cmake)
[0.500s] -- Using all available rosidl_typesupport_c: rosidl_typesupport_fastrtps_c;rosidl_typesupport_introspection_c
[0.504s] -- Found rosidl_adapter: 1.3.1 (/opt/ros/foxy/share/rosidl_adapter/cmake)
[0.659s] -- Using all available rosidl_typesupport_cpp: rosidl_typesupport_fastrtps_cpp;rosidl_typesupport_introspection_cpp
[0.707s] -- Found rmw_implementation_cmake: 1.0.4 (/opt/ros/foxy/share/rmw_implementation_cmake/cmake)
[0.708s] -- Using RMW implementation 'rmw_fastrtps_cpp' as default
[0.829s] -- Found rosidl_default_generators: 1.0.1 (/opt/ros/foxy/share/rosidl_default_generators/cmake)
[0.867s] -- Found PythonInterp: /usr/bin/python3 (found version "3.8.10") 
[1.064s] -- Found ament_cmake_ros: 0.9.2 (/opt/ros/foxy/share/ament_cmake_ros/cmake)
[1.163s] -- Using all available rosidl_typesupport_c: rosidl_typesupport_fastrtps_c;rosidl_typesupport_introspection_c
[1.168s] -- Using all available rosidl_typesupport_cpp: rosidl_typesupport_fastrtps_cpp;rosidl_typesupport_introspection_cpp
[1.194s] -- Found PythonInterp: /usr/bin/python3 (found suitable version "3.8.10", minimum required is "3.5") 
[1.194s] -- Found python_cmake_module: 0.8.1 (/opt/ros/foxy/share/python_cmake_module/cmake)
[1.227s] -- Using PYTHON_EXECUTABLE: /usr/bin/python3
[1.227s] -- Using PYTHON_INCLUDE_DIRS: /usr/include/python3.8
[1.227s] -- Using PYTHON_LIBRARIES: /usr/lib/x86_64-linux-gnu/libpython3.8.so
[1.249s] -- Found ament_lint_auto: 0.9.8 (/opt/ros/foxy/share/ament_lint_auto/cmake)
[1.264s] -- Added test 'copyright' to check source files copyright and LICENSE
[1.266s] -- Added test 'lint_cmake' to check CMake code style
[1.266s] -- Added test 'xmllint' to check XML markup files
[1.273s] -- Configuring done
[1.302s] -- Generating done
[1.306s] -- Build files have been written to: /home/moonly/fpv_ros2_workspace/build/fpv_msgs
[1.352s] [  3%] [34m[1mGenerating C code for ROS interfaces[0m
[1.372s] [  6%] [34m[1mGenerating C++ code for ROS interfaces[0m
[1.915s] [35m[1mScanning dependencies of target fpv_msgs__rosidl_generator_c[0m
[1.933s] [  9%] [32mBuilding C object CMakeFiles/fpv_msgs__rosidl_generator_c.dir/rosidl_generator_c/fpv_msgs/msg/detail/moonly_fpv__functions.c.o[0m
[1.995s] [  9%] Built target fpv_msgs__cpp
[1.997s] [ 12%] [32m[1mLinking C shared library libfpv_msgs__rosidl_generator_c.so[0m
[2.008s] [ 16%] [34m[1mGenerating C++ type support for eProsima Fast-RTPS[0m
[2.008s] [ 19%] [34m[1mGenerating C++ type support dispatch for ROS interfaces[0m
[2.009s] [ 22%] [34m[1mGenerating C++ introspection for ROS interfaces[0m
[2.061s] [ 22%] Built target fpv_msgs__rosidl_generator_c
[2.082s] [ 25%] [34m[1mGenerating C introspection for ROS interfaces[0m
[2.097s] [ 29%] [34m[1mGenerating C type support dispatch for ROS interfaces[0m
[2.830s] [35m[1mScanning dependencies of target fpv_msgs__rosidl_typesupport_fastrtps_cpp[0m
[2.841s] [35m[1mScanning dependencies of target fpv_msgs__rosidl_typesupport_introspection_cpp[0m
[2.880s] [ 32%] [32mBuilding CXX object CMakeFiles/fpv_msgs__rosidl_typesupport_fastrtps_cpp.dir/rosidl_typesupport_fastrtps_cpp/fpv_msgs/msg/detail/dds_fastrtps/moonly_fpv__type_support.cpp.o[0m
[2.882s] [35m[1mScanning dependencies of target fpv_msgs__rosidl_typesupport_cpp[0m
[2.898s] [ 35%] [32mBuilding CXX object CMakeFiles/fpv_msgs__rosidl_typesupport_introspection_cpp.dir/rosidl_typesupport_introspection_cpp/fpv_msgs/msg/detail/moonly_fpv__type_support.cpp.o[0m
[2.929s] [ 38%] [32mBuilding CXX object CMakeFiles/fpv_msgs__rosidl_typesupport_cpp.dir/rosidl_typesupport_cpp/fpv_msgs/msg/moonly_fpv__type_support.cpp.o[0m
[2.937s] [35m[1mScanning dependencies of target fpv_msgs__rosidl_typesupport_introspection_c[0m
[2.967s] [ 41%] [32mBuilding C object CMakeFiles/fpv_msgs__rosidl_typesupport_introspection_c.dir/rosidl_typesupport_introspection_c/fpv_msgs/msg/detail/moonly_fpv__type_support.c.o[0m
[3.017s] [35m[1mScanning dependencies of target fpv_msgs__rosidl_typesupport_c[0m
[3.060s] [ 45%] [32mBuilding CXX object CMakeFiles/fpv_msgs__rosidl_typesupport_c.dir/rosidl_typesupport_c/fpv_msgs/msg/moonly_fpv__type_support.cpp.o[0m
[3.078s] [ 48%] [32m[1mLinking C shared library libfpv_msgs__rosidl_typesupport_introspection_c.so[0m
[3.144s] [ 48%] Built target fpv_msgs__rosidl_typesupport_introspection_c
[3.160s] [ 51%] [32m[1mLinking CXX shared library libfpv_msgs__rosidl_typesupport_c.so[0m
[3.216s] [ 51%] Built target fpv_msgs__rosidl_typesupport_c
[3.297s] [ 54%] [32m[1mLinking CXX shared library libfpv_msgs__rosidl_typesupport_introspection_cpp.so[0m
[3.330s] [ 58%] [32m[1mLinking CXX shared library libfpv_msgs__rosidl_typesupport_cpp.so[0m
[3.353s] [ 58%] Built target fpv_msgs__rosidl_typesupport_introspection_cpp
[3.384s] [ 58%] Built target fpv_msgs__rosidl_typesupport_cpp
[3.554s] [ 61%] [32m[1mLinking CXX shared library libfpv_msgs__rosidl_typesupport_fastrtps_cpp.so[0m
[3.651s] [ 61%] Built target fpv_msgs__rosidl_typesupport_fastrtps_cpp
[3.673s] [ 64%] [34m[1mGenerating C type support for eProsima Fast-RTPS[0m
[4.245s] [35m[1mScanning dependencies of target fpv_msgs__rosidl_typesupport_fastrtps_c[0m
[4.263s] [ 67%] [32mBuilding CXX object CMakeFiles/fpv_msgs__rosidl_typesupport_fastrtps_c.dir/rosidl_typesupport_fastrtps_c/fpv_msgs/msg/detail/moonly_fpv__type_support_c.cpp.o[0m
[4.604s] [ 70%] [32m[1mLinking CXX shared library libfpv_msgs__rosidl_typesupport_fastrtps_c.so[0m
[4.696s] [ 70%] Built target fpv_msgs__rosidl_typesupport_fastrtps_c
[4.717s] [ 70%] Built target fpv_msgs
[4.742s] [ 74%] [34m[1mGenerating Python code for ROS interfaces[0m
[5.438s] [ 74%] Built target fpv_msgs__py
[5.450s] [35m[1mScanning dependencies of target fpv_msgs__python[0m
[5.467s] [ 77%] [32mBuilding C object CMakeFiles/fpv_msgs__python.dir/rosidl_generator_py/fpv_msgs/msg/_moonly_fpv_s.c.o[0m
[5.564s] [ 80%] [32m[1mLinking C shared library rosidl_generator_py/fpv_msgs/libfpv_msgs__python.so[0m
[5.602s] [ 80%] Built target fpv_msgs__python
[5.615s] [35m[1mScanning dependencies of target fpv_msgs__rosidl_typesupport_introspection_c__pyext[0m
[5.615s] [35m[1mScanning dependencies of target fpv_msgs__rosidl_typesupport_fastrtps_c__pyext[0m
[5.616s] [35m[1mScanning dependencies of target fpv_msgs__rosidl_typesupport_c__pyext[0m
[5.635s] [ 83%] [32mBuilding C object CMakeFiles/fpv_msgs__rosidl_typesupport_fastrtps_c__pyext.dir/rosidl_generator_py/fpv_msgs/_fpv_msgs_s.ep.rosidl_typesupport_fastrtps_c.c.o[0m
[5.644s] [ 87%] [32mBuilding C object CMakeFiles/fpv_msgs__rosidl_typesupport_introspection_c__pyext.dir/rosidl_generator_py/fpv_msgs/_fpv_msgs_s.ep.rosidl_typesupport_introspection_c.c.o[0m
[5.645s] [ 90%] [32mBuilding C object CMakeFiles/fpv_msgs__rosidl_typesupport_c__pyext.dir/rosidl_generator_py/fpv_msgs/_fpv_msgs_s.ep.rosidl_typesupport_c.c.o[0m
[5.713s] [ 93%] [32m[1mLinking CXX shared library rosidl_generator_py/fpv_msgs/fpv_msgs_s__rosidl_typesupport_fastrtps_c.cpython-38-x86_64-linux-gnu.so[0m
[5.716s] [100%] [32m[1mLinking C shared library rosidl_generator_py/fpv_msgs/fpv_msgs_s__rosidl_typesupport_introspection_c.cpython-38-x86_64-linux-gnu.so[0m
[5.716s] [100%] [32m[1mLinking C shared library rosidl_generator_py/fpv_msgs/fpv_msgs_s__rosidl_typesupport_c.cpython-38-x86_64-linux-gnu.so[0m
[5.750s] [100%] Built target fpv_msgs__rosidl_typesupport_introspection_c__pyext
[5.750s] [100%] Built target fpv_msgs__rosidl_typesupport_c__pyext
[5.775s] [100%] Built target fpv_msgs__rosidl_typesupport_fastrtps_c__pyext
[5.786s] Invoked command in '/home/moonly/fpv_ros2_workspace/build/fpv_msgs' returned '0': CMAKE_PREFIX_PATH=${CMAKE_PREFIX_PATH}:/opt/ros/foxy _=/usr/bin/env /usr/bin/cmake --build /home/moonly/fpv_ros2_workspace/build/fpv_msgs -- -j8 -l8
[5.862s] Invoking command in '/home/moonly/fpv_ros2_workspace/build/fpv_msgs': CMAKE_PREFIX_PATH=${CMAKE_PREFIX_PATH}:/opt/ros/foxy _=/usr/bin/env /usr/bin/cmake --install /home/moonly/fpv_ros2_workspace/build/fpv_msgs
[5.869s] -- Install configuration: ""
[5.869s] -- Up-to-date: /home/moonly/fpv_ros2_workspace/install/fpv_msgs/share/ament_index/resource_index/rosidl_interfaces/fpv_msgs
[5.869s] -- Up-to-date: /home/moonly/fpv_ros2_workspace/install/fpv_msgs/include/fpv_msgs
[5.869s] -- Up-to-date: /home/moonly/fpv_ros2_workspace/install/fpv_msgs/include/fpv_msgs/msg
[5.869s] -- Up-to-date: /home/moonly/fpv_ros2_workspace/install/fpv_msgs/include/fpv_msgs/msg/detail
[5.870s] -- Installing: /home/moonly/fpv_ros2_workspace/install/fpv_msgs/include/fpv_msgs/msg/detail/moonly_fpv__functions.c
[5.870s] -- Installing: /home/moonly/fpv_ros2_workspace/install/fpv_msgs/include/fpv_msgs/msg/detail/moonly_fpv__struct.h
[5.870s] -- Installing: /home/moonly/fpv_ros2_workspace/install/fpv_msgs/include/fpv_msgs/msg/detail/moonly_fpv__type_support.h
[5.870s] -- Installing: /home/moonly/fpv_ros2_workspace/install/fpv_msgs/include/fpv_msgs/msg/detail/moonly_fpv__functions.h
[5.870s] -- Installing: /home/moonly/fpv_ros2_workspace/install/fpv_msgs/include/fpv_msgs/msg/moonly_fpv.h
[5.870s] -- Up-to-date: /home/moonly/fpv_ros2_workspace/install/fpv_msgs/include/fpv_msgs/msg/rosidl_generator_c__visibility_control.h
[5.870s] -- Up-to-date: /home/moonly/fpv_ros2_workspace/install/fpv_msgs/share/fpv_msgs/environment/library_path.sh
[5.870s] -- Installing: /home/moonly/fpv_ros2_workspace/install/fpv_msgs/share/fpv_msgs/environment/library_path.dsv
[5.870s] -- Installing: /home/moonly/fpv_ros2_workspace/install/fpv_msgs/lib/libfpv_msgs__rosidl_generator_c.so
[5.870s] -- Set runtime path of "/home/moonly/fpv_ros2_workspace/install/fpv_msgs/lib/libfpv_msgs__rosidl_generator_c.so" to ""
[5.870s] -- Up-to-date: /home/moonly/fpv_ros2_workspace/install/fpv_msgs/include/fpv_msgs
[5.870s] -- Up-to-date: /home/moonly/fpv_ros2_workspace/install/fpv_msgs/include/fpv_msgs/msg
[5.870s] -- Up-to-date: /home/moonly/fpv_ros2_workspace/install/fpv_msgs/include/fpv_msgs/msg/detail
[5.870s] -- Installing: /home/moonly/fpv_ros2_workspace/install/fpv_msgs/include/fpv_msgs/msg/detail/moonly_fpv__rosidl_typesupport_fastrtps_c.h
[5.870s] -- Up-to-date: /home/moonly/fpv_ros2_workspace/install/fpv_msgs/include/fpv_msgs/msg/rosidl_typesupport_fastrtps_c__visibility_control.h
[5.872s] -- Installing: /home/moonly/fpv_ros2_workspace/install/fpv_msgs/lib/libfpv_msgs__rosidl_typesupport_fastrtps_c.so
[5.873s] -- Set runtime path of "/home/moonly/fpv_ros2_workspace/install/fpv_msgs/lib/libfpv_msgs__rosidl_typesupport_fastrtps_c.so" to ""
[5.873s] -- Up-to-date: /home/moonly/fpv_ros2_workspace/install/fpv_msgs/include/fpv_msgs
[5.873s] -- Up-to-date: /home/moonly/fpv_ros2_workspace/install/fpv_msgs/include/fpv_msgs/msg
[5.873s] -- Up-to-date: /home/moonly/fpv_ros2_workspace/install/fpv_msgs/include/fpv_msgs/msg/detail
[5.873s] -- Up-to-date: /home/moonly/fpv_ros2_workspace/install/fpv_msgs/include/fpv_msgs/msg/detail/dds_fastrtps
[5.873s] -- Installing: /home/moonly/fpv_ros2_workspace/install/fpv_msgs/include/fpv_msgs/msg/detail/moonly_fpv__rosidl_typesupport_fastrtps_cpp.hpp
[5.873s] -- Up-to-date: /home/moonly/fpv_ros2_workspace/install/fpv_msgs/include/fpv_msgs/msg/rosidl_typesupport_fastrtps_cpp__visibility_control.h
[5.874s] -- Installing: /home/moonly/fpv_ros2_workspace/install/fpv_msgs/lib/libfpv_msgs__rosidl_typesupport_fastrtps_cpp.so
[5.874s] -- Set runtime path of "/home/moonly/fpv_ros2_workspace/install/fpv_msgs/lib/libfpv_msgs__rosidl_typesupport_fastrtps_cpp.so" to ""
[5.874s] -- Up-to-date: /home/moonly/fpv_ros2_workspace/install/fpv_msgs/include/fpv_msgs
[5.874s] -- Up-to-date: /home/moonly/fpv_ros2_workspace/install/fpv_msgs/include/fpv_msgs/msg
[5.874s] -- Up-to-date: /home/moonly/fpv_ros2_workspace/install/fpv_msgs/include/fpv_msgs/msg/detail
[5.874s] -- Installing: /home/moonly/fpv_ros2_workspace/install/fpv_msgs/include/fpv_msgs/msg/detail/moonly_fpv__type_support.c
[5.874s] -- Installing: /home/moonly/fpv_ros2_workspace/install/fpv_msgs/include/fpv_msgs/msg/detail/moonly_fpv__rosidl_typesupport_introspection_c.h
[5.874s] -- Up-to-date: /home/moonly/fpv_ros2_workspace/install/fpv_msgs/include/fpv_msgs/msg/rosidl_typesupport_introspection_c__visibility_control.h
[5.874s] -- Installing: /home/moonly/fpv_ros2_workspace/install/fpv_msgs/lib/libfpv_msgs__rosidl_typesupport_introspection_c.so
[5.875s] -- Set runtime path of "/home/moonly/fpv_ros2_workspace/install/fpv_msgs/lib/libfpv_msgs__rosidl_typesupport_introspection_c.so" to ""
[5.875s] -- Installing: /home/moonly/fpv_ros2_workspace/install/fpv_msgs/lib/libfpv_msgs__rosidl_typesupport_c.so
[5.875s] -- Set runtime path of "/home/moonly/fpv_ros2_workspace/install/fpv_msgs/lib/libfpv_msgs__rosidl_typesupport_c.so" to ""
[5.875s] -- Up-to-date: /home/moonly/fpv_ros2_workspace/install/fpv_msgs/include/fpv_msgs
[5.875s] -- Up-to-date: /home/moonly/fpv_ros2_workspace/install/fpv_msgs/include/fpv_msgs/msg
[5.875s] -- Installing: /home/moonly/fpv_ros2_workspace/install/fpv_msgs/include/fpv_msgs/msg/moonly_fpv.hpp
[5.875s] -- Up-to-date: /home/moonly/fpv_ros2_workspace/install/fpv_msgs/include/fpv_msgs/msg/detail
[5.875s] -- Installing: /home/moonly/fpv_ros2_workspace/install/fpv_msgs/include/fpv_msgs/msg/detail/moonly_fpv__struct.hpp
[5.875s] -- Installing: /home/moonly/fpv_ros2_workspace/install/fpv_msgs/include/fpv_msgs/msg/detail/moonly_fpv__builder.hpp
[5.875s] -- Installing: /home/moonly/fpv_ros2_workspace/install/fpv_msgs/include/fpv_msgs/msg/detail/moonly_fpv__traits.hpp
[5.876s] -- Installing: /home/moonly/fpv_ros2_workspace/install/fpv_msgs/include/fpv_msgs/msg/detail/moonly_fpv__type_support.hpp
[5.876s] -- Up-to-date: /home/moonly/fpv_ros2_workspace/install/fpv_msgs/include/fpv_msgs/msg/rosidl_generator_cpp__visibility_control.hpp
[5.876s] -- Up-to-date: /home/moonly/fpv_ros2_workspace/install/fpv_msgs/include/fpv_msgs
[5.876s] -- Up-to-date: /home/moonly/fpv_ros2_workspace/install/fpv_msgs/include/fpv_msgs/msg
[5.876s] -- Up-to-date: /home/moonly/fpv_ros2_workspace/install/fpv_msgs/include/fpv_msgs/msg/detail
[5.876s] -- Installing: /home/moonly/fpv_ros2_workspace/install/fpv_msgs/include/fpv_msgs/msg/detail/moonly_fpv__type_support.cpp
[5.876s] -- Installing: /home/moonly/fpv_ros2_workspace/install/fpv_msgs/include/fpv_msgs/msg/detail/moonly_fpv__rosidl_typesupport_introspection_cpp.hpp
[5.876s] -- Installing: /home/moonly/fpv_ros2_workspace/install/fpv_msgs/lib/libfpv_msgs__rosidl_typesupport_introspection_cpp.so
[5.876s] -- Set runtime path of "/home/moonly/fpv_ros2_workspace/install/fpv_msgs/lib/libfpv_msgs__rosidl_typesupport_introspection_cpp.so" to ""
[5.877s] -- Installing: /home/moonly/fpv_ros2_workspace/install/fpv_msgs/lib/libfpv_msgs__rosidl_typesupport_cpp.so
[5.877s] -- Set runtime path of "/home/moonly/fpv_ros2_workspace/install/fpv_msgs/lib/libfpv_msgs__rosidl_typesupport_cpp.so" to ""
[5.877s] -- Up-to-date: /home/moonly/fpv_ros2_workspace/install/fpv_msgs/share/fpv_msgs/environment/pythonpath.sh
[5.877s] -- Installing: /home/moonly/fpv_ros2_workspace/install/fpv_msgs/share/fpv_msgs/environment/pythonpath.dsv
[5.877s] -- Installing: /home/moonly/fpv_ros2_workspace/install/fpv_msgs/lib/python3.8/site-packages/fpv_msgs/__init__.py
[5.901s] Compiling '/home/moonly/fpv_ros2_workspace/install/fpv_msgs/lib/python3.8/site-packages/fpv_msgs/__init__.py'...
[5.904s] -- Up-to-date: /home/moonly/fpv_ros2_workspace/install/fpv_msgs/lib/python3.8/site-packages/fpv_msgs/msg
[5.904s] -- Installing: /home/moonly/fpv_ros2_workspace/install/fpv_msgs/lib/python3.8/site-packages/fpv_msgs/msg/_moonly_fpv.py
[5.904s] -- Installing: /home/moonly/fpv_ros2_workspace/install/fpv_msgs/lib/python3.8/site-packages/fpv_msgs/msg/__init__.py
[5.905s] -- Installing: /home/moonly/fpv_ros2_workspace/install/fpv_msgs/lib/python3.8/site-packages/fpv_msgs/msg/_moonly_fpv_s.c
[5.905s] -- Installing: /home/moonly/fpv_ros2_workspace/install/fpv_msgs/lib/python3.8/site-packages/fpv_msgs/fpv_msgs_s__rosidl_typesupport_fastrtps_c.cpython-38-x86_64-linux-gnu.so
[5.905s] -- Set runtime path of "/home/moonly/fpv_ros2_workspace/install/fpv_msgs/lib/python3.8/site-packages/fpv_msgs/fpv_msgs_s__rosidl_typesupport_fastrtps_c.cpython-38-x86_64-linux-gnu.so" to ""
[5.906s] -- Installing: /home/moonly/fpv_ros2_workspace/install/fpv_msgs/lib/python3.8/site-packages/fpv_msgs/fpv_msgs_s__rosidl_typesupport_introspection_c.cpython-38-x86_64-linux-gnu.so
[5.906s] -- Set runtime path of "/home/moonly/fpv_ros2_workspace/install/fpv_msgs/lib/python3.8/site-packages/fpv_msgs/fpv_msgs_s__rosidl_typesupport_introspection_c.cpython-38-x86_64-linux-gnu.so" to ""
[5.907s] -- Installing: /home/moonly/fpv_ros2_workspace/install/fpv_msgs/lib/python3.8/site-packages/fpv_msgs/fpv_msgs_s__rosidl_typesupport_c.cpython-38-x86_64-linux-gnu.so
[5.907s] -- Set runtime path of "/home/moonly/fpv_ros2_workspace/install/fpv_msgs/lib/python3.8/site-packages/fpv_msgs/fpv_msgs_s__rosidl_typesupport_c.cpython-38-x86_64-linux-gnu.so" to ""
[5.907s] -- Installing: /home/moonly/fpv_ros2_workspace/install/fpv_msgs/lib/libfpv_msgs__python.so
[5.908s] -- Set runtime path of "/home/moonly/fpv_ros2_workspace/install/fpv_msgs/lib/libfpv_msgs__python.so" to ""
[5.908s] -- Installing: /home/moonly/fpv_ros2_workspace/install/fpv_msgs/share/fpv_msgs/msg/MoonlyFpv.idl
[5.908s] -- Installing: /home/moonly/fpv_ros2_workspace/install/fpv_msgs/share/fpv_msgs/msg/MoonlyFpv.msg
[5.908s] -- Up-to-date: /home/moonly/fpv_ros2_workspace/install/fpv_msgs/share/ament_index/resource_index/package_run_dependencies/fpv_msgs
[5.908s] -- Installing: /home/moonly/fpv_ros2_workspace/install/fpv_msgs/share/ament_index/resource_index/parent_prefix_path/fpv_msgs
[5.908s] -- Up-to-date: /home/moonly/fpv_ros2_workspace/install/fpv_msgs/share/fpv_msgs/environment/ament_prefix_path.sh
[5.908s] -- Installing: /home/moonly/fpv_ros2_workspace/install/fpv_msgs/share/fpv_msgs/environment/ament_prefix_path.dsv
[5.908s] -- Up-to-date: /home/moonly/fpv_ros2_workspace/install/fpv_msgs/share/fpv_msgs/environment/path.sh
[5.908s] -- Installing: /home/moonly/fpv_ros2_workspace/install/fpv_msgs/share/fpv_msgs/environment/path.dsv
[5.908s] -- Up-to-date: /home/moonly/fpv_ros2_workspace/install/fpv_msgs/share/fpv_msgs/local_setup.bash
[5.908s] -- Up-to-date: /home/moonly/fpv_ros2_workspace/install/fpv_msgs/share/fpv_msgs/local_setup.sh
[5.908s] -- Up-to-date: /home/moonly/fpv_ros2_workspace/install/fpv_msgs/share/fpv_msgs/local_setup.zsh
[5.909s] -- Installing: /home/moonly/fpv_ros2_workspace/install/fpv_msgs/share/fpv_msgs/local_setup.dsv
[5.909s] -- Installing: /home/moonly/fpv_ros2_workspace/install/fpv_msgs/share/fpv_msgs/package.dsv
[5.909s] -- Up-to-date: /home/moonly/fpv_ros2_workspace/install/fpv_msgs/share/ament_index/resource_index/packages/fpv_msgs
[5.909s] -- Up-to-date: /home/moonly/fpv_ros2_workspace/install/fpv_msgs/share/fpv_msgs/cmake/fpv_msgs__rosidl_generator_cExport.cmake
[5.909s] -- Installing: /home/moonly/fpv_ros2_workspace/install/fpv_msgs/share/fpv_msgs/cmake/fpv_msgs__rosidl_generator_cExport-noconfig.cmake
[5.909s] -- Up-to-date: /home/moonly/fpv_ros2_workspace/install/fpv_msgs/share/fpv_msgs/cmake/fpv_msgs__rosidl_typesupport_introspection_cExport.cmake
[5.909s] -- Installing: /home/moonly/fpv_ros2_workspace/install/fpv_msgs/share/fpv_msgs/cmake/fpv_msgs__rosidl_typesupport_introspection_cExport-noconfig.cmake
[5.909s] -- Up-to-date: /home/moonly/fpv_ros2_workspace/install/fpv_msgs/share/fpv_msgs/cmake/fpv_msgs__rosidl_typesupport_cExport.cmake
[5.909s] -- Installing: /home/moonly/fpv_ros2_workspace/install/fpv_msgs/share/fpv_msgs/cmake/fpv_msgs__rosidl_typesupport_cExport-noconfig.cmake
[5.909s] -- Up-to-date: /home/moonly/fpv_ros2_workspace/install/fpv_msgs/share/fpv_msgs/cmake/fpv_msgs__rosidl_generator_cppExport.cmake
[5.909s] -- Up-to-date: /home/moonly/fpv_ros2_workspace/install/fpv_msgs/share/fpv_msgs/cmake/fpv_msgs__rosidl_typesupport_introspection_cppExport.cmake
[5.909s] -- Installing: /home/moonly/fpv_ros2_workspace/install/fpv_msgs/share/fpv_msgs/cmake/fpv_msgs__rosidl_typesupport_introspection_cppExport-noconfig.cmake
[5.910s] -- Up-to-date: /home/moonly/fpv_ros2_workspace/install/fpv_msgs/share/fpv_msgs/cmake/fpv_msgs__rosidl_typesupport_cppExport.cmake
[5.910s] -- Installing: /home/moonly/fpv_ros2_workspace/install/fpv_msgs/share/fpv_msgs/cmake/fpv_msgs__rosidl_typesupport_cppExport-noconfig.cmake
[5.910s] -- Up-to-date: /home/moonly/fpv_ros2_workspace/install/fpv_msgs/share/fpv_msgs/cmake/rosidl_cmake-extras.cmake
[5.910s] -- Up-to-date: /home/moonly/fpv_ros2_workspace/install/fpv_msgs/share/fpv_msgs/cmake/ament_cmake_export_dependencies-extras.cmake
[5.910s] -- Up-to-date: /home/moonly/fpv_ros2_workspace/install/fpv_msgs/share/fpv_msgs/cmake/ament_cmake_export_libraries-extras.cmake
[5.910s] -- Up-to-date: /home/moonly/fpv_ros2_workspace/install/fpv_msgs/share/fpv_msgs/cmake/ament_cmake_export_targets-extras.cmake
[5.910s] -- Up-to-date: /home/moonly/fpv_ros2_workspace/install/fpv_msgs/share/fpv_msgs/cmake/ament_cmake_export_include_directories-extras.cmake
[5.910s] -- Up-to-date: /home/moonly/fpv_ros2_workspace/install/fpv_msgs/share/fpv_msgs/cmake/rosidl_cmake_export_typesupport_libraries-extras.cmake
[5.910s] -- Up-to-date: /home/moonly/fpv_ros2_workspace/install/fpv_msgs/share/fpv_msgs/cmake/rosidl_cmake_export_typesupport_targets-extras.cmake
[5.910s] -- Up-to-date: /home/moonly/fpv_ros2_workspace/install/fpv_msgs/share/fpv_msgs/cmake/fpv_msgsConfig.cmake
[5.910s] -- Up-to-date: /home/moonly/fpv_ros2_workspace/install/fpv_msgs/share/fpv_msgs/cmake/fpv_msgsConfig-version.cmake
[5.910s] -- Up-to-date: /home/moonly/fpv_ros2_workspace/install/fpv_msgs/share/fpv_msgs/package.xml
[5.913s] Invoked command in '/home/moonly/fpv_ros2_workspace/build/fpv_msgs' returned '0': CMAKE_PREFIX_PATH=${CMAKE_PREFIX_PATH}:/opt/ros/foxy _=/usr/bin/env /usr/bin/cmake --install /home/moonly/fpv_ros2_workspace/build/fpv_msgs
