[0.030s] Invoking command in '/home/moonly/fpv_ros2_workspace/build/fpv_msgs': CMAKE_PREFIX_PATH=${CMAKE_PREFIX_PATH}:/opt/ros/foxy _=/usr/bin/env /usr/bin/cmake --build /home/moonly/fpv_ros2_workspace/build/fpv_msgs -- -j8 -l8
[0.146s] -- Found ament_cmake: 0.9.12 (/opt/ros/foxy/share/ament_cmake/cmake)
[0.294s] -- Found PythonInterp: /usr/bin/python3 (found suitable version "3.8.10", minimum required is "3") 
[0.303s] -- Using PYTHON_EXECUTABLE: /usr/bin/python3
[1.645s] -- Found rclcpp: 2.4.3 (/opt/ros/foxy/share/rclcpp/cmake)
[1.672s] -- Using all available rosidl_typesupport_c: rosidl_typesupport_fastrtps_c;rosidl_typesupport_introspection_c
[1.675s] -- Found rosidl_adapter: 1.3.1 (/opt/ros/foxy/share/rosidl_adapter/cmake)
[1.851s] -- Using all available rosidl_typesupport_cpp: rosidl_typesupport_fastrtps_cpp;rosidl_typesupport_introspection_cpp
[1.885s] -- Found rmw_implementation_cmake: 1.0.4 (/opt/ros/foxy/share/rmw_implementation_cmake/cmake)
[1.886s] -- Using RMW implementation 'rmw_fastrtps_cpp' as default
[2.015s] -- Found rosidl_default_generators: 1.0.1 (/opt/ros/foxy/share/rosidl_default_generators/cmake)
[2.165s] -- Found PythonInterp: /usr/bin/python3 (found version "3.8.10") 
[2.334s] -- Found ament_cmake_ros: 0.9.2 (/opt/ros/foxy/share/ament_cmake_ros/cmake)
[2.413s] -- Using all available rosidl_typesupport_c: rosidl_typesupport_fastrtps_c;rosidl_typesupport_introspection_c
[2.417s] -- Using all available rosidl_typesupport_cpp: rosidl_typesupport_fastrtps_cpp;rosidl_typesupport_introspection_cpp
[2.435s] -- Found PythonInterp: /usr/bin/python3 (found suitable version "3.8.10", minimum required is "3.5") 
[2.435s] -- Found python_cmake_module: 0.8.1 (/opt/ros/foxy/share/python_cmake_module/cmake)
[2.452s] -- Using PYTHON_EXECUTABLE: /usr/bin/python3
[2.452s] -- Using PYTHON_INCLUDE_DIRS: /usr/include/python3.8
[2.452s] -- Using PYTHON_LIBRARIES: /usr/lib/x86_64-linux-gnu/libpython3.8.so
[2.461s] -- Found ament_lint_auto: 0.9.8 (/opt/ros/foxy/share/ament_lint_auto/cmake)
[2.467s] -- Added test 'copyright' to check source files copyright and LICENSE
[2.468s] -- Added test 'lint_cmake' to check CMake code style
[2.468s] -- Added test 'xmllint' to check XML markup files
[2.471s] -- Configuring done
[2.493s] -- Generating done
[2.501s] -- Build files have been written to: /home/moonly/fpv_ros2_workspace/build/fpv_msgs
[2.534s] [  3%] [34m[1mGenerating C code for ROS interfaces[0m
[2.542s] [  6%] [34m[1mGenerating C++ code for ROS interfaces[0m
[2.868s] [35m[1mScanning dependencies of target fpv_msgs__rosidl_generator_c[0m
[2.911s] [  9%] [32mBuilding C object CMakeFiles/fpv_msgs__rosidl_generator_c.dir/rosidl_generator_c/fpv_msgs/msg/detail/moonly_fpv__functions.c.o[0m
[2.913s] [  9%] Built target fpv_msgs__cpp
[2.986s] [ 12%] [34m[1mGenerating C++ type support for eProsima Fast-RTPS[0m
[2.990s] [ 19%] [34m[1mGenerating C++ type support dispatch for ROS interfaces[0m
[2.992s] [ 19%] [34m[1mGenerating C++ introspection for ROS interfaces[0m
[3.214s] [ 22%] [32m[1mLinking C shared library libfpv_msgs__rosidl_generator_c.so[0m
[3.439s] [ 22%] Built target fpv_msgs__rosidl_generator_c
[3.559s] [ 25%] [34m[1mGenerating C introspection for ROS interfaces[0m
[3.577s] [ 29%] [34m[1mGenerating C type support dispatch for ROS interfaces[0m
[4.625s] [35m[1mScanning dependencies of target fpv_msgs__rosidl_typesupport_cpp[0m
[4.637s] [ 32%] [32mBuilding CXX object CMakeFiles/fpv_msgs__rosidl_typesupport_cpp.dir/rosidl_typesupport_cpp/fpv_msgs/msg/moonly_fpv__type_support.cpp.o[0m
[4.637s] [35m[1mScanning dependencies of target fpv_msgs__rosidl_typesupport_fastrtps_cpp[0m
[4.651s] [ 35%] [32mBuilding CXX object CMakeFiles/fpv_msgs__rosidl_typesupport_fastrtps_cpp.dir/rosidl_typesupport_fastrtps_cpp/fpv_msgs/msg/detail/dds_fastrtps/moonly_fpv__type_support.cpp.o[0m
[4.752s] [35m[1mScanning dependencies of target fpv_msgs__rosidl_typesupport_introspection_cpp[0m
[4.779s] [ 38%] [32mBuilding CXX object CMakeFiles/fpv_msgs__rosidl_typesupport_introspection_cpp.dir/rosidl_typesupport_introspection_cpp/fpv_msgs/msg/detail/moonly_fpv__type_support.cpp.o[0m
[4.806s] [35m[1mScanning dependencies of target fpv_msgs__rosidl_typesupport_c[0m
[4.821s] [ 41%] [32mBuilding CXX object CMakeFiles/fpv_msgs__rosidl_typesupport_c.dir/rosidl_typesupport_c/fpv_msgs/msg/moonly_fpv__type_support.cpp.o[0m
[4.851s] [ 45%] [32m[1mLinking CXX shared library libfpv_msgs__rosidl_typesupport_c.so[0m
[4.854s] [35m[1mScanning dependencies of target fpv_msgs__rosidl_typesupport_introspection_c[0m
[4.871s] [ 48%] [32mBuilding C object CMakeFiles/fpv_msgs__rosidl_typesupport_introspection_c.dir/rosidl_typesupport_introspection_c/fpv_msgs/msg/detail/moonly_fpv__type_support.c.o[0m
[4.906s] [ 48%] Built target fpv_msgs__rosidl_typesupport_c
[4.914s] [ 51%] [32m[1mLinking C shared library libfpv_msgs__rosidl_typesupport_introspection_c.so[0m
[4.942s] [ 51%] Built target fpv_msgs__rosidl_typesupport_introspection_c
[5.012s] [ 54%] [32m[1mLinking CXX shared library libfpv_msgs__rosidl_typesupport_cpp.so[0m
[5.043s] [ 54%] Built target fpv_msgs__rosidl_typesupport_cpp
[5.157s] [ 58%] [32m[1mLinking CXX shared library libfpv_msgs__rosidl_typesupport_introspection_cpp.so[0m
[5.199s] [ 58%] Built target fpv_msgs__rosidl_typesupport_introspection_cpp
[5.223s] [ 61%] [32m[1mLinking CXX shared library libfpv_msgs__rosidl_typesupport_fastrtps_cpp.so[0m
[5.302s] [ 61%] Built target fpv_msgs__rosidl_typesupport_fastrtps_cpp
[5.312s] [ 64%] [34m[1mGenerating C type support for eProsima Fast-RTPS[0m
[5.544s] [35m[1mScanning dependencies of target fpv_msgs__rosidl_typesupport_fastrtps_c[0m
[5.555s] [ 67%] [32mBuilding CXX object CMakeFiles/fpv_msgs__rosidl_typesupport_fastrtps_c.dir/rosidl_typesupport_fastrtps_c/fpv_msgs/msg/detail/moonly_fpv__type_support_c.cpp.o[0m
[5.823s] [ 70%] [32m[1mLinking CXX shared library libfpv_msgs__rosidl_typesupport_fastrtps_c.so[0m
[5.903s] [ 70%] Built target fpv_msgs__rosidl_typesupport_fastrtps_c
[5.921s] [ 70%] Built target fpv_msgs
[5.938s] [ 74%] [34m[1mGenerating Python code for ROS interfaces[0m
[6.348s] [ 74%] Built target fpv_msgs__py
[6.357s] [35m[1mScanning dependencies of target fpv_msgs__python[0m
[6.370s] [ 77%] [32mBuilding C object CMakeFiles/fpv_msgs__python.dir/rosidl_generator_py/fpv_msgs/msg/_moonly_fpv_s.c.o[0m
[6.444s] [ 80%] [32m[1mLinking C shared library rosidl_generator_py/fpv_msgs/libfpv_msgs__python.so[0m
[6.478s] [ 80%] Built target fpv_msgs__python
[6.491s] [35m[1mScanning dependencies of target fpv_msgs__rosidl_typesupport_fastrtps_c__pyext[0m
[6.491s] [35m[1mScanning dependencies of target fpv_msgs__rosidl_typesupport_c__pyext[0m
[6.492s] [35m[1mScanning dependencies of target fpv_msgs__rosidl_typesupport_introspection_c__pyext[0m
[6.504s] [ 83%] [32mBuilding C object CMakeFiles/fpv_msgs__rosidl_typesupport_fastrtps_c__pyext.dir/rosidl_generator_py/fpv_msgs/_fpv_msgs_s.ep.rosidl_typesupport_fastrtps_c.c.o[0m
[6.506s] [ 90%] [32mBuilding C object CMakeFiles/fpv_msgs__rosidl_typesupport_c__pyext.dir/rosidl_generator_py/fpv_msgs/_fpv_msgs_s.ep.rosidl_typesupport_c.c.o[0m
[6.506s] [ 90%] [32mBuilding C object CMakeFiles/fpv_msgs__rosidl_typesupport_introspection_c__pyext.dir/rosidl_generator_py/fpv_msgs/_fpv_msgs_s.ep.rosidl_typesupport_introspection_c.c.o[0m
[6.569s] [ 93%] [32m[1mLinking C shared library rosidl_generator_py/fpv_msgs/fpv_msgs_s__rosidl_typesupport_introspection_c.cpython-38-x86_64-linux-gnu.so[0m
[6.621s] [ 93%] Built target fpv_msgs__rosidl_typesupport_introspection_c__pyext
[6.624s] [100%] [32m[1mLinking C shared library rosidl_generator_py/fpv_msgs/fpv_msgs_s__rosidl_typesupport_c.cpython-38-x86_64-linux-gnu.so[0m
[6.624s] [100%] [32m[1mLinking CXX shared library rosidl_generator_py/fpv_msgs/fpv_msgs_s__rosidl_typesupport_fastrtps_c.cpython-38-x86_64-linux-gnu.so[0m
[6.650s] [100%] Built target fpv_msgs__rosidl_typesupport_c__pyext
[6.674s] [100%] Built target fpv_msgs__rosidl_typesupport_fastrtps_c__pyext
[6.687s] Invoked command in '/home/moonly/fpv_ros2_workspace/build/fpv_msgs' returned '0': CMAKE_PREFIX_PATH=${CMAKE_PREFIX_PATH}:/opt/ros/foxy _=/usr/bin/env /usr/bin/cmake --build /home/moonly/fpv_ros2_workspace/build/fpv_msgs -- -j8 -l8
[6.751s] Invoking command in '/home/moonly/fpv_ros2_workspace/build/fpv_msgs': CMAKE_PREFIX_PATH=${CMAKE_PREFIX_PATH}:/opt/ros/foxy _=/usr/bin/env /usr/bin/cmake --install /home/moonly/fpv_ros2_workspace/build/fpv_msgs
[6.758s] -- Install configuration: ""
[6.758s] -- Up-to-date: /home/moonly/fpv_ros2_workspace/install/fpv_msgs/share/ament_index/resource_index/rosidl_interfaces/fpv_msgs
[6.759s] -- Up-to-date: /home/moonly/fpv_ros2_workspace/install/fpv_msgs/include/fpv_msgs
[6.759s] -- Up-to-date: /home/moonly/fpv_ros2_workspace/install/fpv_msgs/include/fpv_msgs/msg
[6.759s] -- Up-to-date: /home/moonly/fpv_ros2_workspace/install/fpv_msgs/include/fpv_msgs/msg/detail
[6.759s] -- Installing: /home/moonly/fpv_ros2_workspace/install/fpv_msgs/include/fpv_msgs/msg/detail/moonly_fpv__functions.c
[6.759s] -- Installing: /home/moonly/fpv_ros2_workspace/install/fpv_msgs/include/fpv_msgs/msg/detail/moonly_fpv__struct.h
[6.759s] -- Installing: /home/moonly/fpv_ros2_workspace/install/fpv_msgs/include/fpv_msgs/msg/detail/moonly_fpv__type_support.h
[6.759s] -- Installing: /home/moonly/fpv_ros2_workspace/install/fpv_msgs/include/fpv_msgs/msg/detail/moonly_fpv__functions.h
[6.759s] -- Installing: /home/moonly/fpv_ros2_workspace/install/fpv_msgs/include/fpv_msgs/msg/moonly_fpv.h
[6.759s] -- Up-to-date: /home/moonly/fpv_ros2_workspace/install/fpv_msgs/include/fpv_msgs/msg/rosidl_generator_c__visibility_control.h
[6.760s] -- Up-to-date: /home/moonly/fpv_ros2_workspace/install/fpv_msgs/share/fpv_msgs/environment/library_path.sh
[6.760s] -- Installing: /home/moonly/fpv_ros2_workspace/install/fpv_msgs/share/fpv_msgs/environment/library_path.dsv
[6.760s] -- Installing: /home/moonly/fpv_ros2_workspace/install/fpv_msgs/lib/libfpv_msgs__rosidl_generator_c.so
[6.760s] -- Set runtime path of "/home/moonly/fpv_ros2_workspace/install/fpv_msgs/lib/libfpv_msgs__rosidl_generator_c.so" to ""
[6.760s] -- Up-to-date: /home/moonly/fpv_ros2_workspace/install/fpv_msgs/include/fpv_msgs
[6.760s] -- Up-to-date: /home/moonly/fpv_ros2_workspace/install/fpv_msgs/include/fpv_msgs/msg
[6.760s] -- Up-to-date: /home/moonly/fpv_ros2_workspace/install/fpv_msgs/include/fpv_msgs/msg/detail
[6.760s] -- Installing: /home/moonly/fpv_ros2_workspace/install/fpv_msgs/include/fpv_msgs/msg/detail/moonly_fpv__rosidl_typesupport_fastrtps_c.h
[6.760s] -- Up-to-date: /home/moonly/fpv_ros2_workspace/install/fpv_msgs/include/fpv_msgs/msg/rosidl_typesupport_fastrtps_c__visibility_control.h
[6.760s] -- Installing: /home/moonly/fpv_ros2_workspace/install/fpv_msgs/lib/libfpv_msgs__rosidl_typesupport_fastrtps_c.so
[6.760s] -- Set runtime path of "/home/moonly/fpv_ros2_workspace/install/fpv_msgs/lib/libfpv_msgs__rosidl_typesupport_fastrtps_c.so" to ""
[6.760s] -- Up-to-date: /home/moonly/fpv_ros2_workspace/install/fpv_msgs/include/fpv_msgs
[6.761s] -- Up-to-date: /home/moonly/fpv_ros2_workspace/install/fpv_msgs/include/fpv_msgs/msg
[6.761s] -- Up-to-date: /home/moonly/fpv_ros2_workspace/install/fpv_msgs/include/fpv_msgs/msg/detail
[6.761s] -- Up-to-date: /home/moonly/fpv_ros2_workspace/install/fpv_msgs/include/fpv_msgs/msg/detail/dds_fastrtps
[6.761s] -- Installing: /home/moonly/fpv_ros2_workspace/install/fpv_msgs/include/fpv_msgs/msg/detail/moonly_fpv__rosidl_typesupport_fastrtps_cpp.hpp
[6.761s] -- Up-to-date: /home/moonly/fpv_ros2_workspace/install/fpv_msgs/include/fpv_msgs/msg/rosidl_typesupport_fastrtps_cpp__visibility_control.h
[6.761s] -- Installing: /home/moonly/fpv_ros2_workspace/install/fpv_msgs/lib/libfpv_msgs__rosidl_typesupport_fastrtps_cpp.so
[6.761s] -- Set runtime path of "/home/moonly/fpv_ros2_workspace/install/fpv_msgs/lib/libfpv_msgs__rosidl_typesupport_fastrtps_cpp.so" to ""
[6.761s] -- Up-to-date: /home/moonly/fpv_ros2_workspace/install/fpv_msgs/include/fpv_msgs
[6.761s] -- Up-to-date: /home/moonly/fpv_ros2_workspace/install/fpv_msgs/include/fpv_msgs/msg
[6.761s] -- Up-to-date: /home/moonly/fpv_ros2_workspace/install/fpv_msgs/include/fpv_msgs/msg/detail
[6.761s] -- Installing: /home/moonly/fpv_ros2_workspace/install/fpv_msgs/include/fpv_msgs/msg/detail/moonly_fpv__type_support.c
[6.762s] -- Installing: /home/moonly/fpv_ros2_workspace/install/fpv_msgs/include/fpv_msgs/msg/detail/moonly_fpv__rosidl_typesupport_introspection_c.h
[6.762s] -- Up-to-date: /home/moonly/fpv_ros2_workspace/install/fpv_msgs/include/fpv_msgs/msg/rosidl_typesupport_introspection_c__visibility_control.h
[6.762s] -- Installing: /home/moonly/fpv_ros2_workspace/install/fpv_msgs/lib/libfpv_msgs__rosidl_typesupport_introspection_c.so
[6.762s] -- Set runtime path of "/home/moonly/fpv_ros2_workspace/install/fpv_msgs/lib/libfpv_msgs__rosidl_typesupport_introspection_c.so" to ""
[6.762s] -- Installing: /home/moonly/fpv_ros2_workspace/install/fpv_msgs/lib/libfpv_msgs__rosidl_typesupport_c.so
[6.762s] -- Set runtime path of "/home/moonly/fpv_ros2_workspace/install/fpv_msgs/lib/libfpv_msgs__rosidl_typesupport_c.so" to ""
[6.762s] -- Up-to-date: /home/moonly/fpv_ros2_workspace/install/fpv_msgs/include/fpv_msgs
[6.762s] -- Up-to-date: /home/moonly/fpv_ros2_workspace/install/fpv_msgs/include/fpv_msgs/msg
[6.762s] -- Installing: /home/moonly/fpv_ros2_workspace/install/fpv_msgs/include/fpv_msgs/msg/moonly_fpv.hpp
[6.762s] -- Up-to-date: /home/moonly/fpv_ros2_workspace/install/fpv_msgs/include/fpv_msgs/msg/detail
[6.762s] -- Installing: /home/moonly/fpv_ros2_workspace/install/fpv_msgs/include/fpv_msgs/msg/detail/moonly_fpv__struct.hpp
[6.762s] -- Installing: /home/moonly/fpv_ros2_workspace/install/fpv_msgs/include/fpv_msgs/msg/detail/moonly_fpv__builder.hpp
[6.762s] -- Installing: /home/moonly/fpv_ros2_workspace/install/fpv_msgs/include/fpv_msgs/msg/detail/moonly_fpv__traits.hpp
[6.763s] -- Installing: /home/moonly/fpv_ros2_workspace/install/fpv_msgs/include/fpv_msgs/msg/detail/moonly_fpv__type_support.hpp
[6.763s] -- Up-to-date: /home/moonly/fpv_ros2_workspace/install/fpv_msgs/include/fpv_msgs/msg/rosidl_generator_cpp__visibility_control.hpp
[6.763s] -- Up-to-date: /home/moonly/fpv_ros2_workspace/install/fpv_msgs/include/fpv_msgs
[6.763s] -- Up-to-date: /home/moonly/fpv_ros2_workspace/install/fpv_msgs/include/fpv_msgs/msg
[6.763s] -- Up-to-date: /home/moonly/fpv_ros2_workspace/install/fpv_msgs/include/fpv_msgs/msg/detail
[6.763s] -- Installing: /home/moonly/fpv_ros2_workspace/install/fpv_msgs/include/fpv_msgs/msg/detail/moonly_fpv__type_support.cpp
[6.763s] -- Installing: /home/moonly/fpv_ros2_workspace/install/fpv_msgs/include/fpv_msgs/msg/detail/moonly_fpv__rosidl_typesupport_introspection_cpp.hpp
[6.763s] -- Installing: /home/moonly/fpv_ros2_workspace/install/fpv_msgs/lib/libfpv_msgs__rosidl_typesupport_introspection_cpp.so
[6.763s] -- Set runtime path of "/home/moonly/fpv_ros2_workspace/install/fpv_msgs/lib/libfpv_msgs__rosidl_typesupport_introspection_cpp.so" to ""
[6.763s] -- Installing: /home/moonly/fpv_ros2_workspace/install/fpv_msgs/lib/libfpv_msgs__rosidl_typesupport_cpp.so
[6.763s] -- Set runtime path of "/home/moonly/fpv_ros2_workspace/install/fpv_msgs/lib/libfpv_msgs__rosidl_typesupport_cpp.so" to ""
[6.763s] -- Up-to-date: /home/moonly/fpv_ros2_workspace/install/fpv_msgs/share/fpv_msgs/environment/pythonpath.sh
[6.763s] -- Installing: /home/moonly/fpv_ros2_workspace/install/fpv_msgs/share/fpv_msgs/environment/pythonpath.dsv
[6.764s] -- Installing: /home/moonly/fpv_ros2_workspace/install/fpv_msgs/lib/python3.8/site-packages/fpv_msgs/__init__.py
[6.795s] Compiling '/home/moonly/fpv_ros2_workspace/install/fpv_msgs/lib/python3.8/site-packages/fpv_msgs/__init__.py'...
[6.798s] -- Up-to-date: /home/moonly/fpv_ros2_workspace/install/fpv_msgs/lib/python3.8/site-packages/fpv_msgs/msg
[6.798s] -- Installing: /home/moonly/fpv_ros2_workspace/install/fpv_msgs/lib/python3.8/site-packages/fpv_msgs/msg/_moonly_fpv.py
[6.798s] -- Installing: /home/moonly/fpv_ros2_workspace/install/fpv_msgs/lib/python3.8/site-packages/fpv_msgs/msg/__init__.py
[6.798s] -- Installing: /home/moonly/fpv_ros2_workspace/install/fpv_msgs/lib/python3.8/site-packages/fpv_msgs/msg/_moonly_fpv_s.c
[6.798s] -- Installing: /home/moonly/fpv_ros2_workspace/install/fpv_msgs/lib/python3.8/site-packages/fpv_msgs/fpv_msgs_s__rosidl_typesupport_fastrtps_c.cpython-38-x86_64-linux-gnu.so
[6.799s] -- Set runtime path of "/home/moonly/fpv_ros2_workspace/install/fpv_msgs/lib/python3.8/site-packages/fpv_msgs/fpv_msgs_s__rosidl_typesupport_fastrtps_c.cpython-38-x86_64-linux-gnu.so" to ""
[6.799s] -- Installing: /home/moonly/fpv_ros2_workspace/install/fpv_msgs/lib/python3.8/site-packages/fpv_msgs/fpv_msgs_s__rosidl_typesupport_introspection_c.cpython-38-x86_64-linux-gnu.so
[6.799s] -- Set runtime path of "/home/moonly/fpv_ros2_workspace/install/fpv_msgs/lib/python3.8/site-packages/fpv_msgs/fpv_msgs_s__rosidl_typesupport_introspection_c.cpython-38-x86_64-linux-gnu.so" to ""
[6.799s] -- Installing: /home/moonly/fpv_ros2_workspace/install/fpv_msgs/lib/python3.8/site-packages/fpv_msgs/fpv_msgs_s__rosidl_typesupport_c.cpython-38-x86_64-linux-gnu.so
[6.800s] -- Set runtime path of "/home/moonly/fpv_ros2_workspace/install/fpv_msgs/lib/python3.8/site-packages/fpv_msgs/fpv_msgs_s__rosidl_typesupport_c.cpython-38-x86_64-linux-gnu.so" to ""
[6.800s] -- Installing: /home/moonly/fpv_ros2_workspace/install/fpv_msgs/lib/libfpv_msgs__python.so
[6.800s] -- Set runtime path of "/home/moonly/fpv_ros2_workspace/install/fpv_msgs/lib/libfpv_msgs__python.so" to ""
[6.800s] -- Installing: /home/moonly/fpv_ros2_workspace/install/fpv_msgs/share/fpv_msgs/msg/MoonlyFpv.idl
[6.800s] -- Installing: /home/moonly/fpv_ros2_workspace/install/fpv_msgs/share/fpv_msgs/msg/MoonlyFpv.msg
[6.800s] -- Up-to-date: /home/moonly/fpv_ros2_workspace/install/fpv_msgs/share/ament_index/resource_index/package_run_dependencies/fpv_msgs
[6.800s] -- Installing: /home/moonly/fpv_ros2_workspace/install/fpv_msgs/share/ament_index/resource_index/parent_prefix_path/fpv_msgs
[6.800s] -- Up-to-date: /home/moonly/fpv_ros2_workspace/install/fpv_msgs/share/fpv_msgs/environment/ament_prefix_path.sh
[6.801s] -- Installing: /home/moonly/fpv_ros2_workspace/install/fpv_msgs/share/fpv_msgs/environment/ament_prefix_path.dsv
[6.801s] -- Up-to-date: /home/moonly/fpv_ros2_workspace/install/fpv_msgs/share/fpv_msgs/environment/path.sh
[6.801s] -- Installing: /home/moonly/fpv_ros2_workspace/install/fpv_msgs/share/fpv_msgs/environment/path.dsv
[6.801s] -- Up-to-date: /home/moonly/fpv_ros2_workspace/install/fpv_msgs/share/fpv_msgs/local_setup.bash
[6.801s] -- Up-to-date: /home/moonly/fpv_ros2_workspace/install/fpv_msgs/share/fpv_msgs/local_setup.sh
[6.801s] -- Up-to-date: /home/moonly/fpv_ros2_workspace/install/fpv_msgs/share/fpv_msgs/local_setup.zsh
[6.801s] -- Installing: /home/moonly/fpv_ros2_workspace/install/fpv_msgs/share/fpv_msgs/local_setup.dsv
[6.801s] -- Installing: /home/moonly/fpv_ros2_workspace/install/fpv_msgs/share/fpv_msgs/package.dsv
[6.801s] -- Up-to-date: /home/moonly/fpv_ros2_workspace/install/fpv_msgs/share/ament_index/resource_index/packages/fpv_msgs
[6.801s] -- Up-to-date: /home/moonly/fpv_ros2_workspace/install/fpv_msgs/share/fpv_msgs/cmake/fpv_msgs__rosidl_generator_cExport.cmake
[6.801s] -- Installing: /home/moonly/fpv_ros2_workspace/install/fpv_msgs/share/fpv_msgs/cmake/fpv_msgs__rosidl_generator_cExport-noconfig.cmake
[6.802s] -- Up-to-date: /home/moonly/fpv_ros2_workspace/install/fpv_msgs/share/fpv_msgs/cmake/fpv_msgs__rosidl_typesupport_introspection_cExport.cmake
[6.802s] -- Installing: /home/moonly/fpv_ros2_workspace/install/fpv_msgs/share/fpv_msgs/cmake/fpv_msgs__rosidl_typesupport_introspection_cExport-noconfig.cmake
[6.802s] -- Up-to-date: /home/moonly/fpv_ros2_workspace/install/fpv_msgs/share/fpv_msgs/cmake/fpv_msgs__rosidl_typesupport_cExport.cmake
[6.802s] -- Installing: /home/moonly/fpv_ros2_workspace/install/fpv_msgs/share/fpv_msgs/cmake/fpv_msgs__rosidl_typesupport_cExport-noconfig.cmake
[6.802s] -- Up-to-date: /home/moonly/fpv_ros2_workspace/install/fpv_msgs/share/fpv_msgs/cmake/fpv_msgs__rosidl_generator_cppExport.cmake
[6.802s] -- Up-to-date: /home/moonly/fpv_ros2_workspace/install/fpv_msgs/share/fpv_msgs/cmake/fpv_msgs__rosidl_typesupport_introspection_cppExport.cmake
[6.802s] -- Installing: /home/moonly/fpv_ros2_workspace/install/fpv_msgs/share/fpv_msgs/cmake/fpv_msgs__rosidl_typesupport_introspection_cppExport-noconfig.cmake
[6.802s] -- Up-to-date: /home/moonly/fpv_ros2_workspace/install/fpv_msgs/share/fpv_msgs/cmake/fpv_msgs__rosidl_typesupport_cppExport.cmake
[6.802s] -- Installing: /home/moonly/fpv_ros2_workspace/install/fpv_msgs/share/fpv_msgs/cmake/fpv_msgs__rosidl_typesupport_cppExport-noconfig.cmake
[6.802s] -- Up-to-date: /home/moonly/fpv_ros2_workspace/install/fpv_msgs/share/fpv_msgs/cmake/rosidl_cmake-extras.cmake
[6.802s] -- Up-to-date: /home/moonly/fpv_ros2_workspace/install/fpv_msgs/share/fpv_msgs/cmake/ament_cmake_export_dependencies-extras.cmake
[6.803s] -- Up-to-date: /home/moonly/fpv_ros2_workspace/install/fpv_msgs/share/fpv_msgs/cmake/ament_cmake_export_libraries-extras.cmake
[6.803s] -- Up-to-date: /home/moonly/fpv_ros2_workspace/install/fpv_msgs/share/fpv_msgs/cmake/ament_cmake_export_targets-extras.cmake
[6.803s] -- Up-to-date: /home/moonly/fpv_ros2_workspace/install/fpv_msgs/share/fpv_msgs/cmake/ament_cmake_export_include_directories-extras.cmake
[6.803s] -- Up-to-date: /home/moonly/fpv_ros2_workspace/install/fpv_msgs/share/fpv_msgs/cmake/rosidl_cmake_export_typesupport_libraries-extras.cmake
[6.803s] -- Up-to-date: /home/moonly/fpv_ros2_workspace/install/fpv_msgs/share/fpv_msgs/cmake/rosidl_cmake_export_typesupport_targets-extras.cmake
[6.803s] -- Up-to-date: /home/moonly/fpv_ros2_workspace/install/fpv_msgs/share/fpv_msgs/cmake/fpv_msgsConfig.cmake
[6.803s] -- Up-to-date: /home/moonly/fpv_ros2_workspace/install/fpv_msgs/share/fpv_msgs/cmake/fpv_msgsConfig-version.cmake
[6.803s] -- Up-to-date: /home/moonly/fpv_ros2_workspace/install/fpv_msgs/share/fpv_msgs/package.xml
[6.805s] Invoked command in '/home/moonly/fpv_ros2_workspace/build/fpv_msgs' returned '0': CMAKE_PREFIX_PATH=${CMAKE_PREFIX_PATH}:/opt/ros/foxy _=/usr/bin/env /usr/bin/cmake --install /home/moonly/fpv_ros2_workspace/build/fpv_msgs
