CMake Error at /opt/ros/foxy/share/rosidl_adapter/cmake/rosidl_adapt_interfaces.cmake:60 (message):
  execute_process(/usr/bin/python3 -m rosidl_adapter --package-name fpv_msgs
  --arguments-file
  /home/moonly/fpv_ros2_workspace/build/fpv_msgs/rosidl_adapter__arguments__fpv_msgs.json
  --output-dir
  /home/moonly/fpv_ros2_workspace/build/fpv_msgs/rosidl_adapter/fpv_msgs
  --output-file
  /home/moonly/fpv_ros2_workspace/build/fpv_msgs/rosidl_adapter/fpv_msgs.idls)
  returned error code 1:

  Error with: fpv_msgs MoonlyFpv float64

  Traceback (most recent call last):

    File "/usr/lib/python3.8/runpy.py", line 194, in _run_module_as_main
      return _run_code(code, main_globals, None,
    File "/usr/lib/python3.8/runpy.py", line 87, in _run_code
      exec(code, run_globals)
    File "/opt/ros/foxy/lib/python3.8/site-packages/rosidl_adapter/__main__.py", line 19, in <module>
      sys.exit(main())
    File "/opt/ros/foxy/lib/python3.8/site-packages/rosidl_adapter/main.py", line 53, in main
      abs_idl_file = convert_to_idl(
    File "/opt/ros/foxy/lib/python3.8/site-packages/rosidl_adapter/__init__.py", line 19, in convert_to_idl
      return convert_msg_to_idl(
    File "/opt/ros/foxy/lib/python3.8/site-packages/rosidl_adapter/msg/__init__.py", line 28, in convert_msg_to_idl
      msg = parse_message_string(package_name, input_file.stem, content)
    File "/opt/ros/foxy/lib/python3.8/site-packages/rosidl_adapter/parser.py", line 506, in parse_message_string
      raise InvalidFieldDefinition(line)

  rosidl_adapter.parser.InvalidFieldDefinition: float64

Call Stack (most recent call first):
  /opt/ros/foxy/share/rosidl_cmake/cmake/rosidl_generate_interfaces.cmake:130 (rosidl_adapt_interfaces)
  CMakeLists.txt:26 (rosidl_generate_interfaces)


make: *** [Makefile:748：cmake_check_build_system] 错误 1
