[0.064s] Invoking command in '/home/moonly/fpv_ros2_workspace/build/fpv_msgs': CMAKE_PREFIX_PATH=${CMAKE_PREFIX_PATH}:/opt/ros/foxy _=/usr/bin/env /usr/bin/cmake --build /home/moonly/fpv_ros2_workspace/build/fpv_msgs -- -j8 -l8
[0.104s] -- Found ament_cmake: 0.9.12 (/opt/ros/foxy/share/ament_cmake/cmake)
[0.136s] -- Found PythonInterp: /usr/bin/python3 (found suitable version "3.8.10", minimum required is "3") 
[0.137s] -- Using PYTHON_EXECUTABLE: /usr/bin/python3
[0.422s] -- Found rclcpp: 2.4.3 (/opt/ros/foxy/share/rclcpp/cmake)
[0.465s] -- Using all available rosidl_typesupport_c: rosidl_typesupport_fastrtps_c;rosidl_typesupport_introspection_c
[0.471s] -- Found rosidl_adapter: 1.3.1 (/opt/ros/foxy/share/rosidl_adapter/cmake)
[0.629s] -- Using all available rosidl_typesupport_cpp: rosidl_typesupport_fastrtps_cpp;rosidl_typesupport_introspection_cpp
[0.714s] -- Found rmw_implementation_cmake: 1.0.4 (/opt/ros/foxy/share/rmw_implementation_cmake/cmake)
[0.716s] -- Using RMW implementation 'rmw_fastrtps_cpp' as default
[0.916s] -- Found rosidl_default_generators: 1.0.1 (/opt/ros/foxy/share/rosidl_default_generators/cmake)
[0.957s] -- Found PythonInterp: /usr/bin/python3 (found version "3.8.10") 
[1.182s] CMake Error at /opt/ros/foxy/share/rosidl_adapter/cmake/rosidl_adapt_interfaces.cmake:60 (message):
[1.182s]   execute_process(/usr/bin/python3 -m rosidl_adapter --package-name fpv_msgs
[1.182s]   --arguments-file
[1.182s]   /home/moonly/fpv_ros2_workspace/build/fpv_msgs/rosidl_adapter__arguments__fpv_msgs.json
[1.183s]   --output-dir
[1.183s]   /home/moonly/fpv_ros2_workspace/build/fpv_msgs/rosidl_adapter/fpv_msgs
[1.183s]   --output-file
[1.183s]   /home/moonly/fpv_ros2_workspace/build/fpv_msgs/rosidl_adapter/fpv_msgs.idls)
[1.183s]   returned error code 1:
[1.183s] 
[1.183s]   Error with: fpv_msgs MoonlyFpv float64
[1.183s] 
[1.183s]   Traceback (most recent call last):
[1.183s] 
[1.183s]     File "/usr/lib/python3.8/runpy.py", line 194, in _run_module_as_main
[1.183s]       return _run_code(code, main_globals, None,
[1.183s]     File "/usr/lib/python3.8/runpy.py", line 87, in _run_code
[1.184s]       exec(code, run_globals)
[1.184s]     File "/opt/ros/foxy/lib/python3.8/site-packages/rosidl_adapter/__main__.py", line 19, in <module>
[1.184s]       sys.exit(main())
[1.184s]     File "/opt/ros/foxy/lib/python3.8/site-packages/rosidl_adapter/main.py", line 53, in main
[1.184s]       abs_idl_file = convert_to_idl(
[1.184s]     File "/opt/ros/foxy/lib/python3.8/site-packages/rosidl_adapter/__init__.py", line 19, in convert_to_idl
[1.184s]       return convert_msg_to_idl(
[1.184s]     File "/opt/ros/foxy/lib/python3.8/site-packages/rosidl_adapter/msg/__init__.py", line 28, in convert_msg_to_idl
[1.184s]       msg = parse_message_string(package_name, input_file.stem, content)
[1.184s]     File "/opt/ros/foxy/lib/python3.8/site-packages/rosidl_adapter/parser.py", line 506, in parse_message_string
[1.184s]       raise InvalidFieldDefinition(line)
[1.184s] 
[1.185s]   rosidl_adapter.parser.InvalidFieldDefinition: float64
[1.185s] 
[1.185s] Call Stack (most recent call first):
[1.185s]   /opt/ros/foxy/share/rosidl_cmake/cmake/rosidl_generate_interfaces.cmake:130 (rosidl_adapt_interfaces)
[1.185s]   CMakeLists.txt:26 (rosidl_generate_interfaces)
[1.185s] 
[1.185s] 
[1.185s] -- Configuring incomplete, errors occurred!
[1.185s] See also "/home/moonly/fpv_ros2_workspace/build/fpv_msgs/CMakeFiles/CMakeOutput.log".
[1.185s] See also "/home/moonly/fpv_ros2_workspace/build/fpv_msgs/CMakeFiles/CMakeError.log".
[1.198s] make: *** [Makefile:748：cmake_check_build_system] 错误 1
[1.201s] Invoked command in '/home/moonly/fpv_ros2_workspace/build/fpv_msgs' returned '2': CMAKE_PREFIX_PATH=${CMAKE_PREFIX_PATH}:/opt/ros/foxy _=/usr/bin/env /usr/bin/cmake --build /home/moonly/fpv_ros2_workspace/build/fpv_msgs -- -j8 -l8
