[0.081s] Invoking command in '/home/moonly/fpv_ros2_workspace/build/auto_control': CMAKE_PREFIX_PATH=${CMAKE_PREFIX_PATH}:/opt/ros/foxy _=/usr/bin/env /usr/bin/cmake --build /home/moonly/fpv_ros2_workspace/build/auto_control -- -j8 -l8
[0.268s] -- Found ament_cmake: 0.9.12 (/opt/ros/foxy/share/ament_cmake/cmake)
[0.328s] -- Using PYTHON_EXECUTABLE: /usr/bin/python3
[1.847s] -- Found ament_lint_auto: 0.9.8 (/opt/ros/foxy/share/ament_lint_auto/cmake)
[2.397s] -- Found rclcpp: 2.4.3 (/opt/ros/foxy/share/rclcpp/cmake)
[2.852s] -- Using all available rosidl_typesupport_c: rosidl_typesupport_fastrtps_c;rosidl_typesupport_introspection_c
[2.852s] -- Found rosidl_adapter: 1.3.1 (/opt/ros/foxy/share/rosidl_adapter/cmake)
[3.615s] -- Using all available rosidl_typesupport_cpp: rosidl_typesupport_fastrtps_cpp;rosidl_typesupport_introspection_cpp
[3.924s] -- Found rmw_implementation_cmake: 1.0.4 (/opt/ros/foxy/share/rmw_implementation_cmake/cmake)
[3.928s] -- Using RMW implementation 'rmw_fastrtps_cpp' as default
[4.505s] -- Found geometry_msgs: 2.0.5 (/opt/ros/foxy/share/geometry_msgs/cmake)
[4.560s] -- Found sensor_msgs: 2.0.5 (/opt/ros/foxy/share/sensor_msgs/cmake)
[4.656s] -- Found fpv_msgs: 0.0.0 (/home/moonly/fpv_ros2_workspace/install/fpv_msgs/share/fpv_msgs/cmake)
[4.672s] -- Added test 'copyright' to check source files copyright and LICENSE
[4.672s] -- Added test 'cppcheck' to perform static code analysis on C / C++ code
[4.672s] -- Configured cppcheck include dirs: /home/moonly/fpv_ros2_workspace/src/auto_control/include
[4.672s] -- Configured cppcheck exclude dirs and/or files: 
[4.674s] -- Added test 'cpplint' to check C / C++ code against the Google style
[4.675s] -- Configured cpplint exclude dirs and/or files: 
[4.675s] -- Added test 'lint_cmake' to check CMake code style
[4.675s] -- Added test 'uncrustify' to check C / C++ code style
[4.675s] -- Configured uncrustify additional arguments: 
[4.675s] -- Added test 'xmllint' to check XML markup files
[4.680s] -- Configuring done
[4.692s] -- Generating done
[4.693s] -- Build files have been written to: /home/moonly/fpv_ros2_workspace/build/auto_control
[4.788s] [35m[1mScanning dependencies of target auto_control[0m
[4.838s] [ 50%] [32mBuilding CXX object CMakeFiles/auto_control.dir/src/Auto_control.cpp.o[0m
[6.469s] In file included from [01m[K/home/moonly/fpv_ros2_workspace/src/auto_control/src/Auto_control.cpp:3[m[K:
[6.470s] [01m[K/home/moonly/fpv_ros2_workspace/src/auto_control/include/Auto_control.hpp:[m[K In function ‘[01m[Kvoid* take_off(void*)[m[K’:
[6.470s] [01m[K/home/moonly/fpv_ros2_workspace/src/auto_control/include/Auto_control.hpp:123:22:[m[K [01;35m[Kwarning: [m[Kunused parameter ‘[01m[Karg[m[K’ [[01;35m[K-Wunused-parameter[m[K]
[6.470s]   123 | void *take_off([01;35m[Kvoid *arg[m[K)
[6.470s]       |                [01;35m[K~~~~~~^~~[m[K
[6.470s] [01m[K/home/moonly/fpv_ros2_workspace/src/auto_control/include/Auto_control.hpp:[m[K In function ‘[01m[Kvoid* land(void*)[m[K’:
[6.470s] [01m[K/home/moonly/fpv_ros2_workspace/src/auto_control/include/Auto_control.hpp:144:18:[m[K [01;35m[Kwarning: [m[Kunused parameter ‘[01m[Karg[m[K’ [[01;35m[K-Wunused-parameter[m[K]
[6.470s]   144 | void *land([01;35m[Kvoid *arg[m[K)
[6.470s]       |            [01;35m[K~~~~~~^~~[m[K
[6.473s] [01m[K/home/moonly/fpv_ros2_workspace/src/auto_control/include/Auto_control.hpp:[m[K In function ‘[01m[Kvoid* auto_fpv_control(void*)[m[K’:
[6.473s] [01m[K/home/moonly/fpv_ros2_workspace/src/auto_control/include/Auto_control.hpp:165:30:[m[K [01;35m[Kwarning: [m[Kunused parameter ‘[01m[Karg[m[K’ [[01;35m[K-Wunused-parameter[m[K]
[6.473s]   165 | void *auto_fpv_control([01;35m[Kvoid *arg[m[K)
[6.473s]       |                        [01;35m[K~~~~~~^~~[m[K
[6.473s] [01m[K/home/moonly/fpv_ros2_workspace/src/auto_control/include/Auto_control.hpp:[m[K In function ‘[01m[Kvoid* auto_boat_control(void*)[m[K’:
[6.473s] [01m[K/home/moonly/fpv_ros2_workspace/src/auto_control/include/Auto_control.hpp:282:31:[m[K [01;35m[Kwarning: [m[Kunused parameter ‘[01m[Karg[m[K’ [[01;35m[K-Wunused-parameter[m[K]
[6.474s]   282 | void *auto_boat_control([01;35m[Kvoid *arg[m[K)
[6.474s]       |                         [01;35m[K~~~~~~^~~[m[K
[11.108s] [100%] [32m[1mLinking CXX executable auto_control[0m
[11.358s] [100%] Built target auto_control
[11.368s] Invoked command in '/home/moonly/fpv_ros2_workspace/build/auto_control' returned '0': CMAKE_PREFIX_PATH=${CMAKE_PREFIX_PATH}:/opt/ros/foxy _=/usr/bin/env /usr/bin/cmake --build /home/moonly/fpv_ros2_workspace/build/auto_control -- -j8 -l8
[11.400s] Invoking command in '/home/moonly/fpv_ros2_workspace/build/auto_control': CMAKE_PREFIX_PATH=${CMAKE_PREFIX_PATH}:/opt/ros/foxy _=/usr/bin/env /usr/bin/cmake --install /home/moonly/fpv_ros2_workspace/build/auto_control
[11.408s] -- Install configuration: ""
[11.408s] -- Installing: /home/moonly/fpv_ros2_workspace/install/auto_control/lib/auto_control/auto_control
[11.409s] -- Set runtime path of "/home/moonly/fpv_ros2_workspace/install/auto_control/lib/auto_control/auto_control" to ""
[11.410s] -- Up-to-date: /home/moonly/fpv_ros2_workspace/install/auto_control/share/ament_index/resource_index/package_run_dependencies/auto_control
[11.410s] -- Installing: /home/moonly/fpv_ros2_workspace/install/auto_control/share/ament_index/resource_index/parent_prefix_path/auto_control
[11.410s] -- Up-to-date: /home/moonly/fpv_ros2_workspace/install/auto_control/share/auto_control/environment/ament_prefix_path.sh
[11.410s] -- Installing: /home/moonly/fpv_ros2_workspace/install/auto_control/share/auto_control/environment/ament_prefix_path.dsv
[11.410s] -- Up-to-date: /home/moonly/fpv_ros2_workspace/install/auto_control/share/auto_control/environment/path.sh
[11.410s] -- Installing: /home/moonly/fpv_ros2_workspace/install/auto_control/share/auto_control/environment/path.dsv
[11.410s] -- Up-to-date: /home/moonly/fpv_ros2_workspace/install/auto_control/share/auto_control/local_setup.bash
[11.410s] -- Up-to-date: /home/moonly/fpv_ros2_workspace/install/auto_control/share/auto_control/local_setup.sh
[11.410s] -- Up-to-date: /home/moonly/fpv_ros2_workspace/install/auto_control/share/auto_control/local_setup.zsh
[11.410s] -- Installing: /home/moonly/fpv_ros2_workspace/install/auto_control/share/auto_control/local_setup.dsv
[11.410s] -- Installing: /home/moonly/fpv_ros2_workspace/install/auto_control/share/auto_control/package.dsv
[11.410s] -- Up-to-date: /home/moonly/fpv_ros2_workspace/install/auto_control/share/ament_index/resource_index/packages/auto_control
[11.410s] -- Up-to-date: /home/moonly/fpv_ros2_workspace/install/auto_control/share/auto_control/cmake/auto_controlConfig.cmake
[11.410s] -- Up-to-date: /home/moonly/fpv_ros2_workspace/install/auto_control/share/auto_control/cmake/auto_controlConfig-version.cmake
[11.410s] -- Up-to-date: /home/moonly/fpv_ros2_workspace/install/auto_control/share/auto_control/package.xml
[11.413s] Invoked command in '/home/moonly/fpv_ros2_workspace/build/auto_control' returned '0': CMAKE_PREFIX_PATH=${CMAKE_PREFIX_PATH}:/opt/ros/foxy _=/usr/bin/env /usr/bin/cmake --install /home/moonly/fpv_ros2_workspace/build/auto_control
