[0.020s] Invoking command in '/home/moonly/px4_ros_com_ros2/src/dgps_ros2/build/dgps_msgs': CMAKE_PREFIX_PATH=${CMAKE_PREFIX_PATH}:/opt/ros/foxy /usr/bin/cmake /home/moonly/px4_ros_com_ros2/src/dgps_ros2/dgps_msgs -DCMAKE_INSTALL_PREFIX=/home/moonly/px4_ros_com_ros2/src/dgps_ros2/install/dgps_msgs
[0.132s] -- The C compiler identification is GNU 9.4.0
[0.220s] -- The CXX compiler identification is GNU 9.4.0
[0.227s] -- Check for working C compiler: /usr/bin/cc
[0.309s] -- Check for working C compiler: /usr/bin/cc -- works
[0.310s] -- Detecting C compiler ABI info
[0.391s] -- Detecting C compiler ABI info - done
[0.403s] -- Detecting C compile features
[0.403s] -- Detecting C compile features - done
[0.406s] -- Check for working CXX compiler: /usr/bin/c++
[0.526s] -- Check for working CXX compiler: /usr/bin/c++ -- works
[0.527s] -- Detecting CXX compiler ABI info
[0.649s] -- Detecting CXX compiler ABI info - done
[0.660s] -- Detecting CXX compile features
[0.661s] -- Detecting CXX compile features - done
[0.667s] -- Found ament_cmake: 0.9.12 (/opt/ros/foxy/share/ament_cmake/cmake)
[0.721s] -- Found PythonInterp: /usr/bin/python3 (found suitable version "3.8.10", minimum required is "3") 
[0.721s] -- Using PYTHON_EXECUTABLE: /usr/bin/python3
[0.970s] -- Found geometry_msgs: 2.0.5 (/opt/ros/foxy/share/geometry_msgs/cmake)
[1.011s] -- Using all available rosidl_typesupport_c: rosidl_typesupport_fastrtps_c;rosidl_typesupport_introspection_c
[1.021s] -- Found rosidl_adapter: 1.3.1 (/opt/ros/foxy/share/rosidl_adapter/cmake)
[1.160s] -- Found OpenSSL: /usr/lib/x86_64-linux-gnu/libcrypto.so (found version "1.1.1f")  
[1.192s] -- Found FastRTPS: /opt/ros/foxy/include  
[1.278s] -- Using all available rosidl_typesupport_cpp: rosidl_typesupport_fastrtps_cpp;rosidl_typesupport_introspection_cpp
[1.368s] -- Found rosidl_default_generators: 1.0.1 (/opt/ros/foxy/share/rosidl_default_generators/cmake)
[1.406s] -- Found PythonInterp: /usr/bin/python3 (found version "3.8.10") 
[1.630s] -- Found ament_cmake_cppcheck: 0.9.8 (/opt/ros/foxy/share/ament_cmake_cppcheck/cmake)
[1.635s] -- Found ament_cmake_cpplint: 0.9.8 (/opt/ros/foxy/share/ament_cmake_cpplint/cmake)
[1.639s] -- Found ament_cmake_uncrustify: 0.9.8 (/opt/ros/foxy/share/ament_cmake_uncrustify/cmake)
[1.643s] -- Found ament_cmake_ros: 0.9.2 (/opt/ros/foxy/share/ament_cmake_ros/cmake)
[1.831s] -- Using all available rosidl_typesupport_c: rosidl_typesupport_fastrtps_c;rosidl_typesupport_introspection_c
[1.891s] -- Using all available rosidl_typesupport_cpp: rosidl_typesupport_fastrtps_cpp;rosidl_typesupport_introspection_cpp
[1.927s] -- Found PythonInterp: /usr/bin/python3 (found suitable version "3.8.10", minimum required is "3.5") 
[1.929s] -- Found python_cmake_module: 0.8.1 (/opt/ros/foxy/share/python_cmake_module/cmake)
[1.971s] -- Found PythonLibs: /usr/lib/x86_64-linux-gnu/libpython3.8.so (found suitable version "3.8.10", minimum required is "3.5") 
[1.971s] -- Using PYTHON_EXECUTABLE: /usr/bin/python3
[1.971s] -- Using PYTHON_INCLUDE_DIRS: /usr/include/python3.8
[1.971s] -- Using PYTHON_LIBRARIES: /usr/lib/x86_64-linux-gnu/libpython3.8.so
[1.993s] -- Found PythonExtra: .so  
[2.060s] -- Found ament_cmake_flake8: 0.9.8 (/opt/ros/foxy/share/ament_cmake_flake8/cmake)
[2.062s] -- Found ament_cmake_pep257: 0.9.8 (/opt/ros/foxy/share/ament_cmake_pep257/cmake)
[2.067s] -- Found ament_lint_auto: 0.9.8 (/opt/ros/foxy/share/ament_lint_auto/cmake)
[2.089s] -- Added test 'copyright' to check source files copyright and LICENSE
[2.090s] -- Added test 'lint_cmake' to check CMake code style
[2.090s] -- Added test 'xmllint' to check XML markup files
[2.097s] -- Configuring done
[2.170s] -- Generating done
[2.176s] -- Build files have been written to: /home/moonly/px4_ros_com_ros2/src/dgps_ros2/build/dgps_msgs
[2.212s] Invoked command in '/home/moonly/px4_ros_com_ros2/src/dgps_ros2/build/dgps_msgs' returned '0': CMAKE_PREFIX_PATH=${CMAKE_PREFIX_PATH}:/opt/ros/foxy /usr/bin/cmake /home/moonly/px4_ros_com_ros2/src/dgps_ros2/dgps_msgs -DCMAKE_INSTALL_PREFIX=/home/moonly/px4_ros_com_ros2/src/dgps_ros2/install/dgps_msgs
[2.216s] Invoking command in '/home/moonly/px4_ros_com_ros2/src/dgps_ros2/build/dgps_msgs': CMAKE_PREFIX_PATH=${CMAKE_PREFIX_PATH}:/opt/ros/foxy /usr/bin/cmake --build /home/moonly/px4_ros_com_ros2/src/dgps_ros2/build/dgps_msgs -- -j8 -l8
[2.294s] [35m[1mScanning dependencies of target dgps_msgs__cpp[0m
[2.296s] [  2%] [34m[1mGenerating C code for ROS interfaces[0m
[2.318s] [  4%] [34m[1mGenerating C++ code for ROS interfaces[0m
[3.156s] [  4%] Built target dgps_msgs__cpp
[3.177s] [  6%] [34m[1mGenerating C++ introspection for ROS interfaces[0m
[3.185s] [  8%] [34m[1mGenerating C++ type support for eProsima Fast-RTPS[0m
[3.203s] [ 10%] [34m[1mGenerating C++ type support dispatch for ROS interfaces[0m
[3.223s] [35m[1mScanning dependencies of target dgps_msgs__rosidl_generator_c[0m
[3.259s] [ 14%] [32mBuilding C object CMakeFiles/dgps_msgs__rosidl_generator_c.dir/rosidl_generator_c/dgps_msgs/msg/detail/gpfpd__functions.c.o[0m
[3.260s] [ 14%] [32mBuilding C object CMakeFiles/dgps_msgs__rosidl_generator_c.dir/rosidl_generator_c/dgps_msgs/msg/detail/gnvtg__functions.c.o[0m
[3.266s] [ 17%] [32mBuilding C object CMakeFiles/dgps_msgs__rosidl_generator_c.dir/rosidl_generator_c/dgps_msgs/msg/detail/gtimu__functions.c.o[0m
[3.419s] [ 19%] [32m[1mLinking C shared library libdgps_msgs__rosidl_generator_c.so[0m
[3.489s] [ 19%] Built target dgps_msgs__rosidl_generator_c
[3.507s] [ 21%] [34m[1mGenerating C introspection for ROS interfaces[0m
[3.510s] [ 23%] [34m[1mGenerating C type support dispatch for ROS interfaces[0m
[4.212s] [35m[1mScanning dependencies of target dgps_msgs__rosidl_typesupport_introspection_cpp[0m
[4.254s] [ 25%] [32mBuilding CXX object CMakeFiles/dgps_msgs__rosidl_typesupport_introspection_cpp.dir/rosidl_typesupport_introspection_cpp/dgps_msgs/msg/detail/gpfpd__type_support.cpp.o[0m
[4.262s] [ 27%] [32mBuilding CXX object CMakeFiles/dgps_msgs__rosidl_typesupport_introspection_cpp.dir/rosidl_typesupport_introspection_cpp/dgps_msgs/msg/detail/gtimu__type_support.cpp.o[0m
[4.293s] [ 29%] [32mBuilding CXX object CMakeFiles/dgps_msgs__rosidl_typesupport_introspection_cpp.dir/rosidl_typesupport_introspection_cpp/dgps_msgs/msg/detail/gnvtg__type_support.cpp.o[0m
[4.434s] [35m[1mScanning dependencies of target dgps_msgs__rosidl_typesupport_fastrtps_cpp[0m
[4.449s] [35m[1mScanning dependencies of target dgps_msgs__rosidl_typesupport_cpp[0m
[4.495s] [ 31%] [32mBuilding CXX object CMakeFiles/dgps_msgs__rosidl_typesupport_cpp.dir/rosidl_typesupport_cpp/dgps_msgs/msg/gnvtg__type_support.cpp.o[0m
[4.528s] [ 34%] [32mBuilding CXX object CMakeFiles/dgps_msgs__rosidl_typesupport_cpp.dir/rosidl_typesupport_cpp/dgps_msgs/msg/gpfpd__type_support.cpp.o[0m
[4.531s] [ 36%] [32mBuilding CXX object CMakeFiles/dgps_msgs__rosidl_typesupport_fastrtps_cpp.dir/rosidl_typesupport_fastrtps_cpp/dgps_msgs/msg/detail/dds_fastrtps/gnvtg__type_support.cpp.o[0m
[4.772s] [35m[1mScanning dependencies of target dgps_msgs__rosidl_typesupport_c[0m
[4.844s] [ 38%] [32mBuilding CXX object CMakeFiles/dgps_msgs__rosidl_typesupport_c.dir/rosidl_typesupport_c/dgps_msgs/msg/gnvtg__type_support.cpp.o[0m
[4.995s] [ 40%] [32mBuilding CXX object CMakeFiles/dgps_msgs__rosidl_typesupport_c.dir/rosidl_typesupport_c/dgps_msgs/msg/gpfpd__type_support.cpp.o[0m
[5.030s] [35m[1mScanning dependencies of target dgps_msgs__rosidl_typesupport_introspection_c[0m
[5.038s] [ 42%] [32mBuilding CXX object CMakeFiles/dgps_msgs__rosidl_typesupport_fastrtps_cpp.dir/rosidl_typesupport_fastrtps_cpp/dgps_msgs/msg/detail/dds_fastrtps/gpfpd__type_support.cpp.o[0m
[5.059s] [ 44%] [32mBuilding CXX object CMakeFiles/dgps_msgs__rosidl_typesupport_c.dir/rosidl_typesupport_c/dgps_msgs/msg/gtimu__type_support.cpp.o[0m
[5.113s] [ 46%] [32mBuilding CXX object CMakeFiles/dgps_msgs__rosidl_typesupport_cpp.dir/rosidl_typesupport_cpp/dgps_msgs/msg/gtimu__type_support.cpp.o[0m
[5.121s] [ 48%] [32mBuilding C object CMakeFiles/dgps_msgs__rosidl_typesupport_introspection_c.dir/rosidl_typesupport_introspection_c/dgps_msgs/msg/detail/gnvtg__type_support.c.o[0m
[5.126s] [ 51%] [32m[1mLinking CXX shared library libdgps_msgs__rosidl_typesupport_introspection_cpp.so[0m
[5.189s] [ 53%] [32mBuilding C object CMakeFiles/dgps_msgs__rosidl_typesupport_introspection_c.dir/rosidl_typesupport_introspection_c/dgps_msgs/msg/detail/gpfpd__type_support.c.o[0m
[5.197s] [ 55%] [32m[1mLinking CXX shared library libdgps_msgs__rosidl_typesupport_c.so[0m
[5.254s] [ 57%] [32mBuilding CXX object CMakeFiles/dgps_msgs__rosidl_typesupport_fastrtps_cpp.dir/rosidl_typesupport_fastrtps_cpp/dgps_msgs/msg/detail/dds_fastrtps/gtimu__type_support.cpp.o[0m
[5.273s] [ 59%] [32mBuilding C object CMakeFiles/dgps_msgs__rosidl_typesupport_introspection_c.dir/rosidl_typesupport_introspection_c/dgps_msgs/msg/detail/gtimu__type_support.c.o[0m
[5.313s] [ 59%] Built target dgps_msgs__rosidl_typesupport_c
[5.358s] [ 59%] Built target dgps_msgs__rosidl_typesupport_introspection_cpp
[5.359s] [ 61%] [32m[1mLinking C shared library libdgps_msgs__rosidl_typesupport_introspection_c.so[0m
[5.440s] [ 61%] Built target dgps_msgs__rosidl_typesupport_introspection_c
[5.686s] [ 63%] [32m[1mLinking CXX shared library libdgps_msgs__rosidl_typesupport_cpp.so[0m
[5.765s] [ 63%] Built target dgps_msgs__rosidl_typesupport_cpp
[6.017s] [ 65%] [32m[1mLinking CXX shared library libdgps_msgs__rosidl_typesupport_fastrtps_cpp.so[0m
[6.177s] [ 65%] Built target dgps_msgs__rosidl_typesupport_fastrtps_cpp
[6.193s] [ 68%] [34m[1mGenerating C type support for eProsima Fast-RTPS[0m
[6.852s] [35m[1mScanning dependencies of target dgps_msgs__rosidl_typesupport_fastrtps_c[0m
[6.887s] [ 72%] [32mBuilding CXX object CMakeFiles/dgps_msgs__rosidl_typesupport_fastrtps_c.dir/rosidl_typesupport_fastrtps_c/dgps_msgs/msg/detail/gpfpd__type_support_c.cpp.o[0m
[6.888s] [ 72%] [32mBuilding CXX object CMakeFiles/dgps_msgs__rosidl_typesupport_fastrtps_c.dir/rosidl_typesupport_fastrtps_c/dgps_msgs/msg/detail/gnvtg__type_support_c.cpp.o[0m
[6.894s] [ 74%] [32mBuilding CXX object CMakeFiles/dgps_msgs__rosidl_typesupport_fastrtps_c.dir/rosidl_typesupport_fastrtps_c/dgps_msgs/msg/detail/gtimu__type_support_c.cpp.o[0m
[7.463s] [ 76%] [32m[1mLinking CXX shared library libdgps_msgs__rosidl_typesupport_fastrtps_c.so[0m
[7.589s] [ 76%] Built target dgps_msgs__rosidl_typesupport_fastrtps_c
[7.603s] [35m[1mScanning dependencies of target dgps_msgs[0m
[7.622s] [ 76%] Built target dgps_msgs
[7.635s] [35m[1mScanning dependencies of target dgps_msgs__py[0m
[7.651s] [ 78%] [34m[1mGenerating Python code for ROS interfaces[0m
[8.884s] [ 78%] Built target dgps_msgs__py
[8.900s] [35m[1mScanning dependencies of target dgps_msgs__python[0m
[8.935s] [ 82%] [32mBuilding C object CMakeFiles/dgps_msgs__python.dir/rosidl_generator_py/dgps_msgs/msg/_gtimu_s.c.o[0m
[8.935s] [ 82%] [32mBuilding C object CMakeFiles/dgps_msgs__python.dir/rosidl_generator_py/dgps_msgs/msg/_gnvtg_s.c.o[0m
[8.936s] [ 85%] [32mBuilding C object CMakeFiles/dgps_msgs__python.dir/rosidl_generator_py/dgps_msgs/msg/_gpfpd_s.c.o[0m
[9.071s] [ 87%] [32m[1mLinking C shared library rosidl_generator_py/dgps_msgs/libdgps_msgs__python.so[0m
[9.131s] [ 87%] Built target dgps_msgs__python
[9.149s] [35m[1mScanning dependencies of target dgps_msgs__rosidl_typesupport_c__pyext[0m
[9.149s] [35m[1mScanning dependencies of target dgps_msgs__rosidl_typesupport_introspection_c__pyext[0m
[9.149s] [35m[1mScanning dependencies of target dgps_msgs__rosidl_typesupport_fastrtps_c__pyext[0m
[9.174s] [ 89%] [32mBuilding C object CMakeFiles/dgps_msgs__rosidl_typesupport_c__pyext.dir/rosidl_generator_py/dgps_msgs/_dgps_msgs_s.ep.rosidl_typesupport_c.c.o[0m
[9.175s] [ 91%] [32mBuilding C object CMakeFiles/dgps_msgs__rosidl_typesupport_fastrtps_c__pyext.dir/rosidl_generator_py/dgps_msgs/_dgps_msgs_s.ep.rosidl_typesupport_fastrtps_c.c.o[0m
[9.179s] [ 93%] [32mBuilding C object CMakeFiles/dgps_msgs__rosidl_typesupport_introspection_c__pyext.dir/rosidl_generator_py/dgps_msgs/_dgps_msgs_s.ep.rosidl_typesupport_introspection_c.c.o[0m
[9.279s] [ 97%] [32m[1mLinking CXX shared library rosidl_generator_py/dgps_msgs/dgps_msgs_s__rosidl_typesupport_fastrtps_c.cpython-38-x86_64-linux-gnu.so[0m
[9.280s] [ 97%] [32m[1mLinking C shared library rosidl_generator_py/dgps_msgs/dgps_msgs_s__rosidl_typesupport_introspection_c.cpython-38-x86_64-linux-gnu.so[0m
[9.324s] [100%] [32m[1mLinking C shared library rosidl_generator_py/dgps_msgs/dgps_msgs_s__rosidl_typesupport_c.cpython-38-x86_64-linux-gnu.so[0m
[9.337s] [100%] Built target dgps_msgs__rosidl_typesupport_introspection_c__pyext
[9.375s] [100%] Built target dgps_msgs__rosidl_typesupport_c__pyext
[9.376s] [100%] Built target dgps_msgs__rosidl_typesupport_fastrtps_c__pyext
[9.395s] Invoked command in '/home/moonly/px4_ros_com_ros2/src/dgps_ros2/build/dgps_msgs' returned '0': CMAKE_PREFIX_PATH=${CMAKE_PREFIX_PATH}:/opt/ros/foxy /usr/bin/cmake --build /home/moonly/px4_ros_com_ros2/src/dgps_ros2/build/dgps_msgs -- -j8 -l8
[9.512s] Invoking command in '/home/moonly/px4_ros_com_ros2/src/dgps_ros2/build/dgps_msgs': CMAKE_PREFIX_PATH=${CMAKE_PREFIX_PATH}:/opt/ros/foxy /usr/bin/cmake --install /home/moonly/px4_ros_com_ros2/src/dgps_ros2/build/dgps_msgs
[9.523s] -- Install configuration: ""
[9.523s] -- Installing: /home/moonly/px4_ros_com_ros2/src/dgps_ros2/install/dgps_msgs/share/ament_index/resource_index/rosidl_interfaces/dgps_msgs
[9.523s] -- Installing: /home/moonly/px4_ros_com_ros2/src/dgps_ros2/install/dgps_msgs/include/dgps_msgs
[9.523s] -- Installing: /home/moonly/px4_ros_com_ros2/src/dgps_ros2/install/dgps_msgs/include/dgps_msgs/msg
[9.523s] -- Installing: /home/moonly/px4_ros_com_ros2/src/dgps_ros2/install/dgps_msgs/include/dgps_msgs/msg/detail
[9.523s] -- Installing: /home/moonly/px4_ros_com_ros2/src/dgps_ros2/install/dgps_msgs/include/dgps_msgs/msg/detail/gnvtg__functions.h
[9.523s] -- Installing: /home/moonly/px4_ros_com_ros2/src/dgps_ros2/install/dgps_msgs/include/dgps_msgs/msg/detail/gnvtg__functions.c
[9.523s] -- Installing: /home/moonly/px4_ros_com_ros2/src/dgps_ros2/install/dgps_msgs/include/dgps_msgs/msg/detail/gpfpd__functions.c
[9.524s] -- Installing: /home/moonly/px4_ros_com_ros2/src/dgps_ros2/install/dgps_msgs/include/dgps_msgs/msg/detail/gnvtg__struct.h
[9.524s] -- Installing: /home/moonly/px4_ros_com_ros2/src/dgps_ros2/install/dgps_msgs/include/dgps_msgs/msg/detail/gtimu__type_support.h
[9.524s] -- Installing: /home/moonly/px4_ros_com_ros2/src/dgps_ros2/install/dgps_msgs/include/dgps_msgs/msg/detail/gpfpd__type_support.h
[9.524s] -- Installing: /home/moonly/px4_ros_com_ros2/src/dgps_ros2/install/dgps_msgs/include/dgps_msgs/msg/detail/gtimu__functions.h
[9.524s] -- Installing: /home/moonly/px4_ros_com_ros2/src/dgps_ros2/install/dgps_msgs/include/dgps_msgs/msg/detail/gtimu__struct.h
[9.524s] -- Installing: /home/moonly/px4_ros_com_ros2/src/dgps_ros2/install/dgps_msgs/include/dgps_msgs/msg/detail/gtimu__functions.c
[9.524s] -- Installing: /home/moonly/px4_ros_com_ros2/src/dgps_ros2/install/dgps_msgs/include/dgps_msgs/msg/detail/gpfpd__functions.h
[9.524s] -- Installing: /home/moonly/px4_ros_com_ros2/src/dgps_ros2/install/dgps_msgs/include/dgps_msgs/msg/detail/gpfpd__struct.h
[9.524s] -- Installing: /home/moonly/px4_ros_com_ros2/src/dgps_ros2/install/dgps_msgs/include/dgps_msgs/msg/detail/gnvtg__type_support.h
[9.524s] -- Installing: /home/moonly/px4_ros_com_ros2/src/dgps_ros2/install/dgps_msgs/include/dgps_msgs/msg/gpfpd.h
[9.524s] -- Installing: /home/moonly/px4_ros_com_ros2/src/dgps_ros2/install/dgps_msgs/include/dgps_msgs/msg/gtimu.h
[9.524s] -- Installing: /home/moonly/px4_ros_com_ros2/src/dgps_ros2/install/dgps_msgs/include/dgps_msgs/msg/gnvtg.h
[9.524s] -- Installing: /home/moonly/px4_ros_com_ros2/src/dgps_ros2/install/dgps_msgs/include/dgps_msgs/msg/rosidl_generator_c__visibility_control.h
[9.524s] -- Installing: /home/moonly/px4_ros_com_ros2/src/dgps_ros2/install/dgps_msgs/share/dgps_msgs/environment/library_path.sh
[9.525s] -- Installing: /home/moonly/px4_ros_com_ros2/src/dgps_ros2/install/dgps_msgs/share/dgps_msgs/environment/library_path.dsv
[9.525s] -- Installing: /home/moonly/px4_ros_com_ros2/src/dgps_ros2/install/dgps_msgs/lib/libdgps_msgs__rosidl_generator_c.so
[9.525s] -- Set runtime path of "/home/moonly/px4_ros_com_ros2/src/dgps_ros2/install/dgps_msgs/lib/libdgps_msgs__rosidl_generator_c.so" to ""
[9.525s] -- Up-to-date: /home/moonly/px4_ros_com_ros2/src/dgps_ros2/install/dgps_msgs/include/dgps_msgs
[9.525s] -- Up-to-date: /home/moonly/px4_ros_com_ros2/src/dgps_ros2/install/dgps_msgs/include/dgps_msgs/msg
[9.525s] -- Up-to-date: /home/moonly/px4_ros_com_ros2/src/dgps_ros2/install/dgps_msgs/include/dgps_msgs/msg/detail
[9.525s] -- Installing: /home/moonly/px4_ros_com_ros2/src/dgps_ros2/install/dgps_msgs/include/dgps_msgs/msg/detail/gtimu__rosidl_typesupport_fastrtps_c.h
[9.525s] -- Installing: /home/moonly/px4_ros_com_ros2/src/dgps_ros2/install/dgps_msgs/include/dgps_msgs/msg/detail/gpfpd__rosidl_typesupport_fastrtps_c.h
[9.525s] -- Installing: /home/moonly/px4_ros_com_ros2/src/dgps_ros2/install/dgps_msgs/include/dgps_msgs/msg/detail/gnvtg__rosidl_typesupport_fastrtps_c.h
[9.525s] -- Installing: /home/moonly/px4_ros_com_ros2/src/dgps_ros2/install/dgps_msgs/include/dgps_msgs/msg/rosidl_typesupport_fastrtps_c__visibility_control.h
[9.525s] -- Installing: /home/moonly/px4_ros_com_ros2/src/dgps_ros2/install/dgps_msgs/lib/libdgps_msgs__rosidl_typesupport_fastrtps_c.so
[9.525s] -- Set runtime path of "/home/moonly/px4_ros_com_ros2/src/dgps_ros2/install/dgps_msgs/lib/libdgps_msgs__rosidl_typesupport_fastrtps_c.so" to ""
[9.525s] -- Up-to-date: /home/moonly/px4_ros_com_ros2/src/dgps_ros2/install/dgps_msgs/include/dgps_msgs
[9.525s] -- Up-to-date: /home/moonly/px4_ros_com_ros2/src/dgps_ros2/install/dgps_msgs/include/dgps_msgs/msg
[9.525s] -- Up-to-date: /home/moonly/px4_ros_com_ros2/src/dgps_ros2/install/dgps_msgs/include/dgps_msgs/msg/detail
[9.526s] -- Installing: /home/moonly/px4_ros_com_ros2/src/dgps_ros2/install/dgps_msgs/include/dgps_msgs/msg/detail/dds_fastrtps
[9.526s] -- Installing: /home/moonly/px4_ros_com_ros2/src/dgps_ros2/install/dgps_msgs/include/dgps_msgs/msg/detail/gpfpd__rosidl_typesupport_fastrtps_cpp.hpp
[9.526s] -- Installing: /home/moonly/px4_ros_com_ros2/src/dgps_ros2/install/dgps_msgs/include/dgps_msgs/msg/detail/gnvtg__rosidl_typesupport_fastrtps_cpp.hpp
[9.526s] -- Installing: /home/moonly/px4_ros_com_ros2/src/dgps_ros2/install/dgps_msgs/include/dgps_msgs/msg/detail/gtimu__rosidl_typesupport_fastrtps_cpp.hpp
[9.526s] -- Installing: /home/moonly/px4_ros_com_ros2/src/dgps_ros2/install/dgps_msgs/include/dgps_msgs/msg/rosidl_typesupport_fastrtps_cpp__visibility_control.h
[9.526s] -- Installing: /home/moonly/px4_ros_com_ros2/src/dgps_ros2/install/dgps_msgs/lib/libdgps_msgs__rosidl_typesupport_fastrtps_cpp.so
[9.526s] -- Set runtime path of "/home/moonly/px4_ros_com_ros2/src/dgps_ros2/install/dgps_msgs/lib/libdgps_msgs__rosidl_typesupport_fastrtps_cpp.so" to ""
[9.526s] -- Up-to-date: /home/moonly/px4_ros_com_ros2/src/dgps_ros2/install/dgps_msgs/include/dgps_msgs
[9.526s] -- Up-to-date: /home/moonly/px4_ros_com_ros2/src/dgps_ros2/install/dgps_msgs/include/dgps_msgs/msg
[9.526s] -- Up-to-date: /home/moonly/px4_ros_com_ros2/src/dgps_ros2/install/dgps_msgs/include/dgps_msgs/msg/detail
[9.526s] -- Installing: /home/moonly/px4_ros_com_ros2/src/dgps_ros2/install/dgps_msgs/include/dgps_msgs/msg/detail/gpfpd__type_support.c
[9.526s] -- Installing: /home/moonly/px4_ros_com_ros2/src/dgps_ros2/install/dgps_msgs/include/dgps_msgs/msg/detail/gtimu__rosidl_typesupport_introspection_c.h
[9.527s] -- Installing: /home/moonly/px4_ros_com_ros2/src/dgps_ros2/install/dgps_msgs/include/dgps_msgs/msg/detail/gnvtg__rosidl_typesupport_introspection_c.h
[9.527s] -- Installing: /home/moonly/px4_ros_com_ros2/src/dgps_ros2/install/dgps_msgs/include/dgps_msgs/msg/detail/gnvtg__type_support.c
[9.527s] -- Installing: /home/moonly/px4_ros_com_ros2/src/dgps_ros2/install/dgps_msgs/include/dgps_msgs/msg/detail/gtimu__type_support.c
[9.527s] -- Installing: /home/moonly/px4_ros_com_ros2/src/dgps_ros2/install/dgps_msgs/include/dgps_msgs/msg/detail/gpfpd__rosidl_typesupport_introspection_c.h
[9.527s] -- Installing: /home/moonly/px4_ros_com_ros2/src/dgps_ros2/install/dgps_msgs/include/dgps_msgs/msg/rosidl_typesupport_introspection_c__visibility_control.h
[9.527s] -- Installing: /home/moonly/px4_ros_com_ros2/src/dgps_ros2/install/dgps_msgs/lib/libdgps_msgs__rosidl_typesupport_introspection_c.so
[9.527s] -- Set runtime path of "/home/moonly/px4_ros_com_ros2/src/dgps_ros2/install/dgps_msgs/lib/libdgps_msgs__rosidl_typesupport_introspection_c.so" to ""
[9.527s] -- Installing: /home/moonly/px4_ros_com_ros2/src/dgps_ros2/install/dgps_msgs/lib/libdgps_msgs__rosidl_typesupport_c.so
[9.527s] -- Set runtime path of "/home/moonly/px4_ros_com_ros2/src/dgps_ros2/install/dgps_msgs/lib/libdgps_msgs__rosidl_typesupport_c.so" to ""
[9.527s] -- Up-to-date: /home/moonly/px4_ros_com_ros2/src/dgps_ros2/install/dgps_msgs/include/dgps_msgs
[9.527s] -- Up-to-date: /home/moonly/px4_ros_com_ros2/src/dgps_ros2/install/dgps_msgs/include/dgps_msgs/msg
[9.528s] -- Up-to-date: /home/moonly/px4_ros_com_ros2/src/dgps_ros2/install/dgps_msgs/include/dgps_msgs/msg/detail
[9.528s] -- Installing: /home/moonly/px4_ros_com_ros2/src/dgps_ros2/install/dgps_msgs/include/dgps_msgs/msg/detail/gnvtg__struct.hpp
[9.528s] -- Installing: /home/moonly/px4_ros_com_ros2/src/dgps_ros2/install/dgps_msgs/include/dgps_msgs/msg/detail/gpfpd__traits.hpp
[9.528s] -- Installing: /home/moonly/px4_ros_com_ros2/src/dgps_ros2/install/dgps_msgs/include/dgps_msgs/msg/detail/gtimu__builder.hpp
[9.528s] -- Installing: /home/moonly/px4_ros_com_ros2/src/dgps_ros2/install/dgps_msgs/include/dgps_msgs/msg/detail/gtimu__traits.hpp
[9.528s] -- Installing: /home/moonly/px4_ros_com_ros2/src/dgps_ros2/install/dgps_msgs/include/dgps_msgs/msg/detail/gpfpd__struct.hpp
[9.528s] -- Installing: /home/moonly/px4_ros_com_ros2/src/dgps_ros2/install/dgps_msgs/include/dgps_msgs/msg/detail/gpfpd__type_support.hpp
[9.529s] -- Installing: /home/moonly/px4_ros_com_ros2/src/dgps_ros2/install/dgps_msgs/include/dgps_msgs/msg/detail/gtimu__struct.hpp
[9.529s] -- Installing: /home/moonly/px4_ros_com_ros2/src/dgps_ros2/install/dgps_msgs/include/dgps_msgs/msg/detail/gnvtg__type_support.hpp
[9.529s] -- Installing: /home/moonly/px4_ros_com_ros2/src/dgps_ros2/install/dgps_msgs/include/dgps_msgs/msg/detail/gpfpd__builder.hpp
[9.529s] -- Installing: /home/moonly/px4_ros_com_ros2/src/dgps_ros2/install/dgps_msgs/include/dgps_msgs/msg/detail/gnvtg__builder.hpp
[9.529s] -- Installing: /home/moonly/px4_ros_com_ros2/src/dgps_ros2/install/dgps_msgs/include/dgps_msgs/msg/detail/gtimu__type_support.hpp
[9.529s] -- Installing: /home/moonly/px4_ros_com_ros2/src/dgps_ros2/install/dgps_msgs/include/dgps_msgs/msg/detail/gnvtg__traits.hpp
[9.529s] -- Installing: /home/moonly/px4_ros_com_ros2/src/dgps_ros2/install/dgps_msgs/include/dgps_msgs/msg/gpfpd.hpp
[9.530s] -- Installing: /home/moonly/px4_ros_com_ros2/src/dgps_ros2/install/dgps_msgs/include/dgps_msgs/msg/gtimu.hpp
[9.530s] -- Installing: /home/moonly/px4_ros_com_ros2/src/dgps_ros2/install/dgps_msgs/include/dgps_msgs/msg/gnvtg.hpp
[9.530s] -- Installing: /home/moonly/px4_ros_com_ros2/src/dgps_ros2/install/dgps_msgs/include/dgps_msgs/msg/rosidl_generator_cpp__visibility_control.hpp
[9.530s] -- Up-to-date: /home/moonly/px4_ros_com_ros2/src/dgps_ros2/install/dgps_msgs/include/dgps_msgs
[9.530s] -- Up-to-date: /home/moonly/px4_ros_com_ros2/src/dgps_ros2/install/dgps_msgs/include/dgps_msgs/msg
[9.530s] -- Up-to-date: /home/moonly/px4_ros_com_ros2/src/dgps_ros2/install/dgps_msgs/include/dgps_msgs/msg/detail
[9.530s] -- Installing: /home/moonly/px4_ros_com_ros2/src/dgps_ros2/install/dgps_msgs/include/dgps_msgs/msg/detail/gnvtg__rosidl_typesupport_introspection_cpp.hpp
[9.530s] -- Installing: /home/moonly/px4_ros_com_ros2/src/dgps_ros2/install/dgps_msgs/include/dgps_msgs/msg/detail/gnvtg__type_support.cpp
[9.530s] -- Installing: /home/moonly/px4_ros_com_ros2/src/dgps_ros2/install/dgps_msgs/include/dgps_msgs/msg/detail/gpfpd__type_support.cpp
[9.530s] -- Installing: /home/moonly/px4_ros_com_ros2/src/dgps_ros2/install/dgps_msgs/include/dgps_msgs/msg/detail/gtimu__type_support.cpp
[9.531s] -- Installing: /home/moonly/px4_ros_com_ros2/src/dgps_ros2/install/dgps_msgs/include/dgps_msgs/msg/detail/gpfpd__rosidl_typesupport_introspection_cpp.hpp
[9.531s] -- Installing: /home/moonly/px4_ros_com_ros2/src/dgps_ros2/install/dgps_msgs/include/dgps_msgs/msg/detail/gtimu__rosidl_typesupport_introspection_cpp.hpp
[9.531s] -- Installing: /home/moonly/px4_ros_com_ros2/src/dgps_ros2/install/dgps_msgs/lib/libdgps_msgs__rosidl_typesupport_introspection_cpp.so
[9.531s] -- Set runtime path of "/home/moonly/px4_ros_com_ros2/src/dgps_ros2/install/dgps_msgs/lib/libdgps_msgs__rosidl_typesupport_introspection_cpp.so" to ""
[9.531s] -- Installing: /home/moonly/px4_ros_com_ros2/src/dgps_ros2/install/dgps_msgs/lib/libdgps_msgs__rosidl_typesupport_cpp.so
[9.531s] -- Set runtime path of "/home/moonly/px4_ros_com_ros2/src/dgps_ros2/install/dgps_msgs/lib/libdgps_msgs__rosidl_typesupport_cpp.so" to ""
[9.532s] -- Installing: /home/moonly/px4_ros_com_ros2/src/dgps_ros2/install/dgps_msgs/share/dgps_msgs/environment/pythonpath.sh
[9.532s] -- Installing: /home/moonly/px4_ros_com_ros2/src/dgps_ros2/install/dgps_msgs/share/dgps_msgs/environment/pythonpath.dsv
[9.532s] -- Installing: /home/moonly/px4_ros_com_ros2/src/dgps_ros2/install/dgps_msgs/lib/python3.8/site-packages/dgps_msgs/__init__.py
[9.570s] Compiling '/home/moonly/px4_ros_com_ros2/src/dgps_ros2/install/dgps_msgs/lib/python3.8/site-packages/dgps_msgs/__init__.py'...
[9.579s] -- Installing: /home/moonly/px4_ros_com_ros2/src/dgps_ros2/install/dgps_msgs/lib/python3.8/site-packages/dgps_msgs/msg
[9.580s] -- Installing: /home/moonly/px4_ros_com_ros2/src/dgps_ros2/install/dgps_msgs/lib/python3.8/site-packages/dgps_msgs/msg/_gtimu_s.c
[9.580s] -- Installing: /home/moonly/px4_ros_com_ros2/src/dgps_ros2/install/dgps_msgs/lib/python3.8/site-packages/dgps_msgs/msg/_gpfpd.py
[9.580s] -- Installing: /home/moonly/px4_ros_com_ros2/src/dgps_ros2/install/dgps_msgs/lib/python3.8/site-packages/dgps_msgs/msg/__init__.py
[9.580s] -- Installing: /home/moonly/px4_ros_com_ros2/src/dgps_ros2/install/dgps_msgs/lib/python3.8/site-packages/dgps_msgs/msg/_gnvtg_s.c
[9.580s] -- Installing: /home/moonly/px4_ros_com_ros2/src/dgps_ros2/install/dgps_msgs/lib/python3.8/site-packages/dgps_msgs/msg/_gtimu.py
[9.580s] -- Installing: /home/moonly/px4_ros_com_ros2/src/dgps_ros2/install/dgps_msgs/lib/python3.8/site-packages/dgps_msgs/msg/_gnvtg.py
[9.580s] -- Installing: /home/moonly/px4_ros_com_ros2/src/dgps_ros2/install/dgps_msgs/lib/python3.8/site-packages/dgps_msgs/msg/_gpfpd_s.c
[9.580s] -- Installing: /home/moonly/px4_ros_com_ros2/src/dgps_ros2/install/dgps_msgs/lib/python3.8/site-packages/dgps_msgs/dgps_msgs_s__rosidl_typesupport_fastrtps_c.cpython-38-x86_64-linux-gnu.so
[9.581s] -- Set runtime path of "/home/moonly/px4_ros_com_ros2/src/dgps_ros2/install/dgps_msgs/lib/python3.8/site-packages/dgps_msgs/dgps_msgs_s__rosidl_typesupport_fastrtps_c.cpython-38-x86_64-linux-gnu.so" to ""
[9.581s] -- Installing: /home/moonly/px4_ros_com_ros2/src/dgps_ros2/install/dgps_msgs/lib/python3.8/site-packages/dgps_msgs/dgps_msgs_s__rosidl_typesupport_introspection_c.cpython-38-x86_64-linux-gnu.so
[9.581s] -- Set runtime path of "/home/moonly/px4_ros_com_ros2/src/dgps_ros2/install/dgps_msgs/lib/python3.8/site-packages/dgps_msgs/dgps_msgs_s__rosidl_typesupport_introspection_c.cpython-38-x86_64-linux-gnu.so" to ""
[9.582s] -- Installing: /home/moonly/px4_ros_com_ros2/src/dgps_ros2/install/dgps_msgs/lib/python3.8/site-packages/dgps_msgs/dgps_msgs_s__rosidl_typesupport_c.cpython-38-x86_64-linux-gnu.so
[9.582s] -- Set runtime path of "/home/moonly/px4_ros_com_ros2/src/dgps_ros2/install/dgps_msgs/lib/python3.8/site-packages/dgps_msgs/dgps_msgs_s__rosidl_typesupport_c.cpython-38-x86_64-linux-gnu.so" to ""
[9.582s] -- Installing: /home/moonly/px4_ros_com_ros2/src/dgps_ros2/install/dgps_msgs/lib/libdgps_msgs__python.so
[9.583s] -- Set runtime path of "/home/moonly/px4_ros_com_ros2/src/dgps_ros2/install/dgps_msgs/lib/libdgps_msgs__python.so" to ""
[9.583s] -- Installing: /home/moonly/px4_ros_com_ros2/src/dgps_ros2/install/dgps_msgs/share/dgps_msgs/msg/Gnvtg.idl
[9.583s] -- Installing: /home/moonly/px4_ros_com_ros2/src/dgps_ros2/install/dgps_msgs/share/dgps_msgs/msg/Gpfpd.idl
[9.583s] -- Installing: /home/moonly/px4_ros_com_ros2/src/dgps_ros2/install/dgps_msgs/share/dgps_msgs/msg/Gtimu.idl
[9.583s] -- Installing: /home/moonly/px4_ros_com_ros2/src/dgps_ros2/install/dgps_msgs/share/dgps_msgs/msg/Gnvtg.msg
[9.583s] -- Installing: /home/moonly/px4_ros_com_ros2/src/dgps_ros2/install/dgps_msgs/share/dgps_msgs/msg/Gpfpd.msg
[9.583s] -- Installing: /home/moonly/px4_ros_com_ros2/src/dgps_ros2/install/dgps_msgs/share/dgps_msgs/msg/Gtimu.msg
[9.584s] -- Installing: /home/moonly/px4_ros_com_ros2/src/dgps_ros2/install/dgps_msgs/share/ament_index/resource_index/package_run_dependencies/dgps_msgs
[9.584s] -- Installing: /home/moonly/px4_ros_com_ros2/src/dgps_ros2/install/dgps_msgs/share/ament_index/resource_index/parent_prefix_path/dgps_msgs
[9.584s] -- Installing: /home/moonly/px4_ros_com_ros2/src/dgps_ros2/install/dgps_msgs/share/dgps_msgs/environment/ament_prefix_path.sh
[9.584s] -- Installing: /home/moonly/px4_ros_com_ros2/src/dgps_ros2/install/dgps_msgs/share/dgps_msgs/environment/ament_prefix_path.dsv
[9.584s] -- Installing: /home/moonly/px4_ros_com_ros2/src/dgps_ros2/install/dgps_msgs/share/dgps_msgs/environment/path.sh
[9.585s] -- Installing: /home/moonly/px4_ros_com_ros2/src/dgps_ros2/install/dgps_msgs/share/dgps_msgs/environment/path.dsv
[9.585s] -- Installing: /home/moonly/px4_ros_com_ros2/src/dgps_ros2/install/dgps_msgs/share/dgps_msgs/local_setup.bash
[9.585s] -- Installing: /home/moonly/px4_ros_com_ros2/src/dgps_ros2/install/dgps_msgs/share/dgps_msgs/local_setup.sh
[9.585s] -- Installing: /home/moonly/px4_ros_com_ros2/src/dgps_ros2/install/dgps_msgs/share/dgps_msgs/local_setup.zsh
[9.585s] -- Installing: /home/moonly/px4_ros_com_ros2/src/dgps_ros2/install/dgps_msgs/share/dgps_msgs/local_setup.dsv
[9.585s] -- Installing: /home/moonly/px4_ros_com_ros2/src/dgps_ros2/install/dgps_msgs/share/dgps_msgs/package.dsv
[9.585s] -- Installing: /home/moonly/px4_ros_com_ros2/src/dgps_ros2/install/dgps_msgs/share/ament_index/resource_index/packages/dgps_msgs
[9.586s] -- Installing: /home/moonly/px4_ros_com_ros2/src/dgps_ros2/install/dgps_msgs/share/dgps_msgs/cmake/dgps_msgs__rosidl_generator_cExport.cmake
[9.586s] -- Installing: /home/moonly/px4_ros_com_ros2/src/dgps_ros2/install/dgps_msgs/share/dgps_msgs/cmake/dgps_msgs__rosidl_generator_cExport-noconfig.cmake
[9.586s] -- Installing: /home/moonly/px4_ros_com_ros2/src/dgps_ros2/install/dgps_msgs/share/dgps_msgs/cmake/dgps_msgs__rosidl_typesupport_introspection_cExport.cmake
[9.586s] -- Installing: /home/moonly/px4_ros_com_ros2/src/dgps_ros2/install/dgps_msgs/share/dgps_msgs/cmake/dgps_msgs__rosidl_typesupport_introspection_cExport-noconfig.cmake
[9.586s] -- Installing: /home/moonly/px4_ros_com_ros2/src/dgps_ros2/install/dgps_msgs/share/dgps_msgs/cmake/dgps_msgs__rosidl_typesupport_cExport.cmake
[9.586s] -- Installing: /home/moonly/px4_ros_com_ros2/src/dgps_ros2/install/dgps_msgs/share/dgps_msgs/cmake/dgps_msgs__rosidl_typesupport_cExport-noconfig.cmake
[9.586s] -- Installing: /home/moonly/px4_ros_com_ros2/src/dgps_ros2/install/dgps_msgs/share/dgps_msgs/cmake/dgps_msgs__rosidl_generator_cppExport.cmake
[9.587s] -- Installing: /home/moonly/px4_ros_com_ros2/src/dgps_ros2/install/dgps_msgs/share/dgps_msgs/cmake/dgps_msgs__rosidl_typesupport_introspection_cppExport.cmake
[9.587s] -- Installing: /home/moonly/px4_ros_com_ros2/src/dgps_ros2/install/dgps_msgs/share/dgps_msgs/cmake/dgps_msgs__rosidl_typesupport_introspection_cppExport-noconfig.cmake
[9.587s] -- Installing: /home/moonly/px4_ros_com_ros2/src/dgps_ros2/install/dgps_msgs/share/dgps_msgs/cmake/dgps_msgs__rosidl_typesupport_cppExport.cmake
[9.587s] -- Installing: /home/moonly/px4_ros_com_ros2/src/dgps_ros2/install/dgps_msgs/share/dgps_msgs/cmake/dgps_msgs__rosidl_typesupport_cppExport-noconfig.cmake
[9.587s] -- Installing: /home/moonly/px4_ros_com_ros2/src/dgps_ros2/install/dgps_msgs/share/dgps_msgs/cmake/rosidl_cmake-extras.cmake
[9.587s] -- Installing: /home/moonly/px4_ros_com_ros2/src/dgps_ros2/install/dgps_msgs/share/dgps_msgs/cmake/ament_cmake_export_dependencies-extras.cmake
[9.587s] -- Installing: /home/moonly/px4_ros_com_ros2/src/dgps_ros2/install/dgps_msgs/share/dgps_msgs/cmake/ament_cmake_export_libraries-extras.cmake
[9.588s] -- Installing: /home/moonly/px4_ros_com_ros2/src/dgps_ros2/install/dgps_msgs/share/dgps_msgs/cmake/ament_cmake_export_targets-extras.cmake
[9.588s] -- Installing: /home/moonly/px4_ros_com_ros2/src/dgps_ros2/install/dgps_msgs/share/dgps_msgs/cmake/ament_cmake_export_include_directories-extras.cmake
[9.588s] -- Installing: /home/moonly/px4_ros_com_ros2/src/dgps_ros2/install/dgps_msgs/share/dgps_msgs/cmake/rosidl_cmake_export_typesupport_libraries-extras.cmake
[9.588s] -- Installing: /home/moonly/px4_ros_com_ros2/src/dgps_ros2/install/dgps_msgs/share/dgps_msgs/cmake/rosidl_cmake_export_typesupport_targets-extras.cmake
[9.588s] -- Installing: /home/moonly/px4_ros_com_ros2/src/dgps_ros2/install/dgps_msgs/share/dgps_msgs/cmake/dgps_msgsConfig.cmake
[9.588s] -- Installing: /home/moonly/px4_ros_com_ros2/src/dgps_ros2/install/dgps_msgs/share/dgps_msgs/cmake/dgps_msgsConfig-version.cmake
[9.588s] -- Installing: /home/moonly/px4_ros_com_ros2/src/dgps_ros2/install/dgps_msgs/share/dgps_msgs/package.xml
[9.592s] Invoked command in '/home/moonly/px4_ros_com_ros2/src/dgps_ros2/build/dgps_msgs' returned '0': CMAKE_PREFIX_PATH=${CMAKE_PREFIX_PATH}:/opt/ros/foxy /usr/bin/cmake --install /home/moonly/px4_ros_com_ros2/src/dgps_ros2/build/dgps_msgs
