In file included from [01m[K/home/moonly/fpv_ros2_workspace/src/position_trans/src/Position_trans.cpp:2[m[K:
[01m[K/home/moonly/fpv_ros2_workspace/src/position_trans/include/Position_trans.hpp:57:31:[m[K [01;31m[Kerror: [m[K‘[01m[KTemp[m[K’ in namespace ‘[01m[Kfpv_msgs::msg[m[K’ does not name a type
   57 | void sub(const fpv_msgs::msg::[01;31m[KTemp[m[K::SharedPtr msg)
      |                               [01;31m[K^~~~[m[K
[01m[K/home/moonly/fpv_ros2_workspace/src/position_trans/include/Position_trans.hpp:57:47:[m[K [01;31m[Kerror: [m[Kexpected unqualified-id before ‘[01m[Kmsg[m[K’
   57 | void sub(const fpv_msgs::msg::Temp::SharedPtr [01;31m[Kmsg[m[K)
      |                                               [01;31m[K^~~[m[K
[01m[K/home/moonly/fpv_ros2_workspace/src/position_trans/include/Position_trans.hpp:57:46:[m[K [01;31m[Kerror: [m[Kexpected ‘[01m[K)[m[K’ before ‘[01m[Kmsg[m[K’
   57 | void sub[34m[K([m[Kconst fpv_msgs::msg::Temp::SharedPtr[01;31m[K [m[K[32m[Kmsg[m[K)
      |         [34m[K~[m[K                                    [01;31m[K^[m[K[32m[K~~~[m[K
      |                                              [32m[K)[m[K
[01m[K/home/moonly/fpv_ros2_workspace/src/position_trans/include/Position_trans.hpp:57:47:[m[K [01;31m[Kerror: [m[Kexpected initializer before ‘[01m[Kmsg[m[K’
   57 | void sub(const fpv_msgs::msg::Temp::SharedPtr [01;31m[Kmsg[m[K)
      |                                               [01;31m[K^~~[m[K
[01m[K/home/moonly/fpv_ros2_workspace/src/position_trans/src/Position_trans.cpp:[m[K In function ‘[01m[Kint main(int, char**)[m[K’:
[01m[K/home/moonly/fpv_ros2_workspace/src/position_trans/src/Position_trans.cpp:16:57:[m[K [01;31m[Kerror: [m[K‘[01m[KTemp[m[K’ is not a member of ‘[01m[Kfpv_msgs::msg[m[K’
   16 |     auto sub = node->create_subscription<fpv_msgs::msg::[01;31m[KTemp[m[K>("/in",10, sub);
      |                                                         [01;31m[K^~~~[m[K
[01m[K/home/moonly/fpv_ros2_workspace/src/position_trans/src/Position_trans.cpp:16:57:[m[K [01;31m[Kerror: [m[K‘[01m[KTemp[m[K’ is not a member of ‘[01m[Kfpv_msgs::msg[m[K’
[01m[K/home/moonly/fpv_ros2_workspace/src/position_trans/src/Position_trans.cpp:16:73:[m[K [01;31m[Kerror: [m[Kuse of ‘[01m[Ksub[m[K’ before deduction of ‘[01m[Kauto[m[K’
   16 |     auto sub = node->create_subscription<fpv_msgs::msg::Temp>("/in",10, [01;31m[Ksub[m[K);
      |                                                                         [01;31m[K^~~[m[K
make[2]: *** [CMakeFiles/position_trans.dir/build.make:63：CMakeFiles/position_trans.dir/src/Position_trans.cpp.o] 错误 1
make[1]: *** [CMakeFiles/Makefile2:78：CMakeFiles/position_trans.dir/all] 错误 2
make: *** [Makefile:141：all] 错误 2
