[01m[K/home/moonly/fpv_ros2_workspace/src/dgps_ros2/dgps_ros2/src/serial.cpp:[m[K In function ‘[01m[Kvoid printHexString(const char*, size_t)[m[K’:
[01m[K/home/moonly/fpv_ros2_workspace/src/dgps_ros2/dgps_ros2/src/serial.cpp:108:11:[m[K [01;35m[Kwarning: [m[Kunused variable ‘[01m[Kt[m[K’ [[01;35m[K-Wunused-variable[m[K]
  108 |      char [01;35m[Kt[m[K[8];
      |           [01;35m[K^[m[K
In file included from [01m[K/home/moonly/fpv_ros2_workspace/src/dgps_ros2/dgps_ros2/src/serial.cpp:30[m[K:
[01m[K/home/moonly/fpv_ros2_workspace/src/dgps_ros2/dgps_ros2/include/dgps_ros2/serial.h:[m[K At global scope:
[01m[K/home/moonly/fpv_ros2_workspace/src/dgps_ros2/dgps_ros2/include/dgps_ros2/serial.h:55:28:[m[K [01;35m[Kwarning: [m[K‘[01m[KSerialProtocol SerialGetProtocol(const char*, int*)[m[K’ defined but not used [[01;35m[K-Wunused-function[m[K]
   55 | static enum SerialProtocol [01;35m[KSerialGetProtocol[m[K(const char *buf, int *ressize)
      |                            [01;35m[K^~~~~~~~~~~~~~~~~[m[K
[01m[K/home/moonly/fpv_ros2_workspace/src/dgps_ros2/dgps_ros2/include/dgps_ros2/serial.h:33:26:[m[K [01;35m[Kwarning: [m[K‘[01m[KSerialParity SerialGetParity(const char*, int*)[m[K’ defined but not used [[01;35m[K-Wunused-function[m[K]
   33 | static enum SerialParity [01;35m[KSerialGetParity[m[K(const char *buf, int *ressize)
      |                          [01;35m[K^~~~~~~~~~~~~~~[m[K
[01m[K/home/moonly/fpv_ros2_workspace/src/dgps_ros2/dgps_ros2/src/ntripclient.cpp:[m[K In function ‘[01m[Kvoid ntrserial_client(Args*)[m[K’:
[01m[K/home/moonly/fpv_ros2_workspace/src/dgps_ros2/dgps_ros2/src/ntripclient.cpp:595:11:[m[K [01;35m[Kwarning: [m[Kunused variable ‘[01m[Kj[m[K’ [[01;35m[K-Wunused-variable[m[K]
  595 |       int [01;35m[Kj[m[K = 0;
      |           [01;35m[K^[m[K
[01m[K/home/moonly/fpv_ros2_workspace/src/dgps_ros2/dgps_ros2/src/ntripclient.cpp:[m[K In function ‘[01m[Kvoid ntrip_client(Args*)[m[K’:
[01m[K/home/moonly/fpv_ros2_workspace/src/dgps_ros2/dgps_ros2/src/ntripclient.cpp:775:25:[m[K [01;35m[Kwarning: [m[Koverflow in conversion from ‘[01m[Kint[m[K’ to ‘[01m[Kchar[m[K’ changes value from ‘[01m[K128[m[K’ to ‘[01m[K'\37777777600'[m[K’ [[01;35m[K-Woverflow[m[K]
  775 |           rtpbuf[0] = [01;35m[K(2<<6)[m[K;
      |                       [01;35m[K~~^~~~[m[K
[01m[K/home/moonly/fpv_ros2_workspace/src/dgps_ros2/dgps_ros2/src/ntripclient.cpp:1040:39:[m[K [01;35m[Kwarning: [m[Koverflow in conversion from ‘[01m[Kint[m[K’ to ‘[01m[Kchar[m[K’ changes value from ‘[01m[K128[m[K’ to ‘[01m[K'\37777777600'[m[K’ [[01;35m[K-Woverflow[m[K]
 1040 |                         rtpbuf[0] = [01;35m[K(2<<6)[m[K;
      |                                     [01;35m[K~~^~~~[m[K
[01m[K/home/moonly/fpv_ros2_workspace/src/dgps_ros2/dgps_ros2/src/ntripclient.cpp:1074:31:[m[K [01;35m[Kwarning: [m[Koverflow in conversion from ‘[01m[Kint[m[K’ to ‘[01m[Kchar[m[K’ changes value from ‘[01m[K128[m[K’ to ‘[01m[K'\37777777600'[m[K’ [[01;35m[K-Woverflow[m[K]
 1074 |                 rtpbuf[0] = [01;35m[K(2<<6)[m[K;
      |                             [01;35m[K~~^~~~[m[K
[01m[K/home/moonly/fpv_ros2_workspace/src/dgps_ros2/dgps_ros2/src/ntripclient.cpp:1239:34:[m[K [01;35m[Kwarning: [m[Koverflow in conversion from ‘[01m[Kint[m[K’ to ‘[01m[Kchar[m[K’ changes value from ‘[01m[K128[m[K’ to ‘[01m[K'\37777777600'[m[K’ [[01;35m[K-Woverflow[m[K]
 1239 |                 rtpbuffer[0] = [01;35m[K(2<<6)[m[K;
      |                                [01;35m[K~~^~~~[m[K
[01m[K/home/moonly/fpv_ros2_workspace/src/dgps_ros2/dgps_ros2/src/ntripclient.cpp:626:10:[m[K [01;35m[Kwarning: [m[Kunused variable ‘[01m[Knmeabuffer[m[K’ [[01;35m[K-Wunused-variable[m[K]
  626 |     char [01;35m[Knmeabuffer[m[K[MAXDATASIZE] = "$GPGGA,"; /* our start string */
      |          [01;35m[K^~~~~~~~~~[m[K
[01m[K/home/moonly/fpv_ros2_workspace/src/dgps_ros2/dgps_ros2/src/ntripclient.cpp:627:12:[m[K [01;35m[Kwarning: [m[Kunused variable ‘[01m[Knmeabufpos[m[K’ [[01;35m[K-Wunused-variable[m[K]
  627 |     size_t [01;35m[Knmeabufpos[m[K = 0;
      |            [01;35m[K^~~~~~~~~~[m[K
[01m[K/home/moonly/fpv_ros2_workspace/src/dgps_ros2/dgps_ros2/src/ntripclient.cpp:628:12:[m[K [01;35m[Kwarning: [m[Kunused variable ‘[01m[Knmeastarpos[m[K’ [[01;35m[K-Wunused-variable[m[K]
  628 |     size_t [01;35m[Knmeastarpos[m[K = 0;
      |            [01;35m[K^~~~~~~~~~~[m[K
[01m[K/home/moonly/fpv_ros2_workspace/src/dgps_ros2/dgps_ros2/src/ntripclient.cpp:[m[K In function ‘[01m[Kint getargs(int, char**, Args*)[m[K’:
[01m[K/home/moonly/fpv_ros2_workspace/src/dgps_ros2/dgps_ros2/src/ntripclient.cpp:344:14:[m[K [01;35m[Kwarning: [m[Kthis statement may fall through [[01;35m[K-Wimplicit-fallthrough=[m[K]
  344 |       [01;35m[Kfprintf(stderr, "Option -d or --data is deprecated. Use -m instead.\n")[m[K;
      |       [01;35m[K~~~~~~~^~~~~~~~~~~~~~~~~~~~~~~~~~~~~~~~~~~~~~~~~~~~~~~~~~~~~~~~~~~~~~~~[m[K
[01m[K/home/moonly/fpv_ros2_workspace/src/dgps_ros2/dgps_ros2/src/ntripclient.cpp:345:5:[m[K [01;36m[Knote: [m[Khere
  345 |     [01;36m[Kcase[m[K 'm':
      |     [01;36m[K^~~~[m[K
[01m[K/home/moonly/fpv_ros2_workspace/src/dgps_ros2/dgps_ros2/src/ntripclient.cpp:[m[K In function ‘[01m[Kvoid ntrip_client(Args*)[m[K’:
[01m[K/home/moonly/fpv_ros2_workspace/src/dgps_ros2/dgps_ros2/src/ntripclient.cpp:1619:23:[m[K [01;35m[Kwarning: [m[Kthis statement may fall through [[01;35m[K-Wimplicit-fallthrough=[m[K]
 1619 |                       [01;35m[K++chunkymode[m[K; /* no break */
      |                       [01;35m[K^~~~~~~~~~~~[m[K
[01m[K/home/moonly/fpv_ros2_workspace/src/dgps_ros2/dgps_ros2/src/ntripclient.cpp:1620:21:[m[K [01;36m[Knote: [m[Khere
 1620 |                     [01;36m[Kcase[m[K 2: /* during reading number */
      |                     [01;36m[K^~~~[m[K
[01m[K/home/moonly/fpv_ros2_workspace/src/dgps_ros2/dgps_ros2/src/ntripclient.cpp:[m[K At global scope:
[01m[K/home/moonly/fpv_ros2_workspace/src/dgps_ros2/dgps_ros2/src/ntripclient.cpp:304:12:[m[K [01;35m[Kwarning: [m[K‘[01m[Kint getargs(int, char**, Args*)[m[K’ defined but not used [[01;35m[K-Wunused-function[m[K]
  304 | static int [01;35m[Kgetargs[m[K(int argc, char **argv, struct Args *args)
      |            [01;35m[K^~~~~~~[m[K
[01m[K/home/moonly/fpv_ros2_workspace/src/dgps_ros2/dgps_ros2/src/ntripclient.cpp:139:13:[m[K [01;35m[Kwarning: [m[K‘[01m[Kvoid sighandler_int(int)[m[K’ defined but not used [[01;35m[K-Wunused-function[m[K]
  139 | static void [01;35m[Ksighandler_int[m[K(int sig __attribute__((__unused__)))
      |             [01;35m[K^~~~~~~~~~~~~~[m[K
[01m[K/home/moonly/fpv_ros2_workspace/src/dgps_ros2/dgps_ros2/src/ntripclient.cpp:125:40:[m[K [01;35m[Kwarning: [m[K‘[01m[Kvoid sighandler_alarm(int)[m[K’ defined but not used [[01;35m[K-Wunused-function[m[K]
  125 | static __attribute__ ((noreturn)) void [01;35m[Ksighandler_alarm[m[K(
      |                                        [01;35m[K^~~~~~~~~~~~~~~~[m[K
In file included from [01m[K/home/moonly/fpv_ros2_workspace/src/dgps_ros2/dgps_ros2/include/dgps_ros2/ntrip.h:5[m[K,
                 from [01m[K/home/moonly/fpv_ros2_workspace/src/dgps_ros2/dgps_ros2/src/dgps_ros2_node.cpp:6[m[K:
[01m[K/home/moonly/fpv_ros2_workspace/src/dgps_ros2/dgps_ros2/include/dgps_ros2/serial.h:55:28:[m[K [01;35m[Kwarning: [m[K‘[01m[KSerialProtocol SerialGetProtocol(const char*, int*)[m[K’ defined but not used [[01;35m[K-Wunused-function[m[K]
   55 | static enum SerialProtocol [01;35m[KSerialGetProtocol[m[K(const char *buf, int *ressize)
      |                            [01;35m[K^~~~~~~~~~~~~~~~~[m[K
[01m[K/home/moonly/fpv_ros2_workspace/src/dgps_ros2/dgps_ros2/include/dgps_ros2/serial.h:33:26:[m[K [01;35m[Kwarning: [m[K‘[01m[KSerialParity SerialGetParity(const char*, int*)[m[K’ defined but not used [[01;35m[K-Wunused-function[m[K]
   33 | static enum SerialParity [01;35m[KSerialGetParity[m[K(const char *buf, int *ressize)
      |                          [01;35m[K^~~~~~~~~~~~~~~[m[K
