[0.014s] Invoking command in '/home/moonly/fpv_ros2_workspace/build/dgps_ros2': AMENT_PREFIX_PATH=/home/moonly/fpv_ros2_workspace/install/dgps_msgs:${AMENT_PREFIX_PATH} CMAKE_PREFIX_PATH=/home/moonly/fpv_ros2_workspace/install/dgps_msgs:/home/moonly/fpv_ros2_workspace/install/pwm_trans:/home/moonly/fpv_ros2_workspace/install/position_trans:/home/moonly/fpv_ros2_workspace/install/fpv_msgs:/home/moonly/fpv_ros2_workspace/install/auto_control:/home/moonly/moonly_workspace/install/moonly_msgs:/home/moonly/moonly_workspace/install/moonly_msgs:/opt/ros/foxy LD_LIBRARY_PATH=/home/moonly/fpv_ros2_workspace/install/dgps_msgs/lib:/home/moonly/fpv_ros2_workspace/install/fpv_msgs/lib:/opt/ros/foxy/opt/yaml_cpp_vendor/lib:/opt/ros/foxy/opt/rviz_ogre_vendor/lib:/opt/ros/foxy/lib/x86_64-linux-gnu:/opt/ros/foxy/lib:/home/ns-allinone-2.35/otcl-1.14:/home/ns-allinone-2.35/lib:/home/ns-allinone-2.35/otcl-1.14:/home/ns-allinone-2.35/lib PYTHONPATH=/home/moonly/fpv_ros2_workspace/install/dgps_msgs/lib/python3.8/site-packages:${PYTHONPATH} _=/usr/bin/env /usr/bin/cmake /home/moonly/fpv_ros2_workspace/src/dgps_ros2/dgps_ros2 -DCMAKE_INSTALL_PREFIX=/home/moonly/fpv_ros2_workspace/install/dgps_ros2
[0.065s] -- The C compiler identification is GNU 9.4.0
[0.102s] -- The CXX compiler identification is GNU 9.4.0
[0.106s] -- Check for working C compiler: /usr/bin/cc
[0.164s] -- Check for working C compiler: /usr/bin/cc -- works
[0.165s] -- Detecting C compiler ABI info
[0.212s] -- Detecting C compiler ABI info - done
[0.221s] -- Detecting C compile features
[0.221s] -- Detecting C compile features - done
[0.223s] -- Check for working CXX compiler: /usr/bin/c++
[0.286s] -- Check for working CXX compiler: /usr/bin/c++ -- works
[0.287s] -- Detecting CXX compiler ABI info
[0.355s] -- Detecting CXX compiler ABI info - done
[0.364s] -- Detecting CXX compile features
[0.364s] -- Detecting CXX compile features - done
[0.366s] -- Found ament_cmake: 0.9.12 (/opt/ros/foxy/share/ament_cmake/cmake)
[0.386s] -- Found PythonInterp: /usr/bin/python3 (found suitable version "3.8.10", minimum required is "3") 
[0.386s] -- Using PYTHON_EXECUTABLE: /usr/bin/python3
[0.573s] -- Found ament_lint_auto: 0.9.8 (/opt/ros/foxy/share/ament_lint_auto/cmake)
[0.628s] -- Found std_msgs: 2.0.5 (/opt/ros/foxy/share/std_msgs/cmake)
[0.653s] -- Using all available rosidl_typesupport_c: rosidl_typesupport_fastrtps_c;rosidl_typesupport_introspection_c
[0.658s] -- Found rosidl_adapter: 1.3.1 (/opt/ros/foxy/share/rosidl_adapter/cmake)
[0.718s] -- Found OpenSSL: /usr/lib/x86_64-linux-gnu/libcrypto.so (found version "1.1.1f")  
[0.749s] -- Found FastRTPS: /opt/ros/foxy/include  
[0.807s] -- Using all available rosidl_typesupport_cpp: rosidl_typesupport_fastrtps_cpp;rosidl_typesupport_introspection_cpp
[0.843s] -- Found sensor_msgs: 2.0.5 (/opt/ros/foxy/share/sensor_msgs/cmake)
[0.926s] -- Looking for pthread.h
[1.008s] -- Looking for pthread.h - found
[1.008s] -- Performing Test CMAKE_HAVE_LIBC_PTHREAD
[1.074s] -- Performing Test CMAKE_HAVE_LIBC_PTHREAD - Failed
[1.074s] -- Looking for pthread_create in pthreads
[1.125s] -- Looking for pthread_create in pthreads - not found
[1.125s] -- Looking for pthread_create in pthread
[1.203s] -- Looking for pthread_create in pthread - found
[1.203s] -- Found Threads: TRUE  
[1.205s] -- Found rclcpp: 2.4.3 (/opt/ros/foxy/share/rclcpp/cmake)
[1.243s] -- Found rmw_implementation_cmake: 1.0.4 (/opt/ros/foxy/share/rmw_implementation_cmake/cmake)
[1.244s] -- Using RMW implementation 'rmw_fastrtps_cpp' as default
[1.347s] -- Found rclcpp_components: 2.4.3 (/opt/ros/foxy/share/rclcpp_components/cmake)
[1.396s] -- Found dgps_msgs: 0.0.0 (/home/moonly/fpv_ros2_workspace/install/dgps_msgs/share/dgps_msgs/cmake)
[1.426s] -- Added test 'copyright' to check source files copyright and LICENSE
[1.427s] -- Added test 'cppcheck' to perform static code analysis on C / C++ code
[1.427s] -- Configured cppcheck include dirs: /home/moonly/fpv_ros2_workspace/src/dgps_ros2/dgps_ros2/include
[1.427s] -- Configured cppcheck exclude dirs and/or files: 
[1.429s] -- Added test 'cpplint' to check C / C++ code against the Google style
[1.429s] -- Configured cpplint exclude dirs and/or files: 
[1.429s] -- Added test 'flake8' to check Python code syntax and style conventions
[1.429s] -- Added test 'lint_cmake' to check CMake code style
[1.430s] -- Added test 'pep257' to check Python code against some of the style conventions in PEP 257
[1.431s] -- Added test 'uncrustify' to check C / C++ code style
[1.431s] -- Configured uncrustify additional arguments: 
[1.431s] -- Added test 'xmllint' to check XML markup files
[1.434s] -- Configuring done
[1.444s] -- Generating done
[1.445s] -- Build files have been written to: /home/moonly/fpv_ros2_workspace/build/dgps_ros2
[1.453s] Invoked command in '/home/moonly/fpv_ros2_workspace/build/dgps_ros2' returned '0': AMENT_PREFIX_PATH=/home/moonly/fpv_ros2_workspace/install/dgps_msgs:${AMENT_PREFIX_PATH} CMAKE_PREFIX_PATH=/home/moonly/fpv_ros2_workspace/install/dgps_msgs:/home/moonly/fpv_ros2_workspace/install/pwm_trans:/home/moonly/fpv_ros2_workspace/install/position_trans:/home/moonly/fpv_ros2_workspace/install/fpv_msgs:/home/moonly/fpv_ros2_workspace/install/auto_control:/home/moonly/moonly_workspace/install/moonly_msgs:/home/moonly/moonly_workspace/install/moonly_msgs:/opt/ros/foxy LD_LIBRARY_PATH=/home/moonly/fpv_ros2_workspace/install/dgps_msgs/lib:/home/moonly/fpv_ros2_workspace/install/fpv_msgs/lib:/opt/ros/foxy/opt/yaml_cpp_vendor/lib:/opt/ros/foxy/opt/rviz_ogre_vendor/lib:/opt/ros/foxy/lib/x86_64-linux-gnu:/opt/ros/foxy/lib:/home/ns-allinone-2.35/otcl-1.14:/home/ns-allinone-2.35/lib:/home/ns-allinone-2.35/otcl-1.14:/home/ns-allinone-2.35/lib PYTHONPATH=/home/moonly/fpv_ros2_workspace/install/dgps_msgs/lib/python3.8/site-packages:${PYTHONPATH} _=/usr/bin/env /usr/bin/cmake /home/moonly/fpv_ros2_workspace/src/dgps_ros2/dgps_ros2 -DCMAKE_INSTALL_PREFIX=/home/moonly/fpv_ros2_workspace/install/dgps_ros2
[1.456s] Invoking command in '/home/moonly/fpv_ros2_workspace/build/dgps_ros2': AMENT_PREFIX_PATH=/home/moonly/fpv_ros2_workspace/install/dgps_msgs:${AMENT_PREFIX_PATH} CMAKE_PREFIX_PATH=/home/moonly/fpv_ros2_workspace/install/dgps_msgs:/home/moonly/fpv_ros2_workspace/install/pwm_trans:/home/moonly/fpv_ros2_workspace/install/position_trans:/home/moonly/fpv_ros2_workspace/install/fpv_msgs:/home/moonly/fpv_ros2_workspace/install/auto_control:/home/moonly/moonly_workspace/install/moonly_msgs:/home/moonly/moonly_workspace/install/moonly_msgs:/opt/ros/foxy LD_LIBRARY_PATH=/home/moonly/fpv_ros2_workspace/install/dgps_msgs/lib:/home/moonly/fpv_ros2_workspace/install/fpv_msgs/lib:/opt/ros/foxy/opt/yaml_cpp_vendor/lib:/opt/ros/foxy/opt/rviz_ogre_vendor/lib:/opt/ros/foxy/lib/x86_64-linux-gnu:/opt/ros/foxy/lib:/home/ns-allinone-2.35/otcl-1.14:/home/ns-allinone-2.35/lib:/home/ns-allinone-2.35/otcl-1.14:/home/ns-allinone-2.35/lib PYTHONPATH=/home/moonly/fpv_ros2_workspace/install/dgps_msgs/lib/python3.8/site-packages:${PYTHONPATH} _=/usr/bin/env /usr/bin/cmake --build /home/moonly/fpv_ros2_workspace/build/dgps_ros2 -- -j8 -l8
[1.487s] [35m[1mScanning dependencies of target dgps_ros2_exe[0m
[1.488s] [35m[1mScanning dependencies of target dgps_ros2_node[0m
[1.512s] [ 16%] [32mBuilding CXX object CMakeFiles/dgps_ros2_exe.dir/rclcpp_components/node_main_dgps_ros2_exe.cpp.o[0m
[1.554s] [ 66%] [32mBuilding CXX object CMakeFiles/dgps_ros2_node.dir/src/ntripclient.cpp.o[0m
[1.554s] [ 66%] [32mBuilding CXX object CMakeFiles/dgps_ros2_node.dir/src/serial.cpp.o[0m
[1.554s] [ 66%] [32mBuilding CXX object CMakeFiles/dgps_ros2_node.dir/src/dgps_ros2_node.cpp.o[0m
[1.763s] [01m[K/home/moonly/fpv_ros2_workspace/src/dgps_ros2/dgps_ros2/src/serial.cpp:[m[K In function ‘[01m[Kvoid printHexString(const char*, size_t)[m[K’:
[1.763s] [01m[K/home/moonly/fpv_ros2_workspace/src/dgps_ros2/dgps_ros2/src/serial.cpp:108:11:[m[K [01;35m[Kwarning: [m[Kunused variable ‘[01m[Kt[m[K’ [[01;35m[K-Wunused-variable[m[K]
[1.763s]   108 |      char [01;35m[Kt[m[K[8];
[1.763s]       |           [01;35m[K^[m[K
[1.785s] In file included from [01m[K/home/moonly/fpv_ros2_workspace/src/dgps_ros2/dgps_ros2/src/serial.cpp:30[m[K:
[1.785s] [01m[K/home/moonly/fpv_ros2_workspace/src/dgps_ros2/dgps_ros2/include/dgps_ros2/serial.h:[m[K At global scope:
[1.785s] [01m[K/home/moonly/fpv_ros2_workspace/src/dgps_ros2/dgps_ros2/include/dgps_ros2/serial.h:55:28:[m[K [01;35m[Kwarning: [m[K‘[01m[KSerialProtocol SerialGetProtocol(const char*, int*)[m[K’ defined but not used [[01;35m[K-Wunused-function[m[K]
[1.785s]    55 | static enum SerialProtocol [01;35m[KSerialGetProtocol[m[K(const char *buf, int *ressize)
[1.785s]       |                            [01;35m[K^~~~~~~~~~~~~~~~~[m[K
[1.785s] [01m[K/home/moonly/fpv_ros2_workspace/src/dgps_ros2/dgps_ros2/include/dgps_ros2/serial.h:33:26:[m[K [01;35m[Kwarning: [m[K‘[01m[KSerialParity SerialGetParity(const char*, int*)[m[K’ defined but not used [[01;35m[K-Wunused-function[m[K]
[1.785s]    33 | static enum SerialParity [01;35m[KSerialGetParity[m[K(const char *buf, int *ressize)
[1.785s]       |                          [01;35m[K^~~~~~~~~~~~~~~[m[K
[2.188s] [01m[K/home/moonly/fpv_ros2_workspace/src/dgps_ros2/dgps_ros2/src/ntripclient.cpp:[m[K In function ‘[01m[Kvoid ntrserial_client(Args*)[m[K’:
[2.188s] [01m[K/home/moonly/fpv_ros2_workspace/src/dgps_ros2/dgps_ros2/src/ntripclient.cpp:595:11:[m[K [01;35m[Kwarning: [m[Kunused variable ‘[01m[Kj[m[K’ [[01;35m[K-Wunused-variable[m[K]
[2.188s]   595 |       int [01;35m[Kj[m[K = 0;
[2.188s]       |           [01;35m[K^[m[K
[2.192s] [01m[K/home/moonly/fpv_ros2_workspace/src/dgps_ros2/dgps_ros2/src/ntripclient.cpp:[m[K In function ‘[01m[Kvoid ntrip_client(Args*)[m[K’:
[2.192s] [01m[K/home/moonly/fpv_ros2_workspace/src/dgps_ros2/dgps_ros2/src/ntripclient.cpp:775:25:[m[K [01;35m[Kwarning: [m[Koverflow in conversion from ‘[01m[Kint[m[K’ to ‘[01m[Kchar[m[K’ changes value from ‘[01m[K128[m[K’ to ‘[01m[K'\37777777600'[m[K’ [[01;35m[K-Woverflow[m[K]
[2.192s]   775 |           rtpbuf[0] = [01;35m[K(2<<6)[m[K;
[2.192s]       |                       [01;35m[K~~^~~~[m[K
[2.194s] [01m[K/home/moonly/fpv_ros2_workspace/src/dgps_ros2/dgps_ros2/src/ntripclient.cpp:1040:39:[m[K [01;35m[Kwarning: [m[Koverflow in conversion from ‘[01m[Kint[m[K’ to ‘[01m[Kchar[m[K’ changes value from ‘[01m[K128[m[K’ to ‘[01m[K'\37777777600'[m[K’ [[01;35m[K-Woverflow[m[K]
[2.194s]  1040 |                         rtpbuf[0] = [01;35m[K(2<<6)[m[K;
[2.194s]       |                                     [01;35m[K~~^~~~[m[K
[2.194s] [01m[K/home/moonly/fpv_ros2_workspace/src/dgps_ros2/dgps_ros2/src/ntripclient.cpp:1074:31:[m[K [01;35m[Kwarning: [m[Koverflow in conversion from ‘[01m[Kint[m[K’ to ‘[01m[Kchar[m[K’ changes value from ‘[01m[K128[m[K’ to ‘[01m[K'\37777777600'[m[K’ [[01;35m[K-Woverflow[m[K]
[2.194s]  1074 |                 rtpbuf[0] = [01;35m[K(2<<6)[m[K;
[2.194s]       |                             [01;35m[K~~^~~~[m[K
[2.195s] [01m[K/home/moonly/fpv_ros2_workspace/src/dgps_ros2/dgps_ros2/src/ntripclient.cpp:1239:34:[m[K [01;35m[Kwarning: [m[Koverflow in conversion from ‘[01m[Kint[m[K’ to ‘[01m[Kchar[m[K’ changes value from ‘[01m[K128[m[K’ to ‘[01m[K'\37777777600'[m[K’ [[01;35m[K-Woverflow[m[K]
[2.195s]  1239 |                 rtpbuffer[0] = [01;35m[K(2<<6)[m[K;
[2.195s]       |                                [01;35m[K~~^~~~[m[K
[2.199s] [01m[K/home/moonly/fpv_ros2_workspace/src/dgps_ros2/dgps_ros2/src/ntripclient.cpp:626:10:[m[K [01;35m[Kwarning: [m[Kunused variable ‘[01m[Knmeabuffer[m[K’ [[01;35m[K-Wunused-variable[m[K]
[2.199s]   626 |     char [01;35m[Knmeabuffer[m[K[MAXDATASIZE] = "$GPGGA,"; /* our start string */
[2.200s]       |          [01;35m[K^~~~~~~~~~[m[K
[2.200s] [01m[K/home/moonly/fpv_ros2_workspace/src/dgps_ros2/dgps_ros2/src/ntripclient.cpp:627:12:[m[K [01;35m[Kwarning: [m[Kunused variable ‘[01m[Knmeabufpos[m[K’ [[01;35m[K-Wunused-variable[m[K]
[2.200s]   627 |     size_t [01;35m[Knmeabufpos[m[K = 0;
[2.200s]       |            [01;35m[K^~~~~~~~~~[m[K
[2.200s] [01m[K/home/moonly/fpv_ros2_workspace/src/dgps_ros2/dgps_ros2/src/ntripclient.cpp:628:12:[m[K [01;35m[Kwarning: [m[Kunused variable ‘[01m[Knmeastarpos[m[K’ [[01;35m[K-Wunused-variable[m[K]
[2.200s]   628 |     size_t [01;35m[Knmeastarpos[m[K = 0;
[2.200s]       |            [01;35m[K^~~~~~~~~~~[m[K
[2.261s] [01m[K/home/moonly/fpv_ros2_workspace/src/dgps_ros2/dgps_ros2/src/ntripclient.cpp:[m[K In function ‘[01m[Kint getargs(int, char**, Args*)[m[K’:
[2.261s] [01m[K/home/moonly/fpv_ros2_workspace/src/dgps_ros2/dgps_ros2/src/ntripclient.cpp:344:14:[m[K [01;35m[Kwarning: [m[Kthis statement may fall through [[01;35m[K-Wimplicit-fallthrough=[m[K]
[2.261s]   344 |       [01;35m[Kfprintf(stderr, "Option -d or --data is deprecated. Use -m instead.\n")[m[K;
[2.261s]       |       [01;35m[K~~~~~~~^~~~~~~~~~~~~~~~~~~~~~~~~~~~~~~~~~~~~~~~~~~~~~~~~~~~~~~~~~~~~~~~[m[K
[2.261s] [01m[K/home/moonly/fpv_ros2_workspace/src/dgps_ros2/dgps_ros2/src/ntripclient.cpp:345:5:[m[K [01;36m[Knote: [m[Khere
[2.261s]   345 |     [01;36m[Kcase[m[K 'm':
[2.261s]       |     [01;36m[K^~~~[m[K
[2.264s] [01m[K/home/moonly/fpv_ros2_workspace/src/dgps_ros2/dgps_ros2/src/ntripclient.cpp:[m[K In function ‘[01m[Kvoid ntrip_client(Args*)[m[K’:
[2.264s] [01m[K/home/moonly/fpv_ros2_workspace/src/dgps_ros2/dgps_ros2/src/ntripclient.cpp:1619:23:[m[K [01;35m[Kwarning: [m[Kthis statement may fall through [[01;35m[K-Wimplicit-fallthrough=[m[K]
[2.264s]  1619 |                       [01;35m[K++chunkymode[m[K; /* no break */
[2.264s]       |                       [01;35m[K^~~~~~~~~~~~[m[K
[2.264s] [01m[K/home/moonly/fpv_ros2_workspace/src/dgps_ros2/dgps_ros2/src/ntripclient.cpp:1620:21:[m[K [01;36m[Knote: [m[Khere
[2.264s]  1620 |                     [01;36m[Kcase[m[K 2: /* during reading number */
[2.264s]       |                     [01;36m[K^~~~[m[K
[2.269s] [01m[K/home/moonly/fpv_ros2_workspace/src/dgps_ros2/dgps_ros2/src/ntripclient.cpp:[m[K At global scope:
[2.269s] [01m[K/home/moonly/fpv_ros2_workspace/src/dgps_ros2/dgps_ros2/src/ntripclient.cpp:304:12:[m[K [01;35m[Kwarning: [m[K‘[01m[Kint getargs(int, char**, Args*)[m[K’ defined but not used [[01;35m[K-Wunused-function[m[K]
[2.269s]   304 | static int [01;35m[Kgetargs[m[K(int argc, char **argv, struct Args *args)
[2.269s]       |            [01;35m[K^~~~~~~[m[K
[2.270s] [01m[K/home/moonly/fpv_ros2_workspace/src/dgps_ros2/dgps_ros2/src/ntripclient.cpp:139:13:[m[K [01;35m[Kwarning: [m[K‘[01m[Kvoid sighandler_int(int)[m[K’ defined but not used [[01;35m[K-Wunused-function[m[K]
[2.270s]   139 | static void [01;35m[Ksighandler_int[m[K(int sig __attribute__((__unused__)))
[2.270s]       |             [01;35m[K^~~~~~~~~~~~~~[m[K
[2.270s] [01m[K/home/moonly/fpv_ros2_workspace/src/dgps_ros2/dgps_ros2/src/ntripclient.cpp:125:40:[m[K [01;35m[Kwarning: [m[K‘[01m[Kvoid sighandler_alarm(int)[m[K’ defined but not used [[01;35m[K-Wunused-function[m[K]
[2.270s]   125 | static __attribute__ ((noreturn)) void [01;35m[Ksighandler_alarm[m[K(
[2.270s]       |                                        [01;35m[K^~~~~~~~~~~~~~~~[m[K
[3.313s] [ 83%] [32m[1mLinking CXX executable dgps_ros2_exe[0m
[3.426s] [ 83%] Built target dgps_ros2_exe
[4.443s] In file included from [01m[K/home/moonly/fpv_ros2_workspace/src/dgps_ros2/dgps_ros2/include/dgps_ros2/ntrip.h:5[m[K,
[4.443s]                  from [01m[K/home/moonly/fpv_ros2_workspace/src/dgps_ros2/dgps_ros2/src/dgps_ros2_node.cpp:6[m[K:
[4.443s] [01m[K/home/moonly/fpv_ros2_workspace/src/dgps_ros2/dgps_ros2/include/dgps_ros2/serial.h:55:28:[m[K [01;35m[Kwarning: [m[K‘[01m[KSerialProtocol SerialGetProtocol(const char*, int*)[m[K’ defined but not used [[01;35m[K-Wunused-function[m[K]
[4.443s]    55 | static enum SerialProtocol [01;35m[KSerialGetProtocol[m[K(const char *buf, int *ressize)
[4.443s]       |                            [01;35m[K^~~~~~~~~~~~~~~~~[m[K
[4.443s] [01m[K/home/moonly/fpv_ros2_workspace/src/dgps_ros2/dgps_ros2/include/dgps_ros2/serial.h:33:26:[m[K [01;35m[Kwarning: [m[K‘[01m[KSerialParity SerialGetParity(const char*, int*)[m[K’ defined but not used [[01;35m[K-Wunused-function[m[K]
[4.443s]    33 | static enum SerialParity [01;35m[KSerialGetParity[m[K(const char *buf, int *ressize)
[4.443s]       |                          [01;35m[K^~~~~~~~~~~~~~~[m[K
[6.916s] [100%] [32m[1mLinking CXX shared library libdgps_ros2_node.so[0m
[7.155s] [100%] Built target dgps_ros2_node
[7.167s] Invoked command in '/home/moonly/fpv_ros2_workspace/build/dgps_ros2' returned '0': AMENT_PREFIX_PATH=/home/moonly/fpv_ros2_workspace/install/dgps_msgs:${AMENT_PREFIX_PATH} CMAKE_PREFIX_PATH=/home/moonly/fpv_ros2_workspace/install/dgps_msgs:/home/moonly/fpv_ros2_workspace/install/pwm_trans:/home/moonly/fpv_ros2_workspace/install/position_trans:/home/moonly/fpv_ros2_workspace/install/fpv_msgs:/home/moonly/fpv_ros2_workspace/install/auto_control:/home/moonly/moonly_workspace/install/moonly_msgs:/home/moonly/moonly_workspace/install/moonly_msgs:/opt/ros/foxy LD_LIBRARY_PATH=/home/moonly/fpv_ros2_workspace/install/dgps_msgs/lib:/home/moonly/fpv_ros2_workspace/install/fpv_msgs/lib:/opt/ros/foxy/opt/yaml_cpp_vendor/lib:/opt/ros/foxy/opt/rviz_ogre_vendor/lib:/opt/ros/foxy/lib/x86_64-linux-gnu:/opt/ros/foxy/lib:/home/ns-allinone-2.35/otcl-1.14:/home/ns-allinone-2.35/lib:/home/ns-allinone-2.35/otcl-1.14:/home/ns-allinone-2.35/lib PYTHONPATH=/home/moonly/fpv_ros2_workspace/install/dgps_msgs/lib/python3.8/site-packages:${PYTHONPATH} _=/usr/bin/env /usr/bin/cmake --build /home/moonly/fpv_ros2_workspace/build/dgps_ros2 -- -j8 -l8
[7.198s] Invoking command in '/home/moonly/fpv_ros2_workspace/build/dgps_ros2': AMENT_PREFIX_PATH=/home/moonly/fpv_ros2_workspace/install/dgps_msgs:${AMENT_PREFIX_PATH} CMAKE_PREFIX_PATH=/home/moonly/fpv_ros2_workspace/install/dgps_msgs:/home/moonly/fpv_ros2_workspace/install/pwm_trans:/home/moonly/fpv_ros2_workspace/install/position_trans:/home/moonly/fpv_ros2_workspace/install/fpv_msgs:/home/moonly/fpv_ros2_workspace/install/auto_control:/home/moonly/moonly_workspace/install/moonly_msgs:/home/moonly/moonly_workspace/install/moonly_msgs:/opt/ros/foxy LD_LIBRARY_PATH=/home/moonly/fpv_ros2_workspace/install/dgps_msgs/lib:/home/moonly/fpv_ros2_workspace/install/fpv_msgs/lib:/opt/ros/foxy/opt/yaml_cpp_vendor/lib:/opt/ros/foxy/opt/rviz_ogre_vendor/lib:/opt/ros/foxy/lib/x86_64-linux-gnu:/opt/ros/foxy/lib:/home/ns-allinone-2.35/otcl-1.14:/home/ns-allinone-2.35/lib:/home/ns-allinone-2.35/otcl-1.14:/home/ns-allinone-2.35/lib PYTHONPATH=/home/moonly/fpv_ros2_workspace/install/dgps_msgs/lib/python3.8/site-packages:${PYTHONPATH} _=/usr/bin/env /usr/bin/cmake --install /home/moonly/fpv_ros2_workspace/build/dgps_ros2
[7.203s] -- Install configuration: ""
[7.203s] -- Installing: /home/moonly/fpv_ros2_workspace/install/dgps_ros2/lib/dgps_ros2/dgps_ros2_exe
[7.203s] -- Set runtime path of "/home/moonly/fpv_ros2_workspace/install/dgps_ros2/lib/dgps_ros2/dgps_ros2_exe" to ""
[7.204s] -- Installing: /home/moonly/fpv_ros2_workspace/install/dgps_ros2/lib/libdgps_ros2_node.so
[7.206s] -- Set runtime path of "/home/moonly/fpv_ros2_workspace/install/dgps_ros2/lib/libdgps_ros2_node.so" to ""
[7.206s] -- Installing: /home/moonly/fpv_ros2_workspace/install/dgps_ros2/include
[7.206s] -- Installing: /home/moonly/fpv_ros2_workspace/install/dgps_ros2/include/dgps_ros2
[7.206s] -- Installing: /home/moonly/fpv_ros2_workspace/install/dgps_ros2/include/dgps_ros2/serial.h
[7.206s] -- Installing: /home/moonly/fpv_ros2_workspace/install/dgps_ros2/include/dgps_ros2/ntrip.h
[7.206s] -- Installing: /home/moonly/fpv_ros2_workspace/install/dgps_ros2/share/dgps_ros2/launch
[7.206s] -- Installing: /home/moonly/fpv_ros2_workspace/install/dgps_ros2/share/dgps_ros2/launch/dgps_ros2.launch.py
[7.206s] -- Installing: /home/moonly/fpv_ros2_workspace/install/dgps_ros2/share/dgps_ros2/environment/library_path.sh
[7.206s] -- Installing: /home/moonly/fpv_ros2_workspace/install/dgps_ros2/share/dgps_ros2/environment/library_path.dsv
[7.206s] -- Installing: /home/moonly/fpv_ros2_workspace/install/dgps_ros2/share/ament_index/resource_index/package_run_dependencies/dgps_ros2
[7.207s] -- Installing: /home/moonly/fpv_ros2_workspace/install/dgps_ros2/share/ament_index/resource_index/parent_prefix_path/dgps_ros2
[7.207s] -- Installing: /home/moonly/fpv_ros2_workspace/install/dgps_ros2/share/dgps_ros2/environment/ament_prefix_path.sh
[7.207s] -- Installing: /home/moonly/fpv_ros2_workspace/install/dgps_ros2/share/dgps_ros2/environment/ament_prefix_path.dsv
[7.207s] -- Installing: /home/moonly/fpv_ros2_workspace/install/dgps_ros2/share/dgps_ros2/environment/path.sh
[7.207s] -- Installing: /home/moonly/fpv_ros2_workspace/install/dgps_ros2/share/dgps_ros2/environment/path.dsv
[7.207s] -- Installing: /home/moonly/fpv_ros2_workspace/install/dgps_ros2/share/dgps_ros2/local_setup.bash
[7.207s] -- Installing: /home/moonly/fpv_ros2_workspace/install/dgps_ros2/share/dgps_ros2/local_setup.sh
[7.207s] -- Installing: /home/moonly/fpv_ros2_workspace/install/dgps_ros2/share/dgps_ros2/local_setup.zsh
[7.207s] -- Installing: /home/moonly/fpv_ros2_workspace/install/dgps_ros2/share/dgps_ros2/local_setup.dsv
[7.207s] -- Installing: /home/moonly/fpv_ros2_workspace/install/dgps_ros2/share/dgps_ros2/package.dsv
[7.207s] -- Installing: /home/moonly/fpv_ros2_workspace/install/dgps_ros2/share/ament_index/resource_index/packages/dgps_ros2
[7.207s] -- Installing: /home/moonly/fpv_ros2_workspace/install/dgps_ros2/share/ament_index/resource_index/rclcpp_components/dgps_ros2
[7.207s] -- Installing: /home/moonly/fpv_ros2_workspace/install/dgps_ros2/share/dgps_ros2/cmake/ament_cmake_export_dependencies-extras.cmake
[7.207s] -- Installing: /home/moonly/fpv_ros2_workspace/install/dgps_ros2/share/dgps_ros2/cmake/ament_cmake_export_include_directories-extras.cmake
[7.208s] -- Installing: /home/moonly/fpv_ros2_workspace/install/dgps_ros2/share/dgps_ros2/cmake/ament_cmake_export_libraries-extras.cmake
[7.208s] -- Installing: /home/moonly/fpv_ros2_workspace/install/dgps_ros2/share/dgps_ros2/cmake/dgps_ros2Config.cmake
[7.208s] -- Installing: /home/moonly/fpv_ros2_workspace/install/dgps_ros2/share/dgps_ros2/cmake/dgps_ros2Config-version.cmake
[7.208s] -- Installing: /home/moonly/fpv_ros2_workspace/install/dgps_ros2/share/dgps_ros2/package.xml
[7.210s] Invoked command in '/home/moonly/fpv_ros2_workspace/build/dgps_ros2' returned '0': AMENT_PREFIX_PATH=/home/moonly/fpv_ros2_workspace/install/dgps_msgs:${AMENT_PREFIX_PATH} CMAKE_PREFIX_PATH=/home/moonly/fpv_ros2_workspace/install/dgps_msgs:/home/moonly/fpv_ros2_workspace/install/pwm_trans:/home/moonly/fpv_ros2_workspace/install/position_trans:/home/moonly/fpv_ros2_workspace/install/fpv_msgs:/home/moonly/fpv_ros2_workspace/install/auto_control:/home/moonly/moonly_workspace/install/moonly_msgs:/home/moonly/moonly_workspace/install/moonly_msgs:/opt/ros/foxy LD_LIBRARY_PATH=/home/moonly/fpv_ros2_workspace/install/dgps_msgs/lib:/home/moonly/fpv_ros2_workspace/install/fpv_msgs/lib:/opt/ros/foxy/opt/yaml_cpp_vendor/lib:/opt/ros/foxy/opt/rviz_ogre_vendor/lib:/opt/ros/foxy/lib/x86_64-linux-gnu:/opt/ros/foxy/lib:/home/ns-allinone-2.35/otcl-1.14:/home/ns-allinone-2.35/lib:/home/ns-allinone-2.35/otcl-1.14:/home/ns-allinone-2.35/lib PYTHONPATH=/home/moonly/fpv_ros2_workspace/install/dgps_msgs/lib/python3.8/site-packages:${PYTHONPATH} _=/usr/bin/env /usr/bin/cmake --install /home/moonly/fpv_ros2_workspace/build/dgps_ros2
