[0.291s] DEBUG:colcon:Command line arguments: ['/usr/bin/colcon', 'build']
[0.291s] DEBUG:colcon:Parsed command line arguments: Namespace(allow_overriding=[], ament_cmake_args=None, base_paths=['.'], build_base='build', catkin_cmake_args=None, catkin_skip_building_tests=False, cmake_args=None, cmake_clean_cache=False, cmake_clean_first=False, cmake_force_configure=False, cmake_target=None, cmake_target_skip_unavailable=False, continue_on_error=False, event_handlers=None, executor='parallel', ignore_user_meta=False, install_base='install', log_base=None, log_level=None, main=<bound method BuildVerb.main of <colcon_core.verb.build.BuildVerb object at 0x7f49c56c5a90>>, merge_install=False, metas=['./colcon.meta'], packages_above=None, packages_above_and_dependencies=None, packages_above_depth=None, packages_end=None, packages_ignore=None, packages_ignore_regex=None, packages_select=None, packages_select_build_failed=False, packages_select_by_dep=None, packages_select_regex=None, packages_select_test_failures=False, packages_skip=None, packages_skip_build_finished=False, packages_skip_by_dep=None, packages_skip_regex=None, packages_skip_test_passed=False, packages_skip_up_to=None, packages_start=None, packages_up_to=None, packages_up_to_regex=None, parallel_workers=8, paths=None, symlink_install=False, test_result_base=None, verb_extension=<colcon_core.verb.build.BuildVerb object at 0x7f49c56c5a90>, verb_name='build', verb_parser=<colcon_defaults.argument_parser.defaults.DefaultArgumentsDecorator object at 0x7f49c56cf040>)
[0.313s] Level 1:colcon.colcon_core.package_discovery:discover_packages(colcon_meta) check parameters
[0.314s] Level 1:colcon.colcon_core.package_discovery:discover_packages(recursive) check parameters
[0.314s] Level 1:colcon.colcon_core.package_discovery:discover_packages(ignore) check parameters
[0.314s] Level 1:colcon.colcon_core.package_discovery:discover_packages(path) check parameters
[0.314s] Level 1:colcon.colcon_core.package_discovery:discover_packages(colcon_meta) discover
[0.314s] Level 1:colcon.colcon_core.package_discovery:discover_packages(recursive) discover
[0.314s] INFO:colcon.colcon_core.package_discovery:Crawling recursively for packages in '/home/moonly/px4_ros_com_ros2/src/dgps_ros2'
[0.314s] Level 1:colcon.colcon_core.package_identification:_identify(.) by extensions ['ignore', 'ignore_ament_install']
[0.314s] Level 1:colcon.colcon_core.package_identification:_identify(.) by extension 'ignore'
[0.314s] Level 1:colcon.colcon_core.package_identification:_identify(.) by extension 'ignore_ament_install'
[0.314s] Level 1:colcon.colcon_core.package_identification:_identify(.) by extensions ['colcon_pkg']
[0.314s] Level 1:colcon.colcon_core.package_identification:_identify(.) by extension 'colcon_pkg'
[0.314s] Level 1:colcon.colcon_core.package_identification:_identify(.) by extensions ['colcon_meta']
[0.314s] Level 1:colcon.colcon_core.package_identification:_identify(.) by extension 'colcon_meta'
[0.314s] Level 1:colcon.colcon_core.package_identification:_identify(.) by extensions ['ros']
[0.314s] Level 1:colcon.colcon_core.package_identification:_identify(.) by extension 'ros'
[0.330s] Level 1:colcon.colcon_core.package_identification:_identify(.) by extensions ['cmake', 'python']
[0.330s] Level 1:colcon.colcon_core.package_identification:_identify(.) by extension 'cmake'
[0.330s] Level 1:colcon.colcon_core.package_identification:_identify(.) by extension 'python'
[0.330s] Level 1:colcon.colcon_core.package_identification:_identify(.) by extensions ['python_setup_py']
[0.330s] Level 1:colcon.colcon_core.package_identification:_identify(.) by extension 'python_setup_py'
[0.331s] Level 1:colcon.colcon_core.package_identification:_identify(build) by extensions ['ignore', 'ignore_ament_install']
[0.331s] Level 1:colcon.colcon_core.package_identification:_identify(build) by extension 'ignore'
[0.331s] Level 1:colcon.colcon_core.package_identification:_identify(build) ignored
[0.331s] Level 1:colcon.colcon_core.package_identification:_identify(dgps_msgs) by extensions ['ignore', 'ignore_ament_install']
[0.331s] Level 1:colcon.colcon_core.package_identification:_identify(dgps_msgs) by extension 'ignore'
[0.331s] Level 1:colcon.colcon_core.package_identification:_identify(dgps_msgs) by extension 'ignore_ament_install'
[0.331s] Level 1:colcon.colcon_core.package_identification:_identify(dgps_msgs) by extensions ['colcon_pkg']
[0.331s] Level 1:colcon.colcon_core.package_identification:_identify(dgps_msgs) by extension 'colcon_pkg'
[0.331s] Level 1:colcon.colcon_core.package_identification:_identify(dgps_msgs) by extensions ['colcon_meta']
[0.331s] Level 1:colcon.colcon_core.package_identification:_identify(dgps_msgs) by extension 'colcon_meta'
[0.331s] Level 1:colcon.colcon_core.package_identification:_identify(dgps_msgs) by extensions ['ros']
[0.331s] Level 1:colcon.colcon_core.package_identification:_identify(dgps_msgs) by extension 'ros'
[0.333s] DEBUG:colcon.colcon_core.package_identification:Package 'dgps_msgs' with type 'ros.ament_cmake' and name 'dgps_msgs'
[0.334s] Level 1:colcon.colcon_core.package_identification:_identify(dgps_ros2) by extensions ['ignore', 'ignore_ament_install']
[0.334s] Level 1:colcon.colcon_core.package_identification:_identify(dgps_ros2) by extension 'ignore'
[0.334s] Level 1:colcon.colcon_core.package_identification:_identify(dgps_ros2) by extension 'ignore_ament_install'
[0.334s] Level 1:colcon.colcon_core.package_identification:_identify(dgps_ros2) by extensions ['colcon_pkg']
[0.334s] Level 1:colcon.colcon_core.package_identification:_identify(dgps_ros2) by extension 'colcon_pkg'
[0.334s] Level 1:colcon.colcon_core.package_identification:_identify(dgps_ros2) by extensions ['colcon_meta']
[0.334s] Level 1:colcon.colcon_core.package_identification:_identify(dgps_ros2) by extension 'colcon_meta'
[0.334s] Level 1:colcon.colcon_core.package_identification:_identify(dgps_ros2) by extensions ['ros']
[0.334s] Level 1:colcon.colcon_core.package_identification:_identify(dgps_ros2) by extension 'ros'
[0.335s] DEBUG:colcon.colcon_core.package_identification:Package 'dgps_ros2' with type 'ros.ament_cmake' and name 'dgps_ros2'
[0.335s] Level 1:colcon.colcon_core.package_identification:_identify(install) by extensions ['ignore', 'ignore_ament_install']
[0.335s] Level 1:colcon.colcon_core.package_identification:_identify(install) by extension 'ignore'
[0.335s] Level 1:colcon.colcon_core.package_identification:_identify(install) ignored
[0.335s] Level 1:colcon.colcon_core.package_identification:_identify(log) by extensions ['ignore', 'ignore_ament_install']
[0.335s] Level 1:colcon.colcon_core.package_identification:_identify(log) by extension 'ignore'
[0.335s] Level 1:colcon.colcon_core.package_identification:_identify(log) ignored
[0.335s] Level 1:colcon.colcon_core.package_discovery:discover_packages(recursive) using defaults
[0.335s] Level 1:colcon.colcon_core.package_discovery:discover_packages(ignore) discover
[0.335s] Level 1:colcon.colcon_core.package_discovery:discover_packages(ignore) using defaults
[0.335s] Level 1:colcon.colcon_core.package_discovery:discover_packages(path) discover
[0.335s] Level 1:colcon.colcon_core.package_discovery:discover_packages(path) using defaults
[0.353s] Level 1:colcon.colcon_core.package_discovery:discover_packages(prefix_path) check parameters
[0.353s] Level 1:colcon.colcon_core.package_discovery:discover_packages(prefix_path) discover
[0.356s] DEBUG:colcon.colcon_installed_package_information.package_discovery:Found 3 installed packages in /home/moonly/px4_ros_com_ros2/install
[0.357s] DEBUG:colcon.colcon_installed_package_information.package_discovery:Found 3 installed packages in /home/moonly/桌面/My_PX4_projects/Workspace/install
[0.358s] DEBUG:colcon.colcon_installed_package_information.package_discovery:Found 263 installed packages in /opt/ros/foxy
[0.359s] Level 1:colcon.colcon_core.package_discovery:discover_packages(prefix_path) using defaults
[0.432s] Level 5:colcon.colcon_core.verb:set package 'dgps_msgs' build argument 'cmake_args' from command line to 'None'
[0.432s] Level 5:colcon.colcon_core.verb:set package 'dgps_msgs' build argument 'cmake_target' from command line to 'None'
[0.432s] Level 5:colcon.colcon_core.verb:set package 'dgps_msgs' build argument 'cmake_target_skip_unavailable' from command line to 'False'
[0.432s] Level 5:colcon.colcon_core.verb:set package 'dgps_msgs' build argument 'cmake_clean_cache' from command line to 'False'
[0.432s] Level 5:colcon.colcon_core.verb:set package 'dgps_msgs' build argument 'cmake_clean_first' from command line to 'False'
[0.432s] Level 5:colcon.colcon_core.verb:set package 'dgps_msgs' build argument 'cmake_force_configure' from command line to 'False'
[0.432s] Level 5:colcon.colcon_core.verb:set package 'dgps_msgs' build argument 'ament_cmake_args' from command line to 'None'
[0.432s] Level 5:colcon.colcon_core.verb:set package 'dgps_msgs' build argument 'catkin_cmake_args' from command line to 'None'
[0.432s] Level 5:colcon.colcon_core.verb:set package 'dgps_msgs' build argument 'catkin_skip_building_tests' from command line to 'False'
[0.432s] DEBUG:colcon.colcon_core.verb:Building package 'dgps_msgs' with the following arguments: {'ament_cmake_args': None, 'build_base': '/home/moonly/px4_ros_com_ros2/src/dgps_ros2/build/dgps_msgs', 'catkin_cmake_args': None, 'catkin_skip_building_tests': False, 'cmake_args': None, 'cmake_clean_cache': False, 'cmake_clean_first': False, 'cmake_force_configure': False, 'cmake_target': None, 'cmake_target_skip_unavailable': False, 'install_base': '/home/moonly/px4_ros_com_ros2/src/dgps_ros2/install/dgps_msgs', 'merge_install': False, 'path': '/home/moonly/px4_ros_com_ros2/src/dgps_ros2/dgps_msgs', 'symlink_install': False, 'test_result_base': None}
[0.433s] Level 5:colcon.colcon_core.verb:set package 'dgps_ros2' build argument 'cmake_args' from command line to 'None'
[0.433s] Level 5:colcon.colcon_core.verb:set package 'dgps_ros2' build argument 'cmake_target' from command line to 'None'
[0.433s] Level 5:colcon.colcon_core.verb:set package 'dgps_ros2' build argument 'cmake_target_skip_unavailable' from command line to 'False'
[0.433s] Level 5:colcon.colcon_core.verb:set package 'dgps_ros2' build argument 'cmake_clean_cache' from command line to 'False'
[0.433s] Level 5:colcon.colcon_core.verb:set package 'dgps_ros2' build argument 'cmake_clean_first' from command line to 'False'
[0.433s] Level 5:colcon.colcon_core.verb:set package 'dgps_ros2' build argument 'cmake_force_configure' from command line to 'False'
[0.433s] Level 5:colcon.colcon_core.verb:set package 'dgps_ros2' build argument 'ament_cmake_args' from command line to 'None'
[0.433s] Level 5:colcon.colcon_core.verb:set package 'dgps_ros2' build argument 'catkin_cmake_args' from command line to 'None'
[0.433s] Level 5:colcon.colcon_core.verb:set package 'dgps_ros2' build argument 'catkin_skip_building_tests' from command line to 'False'
[0.433s] DEBUG:colcon.colcon_core.verb:Building package 'dgps_ros2' with the following arguments: {'ament_cmake_args': None, 'build_base': '/home/moonly/px4_ros_com_ros2/src/dgps_ros2/build/dgps_ros2', 'catkin_cmake_args': None, 'catkin_skip_building_tests': False, 'cmake_args': None, 'cmake_clean_cache': False, 'cmake_clean_first': False, 'cmake_force_configure': False, 'cmake_target': None, 'cmake_target_skip_unavailable': False, 'install_base': '/home/moonly/px4_ros_com_ros2/src/dgps_ros2/install/dgps_ros2', 'merge_install': False, 'path': '/home/moonly/px4_ros_com_ros2/src/dgps_ros2/dgps_ros2', 'symlink_install': False, 'test_result_base': None}
[0.434s] INFO:colcon.colcon_core.executor:Executing jobs using 'parallel' executor
[0.438s] DEBUG:colcon.colcon_parallel_executor.executor.parallel:run_until_complete
[0.438s] INFO:colcon.colcon_ros.task.ament_cmake.build:Building ROS package in '/home/moonly/px4_ros_com_ros2/src/dgps_ros2/dgps_msgs' with build type 'ament_cmake'
[0.439s] INFO:colcon.colcon_cmake.task.cmake.build:Building CMake package in '/home/moonly/px4_ros_com_ros2/src/dgps_ros2/dgps_msgs'
[0.447s] INFO:colcon.colcon_core.plugin_system:Skipping extension 'colcon_core.shell.bat': Not used on non-Windows systems
[0.447s] INFO:colcon.colcon_core.shell:Skip shell extension 'powershell' for command environment: Not usable outside of PowerShell
[0.447s] DEBUG:colcon.colcon_core.shell:Skip shell extension 'dsv' for command environment
[0.460s] DEBUG:colcon.colcon_core.event_handler.log_command:Invoking command in '/home/moonly/px4_ros_com_ros2/src/dgps_ros2/build/dgps_msgs': CMAKE_PREFIX_PATH=${CMAKE_PREFIX_PATH}:/opt/ros/foxy /usr/bin/cmake /home/moonly/px4_ros_com_ros2/src/dgps_ros2/dgps_msgs -DCMAKE_INSTALL_PREFIX=/home/moonly/px4_ros_com_ros2/src/dgps_ros2/install/dgps_msgs
[2.653s] DEBUG:colcon.colcon_core.event_handler.log_command:Invoked command in '/home/moonly/px4_ros_com_ros2/src/dgps_ros2/build/dgps_msgs' returned '0': CMAKE_PREFIX_PATH=${CMAKE_PREFIX_PATH}:/opt/ros/foxy /usr/bin/cmake /home/moonly/px4_ros_com_ros2/src/dgps_ros2/dgps_msgs -DCMAKE_INSTALL_PREFIX=/home/moonly/px4_ros_com_ros2/src/dgps_ros2/install/dgps_msgs
[2.659s] DEBUG:colcon.colcon_core.event_handler.log_command:Invoking command in '/home/moonly/px4_ros_com_ros2/src/dgps_ros2/build/dgps_msgs': CMAKE_PREFIX_PATH=${CMAKE_PREFIX_PATH}:/opt/ros/foxy /usr/bin/cmake --build /home/moonly/px4_ros_com_ros2/src/dgps_ros2/build/dgps_msgs -- -j8 -l8
[9.835s] DEBUG:colcon.colcon_core.event_handler.log_command:Invoked command in '/home/moonly/px4_ros_com_ros2/src/dgps_ros2/build/dgps_msgs' returned '0': CMAKE_PREFIX_PATH=${CMAKE_PREFIX_PATH}:/opt/ros/foxy /usr/bin/cmake --build /home/moonly/px4_ros_com_ros2/src/dgps_ros2/build/dgps_msgs -- -j8 -l8
[9.952s] DEBUG:colcon.colcon_core.event_handler.log_command:Invoking command in '/home/moonly/px4_ros_com_ros2/src/dgps_ros2/build/dgps_msgs': CMAKE_PREFIX_PATH=${CMAKE_PREFIX_PATH}:/opt/ros/foxy /usr/bin/cmake --install /home/moonly/px4_ros_com_ros2/src/dgps_ros2/build/dgps_msgs
[10.030s] Level 1:colcon.colcon_core.environment:create_environment_scripts_only(dgps_msgs)
[10.032s] DEBUG:colcon.colcon_core.event_handler.log_command:Invoked command in '/home/moonly/px4_ros_com_ros2/src/dgps_ros2/build/dgps_msgs' returned '0': CMAKE_PREFIX_PATH=${CMAKE_PREFIX_PATH}:/opt/ros/foxy /usr/bin/cmake --install /home/moonly/px4_ros_com_ros2/src/dgps_ros2/build/dgps_msgs
[10.039s] Level 1:colcon.colcon_core.environment:checking '/home/moonly/px4_ros_com_ros2/src/dgps_ros2/install/dgps_msgs' for CMake module files
[10.040s] Level 1:colcon.colcon_core.environment:checking '/home/moonly/px4_ros_com_ros2/src/dgps_ros2/install/dgps_msgs' for CMake config files
[10.040s] Level 1:colcon.colcon_core.shell:create_environment_hook('dgps_msgs', 'cmake_prefix_path')
[10.043s] INFO:colcon.colcon_core.shell:Creating environment hook '/home/moonly/px4_ros_com_ros2/src/dgps_ros2/install/dgps_msgs/share/dgps_msgs/hook/cmake_prefix_path.ps1'
[10.045s] INFO:colcon.colcon_core.shell:Creating environment descriptor '/home/moonly/px4_ros_com_ros2/src/dgps_ros2/install/dgps_msgs/share/dgps_msgs/hook/cmake_prefix_path.dsv'
[10.045s] INFO:colcon.colcon_core.shell:Creating environment hook '/home/moonly/px4_ros_com_ros2/src/dgps_ros2/install/dgps_msgs/share/dgps_msgs/hook/cmake_prefix_path.sh'
[10.046s] Level 1:colcon.colcon_core.environment:checking '/home/moonly/px4_ros_com_ros2/src/dgps_ros2/install/dgps_msgs/lib'
[10.046s] Level 1:colcon.colcon_core.shell:create_environment_hook('dgps_msgs', 'ld_library_path_lib')
[10.048s] INFO:colcon.colcon_core.shell:Creating environment hook '/home/moonly/px4_ros_com_ros2/src/dgps_ros2/install/dgps_msgs/share/dgps_msgs/hook/ld_library_path_lib.ps1'
[10.049s] INFO:colcon.colcon_core.shell:Creating environment descriptor '/home/moonly/px4_ros_com_ros2/src/dgps_ros2/install/dgps_msgs/share/dgps_msgs/hook/ld_library_path_lib.dsv'
[10.049s] INFO:colcon.colcon_core.shell:Creating environment hook '/home/moonly/px4_ros_com_ros2/src/dgps_ros2/install/dgps_msgs/share/dgps_msgs/hook/ld_library_path_lib.sh'
[10.049s] Level 1:colcon.colcon_core.environment:checking '/home/moonly/px4_ros_com_ros2/src/dgps_ros2/install/dgps_msgs/bin'
[10.049s] Level 1:colcon.colcon_core.environment:checking '/home/moonly/px4_ros_com_ros2/src/dgps_ros2/install/dgps_msgs/lib/pkgconfig/dgps_msgs.pc'
[10.049s] Level 1:colcon.colcon_core.environment:checking '/home/moonly/px4_ros_com_ros2/src/dgps_ros2/install/dgps_msgs/lib/python3.8/site-packages'
[10.049s] Level 1:colcon.colcon_core.shell:create_environment_hook('dgps_msgs', 'pythonpath')
[10.051s] INFO:colcon.colcon_core.shell:Creating environment hook '/home/moonly/px4_ros_com_ros2/src/dgps_ros2/install/dgps_msgs/share/dgps_msgs/hook/pythonpath.ps1'
[10.051s] INFO:colcon.colcon_core.shell:Creating environment descriptor '/home/moonly/px4_ros_com_ros2/src/dgps_ros2/install/dgps_msgs/share/dgps_msgs/hook/pythonpath.dsv'
[10.052s] INFO:colcon.colcon_core.shell:Creating environment hook '/home/moonly/px4_ros_com_ros2/src/dgps_ros2/install/dgps_msgs/share/dgps_msgs/hook/pythonpath.sh'
[10.052s] Level 1:colcon.colcon_core.environment:checking '/home/moonly/px4_ros_com_ros2/src/dgps_ros2/install/dgps_msgs/bin'
[10.054s] INFO:colcon.colcon_core.shell:Creating package script '/home/moonly/px4_ros_com_ros2/src/dgps_ros2/install/dgps_msgs/share/dgps_msgs/package.ps1'
[10.055s] INFO:colcon.colcon_core.shell:Creating package descriptor '/home/moonly/px4_ros_com_ros2/src/dgps_ros2/install/dgps_msgs/share/dgps_msgs/package.dsv'
[10.055s] INFO:colcon.colcon_core.shell:Creating package script '/home/moonly/px4_ros_com_ros2/src/dgps_ros2/install/dgps_msgs/share/dgps_msgs/package.sh'
[10.056s] INFO:colcon.colcon_core.shell:Creating package script '/home/moonly/px4_ros_com_ros2/src/dgps_ros2/install/dgps_msgs/share/dgps_msgs/package.bash'
[10.056s] INFO:colcon.colcon_core.shell:Creating package script '/home/moonly/px4_ros_com_ros2/src/dgps_ros2/install/dgps_msgs/share/dgps_msgs/package.zsh'
[10.057s] Level 1:colcon.colcon_core.environment:create_file_with_runtime_dependencies(/home/moonly/px4_ros_com_ros2/src/dgps_ros2/install/dgps_msgs/share/colcon-core/packages/dgps_msgs)
[10.148s] Level 1:colcon.colcon_core.environment:create_environment_scripts_only(dgps_msgs)
[10.150s] Level 1:colcon.colcon_core.environment:checking '/home/moonly/px4_ros_com_ros2/src/dgps_ros2/install/dgps_msgs' for CMake module files
[10.151s] Level 1:colcon.colcon_core.environment:checking '/home/moonly/px4_ros_com_ros2/src/dgps_ros2/install/dgps_msgs' for CMake config files
[10.151s] Level 1:colcon.colcon_core.shell:create_environment_hook('dgps_msgs', 'cmake_prefix_path')
[10.152s] INFO:colcon.colcon_core.shell:Creating environment hook '/home/moonly/px4_ros_com_ros2/src/dgps_ros2/install/dgps_msgs/share/dgps_msgs/hook/cmake_prefix_path.ps1'
[10.153s] INFO:colcon.colcon_core.shell:Creating environment descriptor '/home/moonly/px4_ros_com_ros2/src/dgps_ros2/install/dgps_msgs/share/dgps_msgs/hook/cmake_prefix_path.dsv'
[10.153s] INFO:colcon.colcon_core.shell:Creating environment hook '/home/moonly/px4_ros_com_ros2/src/dgps_ros2/install/dgps_msgs/share/dgps_msgs/hook/cmake_prefix_path.sh'
[10.154s] Level 1:colcon.colcon_core.environment:checking '/home/moonly/px4_ros_com_ros2/src/dgps_ros2/install/dgps_msgs/lib'
[10.154s] Level 1:colcon.colcon_core.shell:create_environment_hook('dgps_msgs', 'ld_library_path_lib')
[10.156s] INFO:colcon.colcon_core.shell:Creating environment hook '/home/moonly/px4_ros_com_ros2/src/dgps_ros2/install/dgps_msgs/share/dgps_msgs/hook/ld_library_path_lib.ps1'
[10.157s] INFO:colcon.colcon_core.shell:Creating environment descriptor '/home/moonly/px4_ros_com_ros2/src/dgps_ros2/install/dgps_msgs/share/dgps_msgs/hook/ld_library_path_lib.dsv'
[10.157s] INFO:colcon.colcon_core.shell:Creating environment hook '/home/moonly/px4_ros_com_ros2/src/dgps_ros2/install/dgps_msgs/share/dgps_msgs/hook/ld_library_path_lib.sh'
[10.157s] Level 1:colcon.colcon_core.environment:checking '/home/moonly/px4_ros_com_ros2/src/dgps_ros2/install/dgps_msgs/bin'
[10.157s] Level 1:colcon.colcon_core.environment:checking '/home/moonly/px4_ros_com_ros2/src/dgps_ros2/install/dgps_msgs/lib/pkgconfig/dgps_msgs.pc'
[10.158s] Level 1:colcon.colcon_core.environment:checking '/home/moonly/px4_ros_com_ros2/src/dgps_ros2/install/dgps_msgs/lib/python3.8/site-packages'
[10.158s] Level 1:colcon.colcon_core.shell:create_environment_hook('dgps_msgs', 'pythonpath')
[10.159s] INFO:colcon.colcon_core.shell:Creating environment hook '/home/moonly/px4_ros_com_ros2/src/dgps_ros2/install/dgps_msgs/share/dgps_msgs/hook/pythonpath.ps1'
[10.159s] INFO:colcon.colcon_core.shell:Creating environment descriptor '/home/moonly/px4_ros_com_ros2/src/dgps_ros2/install/dgps_msgs/share/dgps_msgs/hook/pythonpath.dsv'
[10.160s] INFO:colcon.colcon_core.shell:Creating environment hook '/home/moonly/px4_ros_com_ros2/src/dgps_ros2/install/dgps_msgs/share/dgps_msgs/hook/pythonpath.sh'
[10.160s] Level 1:colcon.colcon_core.environment:checking '/home/moonly/px4_ros_com_ros2/src/dgps_ros2/install/dgps_msgs/bin'
[10.162s] INFO:colcon.colcon_core.shell:Creating package script '/home/moonly/px4_ros_com_ros2/src/dgps_ros2/install/dgps_msgs/share/dgps_msgs/package.ps1'
[10.162s] INFO:colcon.colcon_core.shell:Creating package descriptor '/home/moonly/px4_ros_com_ros2/src/dgps_ros2/install/dgps_msgs/share/dgps_msgs/package.dsv'
[10.163s] INFO:colcon.colcon_core.shell:Creating package script '/home/moonly/px4_ros_com_ros2/src/dgps_ros2/install/dgps_msgs/share/dgps_msgs/package.sh'
[10.164s] INFO:colcon.colcon_core.shell:Creating package script '/home/moonly/px4_ros_com_ros2/src/dgps_ros2/install/dgps_msgs/share/dgps_msgs/package.bash'
[10.164s] INFO:colcon.colcon_core.shell:Creating package script '/home/moonly/px4_ros_com_ros2/src/dgps_ros2/install/dgps_msgs/share/dgps_msgs/package.zsh'
[10.164s] Level 1:colcon.colcon_core.environment:create_file_with_runtime_dependencies(/home/moonly/px4_ros_com_ros2/src/dgps_ros2/install/dgps_msgs/share/colcon-core/packages/dgps_msgs)
[10.165s] INFO:colcon.colcon_ros.task.ament_cmake.build:Building ROS package in '/home/moonly/px4_ros_com_ros2/src/dgps_ros2/dgps_ros2' with build type 'ament_cmake'
[10.165s] INFO:colcon.colcon_cmake.task.cmake.build:Building CMake package in '/home/moonly/px4_ros_com_ros2/src/dgps_ros2/dgps_ros2'
[10.166s] INFO:colcon.colcon_core.shell:Skip shell extension 'powershell' for command environment: Not usable outside of PowerShell
[10.166s] DEBUG:colcon.colcon_core.shell:Skip shell extension 'dsv' for command environment
[10.185s] DEBUG:colcon.colcon_core.event_handler.log_command:Invoking command in '/home/moonly/px4_ros_com_ros2/src/dgps_ros2/build/dgps_ros2': AMENT_PREFIX_PATH=/home/moonly/px4_ros_com_ros2/src/dgps_ros2/install/dgps_msgs:${AMENT_PREFIX_PATH} CMAKE_PREFIX_PATH=/home/moonly/px4_ros_com_ros2/src/dgps_ros2/install/dgps_msgs:/home/moonly/桌面/My_PX4_projects/Workspace/install/keyboard_control:/home/moonly/桌面/My_PX4_projects/Workspace/install/auto_cruise:/home/moonly/桌面/My_PX4_projects/Workspace/install/KeyboardControl:/home/moonly/px4_ros_com_ros2/install/px4_ros_com:/home/moonly/px4_ros_com_ros2/install/boat_transform:/home/moonly/px4_ros_com_ros2/install/px4_msgs:/opt/ros/foxy LD_LIBRARY_PATH=/home/moonly/px4_ros_com_ros2/src/dgps_ros2/install/dgps_msgs/lib:${LD_LIBRARY_PATH} PYTHONPATH=/home/moonly/px4_ros_com_ros2/src/dgps_ros2/install/dgps_msgs/lib/python3.8/site-packages:${PYTHONPATH} /usr/bin/cmake /home/moonly/px4_ros_com_ros2/src/dgps_ros2/dgps_ros2 -DCMAKE_INSTALL_PREFIX=/home/moonly/px4_ros_com_ros2/src/dgps_ros2/install/dgps_ros2
[12.085s] DEBUG:colcon.colcon_core.event_handler.log_command:Invoked command in '/home/moonly/px4_ros_com_ros2/src/dgps_ros2/build/dgps_ros2' returned '0': AMENT_PREFIX_PATH=/home/moonly/px4_ros_com_ros2/src/dgps_ros2/install/dgps_msgs:${AMENT_PREFIX_PATH} CMAKE_PREFIX_PATH=/home/moonly/px4_ros_com_ros2/src/dgps_ros2/install/dgps_msgs:/home/moonly/桌面/My_PX4_projects/Workspace/install/keyboard_control:/home/moonly/桌面/My_PX4_projects/Workspace/install/auto_cruise:/home/moonly/桌面/My_PX4_projects/Workspace/install/KeyboardControl:/home/moonly/px4_ros_com_ros2/install/px4_ros_com:/home/moonly/px4_ros_com_ros2/install/boat_transform:/home/moonly/px4_ros_com_ros2/install/px4_msgs:/opt/ros/foxy LD_LIBRARY_PATH=/home/moonly/px4_ros_com_ros2/src/dgps_ros2/install/dgps_msgs/lib:${LD_LIBRARY_PATH} PYTHONPATH=/home/moonly/px4_ros_com_ros2/src/dgps_ros2/install/dgps_msgs/lib/python3.8/site-packages:${PYTHONPATH} /usr/bin/cmake /home/moonly/px4_ros_com_ros2/src/dgps_ros2/dgps_ros2 -DCMAKE_INSTALL_PREFIX=/home/moonly/px4_ros_com_ros2/src/dgps_ros2/install/dgps_ros2
[12.089s] DEBUG:colcon.colcon_core.event_handler.log_command:Invoking command in '/home/moonly/px4_ros_com_ros2/src/dgps_ros2/build/dgps_ros2': AMENT_PREFIX_PATH=/home/moonly/px4_ros_com_ros2/src/dgps_ros2/install/dgps_msgs:${AMENT_PREFIX_PATH} CMAKE_PREFIX_PATH=/home/moonly/px4_ros_com_ros2/src/dgps_ros2/install/dgps_msgs:/home/moonly/桌面/My_PX4_projects/Workspace/install/keyboard_control:/home/moonly/桌面/My_PX4_projects/Workspace/install/auto_cruise:/home/moonly/桌面/My_PX4_projects/Workspace/install/KeyboardControl:/home/moonly/px4_ros_com_ros2/install/px4_ros_com:/home/moonly/px4_ros_com_ros2/install/boat_transform:/home/moonly/px4_ros_com_ros2/install/px4_msgs:/opt/ros/foxy LD_LIBRARY_PATH=/home/moonly/px4_ros_com_ros2/src/dgps_ros2/install/dgps_msgs/lib:${LD_LIBRARY_PATH} PYTHONPATH=/home/moonly/px4_ros_com_ros2/src/dgps_ros2/install/dgps_msgs/lib/python3.8/site-packages:${PYTHONPATH} /usr/bin/cmake --build /home/moonly/px4_ros_com_ros2/src/dgps_ros2/build/dgps_ros2 -- -j8 -l8
[21.706s] DEBUG:colcon.colcon_core.event_handler.log_command:Invoked command in '/home/moonly/px4_ros_com_ros2/src/dgps_ros2/build/dgps_ros2' returned '0': AMENT_PREFIX_PATH=/home/moonly/px4_ros_com_ros2/src/dgps_ros2/install/dgps_msgs:${AMENT_PREFIX_PATH} CMAKE_PREFIX_PATH=/home/moonly/px4_ros_com_ros2/src/dgps_ros2/install/dgps_msgs:/home/moonly/桌面/My_PX4_projects/Workspace/install/keyboard_control:/home/moonly/桌面/My_PX4_projects/Workspace/install/auto_cruise:/home/moonly/桌面/My_PX4_projects/Workspace/install/KeyboardControl:/home/moonly/px4_ros_com_ros2/install/px4_ros_com:/home/moonly/px4_ros_com_ros2/install/boat_transform:/home/moonly/px4_ros_com_ros2/install/px4_msgs:/opt/ros/foxy LD_LIBRARY_PATH=/home/moonly/px4_ros_com_ros2/src/dgps_ros2/install/dgps_msgs/lib:${LD_LIBRARY_PATH} PYTHONPATH=/home/moonly/px4_ros_com_ros2/src/dgps_ros2/install/dgps_msgs/lib/python3.8/site-packages:${PYTHONPATH} /usr/bin/cmake --build /home/moonly/px4_ros_com_ros2/src/dgps_ros2/build/dgps_ros2 -- -j8 -l8
[21.745s] DEBUG:colcon.colcon_core.event_handler.log_command:Invoking command in '/home/moonly/px4_ros_com_ros2/src/dgps_ros2/build/dgps_ros2': AMENT_PREFIX_PATH=/home/moonly/px4_ros_com_ros2/src/dgps_ros2/install/dgps_msgs:${AMENT_PREFIX_PATH} CMAKE_PREFIX_PATH=/home/moonly/px4_ros_com_ros2/src/dgps_ros2/install/dgps_msgs:/home/moonly/桌面/My_PX4_projects/Workspace/install/keyboard_control:/home/moonly/桌面/My_PX4_projects/Workspace/install/auto_cruise:/home/moonly/桌面/My_PX4_projects/Workspace/install/KeyboardControl:/home/moonly/px4_ros_com_ros2/install/px4_ros_com:/home/moonly/px4_ros_com_ros2/install/boat_transform:/home/moonly/px4_ros_com_ros2/install/px4_msgs:/opt/ros/foxy LD_LIBRARY_PATH=/home/moonly/px4_ros_com_ros2/src/dgps_ros2/install/dgps_msgs/lib:${LD_LIBRARY_PATH} PYTHONPATH=/home/moonly/px4_ros_com_ros2/src/dgps_ros2/install/dgps_msgs/lib/python3.8/site-packages:${PYTHONPATH} /usr/bin/cmake --install /home/moonly/px4_ros_com_ros2/src/dgps_ros2/build/dgps_ros2
[21.766s] Level 1:colcon.colcon_core.environment:create_environment_scripts_only(dgps_ros2)
[21.768s] Level 1:colcon.colcon_core.environment:checking '/home/moonly/px4_ros_com_ros2/src/dgps_ros2/install/dgps_ros2' for CMake module files
[21.769s] DEBUG:colcon.colcon_core.event_handler.log_command:Invoked command in '/home/moonly/px4_ros_com_ros2/src/dgps_ros2/build/dgps_ros2' returned '0': AMENT_PREFIX_PATH=/home/moonly/px4_ros_com_ros2/src/dgps_ros2/install/dgps_msgs:${AMENT_PREFIX_PATH} CMAKE_PREFIX_PATH=/home/moonly/px4_ros_com_ros2/src/dgps_ros2/install/dgps_msgs:/home/moonly/桌面/My_PX4_projects/Workspace/install/keyboard_control:/home/moonly/桌面/My_PX4_projects/Workspace/install/auto_cruise:/home/moonly/桌面/My_PX4_projects/Workspace/install/KeyboardControl:/home/moonly/px4_ros_com_ros2/install/px4_ros_com:/home/moonly/px4_ros_com_ros2/install/boat_transform:/home/moonly/px4_ros_com_ros2/install/px4_msgs:/opt/ros/foxy LD_LIBRARY_PATH=/home/moonly/px4_ros_com_ros2/src/dgps_ros2/install/dgps_msgs/lib:${LD_LIBRARY_PATH} PYTHONPATH=/home/moonly/px4_ros_com_ros2/src/dgps_ros2/install/dgps_msgs/lib/python3.8/site-packages:${PYTHONPATH} /usr/bin/cmake --install /home/moonly/px4_ros_com_ros2/src/dgps_ros2/build/dgps_ros2
[21.770s] Level 1:colcon.colcon_core.environment:checking '/home/moonly/px4_ros_com_ros2/src/dgps_ros2/install/dgps_ros2' for CMake config files
[21.770s] Level 1:colcon.colcon_core.shell:create_environment_hook('dgps_ros2', 'cmake_prefix_path')
[21.771s] INFO:colcon.colcon_core.shell:Creating environment hook '/home/moonly/px4_ros_com_ros2/src/dgps_ros2/install/dgps_ros2/share/dgps_ros2/hook/cmake_prefix_path.ps1'
[21.772s] INFO:colcon.colcon_core.shell:Creating environment descriptor '/home/moonly/px4_ros_com_ros2/src/dgps_ros2/install/dgps_ros2/share/dgps_ros2/hook/cmake_prefix_path.dsv'
[21.772s] INFO:colcon.colcon_core.shell:Creating environment hook '/home/moonly/px4_ros_com_ros2/src/dgps_ros2/install/dgps_ros2/share/dgps_ros2/hook/cmake_prefix_path.sh'
[21.773s] Level 1:colcon.colcon_core.environment:checking '/home/moonly/px4_ros_com_ros2/src/dgps_ros2/install/dgps_ros2/lib'
[21.773s] Level 1:colcon.colcon_core.shell:create_environment_hook('dgps_ros2', 'ld_library_path_lib')
[21.774s] INFO:colcon.colcon_core.shell:Creating environment hook '/home/moonly/px4_ros_com_ros2/src/dgps_ros2/install/dgps_ros2/share/dgps_ros2/hook/ld_library_path_lib.ps1'
[21.774s] INFO:colcon.colcon_core.shell:Creating environment descriptor '/home/moonly/px4_ros_com_ros2/src/dgps_ros2/install/dgps_ros2/share/dgps_ros2/hook/ld_library_path_lib.dsv'
[21.775s] INFO:colcon.colcon_core.shell:Creating environment hook '/home/moonly/px4_ros_com_ros2/src/dgps_ros2/install/dgps_ros2/share/dgps_ros2/hook/ld_library_path_lib.sh'
[21.775s] Level 1:colcon.colcon_core.environment:checking '/home/moonly/px4_ros_com_ros2/src/dgps_ros2/install/dgps_ros2/bin'
[21.775s] Level 1:colcon.colcon_core.environment:checking '/home/moonly/px4_ros_com_ros2/src/dgps_ros2/install/dgps_ros2/lib/pkgconfig/dgps_ros2.pc'
[21.775s] Level 1:colcon.colcon_core.environment:checking '/home/moonly/px4_ros_com_ros2/src/dgps_ros2/install/dgps_ros2/lib/python3.8/site-packages'
[21.775s] Level 1:colcon.colcon_core.environment:checking '/home/moonly/px4_ros_com_ros2/src/dgps_ros2/install/dgps_ros2/bin'
[21.777s] INFO:colcon.colcon_core.shell:Creating package script '/home/moonly/px4_ros_com_ros2/src/dgps_ros2/install/dgps_ros2/share/dgps_ros2/package.ps1'
[21.778s] INFO:colcon.colcon_core.shell:Creating package descriptor '/home/moonly/px4_ros_com_ros2/src/dgps_ros2/install/dgps_ros2/share/dgps_ros2/package.dsv'
[21.778s] INFO:colcon.colcon_core.shell:Creating package script '/home/moonly/px4_ros_com_ros2/src/dgps_ros2/install/dgps_ros2/share/dgps_ros2/package.sh'
[21.779s] INFO:colcon.colcon_core.shell:Creating package script '/home/moonly/px4_ros_com_ros2/src/dgps_ros2/install/dgps_ros2/share/dgps_ros2/package.bash'
[21.779s] INFO:colcon.colcon_core.shell:Creating package script '/home/moonly/px4_ros_com_ros2/src/dgps_ros2/install/dgps_ros2/share/dgps_ros2/package.zsh'
[21.779s] Level 1:colcon.colcon_core.environment:create_file_with_runtime_dependencies(/home/moonly/px4_ros_com_ros2/src/dgps_ros2/install/dgps_ros2/share/colcon-core/packages/dgps_ros2)
[21.819s] Level 1:colcon.colcon_core.environment:create_environment_scripts_only(dgps_ros2)
[21.822s] Level 1:colcon.colcon_core.environment:checking '/home/moonly/px4_ros_com_ros2/src/dgps_ros2/install/dgps_ros2' for CMake module files
[21.823s] Level 1:colcon.colcon_core.environment:checking '/home/moonly/px4_ros_com_ros2/src/dgps_ros2/install/dgps_ros2' for CMake config files
[21.823s] Level 1:colcon.colcon_core.shell:create_environment_hook('dgps_ros2', 'cmake_prefix_path')
[21.824s] INFO:colcon.colcon_core.shell:Creating environment hook '/home/moonly/px4_ros_com_ros2/src/dgps_ros2/install/dgps_ros2/share/dgps_ros2/hook/cmake_prefix_path.ps1'
[21.826s] INFO:colcon.colcon_core.shell:Creating environment descriptor '/home/moonly/px4_ros_com_ros2/src/dgps_ros2/install/dgps_ros2/share/dgps_ros2/hook/cmake_prefix_path.dsv'
[21.827s] INFO:colcon.colcon_core.shell:Creating environment hook '/home/moonly/px4_ros_com_ros2/src/dgps_ros2/install/dgps_ros2/share/dgps_ros2/hook/cmake_prefix_path.sh'
[21.829s] Level 1:colcon.colcon_core.environment:checking '/home/moonly/px4_ros_com_ros2/src/dgps_ros2/install/dgps_ros2/lib'
[21.829s] Level 1:colcon.colcon_core.shell:create_environment_hook('dgps_ros2', 'ld_library_path_lib')
[21.832s] INFO:colcon.colcon_core.shell:Creating environment hook '/home/moonly/px4_ros_com_ros2/src/dgps_ros2/install/dgps_ros2/share/dgps_ros2/hook/ld_library_path_lib.ps1'
[21.833s] INFO:colcon.colcon_core.shell:Creating environment descriptor '/home/moonly/px4_ros_com_ros2/src/dgps_ros2/install/dgps_ros2/share/dgps_ros2/hook/ld_library_path_lib.dsv'
[21.833s] INFO:colcon.colcon_core.shell:Creating environment hook '/home/moonly/px4_ros_com_ros2/src/dgps_ros2/install/dgps_ros2/share/dgps_ros2/hook/ld_library_path_lib.sh'
[21.833s] Level 1:colcon.colcon_core.environment:checking '/home/moonly/px4_ros_com_ros2/src/dgps_ros2/install/dgps_ros2/bin'
[21.833s] Level 1:colcon.colcon_core.environment:checking '/home/moonly/px4_ros_com_ros2/src/dgps_ros2/install/dgps_ros2/lib/pkgconfig/dgps_ros2.pc'
[21.834s] Level 1:colcon.colcon_core.environment:checking '/home/moonly/px4_ros_com_ros2/src/dgps_ros2/install/dgps_ros2/lib/python3.8/site-packages'
[21.834s] Level 1:colcon.colcon_core.environment:checking '/home/moonly/px4_ros_com_ros2/src/dgps_ros2/install/dgps_ros2/bin'
[21.835s] INFO:colcon.colcon_core.shell:Creating package script '/home/moonly/px4_ros_com_ros2/src/dgps_ros2/install/dgps_ros2/share/dgps_ros2/package.ps1'
[21.837s] INFO:colcon.colcon_core.shell:Creating package descriptor '/home/moonly/px4_ros_com_ros2/src/dgps_ros2/install/dgps_ros2/share/dgps_ros2/package.dsv'
[21.837s] INFO:colcon.colcon_core.shell:Creating package script '/home/moonly/px4_ros_com_ros2/src/dgps_ros2/install/dgps_ros2/share/dgps_ros2/package.sh'
[21.838s] INFO:colcon.colcon_core.shell:Creating package script '/home/moonly/px4_ros_com_ros2/src/dgps_ros2/install/dgps_ros2/share/dgps_ros2/package.bash'
[21.839s] INFO:colcon.colcon_core.shell:Creating package script '/home/moonly/px4_ros_com_ros2/src/dgps_ros2/install/dgps_ros2/share/dgps_ros2/package.zsh'
[21.839s] Level 1:colcon.colcon_core.environment:create_file_with_runtime_dependencies(/home/moonly/px4_ros_com_ros2/src/dgps_ros2/install/dgps_ros2/share/colcon-core/packages/dgps_ros2)
[21.840s] DEBUG:colcon.colcon_parallel_executor.executor.parallel:closing loop
[21.841s] DEBUG:colcon.colcon_parallel_executor.executor.parallel:loop closed
[21.841s] DEBUG:colcon.colcon_parallel_executor.executor.parallel:run_until_complete finished with '0'
[21.841s] DEBUG:colcon.colcon_core.event_reactor:joining thread
[21.862s] INFO:colcon.colcon_core.plugin_system:Skipping extension 'colcon_notification.desktop_notification.terminal_notifier': Not used on non-Darwin systems
[21.862s] INFO:colcon.colcon_core.plugin_system:Skipping extension 'colcon_notification.desktop_notification.win32': Not used on non-Windows systems
[21.862s] INFO:colcon.colcon_notification.desktop_notification:Sending desktop notification using 'notify2'
[21.885s] DEBUG:colcon.colcon_core.event_reactor:joined thread
[21.887s] INFO:colcon.colcon_core.shell:Creating prefix script '/home/moonly/px4_ros_com_ros2/src/dgps_ros2/install/local_setup.ps1'
[21.888s] INFO:colcon.colcon_core.shell:Creating prefix util module '/home/moonly/px4_ros_com_ros2/src/dgps_ros2/install/_local_setup_util_ps1.py'
[21.889s] INFO:colcon.colcon_core.shell:Creating prefix chain script '/home/moonly/px4_ros_com_ros2/src/dgps_ros2/install/setup.ps1'
[21.891s] INFO:colcon.colcon_core.shell:Creating prefix script '/home/moonly/px4_ros_com_ros2/src/dgps_ros2/install/local_setup.sh'
[21.893s] INFO:colcon.colcon_core.shell:Creating prefix util module '/home/moonly/px4_ros_com_ros2/src/dgps_ros2/install/_local_setup_util_sh.py'
[21.894s] INFO:colcon.colcon_core.shell:Creating prefix chain script '/home/moonly/px4_ros_com_ros2/src/dgps_ros2/install/setup.sh'
[21.899s] INFO:colcon.colcon_core.shell:Creating prefix script '/home/moonly/px4_ros_com_ros2/src/dgps_ros2/install/local_setup.bash'
[21.899s] INFO:colcon.colcon_core.shell:Creating prefix chain script '/home/moonly/px4_ros_com_ros2/src/dgps_ros2/install/setup.bash'
[21.901s] INFO:colcon.colcon_core.shell:Creating prefix script '/home/moonly/px4_ros_com_ros2/src/dgps_ros2/install/local_setup.zsh'
[21.901s] INFO:colcon.colcon_core.shell:Creating prefix chain script '/home/moonly/px4_ros_com_ros2/src/dgps_ros2/install/setup.zsh'
