CMake Warning (dev) at CMakeLists.txt:27:
  Syntax Warning in cmake code at column 22

  Argument not separated from preceding token by whitespace.
This warning is for project developers.  Use -Wno-dev to suppress it.

-- Found ament_cmake: 0.9.12 (/opt/ros/foxy/share/ament_cmake/cmake)
-- Found PythonInterp: /usr/bin/python3 (found suitable version "3.8.10", minimum required is "3") 
-- Using PYTHON_EXECUTABLE: /usr/bin/python3
-- Found rclcpp: 2.4.3 (/opt/ros/foxy/share/rclcpp/cmake)
-- Using all available rosidl_typesupport_c: rosidl_typesupport_fastrtps_c;rosidl_typesupport_introspection_c
-- Found rosidl_adapter: 1.3.1 (/opt/ros/foxy/share/rosidl_adapter/cmake)
-- Using all available rosidl_typesupport_cpp: rosidl_typesupport_fastrtps_cpp;rosidl_typesupport_introspection_cpp
-- Found rmw_implementation_cmake: 1.0.4 (/opt/ros/foxy/share/rmw_implementation_cmake/cmake)
-- Using RMW implementation 'rmw_fastrtps_cpp' as default
-- Found rosidl_default_generators: 1.0.1 (/opt/ros/foxy/share/rosidl_default_generators/cmake)
CMake Error at /opt/ros/foxy/share/rosidl_cmake/cmake/rosidl_generate_interfaces.cmake:93 (message):
  rosidl_generate_interfaces() the passed file ',' doesn't exist relative to
  the CMAKE_CURRENT_SOURCE_DIR '/home/moonly/fpv_ros2_workspace/src/fpv_msgs'
Call Stack (most recent call first):
  CMakeLists.txt:26 (rosidl_generate_interfaces)


-- Configuring incomplete, errors occurred!
See also "/home/moonly/fpv_ros2_workspace/build/fpv_msgs/CMakeFiles/CMakeOutput.log".
See also "/home/moonly/fpv_ros2_workspace/build/fpv_msgs/CMakeFiles/CMakeError.log".
make: *** [Makefile:988：cmake_check_build_system] 错误 1
