[0.029s] Invoking command in '/home/moonly/fpv_ros2_workspace/build/fpv_msgs': CMAKE_PREFIX_PATH=${CMAKE_PREFIX_PATH}:/opt/ros/foxy _=/usr/bin/env /usr/bin/cmake --build /home/moonly/fpv_ros2_workspace/build/fpv_msgs -- -j8 -l8
[0.048s] CMake Warning (dev) at CMakeLists.txt:27:
[0.048s]   Syntax Warning in cmake code at column 22
[0.048s] 
[0.048s]   Argument not separated from preceding token by whitespace.
[0.048s] This warning is for project developers.  Use -Wno-dev to suppress it.
[0.048s] 
[0.051s] -- Found ament_cmake: 0.9.12 (/opt/ros/foxy/share/ament_cmake/cmake)
[0.066s] -- Found PythonInterp: /usr/bin/python3 (found suitable version "3.8.10", minimum required is "3") 
[0.066s] -- Using PYTHON_EXECUTABLE: /usr/bin/python3
[0.205s] -- Found rclcpp: 2.4.3 (/opt/ros/foxy/share/rclcpp/cmake)
[0.231s] -- Using all available rosidl_typesupport_c: rosidl_typesupport_fastrtps_c;rosidl_typesupport_introspection_c
[0.233s] -- Found rosidl_adapter: 1.3.1 (/opt/ros/foxy/share/rosidl_adapter/cmake)
[0.324s] -- Using all available rosidl_typesupport_cpp: rosidl_typesupport_fastrtps_cpp;rosidl_typesupport_introspection_cpp
[0.356s] -- Found rmw_implementation_cmake: 1.0.4 (/opt/ros/foxy/share/rmw_implementation_cmake/cmake)
[0.357s] -- Using RMW implementation 'rmw_fastrtps_cpp' as default
[0.448s] -- Found rosidl_default_generators: 1.0.1 (/opt/ros/foxy/share/rosidl_default_generators/cmake)
[0.455s] CMake Error at /opt/ros/foxy/share/rosidl_cmake/cmake/rosidl_generate_interfaces.cmake:93 (message):
[0.455s]   rosidl_generate_interfaces() the passed file ',' doesn't exist relative to
[0.455s]   the CMAKE_CURRENT_SOURCE_DIR '/home/moonly/fpv_ros2_workspace/src/fpv_msgs'
[0.455s] Call Stack (most recent call first):
[0.455s]   CMakeLists.txt:26 (rosidl_generate_interfaces)
[0.455s] 
[0.455s] 
[0.456s] -- Configuring incomplete, errors occurred!
[0.456s] See also "/home/moonly/fpv_ros2_workspace/build/fpv_msgs/CMakeFiles/CMakeOutput.log".
[0.456s] See also "/home/moonly/fpv_ros2_workspace/build/fpv_msgs/CMakeFiles/CMakeError.log".
[0.461s] make: *** [Makefile:988：cmake_check_build_system] 错误 1
[0.464s] Invoked command in '/home/moonly/fpv_ros2_workspace/build/fpv_msgs' returned '2': CMAKE_PREFIX_PATH=${CMAKE_PREFIX_PATH}:/opt/ros/foxy _=/usr/bin/env /usr/bin/cmake --build /home/moonly/fpv_ros2_workspace/build/fpv_msgs -- -j8 -l8
