[0.325s] Invoking command in '/home/moonly/fpv_ros2_workspace/build/pwm_trans': CMAKE_PREFIX_PATH=${CMAKE_PREFIX_PATH}:/opt/ros/foxy _=/usr/bin/env /usr/bin/cmake --build /home/moonly/fpv_ros2_workspace/build/pwm_trans -- -j8 -l8
[0.638s] [100%] Built target pwm_trans
[0.759s] Invoked command in '/home/moonly/fpv_ros2_workspace/build/pwm_trans' returned '0': CMAKE_PREFIX_PATH=${CMAKE_PREFIX_PATH}:/opt/ros/foxy _=/usr/bin/env /usr/bin/cmake --build /home/moonly/fpv_ros2_workspace/build/pwm_trans -- -j8 -l8
[1.142s] Invoking command in '/home/moonly/fpv_ros2_workspace/build/pwm_trans': CMAKE_PREFIX_PATH=${CMAKE_PREFIX_PATH}:/opt/ros/foxy _=/usr/bin/env /usr/bin/cmake --install /home/moonly/fpv_ros2_workspace/build/pwm_trans
[1.160s] -- Install configuration: ""
[1.164s] -- Up-to-date: /home/moonly/fpv_ros2_workspace/install/pwm_trans/lib/pwm_trans/pwm_trans
[1.181s] -- Up-to-date: /home/moonly/fpv_ros2_workspace/install/pwm_trans/share/ament_index/resource_index/package_run_dependencies/pwm_trans
[1.181s] -- Up-to-date: /home/moonly/fpv_ros2_workspace/install/pwm_trans/share/ament_index/resource_index/parent_prefix_path/pwm_trans
[1.182s] -- Up-to-date: /home/moonly/fpv_ros2_workspace/install/pwm_trans/share/pwm_trans/environment/ament_prefix_path.sh
[1.182s] -- Up-to-date: /home/moonly/fpv_ros2_workspace/install/pwm_trans/share/pwm_trans/environment/ament_prefix_path.dsv
[1.183s] -- Up-to-date: /home/moonly/fpv_ros2_workspace/install/pwm_trans/share/pwm_trans/environment/path.sh
[1.183s] -- Up-to-date: /home/moonly/fpv_ros2_workspace/install/pwm_trans/share/pwm_trans/environment/path.dsv
[1.184s] -- Up-to-date: /home/moonly/fpv_ros2_workspace/install/pwm_trans/share/pwm_trans/local_setup.bash
[1.184s] -- Up-to-date: /home/moonly/fpv_ros2_workspace/install/pwm_trans/share/pwm_trans/local_setup.sh
[1.188s] -- Up-to-date: /home/moonly/fpv_ros2_workspace/install/pwm_trans/share/pwm_trans/local_setup.zsh
[1.190s] -- Up-to-date: /home/moonly/fpv_ros2_workspace/install/pwm_trans/share/pwm_trans/local_setup.dsv
[1.190s] -- Installing: /home/moonly/fpv_ros2_workspace/install/pwm_trans/share/pwm_trans/package.dsv
[1.193s] -- Up-to-date: /home/moonly/fpv_ros2_workspace/install/pwm_trans/share/ament_index/resource_index/packages/pwm_trans
[1.193s] -- Up-to-date: /home/moonly/fpv_ros2_workspace/install/pwm_trans/share/pwm_trans/cmake/pwm_transConfig.cmake
[1.196s] -- Up-to-date: /home/moonly/fpv_ros2_workspace/install/pwm_trans/share/pwm_trans/cmake/pwm_transConfig-version.cmake
[1.196s] -- Up-to-date: /home/moonly/fpv_ros2_workspace/install/pwm_trans/share/pwm_trans/package.xml
[1.204s] Invoked command in '/home/moonly/fpv_ros2_workspace/build/pwm_trans' returned '0': CMAKE_PREFIX_PATH=${CMAKE_PREFIX_PATH}:/opt/ros/foxy _=/usr/bin/env /usr/bin/cmake --install /home/moonly/fpv_ros2_workspace/build/pwm_trans
