[0.305s] Invoking command in '/home/moonly/fpv_ros2_workspace/build/temp_msgs': CMAKE_PREFIX_PATH=${CMAKE_PREFIX_PATH}:/opt/ros/foxy _=/usr/bin/env /usr/bin/cmake --build /home/moonly/fpv_ros2_workspace/build/temp_msgs -- -j8 -l8
[0.829s] [  3%] Built target temp_msgs__cpp
[0.840s] [ 12%] Built target temp_msgs__rosidl_generator_c
[1.014s] [ 22%] Built target temp_msgs__rosidl_typesupport_introspection_cpp
[1.125s] [ 32%] Built target temp_msgs__rosidl_typesupport_fastrtps_cpp
[1.156s] [ 41%] Built target temp_msgs__rosidl_typesupport_cpp
[1.194s] [ 51%] Built target temp_msgs__rosidl_typesupport_introspection_c
[1.295s] [ 61%] Built target temp_msgs__rosidl_typesupport_c
[1.446s] [ 70%] Built target temp_msgs__rosidl_typesupport_fastrtps_c
[1.709s] [ 70%] Built target temp_msgs
[1.880s] [ 74%] Built target temp_msgs__py
[2.136s] [ 80%] Built target temp_msgs__python
[2.438s] [ 87%] Built target temp_msgs__rosidl_typesupport_c__pyext
[2.499s] [ 93%] Built target temp_msgs__rosidl_typesupport_introspection_c__pyext
[2.518s] [100%] Built target temp_msgs__rosidl_typesupport_fastrtps_c__pyext
[2.733s] Invoked command in '/home/moonly/fpv_ros2_workspace/build/temp_msgs' returned '0': CMAKE_PREFIX_PATH=${CMAKE_PREFIX_PATH}:/opt/ros/foxy _=/usr/bin/env /usr/bin/cmake --build /home/moonly/fpv_ros2_workspace/build/temp_msgs -- -j8 -l8
[3.945s] Invoking command in '/home/moonly/fpv_ros2_workspace/build/temp_msgs': CMAKE_PREFIX_PATH=${CMAKE_PREFIX_PATH}:/opt/ros/foxy _=/usr/bin/env /usr/bin/cmake --install /home/moonly/fpv_ros2_workspace/build/temp_msgs
[4.078s] -- Install configuration: ""
[4.079s] -- Up-to-date: /home/moonly/fpv_ros2_workspace/install/temp_msgs/share/ament_index/resource_index/rosidl_interfaces/temp_msgs
[4.079s] -- Up-to-date: /home/moonly/fpv_ros2_workspace/install/temp_msgs/include/temp_msgs
[4.079s] -- Up-to-date: /home/moonly/fpv_ros2_workspace/install/temp_msgs/include/temp_msgs/msg
[4.079s] -- Up-to-date: /home/moonly/fpv_ros2_workspace/install/temp_msgs/include/temp_msgs/msg/detail
[4.079s] -- Up-to-date: /home/moonly/fpv_ros2_workspace/install/temp_msgs/include/temp_msgs/msg/detail/temp_msg__struct.h
[4.079s] -- Up-to-date: /home/moonly/fpv_ros2_workspace/install/temp_msgs/include/temp_msgs/msg/detail/temp_msg__type_support.h
[4.079s] -- Up-to-date: /home/moonly/fpv_ros2_workspace/install/temp_msgs/include/temp_msgs/msg/detail/temp_msg__functions.h
[4.080s] -- Up-to-date: /home/moonly/fpv_ros2_workspace/install/temp_msgs/include/temp_msgs/msg/detail/temp_msg__functions.c
[4.080s] -- Up-to-date: /home/moonly/fpv_ros2_workspace/install/temp_msgs/include/temp_msgs/msg/temp_msg.h
[4.080s] -- Up-to-date: /home/moonly/fpv_ros2_workspace/install/temp_msgs/include/temp_msgs/msg/rosidl_generator_c__visibility_control.h
[4.080s] -- Up-to-date: /home/moonly/fpv_ros2_workspace/install/temp_msgs/share/temp_msgs/environment/library_path.sh
[4.080s] -- Up-to-date: /home/moonly/fpv_ros2_workspace/install/temp_msgs/share/temp_msgs/environment/library_path.dsv
[4.080s] -- Up-to-date: /home/moonly/fpv_ros2_workspace/install/temp_msgs/lib/libtemp_msgs__rosidl_generator_c.so
[4.082s] -- Up-to-date: /home/moonly/fpv_ros2_workspace/install/temp_msgs/include/temp_msgs
[4.084s] -- Up-to-date: /home/moonly/fpv_ros2_workspace/install/temp_msgs/include/temp_msgs/msg
[4.088s] -- Up-to-date: /home/moonly/fpv_ros2_workspace/install/temp_msgs/include/temp_msgs/msg/detail
[4.089s] -- Up-to-date: /home/moonly/fpv_ros2_workspace/install/temp_msgs/include/temp_msgs/msg/detail/temp_msg__rosidl_typesupport_fastrtps_c.h
[4.091s] -- Up-to-date: /home/moonly/fpv_ros2_workspace/install/temp_msgs/include/temp_msgs/msg/rosidl_typesupport_fastrtps_c__visibility_control.h
[4.097s] -- Up-to-date: /home/moonly/fpv_ros2_workspace/install/temp_msgs/lib/libtemp_msgs__rosidl_typesupport_fastrtps_c.so
[4.097s] -- Up-to-date: /home/moonly/fpv_ros2_workspace/install/temp_msgs/include/temp_msgs
[4.097s] -- Up-to-date: /home/moonly/fpv_ros2_workspace/install/temp_msgs/include/temp_msgs/msg
[4.097s] -- Up-to-date: /home/moonly/fpv_ros2_workspace/install/temp_msgs/include/temp_msgs/msg/detail
[4.097s] -- Up-to-date: /home/moonly/fpv_ros2_workspace/install/temp_msgs/include/temp_msgs/msg/detail/temp_msg__rosidl_typesupport_fastrtps_cpp.hpp
[4.097s] -- Up-to-date: /home/moonly/fpv_ros2_workspace/install/temp_msgs/include/temp_msgs/msg/detail/dds_fastrtps
[4.097s] -- Up-to-date: /home/moonly/fpv_ros2_workspace/install/temp_msgs/include/temp_msgs/msg/rosidl_typesupport_fastrtps_cpp__visibility_control.h
[4.098s] -- Up-to-date: /home/moonly/fpv_ros2_workspace/install/temp_msgs/lib/libtemp_msgs__rosidl_typesupport_fastrtps_cpp.so
[4.098s] -- Up-to-date: /home/moonly/fpv_ros2_workspace/install/temp_msgs/include/temp_msgs
[4.098s] -- Up-to-date: /home/moonly/fpv_ros2_workspace/install/temp_msgs/include/temp_msgs/msg
[4.098s] -- Up-to-date: /home/moonly/fpv_ros2_workspace/install/temp_msgs/include/temp_msgs/msg/detail
[4.098s] -- Up-to-date: /home/moonly/fpv_ros2_workspace/install/temp_msgs/include/temp_msgs/msg/detail/temp_msg__rosidl_typesupport_introspection_c.h
[4.098s] -- Up-to-date: /home/moonly/fpv_ros2_workspace/install/temp_msgs/include/temp_msgs/msg/detail/temp_msg__type_support.c
[4.098s] -- Up-to-date: /home/moonly/fpv_ros2_workspace/install/temp_msgs/include/temp_msgs/msg/rosidl_typesupport_introspection_c__visibility_control.h
[4.098s] -- Up-to-date: /home/moonly/fpv_ros2_workspace/install/temp_msgs/lib/libtemp_msgs__rosidl_typesupport_introspection_c.so
[4.098s] -- Up-to-date: /home/moonly/fpv_ros2_workspace/install/temp_msgs/lib/libtemp_msgs__rosidl_typesupport_c.so
[4.099s] -- Up-to-date: /home/moonly/fpv_ros2_workspace/install/temp_msgs/include/temp_msgs
[4.099s] -- Up-to-date: /home/moonly/fpv_ros2_workspace/install/temp_msgs/include/temp_msgs/msg
[4.099s] -- Up-to-date: /home/moonly/fpv_ros2_workspace/install/temp_msgs/include/temp_msgs/msg/temp_msg.hpp
[4.099s] -- Up-to-date: /home/moonly/fpv_ros2_workspace/install/temp_msgs/include/temp_msgs/msg/detail
[4.099s] -- Up-to-date: /home/moonly/fpv_ros2_workspace/install/temp_msgs/include/temp_msgs/msg/detail/temp_msg__traits.hpp
[4.099s] -- Up-to-date: /home/moonly/fpv_ros2_workspace/install/temp_msgs/include/temp_msgs/msg/detail/temp_msg__builder.hpp
[4.099s] -- Up-to-date: /home/moonly/fpv_ros2_workspace/install/temp_msgs/include/temp_msgs/msg/detail/temp_msg__type_support.hpp
[4.099s] -- Up-to-date: /home/moonly/fpv_ros2_workspace/install/temp_msgs/include/temp_msgs/msg/detail/temp_msg__struct.hpp
[4.099s] -- Up-to-date: /home/moonly/fpv_ros2_workspace/install/temp_msgs/include/temp_msgs/msg/rosidl_generator_cpp__visibility_control.hpp
[4.100s] -- Up-to-date: /home/moonly/fpv_ros2_workspace/install/temp_msgs/include/temp_msgs
[4.100s] -- Up-to-date: /home/moonly/fpv_ros2_workspace/install/temp_msgs/include/temp_msgs/msg
[4.100s] -- Up-to-date: /home/moonly/fpv_ros2_workspace/install/temp_msgs/include/temp_msgs/msg/detail
[4.100s] -- Up-to-date: /home/moonly/fpv_ros2_workspace/install/temp_msgs/include/temp_msgs/msg/detail/temp_msg__rosidl_typesupport_introspection_cpp.hpp
[4.100s] -- Up-to-date: /home/moonly/fpv_ros2_workspace/install/temp_msgs/include/temp_msgs/msg/detail/temp_msg__type_support.cpp
[4.100s] -- Up-to-date: /home/moonly/fpv_ros2_workspace/install/temp_msgs/lib/libtemp_msgs__rosidl_typesupport_introspection_cpp.so
[4.100s] -- Up-to-date: /home/moonly/fpv_ros2_workspace/install/temp_msgs/lib/libtemp_msgs__rosidl_typesupport_cpp.so
[4.100s] -- Up-to-date: /home/moonly/fpv_ros2_workspace/install/temp_msgs/share/temp_msgs/environment/pythonpath.sh
[4.100s] -- Up-to-date: /home/moonly/fpv_ros2_workspace/install/temp_msgs/share/temp_msgs/environment/pythonpath.dsv
[4.100s] -- Up-to-date: /home/moonly/fpv_ros2_workspace/install/temp_msgs/lib/python3.8/site-packages/temp_msgs/__init__.py
[4.267s] -- Up-to-date: /home/moonly/fpv_ros2_workspace/install/temp_msgs/lib/python3.8/site-packages/temp_msgs/msg
[4.274s] -- Up-to-date: /home/moonly/fpv_ros2_workspace/install/temp_msgs/lib/python3.8/site-packages/temp_msgs/msg/__init__.py
[4.277s] -- Up-to-date: /home/moonly/fpv_ros2_workspace/install/temp_msgs/lib/python3.8/site-packages/temp_msgs/msg/_temp_msg_s.c
[4.292s] -- Up-to-date: /home/moonly/fpv_ros2_workspace/install/temp_msgs/lib/python3.8/site-packages/temp_msgs/msg/_temp_msg.py
[4.293s] -- Up-to-date: /home/moonly/fpv_ros2_workspace/install/temp_msgs/lib/python3.8/site-packages/temp_msgs/temp_msgs_s__rosidl_typesupport_fastrtps_c.cpython-38-x86_64-linux-gnu.so
[4.297s] -- Up-to-date: /home/moonly/fpv_ros2_workspace/install/temp_msgs/lib/python3.8/site-packages/temp_msgs/temp_msgs_s__rosidl_typesupport_introspection_c.cpython-38-x86_64-linux-gnu.so
[4.297s] -- Up-to-date: /home/moonly/fpv_ros2_workspace/install/temp_msgs/lib/python3.8/site-packages/temp_msgs/temp_msgs_s__rosidl_typesupport_c.cpython-38-x86_64-linux-gnu.so
[4.298s] -- Up-to-date: /home/moonly/fpv_ros2_workspace/install/temp_msgs/lib/libtemp_msgs__python.so
[4.298s] -- Up-to-date: /home/moonly/fpv_ros2_workspace/install/temp_msgs/share/temp_msgs/msg/TempMsg.idl
[4.298s] -- Up-to-date: /home/moonly/fpv_ros2_workspace/install/temp_msgs/share/temp_msgs/msg/TempMsg.msg
[4.298s] -- Up-to-date: /home/moonly/fpv_ros2_workspace/install/temp_msgs/share/ament_index/resource_index/package_run_dependencies/temp_msgs
[4.298s] -- Up-to-date: /home/moonly/fpv_ros2_workspace/install/temp_msgs/share/ament_index/resource_index/parent_prefix_path/temp_msgs
[4.298s] -- Up-to-date: /home/moonly/fpv_ros2_workspace/install/temp_msgs/share/temp_msgs/environment/ament_prefix_path.sh
[4.298s] -- Up-to-date: /home/moonly/fpv_ros2_workspace/install/temp_msgs/share/temp_msgs/environment/ament_prefix_path.dsv
[4.298s] -- Up-to-date: /home/moonly/fpv_ros2_workspace/install/temp_msgs/share/temp_msgs/environment/path.sh
[4.298s] -- Up-to-date: /home/moonly/fpv_ros2_workspace/install/temp_msgs/share/temp_msgs/environment/path.dsv
[4.298s] -- Up-to-date: /home/moonly/fpv_ros2_workspace/install/temp_msgs/share/temp_msgs/local_setup.bash
[4.298s] -- Up-to-date: /home/moonly/fpv_ros2_workspace/install/temp_msgs/share/temp_msgs/local_setup.sh
[4.298s] -- Up-to-date: /home/moonly/fpv_ros2_workspace/install/temp_msgs/share/temp_msgs/local_setup.zsh
[4.299s] -- Up-to-date: /home/moonly/fpv_ros2_workspace/install/temp_msgs/share/temp_msgs/local_setup.dsv
[4.299s] -- Installing: /home/moonly/fpv_ros2_workspace/install/temp_msgs/share/temp_msgs/package.dsv
[4.299s] -- Up-to-date: /home/moonly/fpv_ros2_workspace/install/temp_msgs/share/ament_index/resource_index/packages/temp_msgs
[4.299s] -- Up-to-date: /home/moonly/fpv_ros2_workspace/install/temp_msgs/share/temp_msgs/cmake/temp_msgs__rosidl_generator_cExport.cmake
[4.299s] -- Up-to-date: /home/moonly/fpv_ros2_workspace/install/temp_msgs/share/temp_msgs/cmake/temp_msgs__rosidl_generator_cExport-noconfig.cmake
[4.299s] -- Up-to-date: /home/moonly/fpv_ros2_workspace/install/temp_msgs/share/temp_msgs/cmake/temp_msgs__rosidl_typesupport_introspection_cExport.cmake
[4.299s] -- Up-to-date: /home/moonly/fpv_ros2_workspace/install/temp_msgs/share/temp_msgs/cmake/temp_msgs__rosidl_typesupport_introspection_cExport-noconfig.cmake
[4.299s] -- Up-to-date: /home/moonly/fpv_ros2_workspace/install/temp_msgs/share/temp_msgs/cmake/temp_msgs__rosidl_typesupport_cExport.cmake
[4.299s] -- Up-to-date: /home/moonly/fpv_ros2_workspace/install/temp_msgs/share/temp_msgs/cmake/temp_msgs__rosidl_typesupport_cExport-noconfig.cmake
[4.299s] -- Up-to-date: /home/moonly/fpv_ros2_workspace/install/temp_msgs/share/temp_msgs/cmake/temp_msgs__rosidl_generator_cppExport.cmake
[4.299s] -- Up-to-date: /home/moonly/fpv_ros2_workspace/install/temp_msgs/share/temp_msgs/cmake/temp_msgs__rosidl_typesupport_introspection_cppExport.cmake
[4.299s] -- Up-to-date: /home/moonly/fpv_ros2_workspace/install/temp_msgs/share/temp_msgs/cmake/temp_msgs__rosidl_typesupport_introspection_cppExport-noconfig.cmake
[4.299s] -- Up-to-date: /home/moonly/fpv_ros2_workspace/install/temp_msgs/share/temp_msgs/cmake/temp_msgs__rosidl_typesupport_cppExport.cmake
[4.299s] -- Up-to-date: /home/moonly/fpv_ros2_workspace/install/temp_msgs/share/temp_msgs/cmake/temp_msgs__rosidl_typesupport_cppExport-noconfig.cmake
[4.300s] -- Up-to-date: /home/moonly/fpv_ros2_workspace/install/temp_msgs/share/temp_msgs/cmake/rosidl_cmake-extras.cmake
[4.300s] -- Up-to-date: /home/moonly/fpv_ros2_workspace/install/temp_msgs/share/temp_msgs/cmake/ament_cmake_export_dependencies-extras.cmake
[4.300s] -- Up-to-date: /home/moonly/fpv_ros2_workspace/install/temp_msgs/share/temp_msgs/cmake/ament_cmake_export_libraries-extras.cmake
[4.300s] -- Up-to-date: /home/moonly/fpv_ros2_workspace/install/temp_msgs/share/temp_msgs/cmake/ament_cmake_export_targets-extras.cmake
[4.300s] -- Up-to-date: /home/moonly/fpv_ros2_workspace/install/temp_msgs/share/temp_msgs/cmake/ament_cmake_export_include_directories-extras.cmake
[4.300s] -- Up-to-date: /home/moonly/fpv_ros2_workspace/install/temp_msgs/share/temp_msgs/cmake/rosidl_cmake_export_typesupport_libraries-extras.cmake
[4.300s] -- Up-to-date: /home/moonly/fpv_ros2_workspace/install/temp_msgs/share/temp_msgs/cmake/rosidl_cmake_export_typesupport_targets-extras.cmake
[4.300s] -- Up-to-date: /home/moonly/fpv_ros2_workspace/install/temp_msgs/share/temp_msgs/cmake/temp_msgsConfig.cmake
[4.300s] -- Up-to-date: /home/moonly/fpv_ros2_workspace/install/temp_msgs/share/temp_msgs/cmake/temp_msgsConfig-version.cmake
[4.300s] -- Up-to-date: /home/moonly/fpv_ros2_workspace/install/temp_msgs/share/temp_msgs/package.xml
[4.333s] Invoked command in '/home/moonly/fpv_ros2_workspace/build/temp_msgs' returned '0': CMAKE_PREFIX_PATH=${CMAKE_PREFIX_PATH}:/opt/ros/foxy _=/usr/bin/env /usr/bin/cmake --install /home/moonly/fpv_ros2_workspace/build/temp_msgs
