[0.028s] Invoking command in '/home/moonly/fpv_ros2_workspace/build/dgps_ros2': AMENT_PREFIX_PATH=/home/moonly/fpv_ros2_workspace/install/dgps_msgs:${AMENT_PREFIX_PATH} CMAKE_PREFIX_PATH=/home/moonly/fpv_ros2_workspace/install/dgps_msgs:/home/moonly/moonly_workspace/install/moonly_msgs:/home/moonly/moonly_workspace/install/moonly_msgs:/opt/ros/foxy LD_LIBRARY_PATH=/home/moonly/fpv_ros2_workspace/install/dgps_msgs/lib:/opt/ros/foxy/opt/yaml_cpp_vendor/lib:/opt/ros/foxy/opt/rviz_ogre_vendor/lib:/opt/ros/foxy/lib/x86_64-linux-gnu:/opt/ros/foxy/lib:/home/ns-allinone-2.35/otcl-1.14:/home/ns-allinone-2.35/lib:/home/ns-allinone-2.35/otcl-1.14:/home/ns-allinone-2.35/lib PYTHONPATH=/home/moonly/fpv_ros2_workspace/install/dgps_msgs/lib/python3.8/site-packages:${PYTHONPATH} _=/usr/bin/env /usr/bin/cmake --build /home/moonly/fpv_ros2_workspace/build/dgps_ros2 -- -j8 -l8
[0.196s] [ 66%] Built target dgps_ros2_exe
[0.198s] [100%] Built target dgps_ros2_node
[0.234s] Invoked command in '/home/moonly/fpv_ros2_workspace/build/dgps_ros2' returned '0': AMENT_PREFIX_PATH=/home/moonly/fpv_ros2_workspace/install/dgps_msgs:${AMENT_PREFIX_PATH} CMAKE_PREFIX_PATH=/home/moonly/fpv_ros2_workspace/install/dgps_msgs:/home/moonly/moonly_workspace/install/moonly_msgs:/home/moonly/moonly_workspace/install/moonly_msgs:/opt/ros/foxy LD_LIBRARY_PATH=/home/moonly/fpv_ros2_workspace/install/dgps_msgs/lib:/opt/ros/foxy/opt/yaml_cpp_vendor/lib:/opt/ros/foxy/opt/rviz_ogre_vendor/lib:/opt/ros/foxy/lib/x86_64-linux-gnu:/opt/ros/foxy/lib:/home/ns-allinone-2.35/otcl-1.14:/home/ns-allinone-2.35/lib:/home/ns-allinone-2.35/otcl-1.14:/home/ns-allinone-2.35/lib PYTHONPATH=/home/moonly/fpv_ros2_workspace/install/dgps_msgs/lib/python3.8/site-packages:${PYTHONPATH} _=/usr/bin/env /usr/bin/cmake --build /home/moonly/fpv_ros2_workspace/build/dgps_ros2 -- -j8 -l8
[0.304s] Invoking command in '/home/moonly/fpv_ros2_workspace/build/dgps_ros2': AMENT_PREFIX_PATH=/home/moonly/fpv_ros2_workspace/install/dgps_msgs:${AMENT_PREFIX_PATH} CMAKE_PREFIX_PATH=/home/moonly/fpv_ros2_workspace/install/dgps_msgs:/home/moonly/moonly_workspace/install/moonly_msgs:/home/moonly/moonly_workspace/install/moonly_msgs:/opt/ros/foxy LD_LIBRARY_PATH=/home/moonly/fpv_ros2_workspace/install/dgps_msgs/lib:/opt/ros/foxy/opt/yaml_cpp_vendor/lib:/opt/ros/foxy/opt/rviz_ogre_vendor/lib:/opt/ros/foxy/lib/x86_64-linux-gnu:/opt/ros/foxy/lib:/home/ns-allinone-2.35/otcl-1.14:/home/ns-allinone-2.35/lib:/home/ns-allinone-2.35/otcl-1.14:/home/ns-allinone-2.35/lib PYTHONPATH=/home/moonly/fpv_ros2_workspace/install/dgps_msgs/lib/python3.8/site-packages:${PYTHONPATH} _=/usr/bin/env /usr/bin/cmake --install /home/moonly/fpv_ros2_workspace/build/dgps_ros2
[0.310s] -- Install configuration: ""
[0.310s] -- Up-to-date: /home/moonly/fpv_ros2_workspace/install/dgps_ros2/lib/dgps_ros2/dgps_ros2_exe
[0.311s] -- Up-to-date: /home/moonly/fpv_ros2_workspace/install/dgps_ros2/lib/libdgps_ros2_node.so
[0.313s] -- Up-to-date: /home/moonly/fpv_ros2_workspace/install/dgps_ros2/include
[0.315s] -- Up-to-date: /home/moonly/fpv_ros2_workspace/install/dgps_ros2/include/dgps_ros2
[0.319s] -- Up-to-date: /home/moonly/fpv_ros2_workspace/install/dgps_ros2/include/dgps_ros2/serial.h
[0.322s] -- Up-to-date: /home/moonly/fpv_ros2_workspace/install/dgps_ros2/include/dgps_ros2/ntrip.h
[0.324s] -- Up-to-date: /home/moonly/fpv_ros2_workspace/install/dgps_ros2/share/dgps_ros2/launch
[0.326s] -- Up-to-date: /home/moonly/fpv_ros2_workspace/install/dgps_ros2/share/dgps_ros2/launch/dgps_ros2.launch.py
[0.326s] -- Up-to-date: /home/moonly/fpv_ros2_workspace/install/dgps_ros2/share/dgps_ros2/environment/library_path.sh
[0.326s] -- Up-to-date: /home/moonly/fpv_ros2_workspace/install/dgps_ros2/share/dgps_ros2/environment/library_path.dsv
[0.326s] -- Up-to-date: /home/moonly/fpv_ros2_workspace/install/dgps_ros2/share/ament_index/resource_index/package_run_dependencies/dgps_ros2
[0.326s] -- Up-to-date: /home/moonly/fpv_ros2_workspace/install/dgps_ros2/share/ament_index/resource_index/parent_prefix_path/dgps_ros2
[0.326s] -- Up-to-date: /home/moonly/fpv_ros2_workspace/install/dgps_ros2/share/dgps_ros2/environment/ament_prefix_path.sh
[0.327s] -- Up-to-date: /home/moonly/fpv_ros2_workspace/install/dgps_ros2/share/dgps_ros2/environment/ament_prefix_path.dsv
[0.327s] -- Up-to-date: /home/moonly/fpv_ros2_workspace/install/dgps_ros2/share/dgps_ros2/environment/path.sh
[0.327s] -- Up-to-date: /home/moonly/fpv_ros2_workspace/install/dgps_ros2/share/dgps_ros2/environment/path.dsv
[0.327s] -- Up-to-date: /home/moonly/fpv_ros2_workspace/install/dgps_ros2/share/dgps_ros2/local_setup.bash
[0.327s] -- Up-to-date: /home/moonly/fpv_ros2_workspace/install/dgps_ros2/share/dgps_ros2/local_setup.sh
[0.327s] -- Up-to-date: /home/moonly/fpv_ros2_workspace/install/dgps_ros2/share/dgps_ros2/local_setup.zsh
[0.327s] -- Up-to-date: /home/moonly/fpv_ros2_workspace/install/dgps_ros2/share/dgps_ros2/local_setup.dsv
[0.328s] -- Installing: /home/moonly/fpv_ros2_workspace/install/dgps_ros2/share/dgps_ros2/package.dsv
[0.328s] -- Up-to-date: /home/moonly/fpv_ros2_workspace/install/dgps_ros2/share/ament_index/resource_index/packages/dgps_ros2
[0.328s] -- Up-to-date: /home/moonly/fpv_ros2_workspace/install/dgps_ros2/share/ament_index/resource_index/rclcpp_components/dgps_ros2
[0.328s] -- Up-to-date: /home/moonly/fpv_ros2_workspace/install/dgps_ros2/share/dgps_ros2/cmake/ament_cmake_export_dependencies-extras.cmake
[0.328s] -- Up-to-date: /home/moonly/fpv_ros2_workspace/install/dgps_ros2/share/dgps_ros2/cmake/ament_cmake_export_include_directories-extras.cmake
[0.328s] -- Up-to-date: /home/moonly/fpv_ros2_workspace/install/dgps_ros2/share/dgps_ros2/cmake/ament_cmake_export_libraries-extras.cmake
[0.328s] -- Up-to-date: /home/moonly/fpv_ros2_workspace/install/dgps_ros2/share/dgps_ros2/cmake/dgps_ros2Config.cmake
[0.328s] -- Up-to-date: /home/moonly/fpv_ros2_workspace/install/dgps_ros2/share/dgps_ros2/cmake/dgps_ros2Config-version.cmake
[0.329s] -- Up-to-date: /home/moonly/fpv_ros2_workspace/install/dgps_ros2/share/dgps_ros2/package.xml
[0.330s] Invoked command in '/home/moonly/fpv_ros2_workspace/build/dgps_ros2' returned '0': AMENT_PREFIX_PATH=/home/moonly/fpv_ros2_workspace/install/dgps_msgs:${AMENT_PREFIX_PATH} CMAKE_PREFIX_PATH=/home/moonly/fpv_ros2_workspace/install/dgps_msgs:/home/moonly/moonly_workspace/install/moonly_msgs:/home/moonly/moonly_workspace/install/moonly_msgs:/opt/ros/foxy LD_LIBRARY_PATH=/home/moonly/fpv_ros2_workspace/install/dgps_msgs/lib:/opt/ros/foxy/opt/yaml_cpp_vendor/lib:/opt/ros/foxy/opt/rviz_ogre_vendor/lib:/opt/ros/foxy/lib/x86_64-linux-gnu:/opt/ros/foxy/lib:/home/ns-allinone-2.35/otcl-1.14:/home/ns-allinone-2.35/lib:/home/ns-allinone-2.35/otcl-1.14:/home/ns-allinone-2.35/lib PYTHONPATH=/home/moonly/fpv_ros2_workspace/install/dgps_msgs/lib/python3.8/site-packages:${PYTHONPATH} _=/usr/bin/env /usr/bin/cmake --install /home/moonly/fpv_ros2_workspace/build/dgps_ros2
