[0.236s] Invoking command in '/home/moonly/fpv_ros2_workspace/build/position_trans': CMAKE_PREFIX_PATH=${CMAKE_PREFIX_PATH}:/opt/ros/foxy _=/usr/bin/env /usr/bin/cmake --build /home/moonly/fpv_ros2_workspace/build/position_trans -- -j8 -l8
[0.428s] Invoked command in '/home/moonly/fpv_ros2_workspace/build/position_trans' returned '0': CMAKE_PREFIX_PATH=${CMAKE_PREFIX_PATH}:/opt/ros/foxy _=/usr/bin/env /usr/bin/cmake --build /home/moonly/fpv_ros2_workspace/build/position_trans -- -j8 -l8
[0.681s] Invoking command in '/home/moonly/fpv_ros2_workspace/build/position_trans': CMAKE_PREFIX_PATH=${CMAKE_PREFIX_PATH}:/opt/ros/foxy _=/usr/bin/env /usr/bin/cmake --install /home/moonly/fpv_ros2_workspace/build/position_trans
[0.710s] -- Install configuration: ""
[0.710s] -- Up-to-date: /home/moonly/fpv_ros2_workspace/install/position_trans/share/ament_index/resource_index/package_run_dependencies/position_trans
[0.711s] -- Up-to-date: /home/moonly/fpv_ros2_workspace/install/position_trans/share/ament_index/resource_index/parent_prefix_path/position_trans
[0.712s] -- Up-to-date: /home/moonly/fpv_ros2_workspace/install/position_trans/share/position_trans/environment/ament_prefix_path.sh
[0.712s] -- Up-to-date: /home/moonly/fpv_ros2_workspace/install/position_trans/share/position_trans/environment/ament_prefix_path.dsv
[0.717s] -- Up-to-date: /home/moonly/fpv_ros2_workspace/install/position_trans/share/position_trans/environment/path.sh
[0.718s] -- Up-to-date: /home/moonly/fpv_ros2_workspace/install/position_trans/share/position_trans/environment/path.dsv
[0.718s] -- Up-to-date: /home/moonly/fpv_ros2_workspace/install/position_trans/share/position_trans/local_setup.bash
[0.718s] -- Up-to-date: /home/moonly/fpv_ros2_workspace/install/position_trans/share/position_trans/local_setup.sh
[0.719s] -- Up-to-date: /home/moonly/fpv_ros2_workspace/install/position_trans/share/position_trans/local_setup.zsh
[0.720s] -- Up-to-date: /home/moonly/fpv_ros2_workspace/install/position_trans/share/position_trans/local_setup.dsv
[0.721s] -- Installing: /home/moonly/fpv_ros2_workspace/install/position_trans/share/position_trans/package.dsv
[0.722s] -- Up-to-date: /home/moonly/fpv_ros2_workspace/install/position_trans/share/ament_index/resource_index/packages/position_trans
[0.723s] -- Up-to-date: /home/moonly/fpv_ros2_workspace/install/position_trans/share/position_trans/cmake/position_transConfig.cmake
[0.724s] -- Up-to-date: /home/moonly/fpv_ros2_workspace/install/position_trans/share/position_trans/cmake/position_transConfig-version.cmake
[0.729s] -- Up-to-date: /home/moonly/fpv_ros2_workspace/install/position_trans/share/position_trans/package.xml
[0.879s] Invoked command in '/home/moonly/fpv_ros2_workspace/build/position_trans' returned '0': CMAKE_PREFIX_PATH=${CMAKE_PREFIX_PATH}:/opt/ros/foxy _=/usr/bin/env /usr/bin/cmake --install /home/moonly/fpv_ros2_workspace/build/position_trans
