[0.272s] Invoking command in '/home/moonly/fpv_ros2_workspace/build/position_trans': CMAKE_PREFIX_PATH=${CMAKE_PREFIX_PATH}:/opt/ros/foxy _=/usr/bin/env /usr/bin/cmake --build /home/moonly/fpv_ros2_workspace/build/position_trans -- -j8 -l8
[0.523s] Invoked command in '/home/moonly/fpv_ros2_workspace/build/position_trans' returned '0': CMAKE_PREFIX_PATH=${CMAKE_PREFIX_PATH}:/opt/ros/foxy _=/usr/bin/env /usr/bin/cmake --build /home/moonly/fpv_ros2_workspace/build/position_trans -- -j8 -l8
[0.806s] Invoking command in '/home/moonly/fpv_ros2_workspace/build/position_trans': CMAKE_PREFIX_PATH=${CMAKE_PREFIX_PATH}:/opt/ros/foxy _=/usr/bin/env /usr/bin/cmake --install /home/moonly/fpv_ros2_workspace/build/position_trans
[0.846s] -- Install configuration: ""
[0.846s] -- Up-to-date: /home/moonly/fpv_ros2_workspace/install/position_trans/share/ament_index/resource_index/package_run_dependencies/position_trans
[0.847s] -- Up-to-date: /home/moonly/fpv_ros2_workspace/install/position_trans/share/ament_index/resource_index/parent_prefix_path/position_trans
[0.848s] -- Up-to-date: /home/moonly/fpv_ros2_workspace/install/position_trans/share/position_trans/environment/ament_prefix_path.sh
[0.849s] -- Up-to-date: /home/moonly/fpv_ros2_workspace/install/position_trans/share/position_trans/environment/ament_prefix_path.dsv
[0.850s] -- Up-to-date: /home/moonly/fpv_ros2_workspace/install/position_trans/share/position_trans/environment/path.sh
[0.850s] -- Up-to-date: /home/moonly/fpv_ros2_workspace/install/position_trans/share/position_trans/environment/path.dsv
[0.852s] -- Up-to-date: /home/moonly/fpv_ros2_workspace/install/position_trans/share/position_trans/local_setup.bash
[0.853s] -- Up-to-date: /home/moonly/fpv_ros2_workspace/install/position_trans/share/position_trans/local_setup.sh
[0.854s] -- Up-to-date: /home/moonly/fpv_ros2_workspace/install/position_trans/share/position_trans/local_setup.zsh
[0.855s] -- Up-to-date: /home/moonly/fpv_ros2_workspace/install/position_trans/share/position_trans/local_setup.dsv
[0.856s] -- Installing: /home/moonly/fpv_ros2_workspace/install/position_trans/share/position_trans/package.dsv
[0.859s] -- Up-to-date: /home/moonly/fpv_ros2_workspace/install/position_trans/share/ament_index/resource_index/packages/position_trans
[0.861s] -- Up-to-date: /home/moonly/fpv_ros2_workspace/install/position_trans/share/position_trans/cmake/position_transConfig.cmake
[0.862s] -- Up-to-date: /home/moonly/fpv_ros2_workspace/install/position_trans/share/position_trans/cmake/position_transConfig-version.cmake
[0.863s] -- Up-to-date: /home/moonly/fpv_ros2_workspace/install/position_trans/share/position_trans/package.xml
[0.869s] Invoked command in '/home/moonly/fpv_ros2_workspace/build/position_trans' returned '0': CMAKE_PREFIX_PATH=${CMAKE_PREFIX_PATH}:/opt/ros/foxy _=/usr/bin/env /usr/bin/cmake --install /home/moonly/fpv_ros2_workspace/build/position_trans
