[0.037s] Invoking command in '/home/moonly/fpv_ros2_workspace/build/fpv_msgs': CMAKE_PREFIX_PATH=${CMAKE_PREFIX_PATH}:/opt/ros/foxy _=/usr/bin/env /usr/bin/cmake /home/moonly/fpv_ros2_workspace/src/fpv_msgs -DCMAKE_INSTALL_PREFIX=/home/moonly/fpv_ros2_workspace/install/fpv_msgs
[0.132s] -- The C compiler identification is GNU 9.4.0
[0.242s] -- The CXX compiler identification is GNU 9.4.0
[0.263s] -- Check for working C compiler: /usr/bin/cc
[0.398s] -- Check for working C compiler: /usr/bin/cc -- works
[0.399s] -- Detecting C compiler ABI info
[0.575s] -- Detecting C compiler ABI info - done
[0.617s] -- Detecting C compile features
[0.619s] -- Detecting C compile features - done
[0.623s] -- Check for working CXX compiler: /usr/bin/c++
[0.915s] -- Check for working CXX compiler: /usr/bin/c++ -- works
[0.916s] -- Detecting CXX compiler ABI info
[1.155s] -- Detecting CXX compiler ABI info - done
[1.195s] -- Detecting CXX compile features
[1.198s] -- Detecting CXX compile features - done
[1.202s] -- Found ament_cmake: 0.9.12 (/opt/ros/foxy/share/ament_cmake/cmake)
[1.266s] -- Found PythonInterp: /usr/bin/python3 (found suitable version "3.8.10", minimum required is "3") 
[1.266s] -- Using PYTHON_EXECUTABLE: /usr/bin/python3
[1.963s] -- Found rclcpp: 2.4.3 (/opt/ros/foxy/share/rclcpp/cmake)
[2.106s] -- Using all available rosidl_typesupport_c: rosidl_typesupport_fastrtps_c;rosidl_typesupport_introspection_c
[2.115s] -- Found rosidl_adapter: 1.3.1 (/opt/ros/foxy/share/rosidl_adapter/cmake)
[2.402s] -- Found OpenSSL: /usr/lib/x86_64-linux-gnu/libcrypto.so (found version "1.1.1f")  
[2.452s] -- Found FastRTPS: /opt/ros/foxy/include  
[2.648s] -- Using all available rosidl_typesupport_cpp: rosidl_typesupport_fastrtps_cpp;rosidl_typesupport_introspection_cpp
[2.756s] -- Found rmw_implementation_cmake: 1.0.4 (/opt/ros/foxy/share/rmw_implementation_cmake/cmake)
[2.757s] -- Using RMW implementation 'rmw_fastrtps_cpp' as default
[2.760s] -- Looking for pthread.h
[2.824s] -- Looking for pthread.h - found
[2.824s] -- Performing Test CMAKE_HAVE_LIBC_PTHREAD
[2.888s] -- Performing Test CMAKE_HAVE_LIBC_PTHREAD - Failed
[2.889s] -- Looking for pthread_create in pthreads
[2.984s] -- Looking for pthread_create in pthreads - not found
[2.988s] -- Looking for pthread_create in pthread
[3.091s] -- Looking for pthread_create in pthread - found
[3.093s] -- Found Threads: TRUE  
[3.280s] -- Found rosidl_default_generators: 1.0.1 (/opt/ros/foxy/share/rosidl_default_generators/cmake)
[3.305s] -- Found PythonInterp: /usr/bin/python3 (found version "3.8.10") 
[3.427s] -- Found ament_cmake_ros: 0.9.2 (/opt/ros/foxy/share/ament_cmake_ros/cmake)
[3.545s] -- Using all available rosidl_typesupport_c: rosidl_typesupport_fastrtps_c;rosidl_typesupport_introspection_c
[3.552s] -- Using all available rosidl_typesupport_cpp: rosidl_typesupport_fastrtps_cpp;rosidl_typesupport_introspection_cpp
[3.573s] -- Found PythonInterp: /usr/bin/python3 (found suitable version "3.8.10", minimum required is "3.5") 
[3.575s] -- Found python_cmake_module: 0.8.1 (/opt/ros/foxy/share/python_cmake_module/cmake)
[3.600s] -- Found PythonLibs: /usr/lib/x86_64-linux-gnu/libpython3.8.so (found suitable version "3.8.10", minimum required is "3.5") 
[3.600s] -- Using PYTHON_EXECUTABLE: /usr/bin/python3
[3.600s] -- Using PYTHON_INCLUDE_DIRS: /usr/include/python3.8
[3.601s] -- Using PYTHON_LIBRARIES: /usr/lib/x86_64-linux-gnu/libpython3.8.so
[3.622s] -- Found PythonExtra: .so  
[3.742s] -- Found ament_lint_auto: 0.9.8 (/opt/ros/foxy/share/ament_lint_auto/cmake)
[3.762s] -- Added test 'copyright' to check source files copyright and LICENSE
[3.764s] -- Added test 'lint_cmake' to check CMake code style
[3.764s] -- Added test 'xmllint' to check XML markup files
[3.769s] -- Configuring done
[3.789s] -- Generating done
[3.790s] -- Build files have been written to: /home/moonly/fpv_ros2_workspace/build/fpv_msgs
