[0.018s] Invoking command in '/home/moonly/fpv_ros2_workspace/build/auto_control': CMAKE_PREFIX_PATH=${CMAKE_PREFIX_PATH}:/opt/ros/foxy _=/usr/bin/env /usr/bin/cmake --build /home/moonly/fpv_ros2_workspace/build/auto_control -- -j8 -l8
[0.092s] [35m[1mScanning dependencies of target auto_control[0m
[0.162s] [ 50%] [32mBuilding CXX object CMakeFiles/auto_control.dir/src/Auto_control.cpp.o[0m
[2.911s] In file included from [01m[K/home/moonly/fpv_ros2_workspace/src/auto_control/src/Auto_control.cpp:3[m[K:
[2.912s] [01m[K/home/moonly/fpv_ros2_workspace/src/auto_control/include/Auto_control.hpp:[m[K In function ‘[01m[Kvoid* take_off(void*)[m[K’:
[2.913s] [01m[K/home/moonly/fpv_ros2_workspace/src/auto_control/include/Auto_control.hpp:122:22:[m[K [01;35m[Kwarning: [m[Kunused parameter ‘[01m[Karg[m[K’ [[01;35m[K-Wunused-parameter[m[K]
[2.913s]   122 | void *take_off([01;35m[Kvoid *arg[m[K)
[2.913s]       |                [01;35m[K~~~~~~^~~[m[K
[2.914s] [01m[K/home/moonly/fpv_ros2_workspace/src/auto_control/include/Auto_control.hpp:[m[K In function ‘[01m[Kvoid* land(void*)[m[K’:
[2.914s] [01m[K/home/moonly/fpv_ros2_workspace/src/auto_control/include/Auto_control.hpp:143:18:[m[K [01;35m[Kwarning: [m[Kunused parameter ‘[01m[Karg[m[K’ [[01;35m[K-Wunused-parameter[m[K]
[2.914s]   143 | void *land([01;35m[Kvoid *arg[m[K)
[2.915s]       |            [01;35m[K~~~~~~^~~[m[K
[2.915s] [01m[K/home/moonly/fpv_ros2_workspace/src/auto_control/include/Auto_control.hpp:[m[K In function ‘[01m[Kvoid* auto_fpv_control(void*)[m[K’:
[2.915s] [01m[K/home/moonly/fpv_ros2_workspace/src/auto_control/include/Auto_control.hpp:163:30:[m[K [01;35m[Kwarning: [m[Kunused parameter ‘[01m[Karg[m[K’ [[01;35m[K-Wunused-parameter[m[K]
[2.915s]   163 | void *auto_fpv_control([01;35m[Kvoid *arg[m[K)
[2.915s]       |                        [01;35m[K~~~~~~^~~[m[K
[2.915s] [01m[K/home/moonly/fpv_ros2_workspace/src/auto_control/include/Auto_control.hpp:[m[K In function ‘[01m[Kvoid* auto_boat_control(void*)[m[K’:
[2.915s] [01m[K/home/moonly/fpv_ros2_workspace/src/auto_control/include/Auto_control.hpp:280:31:[m[K [01;35m[Kwarning: [m[Kunused parameter ‘[01m[Karg[m[K’ [[01;35m[K-Wunused-parameter[m[K]
[2.915s]   280 | void *auto_boat_control([01;35m[Kvoid *arg[m[K)
[2.915s]       |                         [01;35m[K~~~~~~^~~[m[K
[8.818s] [100%] [32m[1mLinking CXX executable auto_control[0m
[9.370s] [100%] Built target auto_control
[9.391s] Invoked command in '/home/moonly/fpv_ros2_workspace/build/auto_control' returned '0': CMAKE_PREFIX_PATH=${CMAKE_PREFIX_PATH}:/opt/ros/foxy _=/usr/bin/env /usr/bin/cmake --build /home/moonly/fpv_ros2_workspace/build/auto_control -- -j8 -l8
[9.652s] Invoking command in '/home/moonly/fpv_ros2_workspace/build/auto_control': CMAKE_PREFIX_PATH=${CMAKE_PREFIX_PATH}:/opt/ros/foxy _=/usr/bin/env /usr/bin/cmake --install /home/moonly/fpv_ros2_workspace/build/auto_control
[9.667s] -- Install configuration: ""
[9.667s] -- Installing: /home/moonly/fpv_ros2_workspace/install/auto_control/lib/auto_control/auto_control
[9.680s] -- Set runtime path of "/home/moonly/fpv_ros2_workspace/install/auto_control/lib/auto_control/auto_control" to ""
[9.680s] -- Up-to-date: /home/moonly/fpv_ros2_workspace/install/auto_control/share/ament_index/resource_index/package_run_dependencies/auto_control
[9.680s] -- Up-to-date: /home/moonly/fpv_ros2_workspace/install/auto_control/share/ament_index/resource_index/parent_prefix_path/auto_control
[9.680s] -- Up-to-date: /home/moonly/fpv_ros2_workspace/install/auto_control/share/auto_control/environment/ament_prefix_path.sh
[9.681s] -- Up-to-date: /home/moonly/fpv_ros2_workspace/install/auto_control/share/auto_control/environment/ament_prefix_path.dsv
[9.681s] -- Up-to-date: /home/moonly/fpv_ros2_workspace/install/auto_control/share/auto_control/environment/path.sh
[9.681s] -- Up-to-date: /home/moonly/fpv_ros2_workspace/install/auto_control/share/auto_control/environment/path.dsv
[9.681s] -- Up-to-date: /home/moonly/fpv_ros2_workspace/install/auto_control/share/auto_control/local_setup.bash
[9.681s] -- Up-to-date: /home/moonly/fpv_ros2_workspace/install/auto_control/share/auto_control/local_setup.sh
[9.681s] -- Up-to-date: /home/moonly/fpv_ros2_workspace/install/auto_control/share/auto_control/local_setup.zsh
[9.681s] -- Up-to-date: /home/moonly/fpv_ros2_workspace/install/auto_control/share/auto_control/local_setup.dsv
[9.681s] -- Installing: /home/moonly/fpv_ros2_workspace/install/auto_control/share/auto_control/package.dsv
[9.681s] -- Up-to-date: /home/moonly/fpv_ros2_workspace/install/auto_control/share/ament_index/resource_index/packages/auto_control
[9.682s] -- Up-to-date: /home/moonly/fpv_ros2_workspace/install/auto_control/share/auto_control/cmake/auto_controlConfig.cmake
[9.683s] -- Up-to-date: /home/moonly/fpv_ros2_workspace/install/auto_control/share/auto_control/cmake/auto_controlConfig-version.cmake
[9.683s] -- Up-to-date: /home/moonly/fpv_ros2_workspace/install/auto_control/share/auto_control/package.xml
[9.694s] Invoked command in '/home/moonly/fpv_ros2_workspace/build/auto_control' returned '0': CMAKE_PREFIX_PATH=${CMAKE_PREFIX_PATH}:/opt/ros/foxy _=/usr/bin/env /usr/bin/cmake --install /home/moonly/fpv_ros2_workspace/build/auto_control
