[0.011s] Invoking command in '/home/moonly/fpv_ros2_workspace/build/pwm_trans': CMAKE_PREFIX_PATH=${CMAKE_PREFIX_PATH}:/opt/ros/foxy _=/usr/bin/env /usr/bin/cmake --build /home/moonly/fpv_ros2_workspace/build/pwm_trans -- -j8 -l8
[0.060s] [35m[1mScanning dependencies of target pwm_trans[0m
[0.079s] [ 50%] [32mBuilding CXX object CMakeFiles/pwm_trans.dir/src/Pwm_trans.cpp.o[0m
[3.900s] [100%] [32m[1mLinking CXX executable pwm_trans[0m
[4.114s] [100%] Built target pwm_trans
[4.123s] Invoked command in '/home/moonly/fpv_ros2_workspace/build/pwm_trans' returned '0': CMAKE_PREFIX_PATH=${CMAKE_PREFIX_PATH}:/opt/ros/foxy _=/usr/bin/env /usr/bin/cmake --build /home/moonly/fpv_ros2_workspace/build/pwm_trans -- -j8 -l8
[4.162s] Invoking command in '/home/moonly/fpv_ros2_workspace/build/pwm_trans': CMAKE_PREFIX_PATH=${CMAKE_PREFIX_PATH}:/opt/ros/foxy _=/usr/bin/env /usr/bin/cmake --install /home/moonly/fpv_ros2_workspace/build/pwm_trans
[4.168s] -- Install configuration: ""
[4.168s] -- Installing: /home/moonly/fpv_ros2_workspace/install/pwm_trans/lib/pwm_trans/pwm_trans
[4.170s] -- Set runtime path of "/home/moonly/fpv_ros2_workspace/install/pwm_trans/lib/pwm_trans/pwm_trans" to ""
[4.170s] -- Up-to-date: /home/moonly/fpv_ros2_workspace/install/pwm_trans/share/ament_index/resource_index/package_run_dependencies/pwm_trans
[4.170s] -- Up-to-date: /home/moonly/fpv_ros2_workspace/install/pwm_trans/share/ament_index/resource_index/parent_prefix_path/pwm_trans
[4.170s] -- Up-to-date: /home/moonly/fpv_ros2_workspace/install/pwm_trans/share/pwm_trans/environment/ament_prefix_path.sh
[4.170s] -- Up-to-date: /home/moonly/fpv_ros2_workspace/install/pwm_trans/share/pwm_trans/environment/ament_prefix_path.dsv
[4.170s] -- Up-to-date: /home/moonly/fpv_ros2_workspace/install/pwm_trans/share/pwm_trans/environment/path.sh
[4.170s] -- Up-to-date: /home/moonly/fpv_ros2_workspace/install/pwm_trans/share/pwm_trans/environment/path.dsv
[4.170s] -- Up-to-date: /home/moonly/fpv_ros2_workspace/install/pwm_trans/share/pwm_trans/local_setup.bash
[4.170s] -- Up-to-date: /home/moonly/fpv_ros2_workspace/install/pwm_trans/share/pwm_trans/local_setup.sh
[4.170s] -- Up-to-date: /home/moonly/fpv_ros2_workspace/install/pwm_trans/share/pwm_trans/local_setup.zsh
[4.170s] -- Up-to-date: /home/moonly/fpv_ros2_workspace/install/pwm_trans/share/pwm_trans/local_setup.dsv
[4.170s] -- Installing: /home/moonly/fpv_ros2_workspace/install/pwm_trans/share/pwm_trans/package.dsv
[4.170s] -- Up-to-date: /home/moonly/fpv_ros2_workspace/install/pwm_trans/share/ament_index/resource_index/packages/pwm_trans
[4.170s] -- Up-to-date: /home/moonly/fpv_ros2_workspace/install/pwm_trans/share/pwm_trans/cmake/pwm_transConfig.cmake
[4.170s] -- Up-to-date: /home/moonly/fpv_ros2_workspace/install/pwm_trans/share/pwm_trans/cmake/pwm_transConfig-version.cmake
[4.171s] -- Up-to-date: /home/moonly/fpv_ros2_workspace/install/pwm_trans/share/pwm_trans/package.xml
[4.172s] Invoked command in '/home/moonly/fpv_ros2_workspace/build/pwm_trans' returned '0': CMAKE_PREFIX_PATH=${CMAKE_PREFIX_PATH}:/opt/ros/foxy _=/usr/bin/env /usr/bin/cmake --install /home/moonly/fpv_ros2_workspace/build/pwm_trans
