[0.285s] Invoking command in '/home/moonly/fpv_ros2_workspace/build/fpv_msgs': CMAKE_PREFIX_PATH=${CMAKE_PREFIX_PATH}:/opt/ros/foxy _=/usr/bin/env /usr/bin/cmake --build /home/moonly/fpv_ros2_workspace/build/fpv_msgs -- -j8 -l8
[0.639s] [  9%] Built target fpv_msgs__rosidl_generator_c
[0.782s] [ 12%] Built target fpv_msgs__cpp
[0.864s] [ 22%] Built target fpv_msgs__rosidl_typesupport_c
[0.978s] [ 32%] Built target fpv_msgs__rosidl_typesupport_introspection_cpp
[1.182s] [ 41%] Built target fpv_msgs__rosidl_typesupport_fastrtps_cpp
[1.346s] [ 51%] Built target fpv_msgs__rosidl_typesupport_cpp
[1.495s] [ 61%] Built target fpv_msgs__rosidl_typesupport_fastrtps_c
[1.564s] [ 70%] Built target fpv_msgs__rosidl_typesupport_introspection_c
[1.665s] [ 70%] Built target fpv_msgs
[1.724s] [ 74%] Built target fpv_msgs__py
[1.854s] [ 80%] Built target fpv_msgs__python
[1.933s] [ 87%] Built target fpv_msgs__rosidl_typesupport_introspection_c__pyext
[1.996s] [ 93%] Built target fpv_msgs__rosidl_typesupport_c__pyext
[2.074s] [100%] Built target fpv_msgs__rosidl_typesupport_fastrtps_c__pyext
[2.118s] Invoked command in '/home/moonly/fpv_ros2_workspace/build/fpv_msgs' returned '0': CMAKE_PREFIX_PATH=${CMAKE_PREFIX_PATH}:/opt/ros/foxy _=/usr/bin/env /usr/bin/cmake --build /home/moonly/fpv_ros2_workspace/build/fpv_msgs -- -j8 -l8
[2.880s] Invoking command in '/home/moonly/fpv_ros2_workspace/build/fpv_msgs': CMAKE_PREFIX_PATH=${CMAKE_PREFIX_PATH}:/opt/ros/foxy _=/usr/bin/env /usr/bin/cmake --install /home/moonly/fpv_ros2_workspace/build/fpv_msgs
[2.917s] -- Install configuration: ""
[2.919s] -- Up-to-date: /home/moonly/fpv_ros2_workspace/install/fpv_msgs/share/ament_index/resource_index/rosidl_interfaces/fpv_msgs
[2.920s] -- Up-to-date: /home/moonly/fpv_ros2_workspace/install/fpv_msgs/include/fpv_msgs
[2.920s] -- Up-to-date: /home/moonly/fpv_ros2_workspace/install/fpv_msgs/include/fpv_msgs/msg
[2.920s] -- Up-to-date: /home/moonly/fpv_ros2_workspace/install/fpv_msgs/include/fpv_msgs/msg/detail
[2.920s] -- Up-to-date: /home/moonly/fpv_ros2_workspace/install/fpv_msgs/include/fpv_msgs/msg/detail/moonly_fpv__functions.c
[2.920s] -- Up-to-date: /home/moonly/fpv_ros2_workspace/install/fpv_msgs/include/fpv_msgs/msg/detail/moonly_fpv__struct.h
[2.920s] -- Up-to-date: /home/moonly/fpv_ros2_workspace/install/fpv_msgs/include/fpv_msgs/msg/detail/moonly_fpv__type_support.h
[2.921s] -- Up-to-date: /home/moonly/fpv_ros2_workspace/install/fpv_msgs/include/fpv_msgs/msg/detail/moonly_fpv__functions.h
[2.921s] -- Up-to-date: /home/moonly/fpv_ros2_workspace/install/fpv_msgs/include/fpv_msgs/msg/moonly_fpv.h
[2.921s] -- Up-to-date: /home/moonly/fpv_ros2_workspace/install/fpv_msgs/include/fpv_msgs/msg/rosidl_generator_c__visibility_control.h
[2.921s] -- Up-to-date: /home/moonly/fpv_ros2_workspace/install/fpv_msgs/share/fpv_msgs/environment/library_path.sh
[2.921s] -- Up-to-date: /home/moonly/fpv_ros2_workspace/install/fpv_msgs/share/fpv_msgs/environment/library_path.dsv
[2.921s] -- Up-to-date: /home/moonly/fpv_ros2_workspace/install/fpv_msgs/lib/libfpv_msgs__rosidl_generator_c.so
[2.926s] -- Up-to-date: /home/moonly/fpv_ros2_workspace/install/fpv_msgs/include/fpv_msgs
[2.926s] -- Up-to-date: /home/moonly/fpv_ros2_workspace/install/fpv_msgs/include/fpv_msgs/msg
[2.926s] -- Up-to-date: /home/moonly/fpv_ros2_workspace/install/fpv_msgs/include/fpv_msgs/msg/detail
[2.926s] -- Up-to-date: /home/moonly/fpv_ros2_workspace/install/fpv_msgs/include/fpv_msgs/msg/detail/moonly_fpv__rosidl_typesupport_fastrtps_c.h
[2.927s] -- Up-to-date: /home/moonly/fpv_ros2_workspace/install/fpv_msgs/include/fpv_msgs/msg/rosidl_typesupport_fastrtps_c__visibility_control.h
[2.929s] -- Up-to-date: /home/moonly/fpv_ros2_workspace/install/fpv_msgs/lib/libfpv_msgs__rosidl_typesupport_fastrtps_c.so
[2.929s] -- Up-to-date: /home/moonly/fpv_ros2_workspace/install/fpv_msgs/include/fpv_msgs
[2.929s] -- Up-to-date: /home/moonly/fpv_ros2_workspace/install/fpv_msgs/include/fpv_msgs/msg
[2.929s] -- Up-to-date: /home/moonly/fpv_ros2_workspace/install/fpv_msgs/include/fpv_msgs/msg/detail
[2.929s] -- Up-to-date: /home/moonly/fpv_ros2_workspace/install/fpv_msgs/include/fpv_msgs/msg/detail/dds_fastrtps
[2.929s] -- Up-to-date: /home/moonly/fpv_ros2_workspace/install/fpv_msgs/include/fpv_msgs/msg/detail/moonly_fpv__rosidl_typesupport_fastrtps_cpp.hpp
[2.930s] -- Up-to-date: /home/moonly/fpv_ros2_workspace/install/fpv_msgs/include/fpv_msgs/msg/rosidl_typesupport_fastrtps_cpp__visibility_control.h
[2.931s] -- Up-to-date: /home/moonly/fpv_ros2_workspace/install/fpv_msgs/lib/libfpv_msgs__rosidl_typesupport_fastrtps_cpp.so
[2.932s] -- Up-to-date: /home/moonly/fpv_ros2_workspace/install/fpv_msgs/include/fpv_msgs
[2.932s] -- Up-to-date: /home/moonly/fpv_ros2_workspace/install/fpv_msgs/include/fpv_msgs/msg
[2.933s] -- Up-to-date: /home/moonly/fpv_ros2_workspace/install/fpv_msgs/include/fpv_msgs/msg/detail
[2.933s] -- Up-to-date: /home/moonly/fpv_ros2_workspace/install/fpv_msgs/include/fpv_msgs/msg/detail/moonly_fpv__type_support.c
[2.933s] -- Up-to-date: /home/moonly/fpv_ros2_workspace/install/fpv_msgs/include/fpv_msgs/msg/detail/moonly_fpv__rosidl_typesupport_introspection_c.h
[2.933s] -- Up-to-date: /home/moonly/fpv_ros2_workspace/install/fpv_msgs/include/fpv_msgs/msg/rosidl_typesupport_introspection_c__visibility_control.h
[2.933s] -- Up-to-date: /home/moonly/fpv_ros2_workspace/install/fpv_msgs/lib/libfpv_msgs__rosidl_typesupport_introspection_c.so
[2.933s] -- Up-to-date: /home/moonly/fpv_ros2_workspace/install/fpv_msgs/lib/libfpv_msgs__rosidl_typesupport_c.so
[2.933s] -- Up-to-date: /home/moonly/fpv_ros2_workspace/install/fpv_msgs/include/fpv_msgs
[2.933s] -- Up-to-date: /home/moonly/fpv_ros2_workspace/install/fpv_msgs/include/fpv_msgs/msg
[2.934s] -- Up-to-date: /home/moonly/fpv_ros2_workspace/install/fpv_msgs/include/fpv_msgs/msg/moonly_fpv.hpp
[2.934s] -- Up-to-date: /home/moonly/fpv_ros2_workspace/install/fpv_msgs/include/fpv_msgs/msg/detail
[2.934s] -- Up-to-date: /home/moonly/fpv_ros2_workspace/install/fpv_msgs/include/fpv_msgs/msg/detail/moonly_fpv__struct.hpp
[2.934s] -- Up-to-date: /home/moonly/fpv_ros2_workspace/install/fpv_msgs/include/fpv_msgs/msg/detail/moonly_fpv__builder.hpp
[2.934s] -- Up-to-date: /home/moonly/fpv_ros2_workspace/install/fpv_msgs/include/fpv_msgs/msg/detail/moonly_fpv__traits.hpp
[2.934s] -- Up-to-date: /home/moonly/fpv_ros2_workspace/install/fpv_msgs/include/fpv_msgs/msg/detail/moonly_fpv__type_support.hpp
[2.934s] -- Up-to-date: /home/moonly/fpv_ros2_workspace/install/fpv_msgs/include/fpv_msgs/msg/rosidl_generator_cpp__visibility_control.hpp
[2.934s] -- Up-to-date: /home/moonly/fpv_ros2_workspace/install/fpv_msgs/include/fpv_msgs
[2.934s] -- Up-to-date: /home/moonly/fpv_ros2_workspace/install/fpv_msgs/include/fpv_msgs/msg
[2.934s] -- Up-to-date: /home/moonly/fpv_ros2_workspace/install/fpv_msgs/include/fpv_msgs/msg/detail
[2.934s] -- Up-to-date: /home/moonly/fpv_ros2_workspace/install/fpv_msgs/include/fpv_msgs/msg/detail/moonly_fpv__type_support.cpp
[2.935s] -- Up-to-date: /home/moonly/fpv_ros2_workspace/install/fpv_msgs/include/fpv_msgs/msg/detail/moonly_fpv__rosidl_typesupport_introspection_cpp.hpp
[2.935s] -- Up-to-date: /home/moonly/fpv_ros2_workspace/install/fpv_msgs/lib/libfpv_msgs__rosidl_typesupport_introspection_cpp.so
[2.935s] -- Up-to-date: /home/moonly/fpv_ros2_workspace/install/fpv_msgs/lib/libfpv_msgs__rosidl_typesupport_cpp.so
[2.935s] -- Up-to-date: /home/moonly/fpv_ros2_workspace/install/fpv_msgs/share/fpv_msgs/environment/pythonpath.sh
[2.935s] -- Up-to-date: /home/moonly/fpv_ros2_workspace/install/fpv_msgs/share/fpv_msgs/environment/pythonpath.dsv
[2.935s] -- Up-to-date: /home/moonly/fpv_ros2_workspace/install/fpv_msgs/lib/python3.8/site-packages/fpv_msgs/__init__.py
[3.080s] -- Up-to-date: /home/moonly/fpv_ros2_workspace/install/fpv_msgs/lib/python3.8/site-packages/fpv_msgs/msg
[3.080s] -- Up-to-date: /home/moonly/fpv_ros2_workspace/install/fpv_msgs/lib/python3.8/site-packages/fpv_msgs/msg/_moonly_fpv.py
[3.080s] -- Up-to-date: /home/moonly/fpv_ros2_workspace/install/fpv_msgs/lib/python3.8/site-packages/fpv_msgs/msg/__init__.py
[3.080s] -- Up-to-date: /home/moonly/fpv_ros2_workspace/install/fpv_msgs/lib/python3.8/site-packages/fpv_msgs/msg/_moonly_fpv_s.c
[3.080s] -- Up-to-date: /home/moonly/fpv_ros2_workspace/install/fpv_msgs/lib/python3.8/site-packages/fpv_msgs/fpv_msgs_s__rosidl_typesupport_fastrtps_c.cpython-38-x86_64-linux-gnu.so
[3.081s] -- Up-to-date: /home/moonly/fpv_ros2_workspace/install/fpv_msgs/lib/python3.8/site-packages/fpv_msgs/fpv_msgs_s__rosidl_typesupport_introspection_c.cpython-38-x86_64-linux-gnu.so
[3.081s] -- Up-to-date: /home/moonly/fpv_ros2_workspace/install/fpv_msgs/lib/python3.8/site-packages/fpv_msgs/fpv_msgs_s__rosidl_typesupport_c.cpython-38-x86_64-linux-gnu.so
[3.081s] -- Up-to-date: /home/moonly/fpv_ros2_workspace/install/fpv_msgs/lib/libfpv_msgs__python.so
[3.082s] -- Up-to-date: /home/moonly/fpv_ros2_workspace/install/fpv_msgs/share/fpv_msgs/msg/MoonlyFpv.idl
[3.082s] -- Up-to-date: /home/moonly/fpv_ros2_workspace/install/fpv_msgs/share/fpv_msgs/msg/MoonlyFpv.msg
[3.083s] -- Up-to-date: /home/moonly/fpv_ros2_workspace/install/fpv_msgs/share/ament_index/resource_index/package_run_dependencies/fpv_msgs
[3.083s] -- Up-to-date: /home/moonly/fpv_ros2_workspace/install/fpv_msgs/share/ament_index/resource_index/parent_prefix_path/fpv_msgs
[3.083s] -- Up-to-date: /home/moonly/fpv_ros2_workspace/install/fpv_msgs/share/fpv_msgs/environment/ament_prefix_path.sh
[3.084s] -- Up-to-date: /home/moonly/fpv_ros2_workspace/install/fpv_msgs/share/fpv_msgs/environment/ament_prefix_path.dsv
[3.084s] -- Up-to-date: /home/moonly/fpv_ros2_workspace/install/fpv_msgs/share/fpv_msgs/environment/path.sh
[3.084s] -- Up-to-date: /home/moonly/fpv_ros2_workspace/install/fpv_msgs/share/fpv_msgs/environment/path.dsv
[3.097s] -- Up-to-date: /home/moonly/fpv_ros2_workspace/install/fpv_msgs/share/fpv_msgs/local_setup.bash
[3.097s] -- Up-to-date: /home/moonly/fpv_ros2_workspace/install/fpv_msgs/share/fpv_msgs/local_setup.sh
[3.097s] -- Up-to-date: /home/moonly/fpv_ros2_workspace/install/fpv_msgs/share/fpv_msgs/local_setup.zsh
[3.097s] -- Up-to-date: /home/moonly/fpv_ros2_workspace/install/fpv_msgs/share/fpv_msgs/local_setup.dsv
[3.097s] -- Installing: /home/moonly/fpv_ros2_workspace/install/fpv_msgs/share/fpv_msgs/package.dsv
[3.097s] -- Up-to-date: /home/moonly/fpv_ros2_workspace/install/fpv_msgs/share/ament_index/resource_index/packages/fpv_msgs
[3.097s] -- Up-to-date: /home/moonly/fpv_ros2_workspace/install/fpv_msgs/share/fpv_msgs/cmake/fpv_msgs__rosidl_generator_cExport.cmake
[3.097s] -- Up-to-date: /home/moonly/fpv_ros2_workspace/install/fpv_msgs/share/fpv_msgs/cmake/fpv_msgs__rosidl_generator_cExport-noconfig.cmake
[3.097s] -- Up-to-date: /home/moonly/fpv_ros2_workspace/install/fpv_msgs/share/fpv_msgs/cmake/fpv_msgs__rosidl_typesupport_introspection_cExport.cmake
[3.098s] -- Up-to-date: /home/moonly/fpv_ros2_workspace/install/fpv_msgs/share/fpv_msgs/cmake/fpv_msgs__rosidl_typesupport_introspection_cExport-noconfig.cmake
[3.098s] -- Up-to-date: /home/moonly/fpv_ros2_workspace/install/fpv_msgs/share/fpv_msgs/cmake/fpv_msgs__rosidl_typesupport_cExport.cmake
[3.098s] -- Up-to-date: /home/moonly/fpv_ros2_workspace/install/fpv_msgs/share/fpv_msgs/cmake/fpv_msgs__rosidl_typesupport_cExport-noconfig.cmake
[3.098s] -- Up-to-date: /home/moonly/fpv_ros2_workspace/install/fpv_msgs/share/fpv_msgs/cmake/fpv_msgs__rosidl_generator_cppExport.cmake
[3.098s] -- Up-to-date: /home/moonly/fpv_ros2_workspace/install/fpv_msgs/share/fpv_msgs/cmake/fpv_msgs__rosidl_typesupport_introspection_cppExport.cmake
[3.098s] -- Up-to-date: /home/moonly/fpv_ros2_workspace/install/fpv_msgs/share/fpv_msgs/cmake/fpv_msgs__rosidl_typesupport_introspection_cppExport-noconfig.cmake
[3.098s] -- Up-to-date: /home/moonly/fpv_ros2_workspace/install/fpv_msgs/share/fpv_msgs/cmake/fpv_msgs__rosidl_typesupport_cppExport.cmake
[3.098s] -- Up-to-date: /home/moonly/fpv_ros2_workspace/install/fpv_msgs/share/fpv_msgs/cmake/fpv_msgs__rosidl_typesupport_cppExport-noconfig.cmake
[3.098s] -- Up-to-date: /home/moonly/fpv_ros2_workspace/install/fpv_msgs/share/fpv_msgs/cmake/rosidl_cmake-extras.cmake
[3.098s] -- Up-to-date: /home/moonly/fpv_ros2_workspace/install/fpv_msgs/share/fpv_msgs/cmake/ament_cmake_export_dependencies-extras.cmake
[3.098s] -- Up-to-date: /home/moonly/fpv_ros2_workspace/install/fpv_msgs/share/fpv_msgs/cmake/ament_cmake_export_libraries-extras.cmake
[3.098s] -- Up-to-date: /home/moonly/fpv_ros2_workspace/install/fpv_msgs/share/fpv_msgs/cmake/ament_cmake_export_targets-extras.cmake
[3.099s] -- Up-to-date: /home/moonly/fpv_ros2_workspace/install/fpv_msgs/share/fpv_msgs/cmake/ament_cmake_export_include_directories-extras.cmake
[3.099s] -- Up-to-date: /home/moonly/fpv_ros2_workspace/install/fpv_msgs/share/fpv_msgs/cmake/rosidl_cmake_export_typesupport_libraries-extras.cmake
[3.099s] -- Up-to-date: /home/moonly/fpv_ros2_workspace/install/fpv_msgs/share/fpv_msgs/cmake/rosidl_cmake_export_typesupport_targets-extras.cmake
[3.099s] -- Up-to-date: /home/moonly/fpv_ros2_workspace/install/fpv_msgs/share/fpv_msgs/cmake/fpv_msgsConfig.cmake
[3.099s] -- Up-to-date: /home/moonly/fpv_ros2_workspace/install/fpv_msgs/share/fpv_msgs/cmake/fpv_msgsConfig-version.cmake
[3.099s] -- Up-to-date: /home/moonly/fpv_ros2_workspace/install/fpv_msgs/share/fpv_msgs/package.xml
[3.099s] Invoked command in '/home/moonly/fpv_ros2_workspace/build/fpv_msgs' returned '0': CMAKE_PREFIX_PATH=${CMAKE_PREFIX_PATH}:/opt/ros/foxy _=/usr/bin/env /usr/bin/cmake --install /home/moonly/fpv_ros2_workspace/build/fpv_msgs
