[35m[1mScanning dependencies of target fpv_msg_monitor[0m
[ 50%] [32mBuilding CXX object CMakeFiles/fpv_msg_monitor.dir/src/Fpv_msg_monitor.cpp.o[0m
[01m[K/home/moonly/fpv_ros2_workspace/src/fpv_msg_monitor/src/Fpv_msg_monitor.cpp:[m[K In function ‘[01m[Kint main(int, char**)[m[K’:
[01m[K/home/moonly/fpv_ros2_workspace/src/fpv_msg_monitor/src/Fpv_msg_monitor.cpp:57:88:[m[K [01;31m[Kerror: [m[Kno matching function for call to ‘[01m[Kcreate_wall_timer(std::chrono::milliseconds, void (&)())[m[K’
   57 |   auto timer = rclcpp::create_wall_timer(std::chrono::milliseconds(1000), timerCallback[01;31m[K)[m[K;
      |                                                                                        [01;31m[K^[m[K
In file included from [01m[K/opt/ros/foxy/include/rclcpp/node_impl.hpp:41[m[K,
                 from [01m[K/opt/ros/foxy/include/rclcpp/node.hpp:1224[m[K,
                 from [01m[K/opt/ros/foxy/include/rclcpp/executors/single_threaded_executor.hpp:28[m[K,
                 from [01m[K/opt/ros/foxy/include/rclcpp/executors.hpp:22[m[K,
                 from [01m[K/opt/ros/foxy/include/rclcpp/rclcpp.hpp:146[m[K,
                 from [01m[K/home/moonly/fpv_ros2_workspace/src/fpv_msg_monitor/src/Fpv_msg_monitor.cpp:41[m[K:
[01m[K/opt/ros/foxy/include/rclcpp/create_timer.hpp:90:1:[m[K [01;36m[Knote: [m[Kcandidate: ‘[01m[Ktemplate<class DurationRepT, class DurationT, class CallbackT> typename rclcpp::WallTimer<CallbackT>::SharedPtr rclcpp::create_wall_timer(std::chrono::duration<_Rep1, _Period1>, CallbackT, rclcpp::CallbackGroup::SharedPtr, rclcpp::node_interfaces::NodeBaseInterface*, rclcpp::node_interfaces::NodeTimersInterface*)[m[K’
   90 | [01;36m[Kcreate_wall_timer[m[K(
      | [01;36m[K^~~~~~~~~~~~~~~~~[m[K
[01m[K/opt/ros/foxy/include/rclcpp/create_timer.hpp:90:1:[m[K [01;36m[Knote: [m[K  template argument deduction/substitution failed:
[01m[K/home/moonly/fpv_ros2_workspace/src/fpv_msg_monitor/src/Fpv_msg_monitor.cpp:57:88:[m[K [01;36m[Knote: [m[K  candidate expects 5 arguments, 2 provided
   57 |   auto timer = rclcpp::create_wall_timer(std::chrono::milliseconds(1000), timerCallback[01;36m[K)[m[K;
      |                                                                                        [01;36m[K^[m[K
[01m[K/home/moonly/fpv_ros2_workspace/src/fpv_msg_monitor/src/Fpv_msg_monitor.cpp:59:16:[m[K [01;31m[Kerror: [m[Kno matching function for call to ‘[01m[Kspin()[m[K’
   59 |   rclcpp::spin([01;31m[K)[m[K;
      |                [01;31m[K^[m[K
In file included from [01m[K/opt/ros/foxy/include/rclcpp/rclcpp.hpp:146[m[K,
                 from [01m[K/home/moonly/fpv_ros2_workspace/src/fpv_msg_monitor/src/Fpv_msg_monitor.cpp:41[m[K:
[01m[K/opt/ros/foxy/include/rclcpp/executors.hpp:45:1:[m[K [01;36m[Knote: [m[Kcandidate: ‘[01m[Kvoid rclcpp::spin(rclcpp::node_interfaces::NodeBaseInterface::SharedPtr)[m[K’
   45 | [01;36m[Kspin[m[K(rclcpp::node_interfaces::NodeBaseInterface::SharedPtr node_ptr);
      | [01;36m[K^~~~[m[K
[01m[K/opt/ros/foxy/include/rclcpp/executors.hpp:45:1:[m[K [01;36m[Knote: [m[K  candidate expects 1 argument, 0 provided
[01m[K/opt/ros/foxy/include/rclcpp/executors.hpp:49:1:[m[K [01;36m[Knote: [m[Kcandidate: ‘[01m[Kvoid rclcpp::spin(rclcpp::Node::SharedPtr)[m[K’
   49 | [01;36m[Kspin[m[K(rclcpp::Node::SharedPtr node_ptr);
      | [01;36m[K^~~~[m[K
[01m[K/opt/ros/foxy/include/rclcpp/executors.hpp:49:1:[m[K [01;36m[Knote: [m[K  candidate expects 1 argument, 0 provided
make[2]: *** [CMakeFiles/fpv_msg_monitor.dir/build.make:63：CMakeFiles/fpv_msg_monitor.dir/src/Fpv_msg_monitor.cpp.o] 错误 1
make[1]: *** [CMakeFiles/Makefile2:78：CMakeFiles/fpv_msg_monitor.dir/all] 错误 2
make: *** [Makefile:141：all] 错误 2
