[0.161s] Invoking command in '/home/moonly/fpv_ros2_workspace/build/pwm_trans': CMAKE_PREFIX_PATH=${CMAKE_PREFIX_PATH}:/opt/ros/foxy _=/usr/bin/env /usr/bin/cmake --build /home/moonly/fpv_ros2_workspace/build/pwm_trans -- -j8 -l8
[0.245s] -- Found ament_cmake: 0.9.12 (/opt/ros/foxy/share/ament_cmake/cmake)
[0.258s] -- Using PYTHON_EXECUTABLE: /usr/bin/python3
[0.638s] -- Found ament_lint_auto: 0.9.8 (/opt/ros/foxy/share/ament_lint_auto/cmake)
[0.745s] -- Found rclcpp: 2.4.3 (/opt/ros/foxy/share/rclcpp/cmake)
[0.809s] -- Using all available rosidl_typesupport_c: rosidl_typesupport_fastrtps_c;rosidl_typesupport_introspection_c
[0.816s] -- Found rosidl_adapter: 1.3.1 (/opt/ros/foxy/share/rosidl_adapter/cmake)
[0.991s] -- Using all available rosidl_typesupport_cpp: rosidl_typesupport_fastrtps_cpp;rosidl_typesupport_introspection_cpp
[1.069s] -- Found rmw_implementation_cmake: 1.0.4 (/opt/ros/foxy/share/rmw_implementation_cmake/cmake)
[1.072s] -- Using RMW implementation 'rmw_fastrtps_cpp' as default
[1.234s] -- Found geometry_msgs: 2.0.5 (/opt/ros/foxy/share/geometry_msgs/cmake)
[1.274s] -- Found sensor_msgs: 2.0.5 (/opt/ros/foxy/share/sensor_msgs/cmake)
[1.384s] -- Found fpv_msgs: 0.0.0 (/home/moonly/fpv_ros2_workspace/install/fpv_msgs/share/fpv_msgs/cmake)
[1.405s] -- Added test 'copyright' to check source files copyright and LICENSE
[1.406s] -- Added test 'cppcheck' to perform static code analysis on C / C++ code
[1.406s] -- Configured cppcheck include dirs: /home/moonly/fpv_ros2_workspace/src/pwm_trans/include
[1.406s] -- Configured cppcheck exclude dirs and/or files: 
[1.407s] -- Added test 'cpplint' to check C / C++ code against the Google style
[1.407s] -- Configured cpplint exclude dirs and/or files: 
[1.407s] -- Added test 'lint_cmake' to check CMake code style
[1.408s] -- Added test 'uncrustify' to check C / C++ code style
[1.408s] -- Configured uncrustify additional arguments: 
[1.408s] -- Added test 'xmllint' to check XML markup files
[1.414s] -- Configuring done
[1.427s] -- Generating done
[1.431s] -- Build files have been written to: /home/moonly/fpv_ros2_workspace/build/pwm_trans
[1.504s] [100%] Built target pwm_trans
[1.543s] Invoked command in '/home/moonly/fpv_ros2_workspace/build/pwm_trans' returned '0': CMAKE_PREFIX_PATH=${CMAKE_PREFIX_PATH}:/opt/ros/foxy _=/usr/bin/env /usr/bin/cmake --build /home/moonly/fpv_ros2_workspace/build/pwm_trans -- -j8 -l8
[1.634s] Invoking command in '/home/moonly/fpv_ros2_workspace/build/pwm_trans': CMAKE_PREFIX_PATH=${CMAKE_PREFIX_PATH}:/opt/ros/foxy _=/usr/bin/env /usr/bin/cmake --install /home/moonly/fpv_ros2_workspace/build/pwm_trans
[1.658s] -- Install configuration: ""
[1.660s] -- Up-to-date: /home/moonly/fpv_ros2_workspace/install/pwm_trans/lib/pwm_trans/pwm_trans
[1.664s] -- Up-to-date: /home/moonly/fpv_ros2_workspace/install/pwm_trans/share/ament_index/resource_index/package_run_dependencies/pwm_trans
[1.665s] -- Installing: /home/moonly/fpv_ros2_workspace/install/pwm_trans/share/ament_index/resource_index/parent_prefix_path/pwm_trans
[1.665s] -- Up-to-date: /home/moonly/fpv_ros2_workspace/install/pwm_trans/share/pwm_trans/environment/ament_prefix_path.sh
[1.665s] -- Installing: /home/moonly/fpv_ros2_workspace/install/pwm_trans/share/pwm_trans/environment/ament_prefix_path.dsv
[1.665s] -- Up-to-date: /home/moonly/fpv_ros2_workspace/install/pwm_trans/share/pwm_trans/environment/path.sh
[1.665s] -- Installing: /home/moonly/fpv_ros2_workspace/install/pwm_trans/share/pwm_trans/environment/path.dsv
[1.665s] -- Up-to-date: /home/moonly/fpv_ros2_workspace/install/pwm_trans/share/pwm_trans/local_setup.bash
[1.665s] -- Up-to-date: /home/moonly/fpv_ros2_workspace/install/pwm_trans/share/pwm_trans/local_setup.sh
[1.665s] -- Up-to-date: /home/moonly/fpv_ros2_workspace/install/pwm_trans/share/pwm_trans/local_setup.zsh
[1.665s] -- Installing: /home/moonly/fpv_ros2_workspace/install/pwm_trans/share/pwm_trans/local_setup.dsv
[1.665s] -- Installing: /home/moonly/fpv_ros2_workspace/install/pwm_trans/share/pwm_trans/package.dsv
[1.665s] -- Up-to-date: /home/moonly/fpv_ros2_workspace/install/pwm_trans/share/ament_index/resource_index/packages/pwm_trans
[1.665s] -- Up-to-date: /home/moonly/fpv_ros2_workspace/install/pwm_trans/share/pwm_trans/cmake/pwm_transConfig.cmake
[1.665s] -- Up-to-date: /home/moonly/fpv_ros2_workspace/install/pwm_trans/share/pwm_trans/cmake/pwm_transConfig-version.cmake
[1.665s] -- Up-to-date: /home/moonly/fpv_ros2_workspace/install/pwm_trans/share/pwm_trans/package.xml
[1.665s] Invoked command in '/home/moonly/fpv_ros2_workspace/build/pwm_trans' returned '0': CMAKE_PREFIX_PATH=${CMAKE_PREFIX_PATH}:/opt/ros/foxy _=/usr/bin/env /usr/bin/cmake --install /home/moonly/fpv_ros2_workspace/build/pwm_trans
