[0.102s] Invoking command in '/home/moonly/fpv_ros2_workspace/build/pwm_trans': CMAKE_PREFIX_PATH=${CMAKE_PREFIX_PATH}:/opt/ros/foxy _=/usr/bin/env /usr/bin/cmake --build /home/moonly/fpv_ros2_workspace/build/pwm_trans -- -j8 -l8
[0.144s] -- Found ament_cmake: 0.9.12 (/opt/ros/foxy/share/ament_cmake/cmake)
[0.174s] -- Using PYTHON_EXECUTABLE: /usr/bin/python3
[0.444s] -- Found ament_lint_auto: 0.9.8 (/opt/ros/foxy/share/ament_lint_auto/cmake)
[0.512s] -- Found rclcpp: 2.4.3 (/opt/ros/foxy/share/rclcpp/cmake)
[0.551s] -- Using all available rosidl_typesupport_c: rosidl_typesupport_fastrtps_c;rosidl_typesupport_introspection_c
[0.556s] -- Found rosidl_adapter: 1.3.1 (/opt/ros/foxy/share/rosidl_adapter/cmake)
[0.702s] -- Using all available rosidl_typesupport_cpp: rosidl_typesupport_fastrtps_cpp;rosidl_typesupport_introspection_cpp
[0.746s] -- Found rmw_implementation_cmake: 1.0.4 (/opt/ros/foxy/share/rmw_implementation_cmake/cmake)
[0.747s] -- Using RMW implementation 'rmw_fastrtps_cpp' as default
[0.891s] -- Found geometry_msgs: 2.0.5 (/opt/ros/foxy/share/geometry_msgs/cmake)
[0.940s] -- Found sensor_msgs: 2.0.5 (/opt/ros/foxy/share/sensor_msgs/cmake)
[1.025s] -- Found fpv_msgs: 0.0.0 (/home/moonly/fpv_ros2_workspace/install/fpv_msgs/share/fpv_msgs/cmake)
[1.035s] -- Added test 'copyright' to check source files copyright and LICENSE
[1.036s] -- Added test 'cppcheck' to perform static code analysis on C / C++ code
[1.036s] -- Configured cppcheck include dirs: /home/moonly/fpv_ros2_workspace/src/pwm_trans/include
[1.036s] -- Configured cppcheck exclude dirs and/or files: 
[1.036s] -- Added test 'cpplint' to check C / C++ code against the Google style
[1.037s] -- Configured cpplint exclude dirs and/or files: 
[1.038s] -- Added test 'lint_cmake' to check CMake code style
[1.038s] -- Added test 'uncrustify' to check C / C++ code style
[1.038s] -- Configured uncrustify additional arguments: 
[1.038s] -- Added test 'xmllint' to check XML markup files
[1.043s] -- Configuring done
[1.054s] -- Generating done
[1.056s] -- Build files have been written to: /home/moonly/fpv_ros2_workspace/build/pwm_trans
[1.095s] [35m[1mScanning dependencies of target pwm_trans[0m
[1.130s] [ 50%] [32mBuilding CXX object CMakeFiles/pwm_trans.dir/src/Pwm_trans.cpp.o[0m
[7.275s] [100%] [32m[1mLinking CXX executable pwm_trans[0m
[7.486s] [100%] Built target pwm_trans
