[0.067s] Invoking command in '/home/moonly/fpv_ros2_workspace/build/mavlink_pub': CMAKE_PREFIX_PATH=${CMAKE_PREFIX_PATH}:/opt/ros/foxy _=/usr/bin/env /usr/bin/cmake /home/moonly/fpv_ros2_workspace/src/mavlink_pub -DCMAKE_INSTALL_PREFIX=/home/moonly/fpv_ros2_workspace/install/mavlink_pub
[0.153s] -- The C compiler identification is GNU 9.4.0
[0.220s] -- The CXX compiler identification is GNU 9.4.0
[0.226s] -- Check for working C compiler: /usr/bin/cc
[0.295s] -- Check for working C compiler: /usr/bin/cc -- works
[0.295s] -- Detecting C compiler ABI info
[0.408s] -- Detecting C compiler ABI info - done
[0.419s] -- Detecting C compile features
[0.420s] -- Detecting C compile features - done
[0.424s] -- Check for working CXX compiler: /usr/bin/c++
[0.514s] -- Check for working CXX compiler: /usr/bin/c++ -- works
[0.517s] -- Detecting CXX compiler ABI info
[0.637s] -- Detecting CXX compiler ABI info - done
[0.643s] -- Detecting CXX compile features
[0.643s] -- Detecting CXX compile features - done
[0.649s] -- Found ament_cmake: 0.9.12 (/opt/ros/foxy/share/ament_cmake/cmake)
[0.686s] -- Found PythonInterp: /usr/bin/python3 (found suitable version "3.8.10", minimum required is "3") 
[0.687s] -- Using PYTHON_EXECUTABLE: /usr/bin/python3
[0.963s] -- Found ament_lint_auto: 0.9.8 (/opt/ros/foxy/share/ament_lint_auto/cmake)
[1.077s] -- Added test 'copyright' to check source files copyright and LICENSE
[1.079s] -- Added test 'lint_cmake' to check CMake code style
[1.080s] -- Added test 'xmllint' to check XML markup files
[1.085s] -- Configuring done
[1.101s] -- Generating done
[1.105s] -- Build files have been written to: /home/moonly/fpv_ros2_workspace/build/mavlink_pub
[1.111s] Invoked command in '/home/moonly/fpv_ros2_workspace/build/mavlink_pub' returned '0': CMAKE_PREFIX_PATH=${CMAKE_PREFIX_PATH}:/opt/ros/foxy _=/usr/bin/env /usr/bin/cmake /home/moonly/fpv_ros2_workspace/src/mavlink_pub -DCMAKE_INSTALL_PREFIX=/home/moonly/fpv_ros2_workspace/install/mavlink_pub
[1.113s] Invoking command in '/home/moonly/fpv_ros2_workspace/build/mavlink_pub': CMAKE_PREFIX_PATH=${CMAKE_PREFIX_PATH}:/opt/ros/foxy _=/usr/bin/env /usr/bin/cmake --build /home/moonly/fpv_ros2_workspace/build/mavlink_pub -- -j8 -l8
[1.188s] Invoked command in '/home/moonly/fpv_ros2_workspace/build/mavlink_pub' returned '0': CMAKE_PREFIX_PATH=${CMAKE_PREFIX_PATH}:/opt/ros/foxy _=/usr/bin/env /usr/bin/cmake --build /home/moonly/fpv_ros2_workspace/build/mavlink_pub -- -j8 -l8
[1.238s] Invoking command in '/home/moonly/fpv_ros2_workspace/build/mavlink_pub': CMAKE_PREFIX_PATH=${CMAKE_PREFIX_PATH}:/opt/ros/foxy _=/usr/bin/env /usr/bin/cmake --install /home/moonly/fpv_ros2_workspace/build/mavlink_pub
[1.250s] -- Install configuration: ""
[1.250s] -- Installing: /home/moonly/fpv_ros2_workspace/install/mavlink_pub/share/ament_index/resource_index/package_run_dependencies/mavlink_pub
[1.250s] -- Installing: /home/moonly/fpv_ros2_workspace/install/mavlink_pub/share/ament_index/resource_index/parent_prefix_path/mavlink_pub
[1.250s] -- Installing: /home/moonly/fpv_ros2_workspace/install/mavlink_pub/share/mavlink_pub/environment/ament_prefix_path.sh
[1.250s] -- Installing: /home/moonly/fpv_ros2_workspace/install/mavlink_pub/share/mavlink_pub/environment/ament_prefix_path.dsv
[1.251s] -- Installing: /home/moonly/fpv_ros2_workspace/install/mavlink_pub/share/mavlink_pub/environment/path.sh
[1.251s] -- Installing: /home/moonly/fpv_ros2_workspace/install/mavlink_pub/share/mavlink_pub/environment/path.dsv
[1.251s] -- Installing: /home/moonly/fpv_ros2_workspace/install/mavlink_pub/share/mavlink_pub/local_setup.bash
[1.251s] -- Installing: /home/moonly/fpv_ros2_workspace/install/mavlink_pub/share/mavlink_pub/local_setup.sh
[1.251s] -- Installing: /home/moonly/fpv_ros2_workspace/install/mavlink_pub/share/mavlink_pub/local_setup.zsh
[1.251s] -- Installing: /home/moonly/fpv_ros2_workspace/install/mavlink_pub/share/mavlink_pub/local_setup.dsv
[1.251s] -- Installing: /home/moonly/fpv_ros2_workspace/install/mavlink_pub/share/mavlink_pub/package.dsv
[1.251s] -- Installing: /home/moonly/fpv_ros2_workspace/install/mavlink_pub/share/ament_index/resource_index/packages/mavlink_pub
[1.252s] -- Installing: /home/moonly/fpv_ros2_workspace/install/mavlink_pub/share/mavlink_pub/cmake/mavlink_pubConfig.cmake
[1.252s] -- Installing: /home/moonly/fpv_ros2_workspace/install/mavlink_pub/share/mavlink_pub/cmake/mavlink_pubConfig-version.cmake
[1.252s] -- Installing: /home/moonly/fpv_ros2_workspace/install/mavlink_pub/share/mavlink_pub/package.xml
[1.255s] Invoked command in '/home/moonly/fpv_ros2_workspace/build/mavlink_pub' returned '0': CMAKE_PREFIX_PATH=${CMAKE_PREFIX_PATH}:/opt/ros/foxy _=/usr/bin/env /usr/bin/cmake --install /home/moonly/fpv_ros2_workspace/build/mavlink_pub
