-- Found ament_cmake: 0.9.12 (/opt/ros/foxy/share/ament_cmake/cmake)
-- Found PythonInterp: /usr/bin/python3 (found suitable version "3.8.10", minimum required is "3") 
-- Using PYTHON_EXECUTABLE: /usr/bin/python3
-- Found rclcpp: 2.4.3 (/opt/ros/foxy/share/rclcpp/cmake)
-- Using all available rosidl_typesupport_c: rosidl_typesupport_fastrtps_c;rosidl_typesupport_introspection_c
-- Found rosidl_adapter: 1.3.1 (/opt/ros/foxy/share/rosidl_adapter/cmake)
-- Using all available rosidl_typesupport_cpp: rosidl_typesupport_fastrtps_cpp;rosidl_typesupport_introspection_cpp
-- Found rmw_implementation_cmake: 1.0.4 (/opt/ros/foxy/share/rmw_implementation_cmake/cmake)
-- Using RMW implementation 'rmw_fastrtps_cpp' as default
-- Found rosidl_default_generators: 1.0.1 (/opt/ros/foxy/share/rosidl_default_generators/cmake)
-- Found PythonInterp: /usr/bin/python3 (found version "3.8.10") 
-- Found ament_cmake_ros: 0.9.2 (/opt/ros/foxy/share/ament_cmake_ros/cmake)
-- Using all available rosidl_typesupport_c: rosidl_typesupport_fastrtps_c;rosidl_typesupport_introspection_c
-- Using all available rosidl_typesupport_cpp: rosidl_typesupport_fastrtps_cpp;rosidl_typesupport_introspection_cpp
-- Found PythonInterp: /usr/bin/python3 (found suitable version "3.8.10", minimum required is "3.5") 
-- Found python_cmake_module: 0.8.1 (/opt/ros/foxy/share/python_cmake_module/cmake)
-- Using PYTHON_EXECUTABLE: /usr/bin/python3
-- Using PYTHON_INCLUDE_DIRS: /usr/include/python3.8
-- Using PYTHON_LIBRARIES: /usr/lib/x86_64-linux-gnu/libpython3.8.so
-- Found ament_lint_auto: 0.9.8 (/opt/ros/foxy/share/ament_lint_auto/cmake)
-- Added test 'copyright' to check source files copyright and LICENSE
-- Added test 'lint_cmake' to check CMake code style
-- Added test 'xmllint' to check XML markup files
-- Configuring done
-- Generating done
-- Build files have been written to: /home/moonly/fpv_ros2_workspace/build/fpv_msgs
[  2%] [34m[1mGenerating C code for ROS interfaces[0m
[35m[1mScanning dependencies of target fpv_msgs__cpp[0m
[  5%] [34m[1mGenerating C++ code for ROS interfaces[0m
[  5%] Built target fpv_msgs__cpp
[ 12%] [34m[1mGenerating C++ introspection for ROS interfaces[0m
[ 12%] [34m[1mGenerating C++ type support dispatch for ROS interfaces[0m
[ 12%] [34m[1mGenerating C++ type support for eProsima Fast-RTPS[0m
[35m[1mScanning dependencies of target fpv_msgs__rosidl_generator_c[0m
[ 17%] [32mBuilding C object CMakeFiles/fpv_msgs__rosidl_generator_c.dir/rosidl_generator_c/fpv_msgs/msg/detail/moonly_fpv__functions.c.o[0m
[ 17%] [32mBuilding C object CMakeFiles/fpv_msgs__rosidl_generator_c.dir/rosidl_generator_c/fpv_msgs/msg/detail/temp_msg__functions.c.o[0m
[ 20%] [32m[1mLinking C shared library libfpv_msgs__rosidl_generator_c.so[0m
[ 20%] Built target fpv_msgs__rosidl_generator_c
[ 23%] [34m[1mGenerating C type support dispatch for ROS interfaces[0m
[ 25%] [34m[1mGenerating C introspection for ROS interfaces[0m
[35m[1mScanning dependencies of target fpv_msgs__rosidl_typesupport_introspection_cpp[0m
[ 28%] [32mBuilding CXX object CMakeFiles/fpv_msgs__rosidl_typesupport_introspection_cpp.dir/rosidl_typesupport_introspection_cpp/fpv_msgs/msg/detail/temp_msg__type_support.cpp.o[0m
[ 30%] [32mBuilding CXX object CMakeFiles/fpv_msgs__rosidl_typesupport_introspection_cpp.dir/rosidl_typesupport_introspection_cpp/fpv_msgs/msg/detail/moonly_fpv__type_support.cpp.o[0m
[35m[1mScanning dependencies of target fpv_msgs__rosidl_typesupport_cpp[0m
[ 33%] [32mBuilding CXX object CMakeFiles/fpv_msgs__rosidl_typesupport_cpp.dir/rosidl_typesupport_cpp/fpv_msgs/msg/moonly_fpv__type_support.cpp.o[0m
[35m[1mScanning dependencies of target fpv_msgs__rosidl_typesupport_fastrtps_cpp[0m
[ 35%] [32mBuilding CXX object CMakeFiles/fpv_msgs__rosidl_typesupport_cpp.dir/rosidl_typesupport_cpp/fpv_msgs/msg/temp_msg__type_support.cpp.o[0m
[ 38%] [32mBuilding CXX object CMakeFiles/fpv_msgs__rosidl_typesupport_fastrtps_cpp.dir/rosidl_typesupport_fastrtps_cpp/fpv_msgs/msg/detail/dds_fastrtps/moonly_fpv__type_support.cpp.o[0m
[ 41%] [32mBuilding CXX object CMakeFiles/fpv_msgs__rosidl_typesupport_fastrtps_cpp.dir/rosidl_typesupport_fastrtps_cpp/fpv_msgs/msg/detail/dds_fastrtps/temp_msg__type_support.cpp.o[0m
[35m[1mScanning dependencies of target fpv_msgs__rosidl_typesupport_c[0m
[ 43%] [32mBuilding CXX object CMakeFiles/fpv_msgs__rosidl_typesupport_c.dir/rosidl_typesupport_c/fpv_msgs/msg/moonly_fpv__type_support.cpp.o[0m
[35m[1mScanning dependencies of target fpv_msgs__rosidl_typesupport_introspection_c[0m
[ 46%] [32mBuilding CXX object CMakeFiles/fpv_msgs__rosidl_typesupport_c.dir/rosidl_typesupport_c/fpv_msgs/msg/temp_msg__type_support.cpp.o[0m
[ 48%] [32mBuilding C object CMakeFiles/fpv_msgs__rosidl_typesupport_introspection_c.dir/rosidl_typesupport_introspection_c/fpv_msgs/msg/detail/moonly_fpv__type_support.c.o[0m
[ 51%] [32m[1mLinking CXX shared library libfpv_msgs__rosidl_typesupport_c.so[0m
[ 53%] [32mBuilding C object CMakeFiles/fpv_msgs__rosidl_typesupport_introspection_c.dir/rosidl_typesupport_introspection_c/fpv_msgs/msg/detail/temp_msg__type_support.c.o[0m
[ 56%] [32m[1mLinking CXX shared library libfpv_msgs__rosidl_typesupport_introspection_cpp.so[0m
[ 56%] Built target fpv_msgs__rosidl_typesupport_c
[ 58%] [32m[1mLinking C shared library libfpv_msgs__rosidl_typesupport_introspection_c.so[0m
[ 58%] Built target fpv_msgs__rosidl_typesupport_introspection_cpp
[ 58%] Built target fpv_msgs__rosidl_typesupport_introspection_c
[ 61%] [32m[1mLinking CXX shared library libfpv_msgs__rosidl_typesupport_cpp.so[0m
[ 61%] Built target fpv_msgs__rosidl_typesupport_cpp
[ 64%] [32m[1mLinking CXX shared library libfpv_msgs__rosidl_typesupport_fastrtps_cpp.so[0m
[ 64%] Built target fpv_msgs__rosidl_typesupport_fastrtps_cpp
[ 66%] [34m[1mGenerating C type support for eProsima Fast-RTPS[0m
[35m[1mScanning dependencies of target fpv_msgs__rosidl_typesupport_fastrtps_c[0m
[ 71%] [32mBuilding CXX object CMakeFiles/fpv_msgs__rosidl_typesupport_fastrtps_c.dir/rosidl_typesupport_fastrtps_c/fpv_msgs/msg/detail/moonly_fpv__type_support_c.cpp.o[0m
[ 71%] [32mBuilding CXX object CMakeFiles/fpv_msgs__rosidl_typesupport_fastrtps_c.dir/rosidl_typesupport_fastrtps_c/fpv_msgs/msg/detail/temp_msg__type_support_c.cpp.o[0m
[ 74%] [32m[1mLinking CXX shared library libfpv_msgs__rosidl_typesupport_fastrtps_c.so[0m
[ 74%] Built target fpv_msgs__rosidl_typesupport_fastrtps_c
[ 74%] Built target fpv_msgs
[35m[1mScanning dependencies of target fpv_msgs__py[0m
[ 76%] [34m[1mGenerating Python code for ROS interfaces[0m
[ 76%] Built target fpv_msgs__py
[35m[1mScanning dependencies of target fpv_msgs__python[0m
[ 82%] [32mBuilding C object CMakeFiles/fpv_msgs__python.dir/rosidl_generator_py/fpv_msgs/msg/_temp_msg_s.c.o[0m
[ 82%] [32mBuilding C object CMakeFiles/fpv_msgs__python.dir/rosidl_generator_py/fpv_msgs/msg/_moonly_fpv_s.c.o[0m
[ 84%] [32m[1mLinking C shared library rosidl_generator_py/fpv_msgs/libfpv_msgs__python.so[0m
[ 84%] Built target fpv_msgs__python
[35m[1mScanning dependencies of target fpv_msgs__rosidl_typesupport_c__pyext[0m
[35m[1mScanning dependencies of target fpv_msgs__rosidl_typesupport_fastrtps_c__pyext[0m
[35m[1mScanning dependencies of target fpv_msgs__rosidl_typesupport_introspection_c__pyext[0m
[ 92%] [32mBuilding C object CMakeFiles/fpv_msgs__rosidl_typesupport_fastrtps_c__pyext.dir/rosidl_generator_py/fpv_msgs/_fpv_msgs_s.ep.rosidl_typesupport_fastrtps_c.c.o[0m
[ 92%] [32mBuilding C object CMakeFiles/fpv_msgs__rosidl_typesupport_c__pyext.dir/rosidl_generator_py/fpv_msgs/_fpv_msgs_s.ep.rosidl_typesupport_c.c.o[0m
[ 92%] [32mBuilding C object CMakeFiles/fpv_msgs__rosidl_typesupport_introspection_c__pyext.dir/rosidl_generator_py/fpv_msgs/_fpv_msgs_s.ep.rosidl_typesupport_introspection_c.c.o[0m
[ 94%] [32m[1mLinking C shared library rosidl_generator_py/fpv_msgs/fpv_msgs_s__rosidl_typesupport_c.cpython-38-x86_64-linux-gnu.so[0m
[ 97%] [32m[1mLinking CXX shared library rosidl_generator_py/fpv_msgs/fpv_msgs_s__rosidl_typesupport_fastrtps_c.cpython-38-x86_64-linux-gnu.so[0m
[100%] [32m[1mLinking C shared library rosidl_generator_py/fpv_msgs/fpv_msgs_s__rosidl_typesupport_introspection_c.cpython-38-x86_64-linux-gnu.so[0m
[100%] Built target fpv_msgs__rosidl_typesupport_introspection_c__pyext
[100%] Built target fpv_msgs__rosidl_typesupport_c__pyext
[100%] Built target fpv_msgs__rosidl_typesupport_fastrtps_c__pyext
-- Install configuration: ""
-- Installing: /home/moonly/fpv_ros2_workspace/install/fpv_msgs/share/ament_index/resource_index/rosidl_interfaces/fpv_msgs
-- Up-to-date: /home/moonly/fpv_ros2_workspace/install/fpv_msgs/include/fpv_msgs
-- Up-to-date: /home/moonly/fpv_ros2_workspace/install/fpv_msgs/include/fpv_msgs/msg
-- Up-to-date: /home/moonly/fpv_ros2_workspace/install/fpv_msgs/include/fpv_msgs/msg/detail
-- Installing: /home/moonly/fpv_ros2_workspace/install/fpv_msgs/include/fpv_msgs/msg/detail/moonly_fpv__functions.c
-- Up-to-date: /home/moonly/fpv_ros2_workspace/install/fpv_msgs/include/fpv_msgs/msg/detail/temp__type_support.h
-- Installing: /home/moonly/fpv_ros2_workspace/install/fpv_msgs/include/fpv_msgs/msg/detail/temp_msg__struct.h
-- Installing: /home/moonly/fpv_ros2_workspace/install/fpv_msgs/include/fpv_msgs/msg/detail/moonly_fpv__struct.h
-- Installing: /home/moonly/fpv_ros2_workspace/install/fpv_msgs/include/fpv_msgs/msg/detail/moonly_fpv__type_support.h
-- Up-to-date: /home/moonly/fpv_ros2_workspace/install/fpv_msgs/include/fpv_msgs/msg/detail/temp__struct.h
-- Up-to-date: /home/moonly/fpv_ros2_workspace/install/fpv_msgs/include/fpv_msgs/msg/detail/temp__functions.c
-- Installing: /home/moonly/fpv_ros2_workspace/install/fpv_msgs/include/fpv_msgs/msg/detail/temp_msg__type_support.h
-- Up-to-date: /home/moonly/fpv_ros2_workspace/install/fpv_msgs/include/fpv_msgs/msg/detail/temp__functions.h
-- Installing: /home/moonly/fpv_ros2_workspace/install/fpv_msgs/include/fpv_msgs/msg/detail/moonly_fpv__functions.h
-- Installing: /home/moonly/fpv_ros2_workspace/install/fpv_msgs/include/fpv_msgs/msg/detail/temp_msg__functions.h
-- Installing: /home/moonly/fpv_ros2_workspace/install/fpv_msgs/include/fpv_msgs/msg/detail/temp_msg__functions.c
-- Installing: /home/moonly/fpv_ros2_workspace/install/fpv_msgs/include/fpv_msgs/msg/temp_msg.h
-- Installing: /home/moonly/fpv_ros2_workspace/install/fpv_msgs/include/fpv_msgs/msg/moonly_fpv.h
-- Up-to-date: /home/moonly/fpv_ros2_workspace/install/fpv_msgs/include/fpv_msgs/msg/temp.h
-- Up-to-date: /home/moonly/fpv_ros2_workspace/install/fpv_msgs/include/fpv_msgs/msg/rosidl_generator_c__visibility_control.h
-- Up-to-date: /home/moonly/fpv_ros2_workspace/install/fpv_msgs/share/fpv_msgs/environment/library_path.sh
-- Installing: /home/moonly/fpv_ros2_workspace/install/fpv_msgs/share/fpv_msgs/environment/library_path.dsv
-- Installing: /home/moonly/fpv_ros2_workspace/install/fpv_msgs/lib/libfpv_msgs__rosidl_generator_c.so
-- Set runtime path of "/home/moonly/fpv_ros2_workspace/install/fpv_msgs/lib/libfpv_msgs__rosidl_generator_c.so" to ""
-- Up-to-date: /home/moonly/fpv_ros2_workspace/install/fpv_msgs/include/fpv_msgs
-- Up-to-date: /home/moonly/fpv_ros2_workspace/install/fpv_msgs/include/fpv_msgs/msg
-- Up-to-date: /home/moonly/fpv_ros2_workspace/install/fpv_msgs/include/fpv_msgs/msg/detail
-- Installing: /home/moonly/fpv_ros2_workspace/install/fpv_msgs/include/fpv_msgs/msg/detail/moonly_fpv__rosidl_typesupport_fastrtps_c.h
-- Up-to-date: /home/moonly/fpv_ros2_workspace/install/fpv_msgs/include/fpv_msgs/msg/detail/temp__rosidl_typesupport_fastrtps_c.h
-- Installing: /home/moonly/fpv_ros2_workspace/install/fpv_msgs/include/fpv_msgs/msg/detail/temp_msg__rosidl_typesupport_fastrtps_c.h
-- Up-to-date: /home/moonly/fpv_ros2_workspace/install/fpv_msgs/include/fpv_msgs/msg/rosidl_typesupport_fastrtps_c__visibility_control.h
-- Installing: /home/moonly/fpv_ros2_workspace/install/fpv_msgs/lib/libfpv_msgs__rosidl_typesupport_fastrtps_c.so
-- Set runtime path of "/home/moonly/fpv_ros2_workspace/install/fpv_msgs/lib/libfpv_msgs__rosidl_typesupport_fastrtps_c.so" to ""
-- Up-to-date: /home/moonly/fpv_ros2_workspace/install/fpv_msgs/include/fpv_msgs
-- Up-to-date: /home/moonly/fpv_ros2_workspace/install/fpv_msgs/include/fpv_msgs/msg
-- Up-to-date: /home/moonly/fpv_ros2_workspace/install/fpv_msgs/include/fpv_msgs/msg/detail
-- Installing: /home/moonly/fpv_ros2_workspace/install/fpv_msgs/include/fpv_msgs/msg/detail/temp_msg__rosidl_typesupport_fastrtps_cpp.hpp
-- Up-to-date: /home/moonly/fpv_ros2_workspace/install/fpv_msgs/include/fpv_msgs/msg/detail/dds_fastrtps
-- Installing: /home/moonly/fpv_ros2_workspace/install/fpv_msgs/include/fpv_msgs/msg/detail/moonly_fpv__rosidl_typesupport_fastrtps_cpp.hpp
-- Up-to-date: /home/moonly/fpv_ros2_workspace/install/fpv_msgs/include/fpv_msgs/msg/detail/temp__rosidl_typesupport_fastrtps_cpp.hpp
-- Up-to-date: /home/moonly/fpv_ros2_workspace/install/fpv_msgs/include/fpv_msgs/msg/rosidl_typesupport_fastrtps_cpp__visibility_control.h
-- Installing: /home/moonly/fpv_ros2_workspace/install/fpv_msgs/lib/libfpv_msgs__rosidl_typesupport_fastrtps_cpp.so
-- Set runtime path of "/home/moonly/fpv_ros2_workspace/install/fpv_msgs/lib/libfpv_msgs__rosidl_typesupport_fastrtps_cpp.so" to ""
-- Up-to-date: /home/moonly/fpv_ros2_workspace/install/fpv_msgs/include/fpv_msgs
-- Up-to-date: /home/moonly/fpv_ros2_workspace/install/fpv_msgs/include/fpv_msgs/msg
-- Up-to-date: /home/moonly/fpv_ros2_workspace/install/fpv_msgs/include/fpv_msgs/msg/detail
-- Installing: /home/moonly/fpv_ros2_workspace/install/fpv_msgs/include/fpv_msgs/msg/detail/moonly_fpv__type_support.c
-- Up-to-date: /home/moonly/fpv_ros2_workspace/install/fpv_msgs/include/fpv_msgs/msg/detail/temp__rosidl_typesupport_introspection_c.h
-- Up-to-date: /home/moonly/fpv_ros2_workspace/install/fpv_msgs/include/fpv_msgs/msg/detail/temp__type_support.c
-- Installing: /home/moonly/fpv_ros2_workspace/install/fpv_msgs/include/fpv_msgs/msg/detail/moonly_fpv__rosidl_typesupport_introspection_c.h
-- Installing: /home/moonly/fpv_ros2_workspace/install/fpv_msgs/include/fpv_msgs/msg/detail/temp_msg__rosidl_typesupport_introspection_c.h
-- Installing: /home/moonly/fpv_ros2_workspace/install/fpv_msgs/include/fpv_msgs/msg/detail/temp_msg__type_support.c
-- Up-to-date: /home/moonly/fpv_ros2_workspace/install/fpv_msgs/include/fpv_msgs/msg/rosidl_typesupport_introspection_c__visibility_control.h
-- Installing: /home/moonly/fpv_ros2_workspace/install/fpv_msgs/lib/libfpv_msgs__rosidl_typesupport_introspection_c.so
-- Set runtime path of "/home/moonly/fpv_ros2_workspace/install/fpv_msgs/lib/libfpv_msgs__rosidl_typesupport_introspection_c.so" to ""
-- Installing: /home/moonly/fpv_ros2_workspace/install/fpv_msgs/lib/libfpv_msgs__rosidl_typesupport_c.so
-- Set runtime path of "/home/moonly/fpv_ros2_workspace/install/fpv_msgs/lib/libfpv_msgs__rosidl_typesupport_c.so" to ""
-- Up-to-date: /home/moonly/fpv_ros2_workspace/install/fpv_msgs/include/fpv_msgs
-- Up-to-date: /home/moonly/fpv_ros2_workspace/install/fpv_msgs/include/fpv_msgs/msg
-- Installing: /home/moonly/fpv_ros2_workspace/install/fpv_msgs/include/fpv_msgs/msg/moonly_fpv.hpp
-- Installing: /home/moonly/fpv_ros2_workspace/install/fpv_msgs/include/fpv_msgs/msg/temp_msg.hpp
-- Up-to-date: /home/moonly/fpv_ros2_workspace/install/fpv_msgs/include/fpv_msgs/msg/detail
-- Installing: /home/moonly/fpv_ros2_workspace/install/fpv_msgs/include/fpv_msgs/msg/detail/temp_msg__traits.hpp
-- Installing: /home/moonly/fpv_ros2_workspace/install/fpv_msgs/include/fpv_msgs/msg/detail/moonly_fpv__struct.hpp
-- Installing: /home/moonly/fpv_ros2_workspace/install/fpv_msgs/include/fpv_msgs/msg/detail/moonly_fpv__builder.hpp
-- Installing: /home/moonly/fpv_ros2_workspace/install/fpv_msgs/include/fpv_msgs/msg/detail/temp_msg__builder.hpp
-- Up-to-date: /home/moonly/fpv_ros2_workspace/install/fpv_msgs/include/fpv_msgs/msg/detail/temp__builder.hpp
-- Installing: /home/moonly/fpv_ros2_workspace/install/fpv_msgs/include/fpv_msgs/msg/detail/moonly_fpv__traits.hpp
-- Up-to-date: /home/moonly/fpv_ros2_workspace/install/fpv_msgs/include/fpv_msgs/msg/detail/temp__struct.hpp
-- Up-to-date: /home/moonly/fpv_ros2_workspace/install/fpv_msgs/include/fpv_msgs/msg/detail/temp__type_support.hpp
-- Installing: /home/moonly/fpv_ros2_workspace/install/fpv_msgs/include/fpv_msgs/msg/detail/temp_msg__type_support.hpp
-- Installing: /home/moonly/fpv_ros2_workspace/install/fpv_msgs/include/fpv_msgs/msg/detail/moonly_fpv__type_support.hpp
-- Installing: /home/moonly/fpv_ros2_workspace/install/fpv_msgs/include/fpv_msgs/msg/detail/temp_msg__struct.hpp
-- Up-to-date: /home/moonly/fpv_ros2_workspace/install/fpv_msgs/include/fpv_msgs/msg/detail/temp__traits.hpp
-- Up-to-date: /home/moonly/fpv_ros2_workspace/install/fpv_msgs/include/fpv_msgs/msg/temp.hpp
-- Up-to-date: /home/moonly/fpv_ros2_workspace/install/fpv_msgs/include/fpv_msgs/msg/rosidl_generator_cpp__visibility_control.hpp
-- Up-to-date: /home/moonly/fpv_ros2_workspace/install/fpv_msgs/include/fpv_msgs
-- Up-to-date: /home/moonly/fpv_ros2_workspace/install/fpv_msgs/include/fpv_msgs/msg
-- Up-to-date: /home/moonly/fpv_ros2_workspace/install/fpv_msgs/include/fpv_msgs/msg/detail
-- Installing: /home/moonly/fpv_ros2_workspace/install/fpv_msgs/include/fpv_msgs/msg/detail/moonly_fpv__type_support.cpp
-- Up-to-date: /home/moonly/fpv_ros2_workspace/install/fpv_msgs/include/fpv_msgs/msg/detail/temp__type_support.cpp
-- Installing: /home/moonly/fpv_ros2_workspace/install/fpv_msgs/include/fpv_msgs/msg/detail/temp_msg__rosidl_typesupport_introspection_cpp.hpp
-- Installing: /home/moonly/fpv_ros2_workspace/install/fpv_msgs/include/fpv_msgs/msg/detail/temp_msg__type_support.cpp
-- Up-to-date: /home/moonly/fpv_ros2_workspace/install/fpv_msgs/include/fpv_msgs/msg/detail/temp__rosidl_typesupport_introspection_cpp.hpp
-- Installing: /home/moonly/fpv_ros2_workspace/install/fpv_msgs/include/fpv_msgs/msg/detail/moonly_fpv__rosidl_typesupport_introspection_cpp.hpp
-- Installing: /home/moonly/fpv_ros2_workspace/install/fpv_msgs/lib/libfpv_msgs__rosidl_typesupport_introspection_cpp.so
-- Set runtime path of "/home/moonly/fpv_ros2_workspace/install/fpv_msgs/lib/libfpv_msgs__rosidl_typesupport_introspection_cpp.so" to ""
-- Installing: /home/moonly/fpv_ros2_workspace/install/fpv_msgs/lib/libfpv_msgs__rosidl_typesupport_cpp.so
-- Set runtime path of "/home/moonly/fpv_ros2_workspace/install/fpv_msgs/lib/libfpv_msgs__rosidl_typesupport_cpp.so" to ""
-- Up-to-date: /home/moonly/fpv_ros2_workspace/install/fpv_msgs/share/fpv_msgs/environment/pythonpath.sh
-- Installing: /home/moonly/fpv_ros2_workspace/install/fpv_msgs/share/fpv_msgs/environment/pythonpath.dsv
-- Installing: /home/moonly/fpv_ros2_workspace/install/fpv_msgs/lib/python3.8/site-packages/fpv_msgs/__init__.py
Compiling '/home/moonly/fpv_ros2_workspace/install/fpv_msgs/lib/python3.8/site-packages/fpv_msgs/__init__.py'...
-- Up-to-date: /home/moonly/fpv_ros2_workspace/install/fpv_msgs/lib/python3.8/site-packages/fpv_msgs/msg
-- Installing: /home/moonly/fpv_ros2_workspace/install/fpv_msgs/lib/python3.8/site-packages/fpv_msgs/msg/_moonly_fpv.py
-- Installing: /home/moonly/fpv_ros2_workspace/install/fpv_msgs/lib/python3.8/site-packages/fpv_msgs/msg/__init__.py
-- Installing: /home/moonly/fpv_ros2_workspace/install/fpv_msgs/lib/python3.8/site-packages/fpv_msgs/msg/_temp_msg_s.c
-- Up-to-date: /home/moonly/fpv_ros2_workspace/install/fpv_msgs/lib/python3.8/site-packages/fpv_msgs/msg/_temp_s.c
-- Installing: /home/moonly/fpv_ros2_workspace/install/fpv_msgs/lib/python3.8/site-packages/fpv_msgs/msg/_moonly_fpv_s.c
-- Installing: /home/moonly/fpv_ros2_workspace/install/fpv_msgs/lib/python3.8/site-packages/fpv_msgs/msg/_temp_msg.py
-- Up-to-date: /home/moonly/fpv_ros2_workspace/install/fpv_msgs/lib/python3.8/site-packages/fpv_msgs/msg/_temp.py
-- Installing: /home/moonly/fpv_ros2_workspace/install/fpv_msgs/lib/python3.8/site-packages/fpv_msgs/fpv_msgs_s__rosidl_typesupport_fastrtps_c.cpython-38-x86_64-linux-gnu.so
-- Set runtime path of "/home/moonly/fpv_ros2_workspace/install/fpv_msgs/lib/python3.8/site-packages/fpv_msgs/fpv_msgs_s__rosidl_typesupport_fastrtps_c.cpython-38-x86_64-linux-gnu.so" to ""
-- Installing: /home/moonly/fpv_ros2_workspace/install/fpv_msgs/lib/python3.8/site-packages/fpv_msgs/fpv_msgs_s__rosidl_typesupport_introspection_c.cpython-38-x86_64-linux-gnu.so
-- Set runtime path of "/home/moonly/fpv_ros2_workspace/install/fpv_msgs/lib/python3.8/site-packages/fpv_msgs/fpv_msgs_s__rosidl_typesupport_introspection_c.cpython-38-x86_64-linux-gnu.so" to ""
-- Installing: /home/moonly/fpv_ros2_workspace/install/fpv_msgs/lib/python3.8/site-packages/fpv_msgs/fpv_msgs_s__rosidl_typesupport_c.cpython-38-x86_64-linux-gnu.so
-- Set runtime path of "/home/moonly/fpv_ros2_workspace/install/fpv_msgs/lib/python3.8/site-packages/fpv_msgs/fpv_msgs_s__rosidl_typesupport_c.cpython-38-x86_64-linux-gnu.so" to ""
-- Installing: /home/moonly/fpv_ros2_workspace/install/fpv_msgs/lib/libfpv_msgs__python.so
-- Set runtime path of "/home/moonly/fpv_ros2_workspace/install/fpv_msgs/lib/libfpv_msgs__python.so" to ""
-- Up-to-date: /home/moonly/fpv_ros2_workspace/install/fpv_msgs/share/fpv_msgs/msg/MoonlyFpv.idl
-- Installing: /home/moonly/fpv_ros2_workspace/install/fpv_msgs/share/fpv_msgs/msg/TempMsg.idl
-- Up-to-date: /home/moonly/fpv_ros2_workspace/install/fpv_msgs/share/fpv_msgs/msg/MoonlyFpv.msg
-- Installing: /home/moonly/fpv_ros2_workspace/install/fpv_msgs/share/fpv_msgs/msg/TempMsg.msg
-- Up-to-date: /home/moonly/fpv_ros2_workspace/install/fpv_msgs/share/ament_index/resource_index/package_run_dependencies/fpv_msgs
-- Up-to-date: /home/moonly/fpv_ros2_workspace/install/fpv_msgs/share/ament_index/resource_index/parent_prefix_path/fpv_msgs
-- Up-to-date: /home/moonly/fpv_ros2_workspace/install/fpv_msgs/share/fpv_msgs/environment/ament_prefix_path.sh
-- Installing: /home/moonly/fpv_ros2_workspace/install/fpv_msgs/share/fpv_msgs/environment/ament_prefix_path.dsv
-- Up-to-date: /home/moonly/fpv_ros2_workspace/install/fpv_msgs/share/fpv_msgs/environment/path.sh
-- Installing: /home/moonly/fpv_ros2_workspace/install/fpv_msgs/share/fpv_msgs/environment/path.dsv
-- Up-to-date: /home/moonly/fpv_ros2_workspace/install/fpv_msgs/share/fpv_msgs/local_setup.bash
-- Up-to-date: /home/moonly/fpv_ros2_workspace/install/fpv_msgs/share/fpv_msgs/local_setup.sh
-- Up-to-date: /home/moonly/fpv_ros2_workspace/install/fpv_msgs/share/fpv_msgs/local_setup.zsh
-- Installing: /home/moonly/fpv_ros2_workspace/install/fpv_msgs/share/fpv_msgs/local_setup.dsv
-- Installing: /home/moonly/fpv_ros2_workspace/install/fpv_msgs/share/fpv_msgs/package.dsv
-- Up-to-date: /home/moonly/fpv_ros2_workspace/install/fpv_msgs/share/ament_index/resource_index/packages/fpv_msgs
-- Up-to-date: /home/moonly/fpv_ros2_workspace/install/fpv_msgs/share/fpv_msgs/cmake/fpv_msgs__rosidl_generator_cExport.cmake
-- Installing: /home/moonly/fpv_ros2_workspace/install/fpv_msgs/share/fpv_msgs/cmake/fpv_msgs__rosidl_generator_cExport-noconfig.cmake
-- Up-to-date: /home/moonly/fpv_ros2_workspace/install/fpv_msgs/share/fpv_msgs/cmake/fpv_msgs__rosidl_typesupport_introspection_cExport.cmake
-- Installing: /home/moonly/fpv_ros2_workspace/install/fpv_msgs/share/fpv_msgs/cmake/fpv_msgs__rosidl_typesupport_introspection_cExport-noconfig.cmake
-- Up-to-date: /home/moonly/fpv_ros2_workspace/install/fpv_msgs/share/fpv_msgs/cmake/fpv_msgs__rosidl_typesupport_cExport.cmake
-- Installing: /home/moonly/fpv_ros2_workspace/install/fpv_msgs/share/fpv_msgs/cmake/fpv_msgs__rosidl_typesupport_cExport-noconfig.cmake
-- Up-to-date: /home/moonly/fpv_ros2_workspace/install/fpv_msgs/share/fpv_msgs/cmake/fpv_msgs__rosidl_generator_cppExport.cmake
-- Up-to-date: /home/moonly/fpv_ros2_workspace/install/fpv_msgs/share/fpv_msgs/cmake/fpv_msgs__rosidl_typesupport_introspection_cppExport.cmake
-- Installing: /home/moonly/fpv_ros2_workspace/install/fpv_msgs/share/fpv_msgs/cmake/fpv_msgs__rosidl_typesupport_introspection_cppExport-noconfig.cmake
-- Up-to-date: /home/moonly/fpv_ros2_workspace/install/fpv_msgs/share/fpv_msgs/cmake/fpv_msgs__rosidl_typesupport_cppExport.cmake
-- Installing: /home/moonly/fpv_ros2_workspace/install/fpv_msgs/share/fpv_msgs/cmake/fpv_msgs__rosidl_typesupport_cppExport-noconfig.cmake
-- Installing: /home/moonly/fpv_ros2_workspace/install/fpv_msgs/share/fpv_msgs/cmake/rosidl_cmake-extras.cmake
-- Up-to-date: /home/moonly/fpv_ros2_workspace/install/fpv_msgs/share/fpv_msgs/cmake/ament_cmake_export_dependencies-extras.cmake
-- Up-to-date: /home/moonly/fpv_ros2_workspace/install/fpv_msgs/share/fpv_msgs/cmake/ament_cmake_export_libraries-extras.cmake
-- Up-to-date: /home/moonly/fpv_ros2_workspace/install/fpv_msgs/share/fpv_msgs/cmake/ament_cmake_export_targets-extras.cmake
-- Up-to-date: /home/moonly/fpv_ros2_workspace/install/fpv_msgs/share/fpv_msgs/cmake/ament_cmake_export_include_directories-extras.cmake
-- Up-to-date: /home/moonly/fpv_ros2_workspace/install/fpv_msgs/share/fpv_msgs/cmake/rosidl_cmake_export_typesupport_libraries-extras.cmake
-- Up-to-date: /home/moonly/fpv_ros2_workspace/install/fpv_msgs/share/fpv_msgs/cmake/rosidl_cmake_export_typesupport_targets-extras.cmake
-- Up-to-date: /home/moonly/fpv_ros2_workspace/install/fpv_msgs/share/fpv_msgs/cmake/fpv_msgsConfig.cmake
-- Up-to-date: /home/moonly/fpv_ros2_workspace/install/fpv_msgs/share/fpv_msgs/cmake/fpv_msgsConfig-version.cmake
-- Up-to-date: /home/moonly/fpv_ros2_workspace/install/fpv_msgs/share/fpv_msgs/package.xml
