[0.222s] [34mcolcon[0m [1;30mDEBUG[0m [32mCommand line arguments: ['/usr/bin/colcon', 'build'][0m
[0.222s] [34mcolcon[0m [1;30mDEBUG[0m [32mParsed command line arguments: Namespace(allow_overriding=[], ament_cmake_args=None, base_paths=['.'], build_base='build', catkin_cmake_args=None, catkin_skip_building_tests=False, cmake_args=None, cmake_clean_cache=False, cmake_clean_first=False, cmake_force_configure=False, cmake_target=None, cmake_target_skip_unavailable=False, continue_on_error=False, event_handlers=None, executor='parallel', ignore_user_meta=False, install_base='install', log_base=None, log_level=None, main=<bound method BuildVerb.main of <colcon_core.verb.build.BuildVerb object at 0x7f4bae0498b0>>, merge_install=False, metas=['./colcon.meta'], packages_above=None, packages_above_and_dependencies=None, packages_above_depth=None, packages_end=None, packages_ignore=None, packages_ignore_regex=None, packages_select=None, packages_select_build_failed=False, packages_select_by_dep=None, packages_select_regex=None, packages_select_test_failures=False, packages_skip=None, packages_skip_build_finished=False, packages_skip_by_dep=None, packages_skip_regex=None, packages_skip_test_passed=False, packages_skip_up_to=None, packages_start=None, packages_up_to=None, packages_up_to_regex=None, parallel_workers=8, paths=None, symlink_install=False, test_result_base=None, verb_extension=<colcon_core.verb.build.BuildVerb object at 0x7f4bae0498b0>, verb_name='build', verb_parser=<colcon_defaults.argument_parser.defaults.DefaultArgumentsDecorator object at 0x7f4badfe5790>)[0m
[0.260s] [34mcolcon.colcon_core.package_discovery[0m [1;30mLevel 1[0m discover_packages(colcon_meta) check parameters
[0.260s] [34mcolcon.colcon_core.package_discovery[0m [1;30mLevel 1[0m discover_packages(recursive) check parameters
[0.260s] [34mcolcon.colcon_core.package_discovery[0m [1;30mLevel 1[0m discover_packages(ignore) check parameters
[0.260s] [34mcolcon.colcon_core.package_discovery[0m [1;30mLevel 1[0m discover_packages(path) check parameters
[0.260s] [34mcolcon.colcon_core.package_discovery[0m [1;30mLevel 1[0m discover_packages(colcon_meta) discover
[0.260s] [34mcolcon.colcon_core.package_discovery[0m [1;30mLevel 1[0m discover_packages(recursive) discover
[0.260s] [34mcolcon.colcon_core.package_discovery[0m [1;30mINFO[0m Crawling recursively for packages in '/home/moonly/fpv_ros2_workspace'
[0.260s] [34mcolcon.colcon_core.package_identification[0m [1;30mLevel 1[0m _identify(.) by extensions ['ignore', 'ignore_ament_install']
[0.261s] [34mcolcon.colcon_core.package_identification[0m [1;30mLevel 1[0m _identify(.) by extension 'ignore'
[0.261s] [34mcolcon.colcon_core.package_identification[0m [1;30mLevel 1[0m _identify(.) by extension 'ignore_ament_install'
[0.261s] [34mcolcon.colcon_core.package_identification[0m [1;30mLevel 1[0m _identify(.) by extensions ['colcon_pkg']
[0.261s] [34mcolcon.colcon_core.package_identification[0m [1;30mLevel 1[0m _identify(.) by extension 'colcon_pkg'
[0.261s] [34mcolcon.colcon_core.package_identification[0m [1;30mLevel 1[0m _identify(.) by extensions ['colcon_meta']
[0.261s] [34mcolcon.colcon_core.package_identification[0m [1;30mLevel 1[0m _identify(.) by extension 'colcon_meta'
[0.261s] [34mcolcon.colcon_core.package_identification[0m [1;30mLevel 1[0m _identify(.) by extensions ['ros']
[0.261s] [34mcolcon.colcon_core.package_identification[0m [1;30mLevel 1[0m _identify(.) by extension 'ros'
[0.272s] [34mcolcon.colcon_core.package_identification[0m [1;30mLevel 1[0m _identify(.) by extensions ['cmake', 'python']
[0.272s] [34mcolcon.colcon_core.package_identification[0m [1;30mLevel 1[0m _identify(.) by extension 'cmake'
[0.272s] [34mcolcon.colcon_core.package_identification[0m [1;30mLevel 1[0m _identify(.) by extension 'python'
[0.272s] [34mcolcon.colcon_core.package_identification[0m [1;30mLevel 1[0m _identify(.) by extensions ['python_setup_py']
[0.273s] [34mcolcon.colcon_core.package_identification[0m [1;30mLevel 1[0m _identify(.) by extension 'python_setup_py'
[0.273s] [34mcolcon.colcon_core.package_identification[0m [1;30mLevel 1[0m _identify(build) by extensions ['ignore', 'ignore_ament_install']
[0.273s] [34mcolcon.colcon_core.package_identification[0m [1;30mLevel 1[0m _identify(build) by extension 'ignore'
[0.273s] [34mcolcon.colcon_core.package_identification[0m [1;30mLevel 1[0m _identify(build) ignored
[0.273s] [34mcolcon.colcon_core.package_identification[0m [1;30mLevel 1[0m _identify(install) by extensions ['ignore', 'ignore_ament_install']
[0.273s] [34mcolcon.colcon_core.package_identification[0m [1;30mLevel 1[0m _identify(install) by extension 'ignore'
[0.273s] [34mcolcon.colcon_core.package_identification[0m [1;30mLevel 1[0m _identify(install) ignored
[0.273s] [34mcolcon.colcon_core.package_identification[0m [1;30mLevel 1[0m _identify(log) by extensions ['ignore', 'ignore_ament_install']
[0.273s] [34mcolcon.colcon_core.package_identification[0m [1;30mLevel 1[0m _identify(log) by extension 'ignore'
[0.273s] [34mcolcon.colcon_core.package_identification[0m [1;30mLevel 1[0m _identify(log) ignored
[0.273s] [34mcolcon.colcon_core.package_identification[0m [1;30mLevel 1[0m _identify(src) by extensions ['ignore', 'ignore_ament_install']
[0.273s] [34mcolcon.colcon_core.package_identification[0m [1;30mLevel 1[0m _identify(src) by extension 'ignore'
[0.273s] [34mcolcon.colcon_core.package_identification[0m [1;30mLevel 1[0m _identify(src) by extension 'ignore_ament_install'
[0.273s] [34mcolcon.colcon_core.package_identification[0m [1;30mLevel 1[0m _identify(src) by extensions ['colcon_pkg']
[0.273s] [34mcolcon.colcon_core.package_identification[0m [1;30mLevel 1[0m _identify(src) by extension 'colcon_pkg'
[0.273s] [34mcolcon.colcon_core.package_identification[0m [1;30mLevel 1[0m _identify(src) by extensions ['colcon_meta']
[0.273s] [34mcolcon.colcon_core.package_identification[0m [1;30mLevel 1[0m _identify(src) by extension 'colcon_meta'
[0.273s] [34mcolcon.colcon_core.package_identification[0m [1;30mLevel 1[0m _identify(src) by extensions ['ros']
[0.273s] [34mcolcon.colcon_core.package_identification[0m [1;30mLevel 1[0m _identify(src) by extension 'ros'
[0.273s] [34mcolcon.colcon_core.package_identification[0m [1;30mLevel 1[0m _identify(src) by extensions ['cmake', 'python']
[0.273s] [34mcolcon.colcon_core.package_identification[0m [1;30mLevel 1[0m _identify(src) by extension 'cmake'
[0.273s] [34mcolcon.colcon_core.package_identification[0m [1;30mLevel 1[0m _identify(src) by extension 'python'
[0.274s] [34mcolcon.colcon_core.package_identification[0m [1;30mLevel 1[0m _identify(src) by extensions ['python_setup_py']
[0.274s] [34mcolcon.colcon_core.package_identification[0m [1;30mLevel 1[0m _identify(src) by extension 'python_setup_py'
[0.274s] [34mcolcon.colcon_core.package_identification[0m [1;30mLevel 1[0m _identify(src/auto_control) by extensions ['ignore', 'ignore_ament_install']
[0.274s] [34mcolcon.colcon_core.package_identification[0m [1;30mLevel 1[0m _identify(src/auto_control) by extension 'ignore'
[0.274s] [34mcolcon.colcon_core.package_identification[0m [1;30mLevel 1[0m _identify(src/auto_control) by extension 'ignore_ament_install'
[0.274s] [34mcolcon.colcon_core.package_identification[0m [1;30mLevel 1[0m _identify(src/auto_control) by extensions ['colcon_pkg']
[0.274s] [34mcolcon.colcon_core.package_identification[0m [1;30mLevel 1[0m _identify(src/auto_control) by extension 'colcon_pkg'
[0.274s] [34mcolcon.colcon_core.package_identification[0m [1;30mLevel 1[0m _identify(src/auto_control) by extensions ['colcon_meta']
[0.274s] [34mcolcon.colcon_core.package_identification[0m [1;30mLevel 1[0m _identify(src/auto_control) by extension 'colcon_meta'
[0.274s] [34mcolcon.colcon_core.package_identification[0m [1;30mLevel 1[0m _identify(src/auto_control) by extensions ['ros']
[0.274s] [34mcolcon.colcon_core.package_identification[0m [1;30mLevel 1[0m _identify(src/auto_control) by extension 'ros'
[0.276s] [34mcolcon.colcon_core.package_identification[0m [1;30mDEBUG[0m [32mPackage 'src/auto_control' with type 'ros.ament_cmake' and name 'auto_control'[0m
[0.276s] [34mcolcon.colcon_core.package_identification[0m [1;30mLevel 1[0m _identify(src/fpv_msgs) by extensions ['ignore', 'ignore_ament_install']
[0.276s] [34mcolcon.colcon_core.package_identification[0m [1;30mLevel 1[0m _identify(src/fpv_msgs) by extension 'ignore'
[0.276s] [34mcolcon.colcon_core.package_identification[0m [1;30mLevel 1[0m _identify(src/fpv_msgs) by extension 'ignore_ament_install'
[0.276s] [34mcolcon.colcon_core.package_identification[0m [1;30mLevel 1[0m _identify(src/fpv_msgs) by extensions ['colcon_pkg']
[0.276s] [34mcolcon.colcon_core.package_identification[0m [1;30mLevel 1[0m _identify(src/fpv_msgs) by extension 'colcon_pkg'
[0.276s] [34mcolcon.colcon_core.package_identification[0m [1;30mLevel 1[0m _identify(src/fpv_msgs) by extensions ['colcon_meta']
[0.276s] [34mcolcon.colcon_core.package_identification[0m [1;30mLevel 1[0m _identify(src/fpv_msgs) by extension 'colcon_meta'
[0.276s] [34mcolcon.colcon_core.package_identification[0m [1;30mLevel 1[0m _identify(src/fpv_msgs) by extensions ['ros']
[0.276s] [34mcolcon.colcon_core.package_identification[0m [1;30mLevel 1[0m _identify(src/fpv_msgs) by extension 'ros'
[0.277s] [34mcolcon.colcon_core.package_identification[0m [1;30mDEBUG[0m [32mPackage 'src/fpv_msgs' with type 'ros.ament_cmake' and name 'fpv_msgs'[0m
[0.277s] [34mcolcon.colcon_core.package_identification[0m [1;30mLevel 1[0m _identify(src/position_trans) by extensions ['ignore', 'ignore_ament_install']
[0.277s] [34mcolcon.colcon_core.package_identification[0m [1;30mLevel 1[0m _identify(src/position_trans) by extension 'ignore'
[0.277s] [34mcolcon.colcon_core.package_identification[0m [1;30mLevel 1[0m _identify(src/position_trans) by extension 'ignore_ament_install'
[0.277s] [34mcolcon.colcon_core.package_identification[0m [1;30mLevel 1[0m _identify(src/position_trans) by extensions ['colcon_pkg']
[0.277s] [34mcolcon.colcon_core.package_identification[0m [1;30mLevel 1[0m _identify(src/position_trans) by extension 'colcon_pkg'
[0.277s] [34mcolcon.colcon_core.package_identification[0m [1;30mLevel 1[0m _identify(src/position_trans) by extensions ['colcon_meta']
[0.277s] [34mcolcon.colcon_core.package_identification[0m [1;30mLevel 1[0m _identify(src/position_trans) by extension 'colcon_meta'
[0.277s] [34mcolcon.colcon_core.package_identification[0m [1;30mLevel 1[0m _identify(src/position_trans) by extensions ['ros']
[0.277s] [34mcolcon.colcon_core.package_identification[0m [1;30mLevel 1[0m _identify(src/position_trans) by extension 'ros'
[0.277s] [34mcolcon.colcon_core.package_identification[0m [1;30mDEBUG[0m [32mPackage 'src/position_trans' with type 'ros.ament_cmake' and name 'position_trans'[0m
[0.277s] [34mcolcon.colcon_core.package_identification[0m [1;30mLevel 1[0m _identify(src/pwm_trans) by extensions ['ignore', 'ignore_ament_install']
[0.277s] [34mcolcon.colcon_core.package_identification[0m [1;30mLevel 1[0m _identify(src/pwm_trans) by extension 'ignore'
[0.277s] [34mcolcon.colcon_core.package_identification[0m [1;30mLevel 1[0m _identify(src/pwm_trans) by extension 'ignore_ament_install'
[0.278s] [34mcolcon.colcon_core.package_identification[0m [1;30mLevel 1[0m _identify(src/pwm_trans) by extensions ['colcon_pkg']
[0.278s] [34mcolcon.colcon_core.package_identification[0m [1;30mLevel 1[0m _identify(src/pwm_trans) by extension 'colcon_pkg'
[0.278s] [34mcolcon.colcon_core.package_identification[0m [1;30mLevel 1[0m _identify(src/pwm_trans) by extensions ['colcon_meta']
[0.278s] [34mcolcon.colcon_core.package_identification[0m [1;30mLevel 1[0m _identify(src/pwm_trans) by extension 'colcon_meta'
[0.278s] [34mcolcon.colcon_core.package_identification[0m [1;30mLevel 1[0m _identify(src/pwm_trans) by extensions ['ros']
[0.278s] [34mcolcon.colcon_core.package_identification[0m [1;30mLevel 1[0m _identify(src/pwm_trans) by extension 'ros'
[0.278s] [34mcolcon.colcon_core.package_identification[0m [1;30mDEBUG[0m [32mPackage 'src/pwm_trans' with type 'ros.ament_cmake' and name 'pwm_trans'[0m
[0.278s] [34mcolcon.colcon_core.package_discovery[0m [1;30mLevel 1[0m discover_packages(recursive) using defaults
[0.278s] [34mcolcon.colcon_core.package_discovery[0m [1;30mLevel 1[0m discover_packages(ignore) discover
[0.278s] [34mcolcon.colcon_core.package_discovery[0m [1;30mLevel 1[0m discover_packages(ignore) using defaults
[0.278s] [34mcolcon.colcon_core.package_discovery[0m [1;30mLevel 1[0m discover_packages(path) discover
[0.278s] [34mcolcon.colcon_core.package_discovery[0m [1;30mLevel 1[0m discover_packages(path) using defaults
[0.292s] [34mcolcon.colcon_core.package_discovery[0m [1;30mLevel 1[0m discover_packages(prefix_path) check parameters
[0.292s] [34mcolcon.colcon_core.package_discovery[0m [1;30mLevel 1[0m discover_packages(prefix_path) discover
[0.293s] [34mcolcon.colcon_ros.prefix_path.ament[0m [1;30mWARNING[0m [33mThe path '/home/moonly/fpv_ros2_workspace/install/fpv_msgs' in the environment variable AMENT_PREFIX_PATH doesn't exist[0m
[0.293s] [34mcolcon.colcon_ros.prefix_path.catkin[0m [1;30mWARNING[0m [33mThe path '/home/moonly/fpv_ros2_workspace/install/fpv_msgs' in the environment variable CMAKE_PREFIX_PATH doesn't exist[0m
[0.294s] [34mcolcon.colcon_installed_package_information.package_discovery[0m [1;30mDEBUG[0m [32mFound 7 installed packages in /home/moonly/moonly_workspace/install[0m
[0.294s] [34mcolcon.colcon_installed_package_information.package_discovery[0m [1;30mDEBUG[0m [32mFound 5 installed packages in /home/moonly/px4_ros_com_ros2/install[0m
[0.295s] [34mcolcon.colcon_installed_package_information.package_discovery[0m [1;30mDEBUG[0m [32mFound 3 installed packages in /home/moonly/fpv_ros2_workspace/install[0m
[0.295s] [34mcolcon.colcon_installed_package_information.package_discovery[0m [1;30mDEBUG[0m [32mFound 264 installed packages in /opt/ros/foxy[0m
[0.297s] [34mcolcon.colcon_core.package_discovery[0m [1;30mLevel 1[0m discover_packages(prefix_path) using defaults
[0.333s] [34mcolcon.colcon_core.verb[0m [1;30mLevel 5[0m set package 'auto_control' build argument 'cmake_args' from command line to 'None'
[0.333s] [34mcolcon.colcon_core.verb[0m [1;30mLevel 5[0m set package 'auto_control' build argument 'cmake_target' from command line to 'None'
[0.333s] [34mcolcon.colcon_core.verb[0m [1;30mLevel 5[0m set package 'auto_control' build argument 'cmake_target_skip_unavailable' from command line to 'False'
[0.333s] [34mcolcon.colcon_core.verb[0m [1;30mLevel 5[0m set package 'auto_control' build argument 'cmake_clean_cache' from command line to 'False'
[0.333s] [34mcolcon.colcon_core.verb[0m [1;30mLevel 5[0m set package 'auto_control' build argument 'cmake_clean_first' from command line to 'False'
[0.333s] [34mcolcon.colcon_core.verb[0m [1;30mLevel 5[0m set package 'auto_control' build argument 'cmake_force_configure' from command line to 'False'
[0.333s] [34mcolcon.colcon_core.verb[0m [1;30mLevel 5[0m set package 'auto_control' build argument 'ament_cmake_args' from command line to 'None'
[0.333s] [34mcolcon.colcon_core.verb[0m [1;30mLevel 5[0m set package 'auto_control' build argument 'catkin_cmake_args' from command line to 'None'
[0.333s] [34mcolcon.colcon_core.verb[0m [1;30mLevel 5[0m set package 'auto_control' build argument 'catkin_skip_building_tests' from command line to 'False'
[0.333s] [34mcolcon.colcon_core.verb[0m [1;30mDEBUG[0m [32mBuilding package 'auto_control' with the following arguments: {'ament_cmake_args': None, 'build_base': '/home/moonly/fpv_ros2_workspace/build/auto_control', 'catkin_cmake_args': None, 'catkin_skip_building_tests': False, 'cmake_args': None, 'cmake_clean_cache': False, 'cmake_clean_first': False, 'cmake_force_configure': False, 'cmake_target': None, 'cmake_target_skip_unavailable': False, 'install_base': '/home/moonly/fpv_ros2_workspace/install/auto_control', 'merge_install': False, 'path': '/home/moonly/fpv_ros2_workspace/src/auto_control', 'symlink_install': False, 'test_result_base': None}[0m
[0.334s] [34mcolcon.colcon_core.verb[0m [1;30mLevel 5[0m set package 'fpv_msgs' build argument 'cmake_args' from command line to 'None'
[0.334s] [34mcolcon.colcon_core.verb[0m [1;30mLevel 5[0m set package 'fpv_msgs' build argument 'cmake_target' from command line to 'None'
[0.334s] [34mcolcon.colcon_core.verb[0m [1;30mLevel 5[0m set package 'fpv_msgs' build argument 'cmake_target_skip_unavailable' from command line to 'False'
[0.334s] [34mcolcon.colcon_core.verb[0m [1;30mLevel 5[0m set package 'fpv_msgs' build argument 'cmake_clean_cache' from command line to 'False'
[0.334s] [34mcolcon.colcon_core.verb[0m [1;30mLevel 5[0m set package 'fpv_msgs' build argument 'cmake_clean_first' from command line to 'False'
[0.334s] [34mcolcon.colcon_core.verb[0m [1;30mLevel 5[0m set package 'fpv_msgs' build argument 'cmake_force_configure' from command line to 'False'
[0.334s] [34mcolcon.colcon_core.verb[0m [1;30mLevel 5[0m set package 'fpv_msgs' build argument 'ament_cmake_args' from command line to 'None'
[0.334s] [34mcolcon.colcon_core.verb[0m [1;30mLevel 5[0m set package 'fpv_msgs' build argument 'catkin_cmake_args' from command line to 'None'
[0.334s] [34mcolcon.colcon_core.verb[0m [1;30mLevel 5[0m set package 'fpv_msgs' build argument 'catkin_skip_building_tests' from command line to 'False'
[0.334s] [34mcolcon.colcon_core.verb[0m [1;30mDEBUG[0m [32mBuilding package 'fpv_msgs' with the following arguments: {'ament_cmake_args': None, 'build_base': '/home/moonly/fpv_ros2_workspace/build/fpv_msgs', 'catkin_cmake_args': None, 'catkin_skip_building_tests': False, 'cmake_args': None, 'cmake_clean_cache': False, 'cmake_clean_first': False, 'cmake_force_configure': False, 'cmake_target': None, 'cmake_target_skip_unavailable': False, 'install_base': '/home/moonly/fpv_ros2_workspace/install/fpv_msgs', 'merge_install': False, 'path': '/home/moonly/fpv_ros2_workspace/src/fpv_msgs', 'symlink_install': False, 'test_result_base': None}[0m
[0.335s] [34mcolcon.colcon_core.verb[0m [1;30mLevel 5[0m set package 'position_trans' build argument 'cmake_args' from command line to 'None'
[0.335s] [34mcolcon.colcon_core.verb[0m [1;30mLevel 5[0m set package 'position_trans' build argument 'cmake_target' from command line to 'None'
[0.336s] [34mcolcon.colcon_core.verb[0m [1;30mLevel 5[0m set package 'position_trans' build argument 'cmake_target_skip_unavailable' from command line to 'False'
[0.336s] [34mcolcon.colcon_core.verb[0m [1;30mLevel 5[0m set package 'position_trans' build argument 'cmake_clean_cache' from command line to 'False'
[0.336s] [34mcolcon.colcon_core.verb[0m [1;30mLevel 5[0m set package 'position_trans' build argument 'cmake_clean_first' from command line to 'False'
[0.336s] [34mcolcon.colcon_core.verb[0m [1;30mLevel 5[0m set package 'position_trans' build argument 'cmake_force_configure' from command line to 'False'
[0.336s] [34mcolcon.colcon_core.verb[0m [1;30mLevel 5[0m set package 'position_trans' build argument 'ament_cmake_args' from command line to 'None'
[0.336s] [34mcolcon.colcon_core.verb[0m [1;30mLevel 5[0m set package 'position_trans' build argument 'catkin_cmake_args' from command line to 'None'
[0.336s] [34mcolcon.colcon_core.verb[0m [1;30mLevel 5[0m set package 'position_trans' build argument 'catkin_skip_building_tests' from command line to 'False'
[0.336s] [34mcolcon.colcon_core.verb[0m [1;30mDEBUG[0m [32mBuilding package 'position_trans' with the following arguments: {'ament_cmake_args': None, 'build_base': '/home/moonly/fpv_ros2_workspace/build/position_trans', 'catkin_cmake_args': None, 'catkin_skip_building_tests': False, 'cmake_args': None, 'cmake_clean_cache': False, 'cmake_clean_first': False, 'cmake_force_configure': False, 'cmake_target': None, 'cmake_target_skip_unavailable': False, 'install_base': '/home/moonly/fpv_ros2_workspace/install/position_trans', 'merge_install': False, 'path': '/home/moonly/fpv_ros2_workspace/src/position_trans', 'symlink_install': False, 'test_result_base': None}[0m
[0.336s] [34mcolcon.colcon_core.verb[0m [1;30mLevel 5[0m set package 'pwm_trans' build argument 'cmake_args' from command line to 'None'
[0.337s] [34mcolcon.colcon_core.verb[0m [1;30mLevel 5[0m set package 'pwm_trans' build argument 'cmake_target' from command line to 'None'
[0.337s] [34mcolcon.colcon_core.verb[0m [1;30mLevel 5[0m set package 'pwm_trans' build argument 'cmake_target_skip_unavailable' from command line to 'False'
[0.337s] [34mcolcon.colcon_core.verb[0m [1;30mLevel 5[0m set package 'pwm_trans' build argument 'cmake_clean_cache' from command line to 'False'
[0.337s] [34mcolcon.colcon_core.verb[0m [1;30mLevel 5[0m set package 'pwm_trans' build argument 'cmake_clean_first' from command line to 'False'
[0.337s] [34mcolcon.colcon_core.verb[0m [1;30mLevel 5[0m set package 'pwm_trans' build argument 'cmake_force_configure' from command line to 'False'
[0.337s] [34mcolcon.colcon_core.verb[0m [1;30mLevel 5[0m set package 'pwm_trans' build argument 'ament_cmake_args' from command line to 'None'
[0.337s] [34mcolcon.colcon_core.verb[0m [1;30mLevel 5[0m set package 'pwm_trans' build argument 'catkin_cmake_args' from command line to 'None'
[0.337s] [34mcolcon.colcon_core.verb[0m [1;30mLevel 5[0m set package 'pwm_trans' build argument 'catkin_skip_building_tests' from command line to 'False'
[0.337s] [34mcolcon.colcon_core.verb[0m [1;30mDEBUG[0m [32mBuilding package 'pwm_trans' with the following arguments: {'ament_cmake_args': None, 'build_base': '/home/moonly/fpv_ros2_workspace/build/pwm_trans', 'catkin_cmake_args': None, 'catkin_skip_building_tests': False, 'cmake_args': None, 'cmake_clean_cache': False, 'cmake_clean_first': False, 'cmake_force_configure': False, 'cmake_target': None, 'cmake_target_skip_unavailable': False, 'install_base': '/home/moonly/fpv_ros2_workspace/install/pwm_trans', 'merge_install': False, 'path': '/home/moonly/fpv_ros2_workspace/src/pwm_trans', 'symlink_install': False, 'test_result_base': None}[0m
[0.337s] [34mcolcon.colcon_core.executor[0m [1;30mINFO[0m Executing jobs using 'parallel' executor
[0.338s] [34mcolcon.colcon_parallel_executor.executor.parallel[0m [1;30mDEBUG[0m [32mrun_until_complete[0m
[0.339s] [34mcolcon.colcon_ros.task.ament_cmake.build[0m [1;30mINFO[0m Building ROS package in '/home/moonly/fpv_ros2_workspace/src/auto_control' with build type 'ament_cmake'
[0.339s] [34mcolcon.colcon_cmake.task.cmake.build[0m [1;30mINFO[0m Building CMake package in '/home/moonly/fpv_ros2_workspace/src/auto_control'
[0.340s] [34mcolcon.colcon_core.plugin_system[0m [1;30mINFO[0m Skipping extension 'colcon_core.shell.bat': Not used on non-Windows systems
[0.341s] [34mcolcon.colcon_core.shell[0m [1;30mINFO[0m Skip shell extension 'powershell' for command environment: Not usable outside of PowerShell
[0.341s] [34mcolcon.colcon_core.shell[0m [1;30mDEBUG[0m [32mSkip shell extension 'dsv' for command environment[0m
[0.345s] [34mcolcon.colcon_ros.task.ament_cmake.build[0m [1;30mINFO[0m Building ROS package in '/home/moonly/fpv_ros2_workspace/src/fpv_msgs' with build type 'ament_cmake'
[0.346s] [34mcolcon.colcon_cmake.task.cmake.build[0m [1;30mINFO[0m Building CMake package in '/home/moonly/fpv_ros2_workspace/src/fpv_msgs'
[0.347s] [34mcolcon.colcon_core.shell[0m [1;30mINFO[0m Skip shell extension 'powershell' for command environment: Not usable outside of PowerShell
[0.347s] [34mcolcon.colcon_core.shell[0m [1;30mDEBUG[0m [32mSkip shell extension 'dsv' for command environment[0m
[0.356s] [34mcolcon.colcon_ros.task.ament_cmake.build[0m [1;30mINFO[0m Building ROS package in '/home/moonly/fpv_ros2_workspace/src/position_trans' with build type 'ament_cmake'
[0.357s] [34mcolcon.colcon_cmake.task.cmake.build[0m [1;30mINFO[0m Building CMake package in '/home/moonly/fpv_ros2_workspace/src/position_trans'
[0.357s] [34mcolcon.colcon_core.shell[0m [1;30mINFO[0m Skip shell extension 'powershell' for command environment: Not usable outside of PowerShell
[0.358s] [34mcolcon.colcon_core.shell[0m [1;30mDEBUG[0m [32mSkip shell extension 'dsv' for command environment[0m
[0.363s] [34mcolcon.colcon_ros.task.ament_cmake.build[0m [1;30mINFO[0m Building ROS package in '/home/moonly/fpv_ros2_workspace/src/pwm_trans' with build type 'ament_cmake'
[0.364s] [34mcolcon.colcon_cmake.task.cmake.build[0m [1;30mINFO[0m Building CMake package in '/home/moonly/fpv_ros2_workspace/src/pwm_trans'
[0.365s] [34mcolcon.colcon_core.shell[0m [1;30mINFO[0m Skip shell extension 'powershell' for command environment: Not usable outside of PowerShell
[0.366s] [34mcolcon.colcon_core.shell[0m [1;30mDEBUG[0m [32mSkip shell extension 'dsv' for command environment[0m
[0.389s] [34mcolcon.colcon_core.event_handler.log_command[0m [1;30mDEBUG[0m [32mInvoking command in '/home/moonly/fpv_ros2_workspace/build/auto_control': CMAKE_PREFIX_PATH=${CMAKE_PREFIX_PATH}:/opt/ros/foxy _=/usr/bin/env /usr/bin/cmake /home/moonly/fpv_ros2_workspace/src/auto_control -DCMAKE_INSTALL_PREFIX=/home/moonly/fpv_ros2_workspace/install/auto_control[0m
[0.412s] [34mcolcon.colcon_core.event_handler.log_command[0m [1;30mDEBUG[0m [32mInvoking command in '/home/moonly/fpv_ros2_workspace/build/fpv_msgs': CMAKE_PREFIX_PATH=${CMAKE_PREFIX_PATH}:/opt/ros/foxy _=/usr/bin/env /usr/bin/cmake --build /home/moonly/fpv_ros2_workspace/build/fpv_msgs -- -j8 -l8[0m
[0.425s] [34mcolcon.colcon_core.event_handler.log_command[0m [1;30mDEBUG[0m [32mInvoking command in '/home/moonly/fpv_ros2_workspace/build/position_trans': CMAKE_PREFIX_PATH=${CMAKE_PREFIX_PATH}:/opt/ros/foxy _=/usr/bin/env /usr/bin/cmake --build /home/moonly/fpv_ros2_workspace/build/position_trans -- -j8 -l8[0m
[0.508s] [34mcolcon.colcon_core.event_handler.log_command[0m [1;30mDEBUG[0m [32mInvoking command in '/home/moonly/fpv_ros2_workspace/build/pwm_trans': CMAKE_PREFIX_PATH=${CMAKE_PREFIX_PATH}:/opt/ros/foxy _=/usr/bin/env /usr/bin/cmake --build /home/moonly/fpv_ros2_workspace/build/pwm_trans -- -j8 -l8[0m
[0.515s] [34mcolcon.colcon_core.event_handler.log_command[0m [1;30mDEBUG[0m [32mInvoked command in '/home/moonly/fpv_ros2_workspace/build/position_trans' returned '0': CMAKE_PREFIX_PATH=${CMAKE_PREFIX_PATH}:/opt/ros/foxy _=/usr/bin/env /usr/bin/cmake --build /home/moonly/fpv_ros2_workspace/build/position_trans -- -j8 -l8[0m
[0.577s] [34mcolcon.colcon_core.event_handler.log_command[0m [1;30mDEBUG[0m [32mInvoking command in '/home/moonly/fpv_ros2_workspace/build/position_trans': CMAKE_PREFIX_PATH=${CMAKE_PREFIX_PATH}:/opt/ros/foxy _=/usr/bin/env /usr/bin/cmake --install /home/moonly/fpv_ros2_workspace/build/position_trans[0m
[0.579s] [34mcolcon.colcon_core.event_handler.log_command[0m [1;30mDEBUG[0m [32mInvoked command in '/home/moonly/fpv_ros2_workspace/build/pwm_trans' returned '0': CMAKE_PREFIX_PATH=${CMAKE_PREFIX_PATH}:/opt/ros/foxy _=/usr/bin/env /usr/bin/cmake --build /home/moonly/fpv_ros2_workspace/build/pwm_trans -- -j8 -l8[0m
[0.590s] [34mcolcon.colcon_core.environment[0m [1;30mLevel 1[0m create_environment_scripts_only(position_trans)
[0.591s] [34mcolcon.colcon_core.event_handler.log_command[0m [1;30mDEBUG[0m [32mInvoked command in '/home/moonly/fpv_ros2_workspace/build/position_trans' returned '0': CMAKE_PREFIX_PATH=${CMAKE_PREFIX_PATH}:/opt/ros/foxy _=/usr/bin/env /usr/bin/cmake --install /home/moonly/fpv_ros2_workspace/build/position_trans[0m
[0.594s] [34mcolcon.colcon_core.environment[0m [1;30mLevel 1[0m checking '/home/moonly/fpv_ros2_workspace/install/position_trans' for CMake module files
[0.594s] [34mcolcon.colcon_core.environment[0m [1;30mLevel 1[0m checking '/home/moonly/fpv_ros2_workspace/install/position_trans' for CMake config files
[0.594s] [34mcolcon.colcon_core.shell[0m [1;30mLevel 1[0m create_environment_hook('position_trans', 'cmake_prefix_path')
[0.594s] [34mcolcon.colcon_core.shell[0m [1;30mINFO[0m Creating environment hook '/home/moonly/fpv_ros2_workspace/install/position_trans/share/position_trans/hook/cmake_prefix_path.ps1'
[0.595s] [34mcolcon.colcon_core.shell[0m [1;30mINFO[0m Creating environment descriptor '/home/moonly/fpv_ros2_workspace/install/position_trans/share/position_trans/hook/cmake_prefix_path.dsv'
[0.596s] [34mcolcon.colcon_core.shell[0m [1;30mINFO[0m Creating environment hook '/home/moonly/fpv_ros2_workspace/install/position_trans/share/position_trans/hook/cmake_prefix_path.sh'
[0.598s] [34mcolcon.colcon_core.environment[0m [1;30mLevel 1[0m checking '/home/moonly/fpv_ros2_workspace/install/position_trans/bin'
[0.599s] [34mcolcon.colcon_core.environment[0m [1;30mLevel 1[0m checking '/home/moonly/fpv_ros2_workspace/install/position_trans/lib/pkgconfig/position_trans.pc'
[0.600s] [34mcolcon.colcon_core.environment[0m [1;30mLevel 1[0m checking '/home/moonly/fpv_ros2_workspace/install/position_trans/lib/python3.8/site-packages'
[0.600s] [34mcolcon.colcon_core.environment[0m [1;30mLevel 1[0m checking '/home/moonly/fpv_ros2_workspace/install/position_trans/bin'
[0.600s] [34mcolcon.colcon_core.shell[0m [1;30mINFO[0m Creating package script '/home/moonly/fpv_ros2_workspace/install/position_trans/share/position_trans/package.ps1'
[0.602s] [34mcolcon.colcon_core.shell[0m [1;30mINFO[0m Creating package descriptor '/home/moonly/fpv_ros2_workspace/install/position_trans/share/position_trans/package.dsv'
[0.602s] [34mcolcon.colcon_core.shell[0m [1;30mINFO[0m Creating package script '/home/moonly/fpv_ros2_workspace/install/position_trans/share/position_trans/package.sh'
[0.605s] [34mcolcon.colcon_core.shell[0m [1;30mINFO[0m Creating package script '/home/moonly/fpv_ros2_workspace/install/position_trans/share/position_trans/package.bash'
[0.606s] [34mcolcon.colcon_core.shell[0m [1;30mINFO[0m Creating package script '/home/moonly/fpv_ros2_workspace/install/position_trans/share/position_trans/package.zsh'
[0.607s] [34mcolcon.colcon_core.environment[0m [1;30mLevel 1[0m create_file_with_runtime_dependencies(/home/moonly/fpv_ros2_workspace/install/position_trans/share/colcon-core/packages/position_trans)
[0.623s] [34mcolcon.colcon_core.event_handler.log_command[0m [1;30mDEBUG[0m [32mInvoking command in '/home/moonly/fpv_ros2_workspace/build/pwm_trans': CMAKE_PREFIX_PATH=${CMAKE_PREFIX_PATH}:/opt/ros/foxy _=/usr/bin/env /usr/bin/cmake --install /home/moonly/fpv_ros2_workspace/build/pwm_trans[0m
[0.639s] [34mcolcon.colcon_core.environment[0m [1;30mLevel 1[0m create_environment_scripts_only(pwm_trans)
[0.640s] [34mcolcon.colcon_core.environment[0m [1;30mLevel 1[0m checking '/home/moonly/fpv_ros2_workspace/install/pwm_trans' for CMake module files
[0.650s] [34mcolcon.colcon_core.event_handler.log_command[0m [1;30mDEBUG[0m [32mInvoked command in '/home/moonly/fpv_ros2_workspace/build/pwm_trans' returned '0': CMAKE_PREFIX_PATH=${CMAKE_PREFIX_PATH}:/opt/ros/foxy _=/usr/bin/env /usr/bin/cmake --install /home/moonly/fpv_ros2_workspace/build/pwm_trans[0m
[0.653s] [34mcolcon.colcon_core.environment[0m [1;30mLevel 1[0m checking '/home/moonly/fpv_ros2_workspace/install/pwm_trans' for CMake config files
[0.656s] [34mcolcon.colcon_core.shell[0m [1;30mLevel 1[0m create_environment_hook('pwm_trans', 'cmake_prefix_path')
[0.657s] [34mcolcon.colcon_core.shell[0m [1;30mINFO[0m Creating environment hook '/home/moonly/fpv_ros2_workspace/install/pwm_trans/share/pwm_trans/hook/cmake_prefix_path.ps1'
[0.658s] [34mcolcon.colcon_core.shell[0m [1;30mINFO[0m Creating environment descriptor '/home/moonly/fpv_ros2_workspace/install/pwm_trans/share/pwm_trans/hook/cmake_prefix_path.dsv'
[0.658s] [34mcolcon.colcon_core.shell[0m [1;30mINFO[0m Creating environment hook '/home/moonly/fpv_ros2_workspace/install/pwm_trans/share/pwm_trans/hook/cmake_prefix_path.sh'
[0.660s] [34mcolcon.colcon_core.environment[0m [1;30mLevel 1[0m checking '/home/moonly/fpv_ros2_workspace/install/pwm_trans/bin'
[0.660s] [34mcolcon.colcon_core.environment[0m [1;30mLevel 1[0m checking '/home/moonly/fpv_ros2_workspace/install/pwm_trans/lib/pkgconfig/pwm_trans.pc'
[0.660s] [34mcolcon.colcon_core.environment[0m [1;30mLevel 1[0m checking '/home/moonly/fpv_ros2_workspace/install/pwm_trans/lib/python3.8/site-packages'
[0.660s] [34mcolcon.colcon_core.environment[0m [1;30mLevel 1[0m checking '/home/moonly/fpv_ros2_workspace/install/pwm_trans/bin'
[0.660s] [34mcolcon.colcon_core.shell[0m [1;30mINFO[0m Creating package script '/home/moonly/fpv_ros2_workspace/install/pwm_trans/share/pwm_trans/package.ps1'
[0.661s] [34mcolcon.colcon_core.shell[0m [1;30mINFO[0m Creating package descriptor '/home/moonly/fpv_ros2_workspace/install/pwm_trans/share/pwm_trans/package.dsv'
[0.661s] [34mcolcon.colcon_core.shell[0m [1;30mINFO[0m Creating package script '/home/moonly/fpv_ros2_workspace/install/pwm_trans/share/pwm_trans/package.sh'
[0.661s] [34mcolcon.colcon_core.shell[0m [1;30mINFO[0m Creating package script '/home/moonly/fpv_ros2_workspace/install/pwm_trans/share/pwm_trans/package.bash'
[0.661s] [34mcolcon.colcon_core.shell[0m [1;30mINFO[0m Creating package script '/home/moonly/fpv_ros2_workspace/install/pwm_trans/share/pwm_trans/package.zsh'
[0.661s] [34mcolcon.colcon_core.environment[0m [1;30mLevel 1[0m create_file_with_runtime_dependencies(/home/moonly/fpv_ros2_workspace/install/pwm_trans/share/colcon-core/packages/pwm_trans)
[0.665s] [34mcolcon.colcon_core.environment[0m [1;30mLevel 1[0m create_environment_scripts_only(position_trans)
[0.665s] [34mcolcon.colcon_core.environment[0m [1;30mLevel 1[0m checking '/home/moonly/fpv_ros2_workspace/install/position_trans' for CMake module files
[0.666s] [34mcolcon.colcon_core.environment[0m [1;30mLevel 1[0m checking '/home/moonly/fpv_ros2_workspace/install/position_trans' for CMake config files
[0.666s] [34mcolcon.colcon_core.shell[0m [1;30mLevel 1[0m create_environment_hook('position_trans', 'cmake_prefix_path')
[0.666s] [34mcolcon.colcon_core.shell[0m [1;30mINFO[0m Creating environment hook '/home/moonly/fpv_ros2_workspace/install/position_trans/share/position_trans/hook/cmake_prefix_path.ps1'
[0.667s] [34mcolcon.colcon_core.shell[0m [1;30mINFO[0m Creating environment descriptor '/home/moonly/fpv_ros2_workspace/install/position_trans/share/position_trans/hook/cmake_prefix_path.dsv'
[0.667s] [34mcolcon.colcon_core.shell[0m [1;30mINFO[0m Creating environment hook '/home/moonly/fpv_ros2_workspace/install/position_trans/share/position_trans/hook/cmake_prefix_path.sh'
[0.668s] [34mcolcon.colcon_core.environment[0m [1;30mLevel 1[0m checking '/home/moonly/fpv_ros2_workspace/install/position_trans/bin'
[0.668s] [34mcolcon.colcon_core.environment[0m [1;30mLevel 1[0m checking '/home/moonly/fpv_ros2_workspace/install/position_trans/lib/pkgconfig/position_trans.pc'
[0.668s] [34mcolcon.colcon_core.environment[0m [1;30mLevel 1[0m checking '/home/moonly/fpv_ros2_workspace/install/position_trans/lib/python3.8/site-packages'
[0.669s] [34mcolcon.colcon_core.environment[0m [1;30mLevel 1[0m checking '/home/moonly/fpv_ros2_workspace/install/position_trans/bin'
[0.669s] [34mcolcon.colcon_core.shell[0m [1;30mINFO[0m Creating package script '/home/moonly/fpv_ros2_workspace/install/position_trans/share/position_trans/package.ps1'
[0.671s] [34mcolcon.colcon_core.shell[0m [1;30mINFO[0m Creating package descriptor '/home/moonly/fpv_ros2_workspace/install/position_trans/share/position_trans/package.dsv'
[0.671s] [34mcolcon.colcon_core.shell[0m [1;30mINFO[0m Creating package script '/home/moonly/fpv_ros2_workspace/install/position_trans/share/position_trans/package.sh'
[0.672s] [34mcolcon.colcon_core.shell[0m [1;30mINFO[0m Creating package script '/home/moonly/fpv_ros2_workspace/install/position_trans/share/position_trans/package.bash'
[0.672s] [34mcolcon.colcon_core.shell[0m [1;30mINFO[0m Creating package script '/home/moonly/fpv_ros2_workspace/install/position_trans/share/position_trans/package.zsh'
[0.673s] [34mcolcon.colcon_core.environment[0m [1;30mLevel 1[0m create_file_with_runtime_dependencies(/home/moonly/fpv_ros2_workspace/install/position_trans/share/colcon-core/packages/position_trans)
[0.687s] [34mcolcon.colcon_core.environment[0m [1;30mLevel 1[0m create_environment_scripts_only(pwm_trans)
[0.688s] [34mcolcon.colcon_core.environment[0m [1;30mLevel 1[0m checking '/home/moonly/fpv_ros2_workspace/install/pwm_trans' for CMake module files
[0.688s] [34mcolcon.colcon_core.environment[0m [1;30mLevel 1[0m checking '/home/moonly/fpv_ros2_workspace/install/pwm_trans' for CMake config files
[0.689s] [34mcolcon.colcon_core.shell[0m [1;30mLevel 1[0m create_environment_hook('pwm_trans', 'cmake_prefix_path')
[0.689s] [34mcolcon.colcon_core.shell[0m [1;30mINFO[0m Creating environment hook '/home/moonly/fpv_ros2_workspace/install/pwm_trans/share/pwm_trans/hook/cmake_prefix_path.ps1'
[0.690s] [34mcolcon.colcon_core.shell[0m [1;30mINFO[0m Creating environment descriptor '/home/moonly/fpv_ros2_workspace/install/pwm_trans/share/pwm_trans/hook/cmake_prefix_path.dsv'
[0.690s] [34mcolcon.colcon_core.shell[0m [1;30mINFO[0m Creating environment hook '/home/moonly/fpv_ros2_workspace/install/pwm_trans/share/pwm_trans/hook/cmake_prefix_path.sh'
[0.691s] [34mcolcon.colcon_core.environment[0m [1;30mLevel 1[0m checking '/home/moonly/fpv_ros2_workspace/install/pwm_trans/bin'
[0.691s] [34mcolcon.colcon_core.environment[0m [1;30mLevel 1[0m checking '/home/moonly/fpv_ros2_workspace/install/pwm_trans/lib/pkgconfig/pwm_trans.pc'
[0.691s] [34mcolcon.colcon_core.environment[0m [1;30mLevel 1[0m checking '/home/moonly/fpv_ros2_workspace/install/pwm_trans/lib/python3.8/site-packages'
[0.691s] [34mcolcon.colcon_core.environment[0m [1;30mLevel 1[0m checking '/home/moonly/fpv_ros2_workspace/install/pwm_trans/bin'
[0.692s] [34mcolcon.colcon_core.shell[0m [1;30mINFO[0m Creating package script '/home/moonly/fpv_ros2_workspace/install/pwm_trans/share/pwm_trans/package.ps1'
[0.693s] [34mcolcon.colcon_core.shell[0m [1;30mINFO[0m Creating package descriptor '/home/moonly/fpv_ros2_workspace/install/pwm_trans/share/pwm_trans/package.dsv'
[0.693s] [34mcolcon.colcon_core.shell[0m [1;30mINFO[0m Creating package script '/home/moonly/fpv_ros2_workspace/install/pwm_trans/share/pwm_trans/package.sh'
[0.694s] [34mcolcon.colcon_core.shell[0m [1;30mINFO[0m Creating package script '/home/moonly/fpv_ros2_workspace/install/pwm_trans/share/pwm_trans/package.bash'
[0.694s] [34mcolcon.colcon_core.shell[0m [1;30mINFO[0m Creating package script '/home/moonly/fpv_ros2_workspace/install/pwm_trans/share/pwm_trans/package.zsh'
[0.694s] [34mcolcon.colcon_core.environment[0m [1;30mLevel 1[0m create_file_with_runtime_dependencies(/home/moonly/fpv_ros2_workspace/install/pwm_trans/share/colcon-core/packages/pwm_trans)
[0.777s] [34mcolcon.colcon_core.event_handler.log_command[0m [1;30mDEBUG[0m [32mInvoked command in '/home/moonly/fpv_ros2_workspace/build/fpv_msgs' returned '0': CMAKE_PREFIX_PATH=${CMAKE_PREFIX_PATH}:/opt/ros/foxy _=/usr/bin/env /usr/bin/cmake --build /home/moonly/fpv_ros2_workspace/build/fpv_msgs -- -j8 -l8[0m
[0.865s] [34mcolcon.colcon_core.event_handler.log_command[0m [1;30mDEBUG[0m [32mInvoking command in '/home/moonly/fpv_ros2_workspace/build/fpv_msgs': CMAKE_PREFIX_PATH=${CMAKE_PREFIX_PATH}:/opt/ros/foxy _=/usr/bin/env /usr/bin/cmake --install /home/moonly/fpv_ros2_workspace/build/fpv_msgs[0m
[0.919s] [34mcolcon.colcon_core.environment[0m [1;30mLevel 1[0m create_environment_scripts_only(fpv_msgs)
[0.920s] [34mcolcon.colcon_core.environment[0m [1;30mLevel 1[0m checking '/home/moonly/fpv_ros2_workspace/install/fpv_msgs' for CMake module files
[0.921s] [34mcolcon.colcon_core.event_handler.log_command[0m [1;30mDEBUG[0m [32mInvoked command in '/home/moonly/fpv_ros2_workspace/build/fpv_msgs' returned '0': CMAKE_PREFIX_PATH=${CMAKE_PREFIX_PATH}:/opt/ros/foxy _=/usr/bin/env /usr/bin/cmake --install /home/moonly/fpv_ros2_workspace/build/fpv_msgs[0m
[0.921s] [34mcolcon.colcon_core.environment[0m [1;30mLevel 1[0m checking '/home/moonly/fpv_ros2_workspace/install/fpv_msgs' for CMake config files
[0.922s] [34mcolcon.colcon_core.shell[0m [1;30mLevel 1[0m create_environment_hook('fpv_msgs', 'cmake_prefix_path')
[0.922s] [34mcolcon.colcon_core.shell[0m [1;30mINFO[0m Creating environment hook '/home/moonly/fpv_ros2_workspace/install/fpv_msgs/share/fpv_msgs/hook/cmake_prefix_path.ps1'
[0.923s] [34mcolcon.colcon_core.shell[0m [1;30mINFO[0m Creating environment descriptor '/home/moonly/fpv_ros2_workspace/install/fpv_msgs/share/fpv_msgs/hook/cmake_prefix_path.dsv'
[0.923s] [34mcolcon.colcon_core.shell[0m [1;30mINFO[0m Creating environment hook '/home/moonly/fpv_ros2_workspace/install/fpv_msgs/share/fpv_msgs/hook/cmake_prefix_path.sh'
[0.924s] [34mcolcon.colcon_core.environment[0m [1;30mLevel 1[0m checking '/home/moonly/fpv_ros2_workspace/install/fpv_msgs/lib'
[0.924s] [34mcolcon.colcon_core.shell[0m [1;30mLevel 1[0m create_environment_hook('fpv_msgs', 'ld_library_path_lib')
[0.925s] [34mcolcon.colcon_core.shell[0m [1;30mINFO[0m Creating environment hook '/home/moonly/fpv_ros2_workspace/install/fpv_msgs/share/fpv_msgs/hook/ld_library_path_lib.ps1'
[0.925s] [34mcolcon.colcon_core.shell[0m [1;30mINFO[0m Creating environment descriptor '/home/moonly/fpv_ros2_workspace/install/fpv_msgs/share/fpv_msgs/hook/ld_library_path_lib.dsv'
[0.925s] [34mcolcon.colcon_core.shell[0m [1;30mINFO[0m Creating environment hook '/home/moonly/fpv_ros2_workspace/install/fpv_msgs/share/fpv_msgs/hook/ld_library_path_lib.sh'
[0.925s] [34mcolcon.colcon_core.environment[0m [1;30mLevel 1[0m checking '/home/moonly/fpv_ros2_workspace/install/fpv_msgs/bin'
[0.926s] [34mcolcon.colcon_core.environment[0m [1;30mLevel 1[0m checking '/home/moonly/fpv_ros2_workspace/install/fpv_msgs/lib/pkgconfig/fpv_msgs.pc'
[0.926s] [34mcolcon.colcon_core.environment[0m [1;30mLevel 1[0m checking '/home/moonly/fpv_ros2_workspace/install/fpv_msgs/lib/python3.8/site-packages'
[0.926s] [34mcolcon.colcon_core.shell[0m [1;30mLevel 1[0m create_environment_hook('fpv_msgs', 'pythonpath')
[0.926s] [34mcolcon.colcon_core.shell[0m [1;30mINFO[0m Creating environment hook '/home/moonly/fpv_ros2_workspace/install/fpv_msgs/share/fpv_msgs/hook/pythonpath.ps1'
[0.926s] [34mcolcon.colcon_core.shell[0m [1;30mINFO[0m Creating environment descriptor '/home/moonly/fpv_ros2_workspace/install/fpv_msgs/share/fpv_msgs/hook/pythonpath.dsv'
[0.927s] [34mcolcon.colcon_core.shell[0m [1;30mINFO[0m Creating environment hook '/home/moonly/fpv_ros2_workspace/install/fpv_msgs/share/fpv_msgs/hook/pythonpath.sh'
[0.927s] [34mcolcon.colcon_core.environment[0m [1;30mLevel 1[0m checking '/home/moonly/fpv_ros2_workspace/install/fpv_msgs/bin'
[0.928s] [34mcolcon.colcon_core.shell[0m [1;30mINFO[0m Creating package script '/home/moonly/fpv_ros2_workspace/install/fpv_msgs/share/fpv_msgs/package.ps1'
[0.929s] [34mcolcon.colcon_core.shell[0m [1;30mINFO[0m Creating package descriptor '/home/moonly/fpv_ros2_workspace/install/fpv_msgs/share/fpv_msgs/package.dsv'
[0.929s] [34mcolcon.colcon_core.shell[0m [1;30mINFO[0m Creating package script '/home/moonly/fpv_ros2_workspace/install/fpv_msgs/share/fpv_msgs/package.sh'
[0.930s] [34mcolcon.colcon_core.shell[0m [1;30mINFO[0m Creating package script '/home/moonly/fpv_ros2_workspace/install/fpv_msgs/share/fpv_msgs/package.bash'
[0.930s] [34mcolcon.colcon_core.shell[0m [1;30mINFO[0m Creating package script '/home/moonly/fpv_ros2_workspace/install/fpv_msgs/share/fpv_msgs/package.zsh'
[0.930s] [34mcolcon.colcon_core.environment[0m [1;30mLevel 1[0m create_file_with_runtime_dependencies(/home/moonly/fpv_ros2_workspace/install/fpv_msgs/share/colcon-core/packages/fpv_msgs)
[1.007s] [34mcolcon.colcon_core.environment[0m [1;30mLevel 1[0m create_environment_scripts_only(fpv_msgs)
[1.008s] [34mcolcon.colcon_core.environment[0m [1;30mLevel 1[0m checking '/home/moonly/fpv_ros2_workspace/install/fpv_msgs' for CMake module files
[1.009s] [34mcolcon.colcon_core.environment[0m [1;30mLevel 1[0m checking '/home/moonly/fpv_ros2_workspace/install/fpv_msgs' for CMake config files
[1.009s] [34mcolcon.colcon_core.shell[0m [1;30mLevel 1[0m create_environment_hook('fpv_msgs', 'cmake_prefix_path')
[1.009s] [34mcolcon.colcon_core.shell[0m [1;30mINFO[0m Creating environment hook '/home/moonly/fpv_ros2_workspace/install/fpv_msgs/share/fpv_msgs/hook/cmake_prefix_path.ps1'
[1.010s] [34mcolcon.colcon_core.shell[0m [1;30mINFO[0m Creating environment descriptor '/home/moonly/fpv_ros2_workspace/install/fpv_msgs/share/fpv_msgs/hook/cmake_prefix_path.dsv'
[1.010s] [34mcolcon.colcon_core.shell[0m [1;30mINFO[0m Creating environment hook '/home/moonly/fpv_ros2_workspace/install/fpv_msgs/share/fpv_msgs/hook/cmake_prefix_path.sh'
[1.011s] [34mcolcon.colcon_core.environment[0m [1;30mLevel 1[0m checking '/home/moonly/fpv_ros2_workspace/install/fpv_msgs/lib'
[1.011s] [34mcolcon.colcon_core.shell[0m [1;30mLevel 1[0m create_environment_hook('fpv_msgs', 'ld_library_path_lib')
[1.011s] [34mcolcon.colcon_core.shell[0m [1;30mINFO[0m Creating environment hook '/home/moonly/fpv_ros2_workspace/install/fpv_msgs/share/fpv_msgs/hook/ld_library_path_lib.ps1'
[1.012s] [34mcolcon.colcon_core.shell[0m [1;30mINFO[0m Creating environment descriptor '/home/moonly/fpv_ros2_workspace/install/fpv_msgs/share/fpv_msgs/hook/ld_library_path_lib.dsv'
[1.012s] [34mcolcon.colcon_core.shell[0m [1;30mINFO[0m Creating environment hook '/home/moonly/fpv_ros2_workspace/install/fpv_msgs/share/fpv_msgs/hook/ld_library_path_lib.sh'
[1.012s] [34mcolcon.colcon_core.environment[0m [1;30mLevel 1[0m checking '/home/moonly/fpv_ros2_workspace/install/fpv_msgs/bin'
[1.012s] [34mcolcon.colcon_core.environment[0m [1;30mLevel 1[0m checking '/home/moonly/fpv_ros2_workspace/install/fpv_msgs/lib/pkgconfig/fpv_msgs.pc'
[1.013s] [34mcolcon.colcon_core.environment[0m [1;30mLevel 1[0m checking '/home/moonly/fpv_ros2_workspace/install/fpv_msgs/lib/python3.8/site-packages'
[1.013s] [34mcolcon.colcon_core.shell[0m [1;30mLevel 1[0m create_environment_hook('fpv_msgs', 'pythonpath')
[1.013s] [34mcolcon.colcon_core.shell[0m [1;30mINFO[0m Creating environment hook '/home/moonly/fpv_ros2_workspace/install/fpv_msgs/share/fpv_msgs/hook/pythonpath.ps1'
[1.014s] [34mcolcon.colcon_core.shell[0m [1;30mINFO[0m Creating environment descriptor '/home/moonly/fpv_ros2_workspace/install/fpv_msgs/share/fpv_msgs/hook/pythonpath.dsv'
[1.016s] [34mcolcon.colcon_core.shell[0m [1;30mINFO[0m Creating environment hook '/home/moonly/fpv_ros2_workspace/install/fpv_msgs/share/fpv_msgs/hook/pythonpath.sh'
[1.017s] [34mcolcon.colcon_core.environment[0m [1;30mLevel 1[0m checking '/home/moonly/fpv_ros2_workspace/install/fpv_msgs/bin'
[1.018s] [34mcolcon.colcon_core.shell[0m [1;30mINFO[0m Creating package script '/home/moonly/fpv_ros2_workspace/install/fpv_msgs/share/fpv_msgs/package.ps1'
[1.019s] [34mcolcon.colcon_core.shell[0m [1;30mINFO[0m Creating package descriptor '/home/moonly/fpv_ros2_workspace/install/fpv_msgs/share/fpv_msgs/package.dsv'
[1.019s] [34mcolcon.colcon_core.shell[0m [1;30mINFO[0m Creating package script '/home/moonly/fpv_ros2_workspace/install/fpv_msgs/share/fpv_msgs/package.sh'
[1.020s] [34mcolcon.colcon_core.shell[0m [1;30mINFO[0m Creating package script '/home/moonly/fpv_ros2_workspace/install/fpv_msgs/share/fpv_msgs/package.bash'
[1.021s] [34mcolcon.colcon_core.shell[0m [1;30mINFO[0m Creating package script '/home/moonly/fpv_ros2_workspace/install/fpv_msgs/share/fpv_msgs/package.zsh'
[1.021s] [34mcolcon.colcon_core.environment[0m [1;30mLevel 1[0m create_file_with_runtime_dependencies(/home/moonly/fpv_ros2_workspace/install/fpv_msgs/share/colcon-core/packages/fpv_msgs)
[1.257s] [34mcolcon.colcon_core.event_handler.log_command[0m [1;30mDEBUG[0m [32mInvoked command in '/home/moonly/fpv_ros2_workspace/build/auto_control' returned '0': CMAKE_PREFIX_PATH=${CMAKE_PREFIX_PATH}:/opt/ros/foxy _=/usr/bin/env /usr/bin/cmake /home/moonly/fpv_ros2_workspace/src/auto_control -DCMAKE_INSTALL_PREFIX=/home/moonly/fpv_ros2_workspace/install/auto_control[0m
[1.258s] [34mcolcon.colcon_core.event_handler.log_command[0m [1;30mDEBUG[0m [32mInvoking command in '/home/moonly/fpv_ros2_workspace/build/auto_control': CMAKE_PREFIX_PATH=${CMAKE_PREFIX_PATH}:/opt/ros/foxy _=/usr/bin/env /usr/bin/cmake --build /home/moonly/fpv_ros2_workspace/build/auto_control -- -j8 -l8[0m
[2.935s] [34mcolcon.colcon_core.event_handler.log_command[0m [1;30mDEBUG[0m [32mInvoked command in '/home/moonly/fpv_ros2_workspace/build/auto_control' returned '0': CMAKE_PREFIX_PATH=${CMAKE_PREFIX_PATH}:/opt/ros/foxy _=/usr/bin/env /usr/bin/cmake --build /home/moonly/fpv_ros2_workspace/build/auto_control -- -j8 -l8[0m
[2.968s] [34mcolcon.colcon_core.event_handler.log_command[0m [1;30mDEBUG[0m [32mInvoking command in '/home/moonly/fpv_ros2_workspace/build/auto_control': CMAKE_PREFIX_PATH=${CMAKE_PREFIX_PATH}:/opt/ros/foxy _=/usr/bin/env /usr/bin/cmake --install /home/moonly/fpv_ros2_workspace/build/auto_control[0m
[2.977s] [34mcolcon.colcon_core.environment[0m [1;30mLevel 1[0m create_environment_scripts_only(auto_control)
[2.978s] [34mcolcon.colcon_core.environment[0m [1;30mLevel 1[0m checking '/home/moonly/fpv_ros2_workspace/install/auto_control' for CMake module files
[2.978s] [34mcolcon.colcon_core.event_handler.log_command[0m [1;30mDEBUG[0m [32mInvoked command in '/home/moonly/fpv_ros2_workspace/build/auto_control' returned '0': CMAKE_PREFIX_PATH=${CMAKE_PREFIX_PATH}:/opt/ros/foxy _=/usr/bin/env /usr/bin/cmake --install /home/moonly/fpv_ros2_workspace/build/auto_control[0m
[2.978s] [34mcolcon.colcon_core.environment[0m [1;30mLevel 1[0m checking '/home/moonly/fpv_ros2_workspace/install/auto_control' for CMake config files
[2.978s] [34mcolcon.colcon_core.shell[0m [1;30mLevel 1[0m create_environment_hook('auto_control', 'cmake_prefix_path')
[2.979s] [34mcolcon.colcon_core.shell[0m [1;30mINFO[0m Creating environment hook '/home/moonly/fpv_ros2_workspace/install/auto_control/share/auto_control/hook/cmake_prefix_path.ps1'
[2.979s] [34mcolcon.colcon_core.shell[0m [1;30mINFO[0m Creating environment descriptor '/home/moonly/fpv_ros2_workspace/install/auto_control/share/auto_control/hook/cmake_prefix_path.dsv'
[2.979s] [34mcolcon.colcon_core.shell[0m [1;30mINFO[0m Creating environment hook '/home/moonly/fpv_ros2_workspace/install/auto_control/share/auto_control/hook/cmake_prefix_path.sh'
[2.980s] [34mcolcon.colcon_core.environment[0m [1;30mLevel 1[0m checking '/home/moonly/fpv_ros2_workspace/install/auto_control/lib'
[2.980s] [34mcolcon.colcon_core.environment[0m [1;30mLevel 1[0m checking '/home/moonly/fpv_ros2_workspace/install/auto_control/bin'
[2.980s] [34mcolcon.colcon_core.environment[0m [1;30mLevel 1[0m checking '/home/moonly/fpv_ros2_workspace/install/auto_control/lib/pkgconfig/auto_control.pc'
[2.980s] [34mcolcon.colcon_core.environment[0m [1;30mLevel 1[0m checking '/home/moonly/fpv_ros2_workspace/install/auto_control/lib/python3.8/site-packages'
[2.980s] [34mcolcon.colcon_core.environment[0m [1;30mLevel 1[0m checking '/home/moonly/fpv_ros2_workspace/install/auto_control/bin'
[2.980s] [34mcolcon.colcon_core.shell[0m [1;30mINFO[0m Creating package script '/home/moonly/fpv_ros2_workspace/install/auto_control/share/auto_control/package.ps1'
[2.981s] [34mcolcon.colcon_core.shell[0m [1;30mINFO[0m Creating package descriptor '/home/moonly/fpv_ros2_workspace/install/auto_control/share/auto_control/package.dsv'
[2.981s] [34mcolcon.colcon_core.shell[0m [1;30mINFO[0m Creating package script '/home/moonly/fpv_ros2_workspace/install/auto_control/share/auto_control/package.sh'
[2.981s] [34mcolcon.colcon_core.shell[0m [1;30mINFO[0m Creating package script '/home/moonly/fpv_ros2_workspace/install/auto_control/share/auto_control/package.bash'
[2.981s] [34mcolcon.colcon_core.shell[0m [1;30mINFO[0m Creating package script '/home/moonly/fpv_ros2_workspace/install/auto_control/share/auto_control/package.zsh'
[2.982s] [34mcolcon.colcon_core.environment[0m [1;30mLevel 1[0m create_file_with_runtime_dependencies(/home/moonly/fpv_ros2_workspace/install/auto_control/share/colcon-core/packages/auto_control)
[3.010s] [34mcolcon.colcon_core.environment[0m [1;30mLevel 1[0m create_environment_scripts_only(auto_control)
[3.010s] [34mcolcon.colcon_core.environment[0m [1;30mLevel 1[0m checking '/home/moonly/fpv_ros2_workspace/install/auto_control' for CMake module files
[3.011s] [34mcolcon.colcon_core.environment[0m [1;30mLevel 1[0m checking '/home/moonly/fpv_ros2_workspace/install/auto_control' for CMake config files
[3.011s] [34mcolcon.colcon_core.shell[0m [1;30mLevel 1[0m create_environment_hook('auto_control', 'cmake_prefix_path')
[3.011s] [34mcolcon.colcon_core.shell[0m [1;30mINFO[0m Creating environment hook '/home/moonly/fpv_ros2_workspace/install/auto_control/share/auto_control/hook/cmake_prefix_path.ps1'
[3.012s] [34mcolcon.colcon_core.shell[0m [1;30mINFO[0m Creating environment descriptor '/home/moonly/fpv_ros2_workspace/install/auto_control/share/auto_control/hook/cmake_prefix_path.dsv'
[3.012s] [34mcolcon.colcon_core.shell[0m [1;30mINFO[0m Creating environment hook '/home/moonly/fpv_ros2_workspace/install/auto_control/share/auto_control/hook/cmake_prefix_path.sh'
[3.013s] [34mcolcon.colcon_core.environment[0m [1;30mLevel 1[0m checking '/home/moonly/fpv_ros2_workspace/install/auto_control/lib'
[3.013s] [34mcolcon.colcon_core.environment[0m [1;30mLevel 1[0m checking '/home/moonly/fpv_ros2_workspace/install/auto_control/bin'
[3.013s] [34mcolcon.colcon_core.environment[0m [1;30mLevel 1[0m checking '/home/moonly/fpv_ros2_workspace/install/auto_control/lib/pkgconfig/auto_control.pc'
[3.013s] [34mcolcon.colcon_core.environment[0m [1;30mLevel 1[0m checking '/home/moonly/fpv_ros2_workspace/install/auto_control/lib/python3.8/site-packages'
[3.013s] [34mcolcon.colcon_core.environment[0m [1;30mLevel 1[0m checking '/home/moonly/fpv_ros2_workspace/install/auto_control/bin'
[3.014s] [34mcolcon.colcon_core.shell[0m [1;30mINFO[0m Creating package script '/home/moonly/fpv_ros2_workspace/install/auto_control/share/auto_control/package.ps1'
[3.014s] [34mcolcon.colcon_core.shell[0m [1;30mINFO[0m Creating package descriptor '/home/moonly/fpv_ros2_workspace/install/auto_control/share/auto_control/package.dsv'
[3.014s] [34mcolcon.colcon_core.shell[0m [1;30mINFO[0m Creating package script '/home/moonly/fpv_ros2_workspace/install/auto_control/share/auto_control/package.sh'
[3.015s] [34mcolcon.colcon_core.shell[0m [1;30mINFO[0m Creating package script '/home/moonly/fpv_ros2_workspace/install/auto_control/share/auto_control/package.bash'
[3.015s] [34mcolcon.colcon_core.shell[0m [1;30mINFO[0m Creating package script '/home/moonly/fpv_ros2_workspace/install/auto_control/share/auto_control/package.zsh'
[3.016s] [34mcolcon.colcon_core.environment[0m [1;30mLevel 1[0m create_file_with_runtime_dependencies(/home/moonly/fpv_ros2_workspace/install/auto_control/share/colcon-core/packages/auto_control)
[3.016s] [34mcolcon.colcon_parallel_executor.executor.parallel[0m [1;30mDEBUG[0m [32mclosing loop[0m
[3.017s] [34mcolcon.colcon_parallel_executor.executor.parallel[0m [1;30mDEBUG[0m [32mloop closed[0m
[3.017s] [34mcolcon.colcon_parallel_executor.executor.parallel[0m [1;30mDEBUG[0m [32mrun_until_complete finished with '0'[0m
[3.018s] [34mcolcon.colcon_core.event_reactor[0m [1;30mDEBUG[0m [32mjoining thread[0m
[3.024s] [34mcolcon.colcon_core.plugin_system[0m [1;30mINFO[0m Skipping extension 'colcon_notification.desktop_notification.terminal_notifier': Not used on non-Darwin systems
[3.024s] [34mcolcon.colcon_core.plugin_system[0m [1;30mINFO[0m Skipping extension 'colcon_notification.desktop_notification.win32': Not used on non-Windows systems
[3.024s] [34mcolcon.colcon_notification.desktop_notification[0m [1;30mINFO[0m Sending desktop notification using 'notify2'
[3.044s] [34mcolcon.colcon_core.event_reactor[0m [1;30mDEBUG[0m [32mjoined thread[0m
[3.045s] [34mcolcon.colcon_core.shell[0m [1;30mINFO[0m Creating prefix script '/home/moonly/fpv_ros2_workspace/install/local_setup.ps1'
[3.045s] [34mcolcon.colcon_core.shell[0m [1;30mINFO[0m Creating prefix util module '/home/moonly/fpv_ros2_workspace/install/_local_setup_util_ps1.py'
[3.046s] [34mcolcon.colcon_core.shell[0m [1;30mINFO[0m Creating prefix chain script '/home/moonly/fpv_ros2_workspace/install/setup.ps1'
[3.048s] [34mcolcon.colcon_core.shell[0m [1;30mINFO[0m Creating prefix script '/home/moonly/fpv_ros2_workspace/install/local_setup.sh'
[3.049s] [34mcolcon.colcon_core.shell[0m [1;30mINFO[0m Creating prefix util module '/home/moonly/fpv_ros2_workspace/install/_local_setup_util_sh.py'
[3.050s] [34mcolcon.colcon_core.shell[0m [1;30mINFO[0m Creating prefix chain script '/home/moonly/fpv_ros2_workspace/install/setup.sh'
[3.051s] [34mcolcon.colcon_core.shell[0m [1;30mINFO[0m Creating prefix script '/home/moonly/fpv_ros2_workspace/install/local_setup.bash'
[3.051s] [34mcolcon.colcon_core.shell[0m [1;30mINFO[0m Creating prefix chain script '/home/moonly/fpv_ros2_workspace/install/setup.bash'
[3.053s] [34mcolcon.colcon_core.shell[0m [1;30mINFO[0m Creating prefix script '/home/moonly/fpv_ros2_workspace/install/local_setup.zsh'
[3.053s] [34mcolcon.colcon_core.shell[0m [1;30mINFO[0m Creating prefix chain script '/home/moonly/fpv_ros2_workspace/install/setup.zsh'
