[0.076s] Invoking command in '/home/moonly/fpv_ros2_workspace/build/fpv_msgs': CMAKE_PREFIX_PATH=${CMAKE_PREFIX_PATH}:/opt/ros/foxy _=/usr/bin/env /usr/bin/cmake --build /home/moonly/fpv_ros2_workspace/build/fpv_msgs -- -j8 -l8
[0.112s] -- Found ament_cmake: 0.9.12 (/opt/ros/foxy/share/ament_cmake/cmake)
[0.145s] -- Found PythonInterp: /usr/bin/python3 (found suitable version "3.8.10", minimum required is "3") 
[0.145s] -- Using PYTHON_EXECUTABLE: /usr/bin/python3
[0.425s] -- Found rclcpp: 2.4.3 (/opt/ros/foxy/share/rclcpp/cmake)
[0.460s] -- Using all available rosidl_typesupport_c: rosidl_typesupport_fastrtps_c;rosidl_typesupport_introspection_c
[0.464s] -- Found rosidl_adapter: 1.3.1 (/opt/ros/foxy/share/rosidl_adapter/cmake)
[0.610s] -- Using all available rosidl_typesupport_cpp: rosidl_typesupport_fastrtps_cpp;rosidl_typesupport_introspection_cpp
[0.662s] -- Found rmw_implementation_cmake: 1.0.4 (/opt/ros/foxy/share/rmw_implementation_cmake/cmake)
[0.669s] -- Using RMW implementation 'rmw_fastrtps_cpp' as default
[0.805s] -- Found rosidl_default_generators: 1.0.1 (/opt/ros/foxy/share/rosidl_default_generators/cmake)
[0.845s] -- Found PythonInterp: /usr/bin/python3 (found version "3.8.10") 
[0.995s] -- Found ament_cmake_ros: 0.9.2 (/opt/ros/foxy/share/ament_cmake_ros/cmake)
[1.119s] -- Using all available rosidl_typesupport_c: rosidl_typesupport_fastrtps_c;rosidl_typesupport_introspection_c
[1.129s] -- Using all available rosidl_typesupport_cpp: rosidl_typesupport_fastrtps_cpp;rosidl_typesupport_introspection_cpp
[1.165s] -- Found PythonInterp: /usr/bin/python3 (found suitable version "3.8.10", minimum required is "3.5") 
[1.166s] -- Found python_cmake_module: 0.8.1 (/opt/ros/foxy/share/python_cmake_module/cmake)
[1.196s] -- Using PYTHON_EXECUTABLE: /usr/bin/python3
[1.196s] -- Using PYTHON_INCLUDE_DIRS: /usr/include/python3.8
[1.196s] -- Using PYTHON_LIBRARIES: /usr/lib/x86_64-linux-gnu/libpython3.8.so
[1.208s] -- Found ament_lint_auto: 0.9.8 (/opt/ros/foxy/share/ament_lint_auto/cmake)
[1.223s] -- Added test 'copyright' to check source files copyright and LICENSE
[1.225s] -- Added test 'lint_cmake' to check CMake code style
[1.226s] -- Added test 'xmllint' to check XML markup files
[1.234s] -- Configuring done
[1.265s] -- Generating done
[1.269s] -- Build files have been written to: /home/moonly/fpv_ros2_workspace/build/fpv_msgs
[1.296s] [  3%] [34m[1mGenerating C code for ROS interfaces[0m
[1.306s] [  6%] [34m[1mGenerating C++ code for ROS interfaces[0m
[1.799s] [35m[1mScanning dependencies of target fpv_msgs__rosidl_generator_c[0m
[1.818s] [  9%] [32mBuilding C object CMakeFiles/fpv_msgs__rosidl_generator_c.dir/rosidl_generator_c/fpv_msgs/msg/detail/moonly_fpv__functions.c.o[0m
[1.904s] [ 12%] [32m[1mLinking C shared library libfpv_msgs__rosidl_generator_c.so[0m
[1.948s] [ 12%] Built target fpv_msgs__cpp
[1.966s] [ 16%] [34m[1mGenerating C++ type support for eProsima Fast-RTPS[0m
[1.966s] [ 19%] [34m[1mGenerating C++ type support dispatch for ROS interfaces[0m
[1.966s] [ 22%] [34m[1mGenerating C++ introspection for ROS interfaces[0m
[1.978s] [ 22%] Built target fpv_msgs__rosidl_generator_c
[1.997s] [ 25%] [34m[1mGenerating C introspection for ROS interfaces[0m
[2.013s] [ 29%] [34m[1mGenerating C type support dispatch for ROS interfaces[0m
[2.835s] [35m[1mScanning dependencies of target fpv_msgs__rosidl_typesupport_cpp[0m
[2.889s] [ 32%] [32mBuilding CXX object CMakeFiles/fpv_msgs__rosidl_typesupport_cpp.dir/rosidl_typesupport_cpp/fpv_msgs/msg/moonly_fpv__type_support.cpp.o[0m
[2.898s] [35m[1mScanning dependencies of target fpv_msgs__rosidl_typesupport_c[0m
[2.942s] [35m[1mScanning dependencies of target fpv_msgs__rosidl_typesupport_fastrtps_cpp[0m
[2.944s] [ 35%] [32mBuilding CXX object CMakeFiles/fpv_msgs__rosidl_typesupport_c.dir/rosidl_typesupport_c/fpv_msgs/msg/moonly_fpv__type_support.cpp.o[0m
[2.989s] [ 38%] [32mBuilding CXX object CMakeFiles/fpv_msgs__rosidl_typesupport_fastrtps_cpp.dir/rosidl_typesupport_fastrtps_cpp/fpv_msgs/msg/detail/dds_fastrtps/moonly_fpv__type_support.cpp.o[0m
[3.018s] [ 41%] [32m[1mLinking CXX shared library libfpv_msgs__rosidl_typesupport_c.so[0m
[3.035s] [35m[1mScanning dependencies of target fpv_msgs__rosidl_typesupport_introspection_c[0m
[3.064s] [ 45%] [32mBuilding C object CMakeFiles/fpv_msgs__rosidl_typesupport_introspection_c.dir/rosidl_typesupport_introspection_c/fpv_msgs/msg/detail/moonly_fpv__type_support.c.o[0m
[3.154s] [35m[1mScanning dependencies of target fpv_msgs__rosidl_typesupport_introspection_cpp[0m
[3.166s] [ 45%] Built target fpv_msgs__rosidl_typesupport_c
[3.181s] [ 48%] [32m[1mLinking C shared library libfpv_msgs__rosidl_typesupport_introspection_c.so[0m
[3.184s] [ 51%] [32mBuilding CXX object CMakeFiles/fpv_msgs__rosidl_typesupport_introspection_cpp.dir/rosidl_typesupport_introspection_cpp/fpv_msgs/msg/detail/moonly_fpv__type_support.cpp.o[0m
[3.225s] [ 51%] Built target fpv_msgs__rosidl_typesupport_introspection_c
[3.463s] [ 54%] [32m[1mLinking CXX shared library libfpv_msgs__rosidl_typesupport_cpp.so[0m
[3.563s] [ 54%] Built target fpv_msgs__rosidl_typesupport_cpp
[3.655s] [ 58%] [32m[1mLinking CXX shared library libfpv_msgs__rosidl_typesupport_introspection_cpp.so[0m
[3.719s] [ 58%] Built target fpv_msgs__rosidl_typesupport_introspection_cpp
[3.805s] [ 61%] [32m[1mLinking CXX shared library libfpv_msgs__rosidl_typesupport_fastrtps_cpp.so[0m
[3.977s] [ 61%] Built target fpv_msgs__rosidl_typesupport_fastrtps_cpp
[3.986s] [ 64%] [34m[1mGenerating C type support for eProsima Fast-RTPS[0m
[4.398s] [35m[1mScanning dependencies of target fpv_msgs__rosidl_typesupport_fastrtps_c[0m
[4.411s] [ 67%] [32mBuilding CXX object CMakeFiles/fpv_msgs__rosidl_typesupport_fastrtps_c.dir/rosidl_typesupport_fastrtps_c/fpv_msgs/msg/detail/moonly_fpv__type_support_c.cpp.o[0m
[4.819s] [ 70%] [32m[1mLinking CXX shared library libfpv_msgs__rosidl_typesupport_fastrtps_c.so[0m
[4.910s] [ 70%] Built target fpv_msgs__rosidl_typesupport_fastrtps_c
[4.932s] [ 70%] Built target fpv_msgs
[4.956s] [ 74%] [34m[1mGenerating Python code for ROS interfaces[0m
[5.696s] [ 74%] Built target fpv_msgs__py
[5.707s] [35m[1mScanning dependencies of target fpv_msgs__python[0m
[5.722s] [ 77%] [32mBuilding C object CMakeFiles/fpv_msgs__python.dir/rosidl_generator_py/fpv_msgs/msg/_moonly_fpv_s.c.o[0m
[5.823s] [ 80%] [32m[1mLinking C shared library rosidl_generator_py/fpv_msgs/libfpv_msgs__python.so[0m
[5.869s] [ 80%] Built target fpv_msgs__python
[5.879s] [35m[1mScanning dependencies of target fpv_msgs__rosidl_typesupport_fastrtps_c__pyext[0m
[5.879s] [35m[1mScanning dependencies of target fpv_msgs__rosidl_typesupport_introspection_c__pyext[0m
[5.883s] [35m[1mScanning dependencies of target fpv_msgs__rosidl_typesupport_c__pyext[0m
[5.897s] [ 83%] [32mBuilding C object CMakeFiles/fpv_msgs__rosidl_typesupport_fastrtps_c__pyext.dir/rosidl_generator_py/fpv_msgs/_fpv_msgs_s.ep.rosidl_typesupport_fastrtps_c.c.o[0m
[5.898s] [ 87%] [32mBuilding C object CMakeFiles/fpv_msgs__rosidl_typesupport_introspection_c__pyext.dir/rosidl_generator_py/fpv_msgs/_fpv_msgs_s.ep.rosidl_typesupport_introspection_c.c.o[0m
[5.901s] [ 90%] [32mBuilding C object CMakeFiles/fpv_msgs__rosidl_typesupport_c__pyext.dir/rosidl_generator_py/fpv_msgs/_fpv_msgs_s.ep.rosidl_typesupport_c.c.o[0m
[5.982s] [ 93%] [32m[1mLinking C shared library rosidl_generator_py/fpv_msgs/fpv_msgs_s__rosidl_typesupport_c.cpython-38-x86_64-linux-gnu.so[0m
[6.012s] [ 96%] [32m[1mLinking C shared library rosidl_generator_py/fpv_msgs/fpv_msgs_s__rosidl_typesupport_introspection_c.cpython-38-x86_64-linux-gnu.so[0m
[6.012s] [ 96%] Built target fpv_msgs__rosidl_typesupport_c__pyext
[6.013s] [100%] [32m[1mLinking CXX shared library rosidl_generator_py/fpv_msgs/fpv_msgs_s__rosidl_typesupport_fastrtps_c.cpython-38-x86_64-linux-gnu.so[0m
[6.052s] [100%] Built target fpv_msgs__rosidl_typesupport_introspection_c__pyext
[6.078s] [100%] Built target fpv_msgs__rosidl_typesupport_fastrtps_c__pyext
