[0.041s] Invoking command in '/home/moonly/fpv_ros2_workspace/build/auto_control': CMAKE_PREFIX_PATH=${CMAKE_PREFIX_PATH}:/opt/ros/foxy _=/usr/bin/env /usr/bin/cmake --build /home/moonly/fpv_ros2_workspace/build/auto_control -- -j8 -l8
[0.175s] [100%] Built target auto_control
[0.192s] Invoked command in '/home/moonly/fpv_ros2_workspace/build/auto_control' returned '0': CMAKE_PREFIX_PATH=${CMAKE_PREFIX_PATH}:/opt/ros/foxy _=/usr/bin/env /usr/bin/cmake --build /home/moonly/fpv_ros2_workspace/build/auto_control -- -j8 -l8
[0.247s] Invoking command in '/home/moonly/fpv_ros2_workspace/build/auto_control': CMAKE_PREFIX_PATH=${CMAKE_PREFIX_PATH}:/opt/ros/foxy _=/usr/bin/env /usr/bin/cmake --install /home/moonly/fpv_ros2_workspace/build/auto_control
[0.261s] -- Install configuration: ""
[0.263s] -- Up-to-date: /home/moonly/fpv_ros2_workspace/install/auto_control/lib/auto_control/auto_control
[0.263s] -- Up-to-date: /home/moonly/fpv_ros2_workspace/install/auto_control/share/ament_index/resource_index/package_run_dependencies/auto_control
[0.263s] -- Up-to-date: /home/moonly/fpv_ros2_workspace/install/auto_control/share/ament_index/resource_index/parent_prefix_path/auto_control
[0.263s] -- Up-to-date: /home/moonly/fpv_ros2_workspace/install/auto_control/share/auto_control/environment/ament_prefix_path.sh
[0.263s] -- Up-to-date: /home/moonly/fpv_ros2_workspace/install/auto_control/share/auto_control/environment/ament_prefix_path.dsv
[0.263s] -- Up-to-date: /home/moonly/fpv_ros2_workspace/install/auto_control/share/auto_control/environment/path.sh
[0.263s] -- Up-to-date: /home/moonly/fpv_ros2_workspace/install/auto_control/share/auto_control/environment/path.dsv
[0.263s] -- Up-to-date: /home/moonly/fpv_ros2_workspace/install/auto_control/share/auto_control/local_setup.bash
[0.263s] -- Up-to-date: /home/moonly/fpv_ros2_workspace/install/auto_control/share/auto_control/local_setup.sh
[0.263s] -- Up-to-date: /home/moonly/fpv_ros2_workspace/install/auto_control/share/auto_control/local_setup.zsh
[0.263s] -- Up-to-date: /home/moonly/fpv_ros2_workspace/install/auto_control/share/auto_control/local_setup.dsv
[0.263s] -- Installing: /home/moonly/fpv_ros2_workspace/install/auto_control/share/auto_control/package.dsv
[0.264s] -- Up-to-date: /home/moonly/fpv_ros2_workspace/install/auto_control/share/ament_index/resource_index/packages/auto_control
[0.264s] -- Up-to-date: /home/moonly/fpv_ros2_workspace/install/auto_control/share/auto_control/cmake/auto_controlConfig.cmake
[0.265s] -- Up-to-date: /home/moonly/fpv_ros2_workspace/install/auto_control/share/auto_control/cmake/auto_controlConfig-version.cmake
[0.265s] -- Up-to-date: /home/moonly/fpv_ros2_workspace/install/auto_control/share/auto_control/package.xml
[0.290s] Invoked command in '/home/moonly/fpv_ros2_workspace/build/auto_control' returned '0': CMAKE_PREFIX_PATH=${CMAKE_PREFIX_PATH}:/opt/ros/foxy _=/usr/bin/env /usr/bin/cmake --install /home/moonly/fpv_ros2_workspace/build/auto_control
