[0.082s] Invoking command in '/home/moonly/fpv_ros2_workspace/build/position_trans': CMAKE_PREFIX_PATH=${CMAKE_PREFIX_PATH}:/opt/ros/foxy _=/usr/bin/env /usr/bin/cmake /home/moonly/fpv_ros2_workspace/src/position_trans -DCMAKE_INSTALL_PREFIX=/home/moonly/fpv_ros2_workspace/install/position_trans
[0.120s] -- Found ament_cmake: 0.9.12 (/opt/ros/foxy/share/ament_cmake/cmake)
[0.207s] -- Using PYTHON_EXECUTABLE: /usr/bin/python3
[0.808s] -- Found ament_lint_auto: 0.9.8 (/opt/ros/foxy/share/ament_lint_auto/cmake)
[1.098s] -- Found rclcpp: 2.4.3 (/opt/ros/foxy/share/rclcpp/cmake)
[1.259s] -- Using all available rosidl_typesupport_c: rosidl_typesupport_fastrtps_c;rosidl_typesupport_introspection_c
[1.290s] -- Found rosidl_adapter: 1.3.1 (/opt/ros/foxy/share/rosidl_adapter/cmake)
[1.637s] -- Using all available rosidl_typesupport_cpp: rosidl_typesupport_fastrtps_cpp;rosidl_typesupport_introspection_cpp
[1.748s] -- Found rmw_implementation_cmake: 1.0.4 (/opt/ros/foxy/share/rmw_implementation_cmake/cmake)
[1.750s] -- Using RMW implementation 'rmw_fastrtps_cpp' as default
[2.260s] -- Found geometry_msgs: 2.0.5 (/opt/ros/foxy/share/geometry_msgs/cmake)
[2.401s] -- Found sensor_msgs: 2.0.5 (/opt/ros/foxy/share/sensor_msgs/cmake)
[2.846s] CMake Error at CMakeLists.txt:47 (find_package):
[2.846s]   By not providing "Findfpv_msgs.cmake" in CMAKE_MODULE_PATH this project has
[2.846s]   asked CMake to find a package configuration file provided by "fpv_msgs",
[2.848s]   but CMake did not find one.
[2.848s] 
[2.848s]   Could not find a package configuration file provided by "fpv_msgs" with any
[2.848s]   of the following names:
[2.848s] 
[2.848s]     fpv_msgsConfig.cmake
[2.848s]     fpv_msgs-config.cmake
[2.848s] 
[2.848s]   Add the installation prefix of "fpv_msgs" to CMAKE_PREFIX_PATH or set
[2.848s]   "fpv_msgs_DIR" to a directory containing one of the above files.  If
[2.848s]   "fpv_msgs" provides a separate development package or SDK, be sure it has
[2.848s]   been installed.
[2.849s] 
[2.849s] 
[2.901s] -- Configuring incomplete, errors occurred!
[2.913s] See also "/home/moonly/fpv_ros2_workspace/build/position_trans/CMakeFiles/CMakeOutput.log".
[2.913s] See also "/home/moonly/fpv_ros2_workspace/build/position_trans/CMakeFiles/CMakeError.log".
[2.943s] Invoked command in '/home/moonly/fpv_ros2_workspace/build/position_trans' returned '1': CMAKE_PREFIX_PATH=${CMAKE_PREFIX_PATH}:/opt/ros/foxy _=/usr/bin/env /usr/bin/cmake /home/moonly/fpv_ros2_workspace/src/position_trans -DCMAKE_INSTALL_PREFIX=/home/moonly/fpv_ros2_workspace/install/position_trans
