[0.256s] Invoking command in '/home/moonly/fpv_ros2_workspace/build/manual_control': CMAKE_PREFIX_PATH=${CMAKE_PREFIX_PATH}:/opt/ros/foxy _=/usr/bin/env /usr/bin/cmake --build /home/moonly/fpv_ros2_workspace/build/manual_control -- -j8 -l8
[0.479s] [100%] Built target manual_control
[0.651s] Invoked command in '/home/moonly/fpv_ros2_workspace/build/manual_control' returned '0': CMAKE_PREFIX_PATH=${CMAKE_PREFIX_PATH}:/opt/ros/foxy _=/usr/bin/env /usr/bin/cmake --build /home/moonly/fpv_ros2_workspace/build/manual_control -- -j8 -l8
[1.305s] Invoking command in '/home/moonly/fpv_ros2_workspace/build/manual_control': CMAKE_PREFIX_PATH=${CMAKE_PREFIX_PATH}:/opt/ros/foxy _=/usr/bin/env /usr/bin/cmake --install /home/moonly/fpv_ros2_workspace/build/manual_control
[1.394s] -- Install configuration: ""
[1.396s] -- Up-to-date: /home/moonly/fpv_ros2_workspace/install/manual_control/lib/manual_control/manual_control
[1.397s] -- Up-to-date: /home/moonly/fpv_ros2_workspace/install/manual_control/share/ament_index/resource_index/package_run_dependencies/manual_control
[1.399s] -- Up-to-date: /home/moonly/fpv_ros2_workspace/install/manual_control/share/ament_index/resource_index/parent_prefix_path/manual_control
[1.400s] -- Up-to-date: /home/moonly/fpv_ros2_workspace/install/manual_control/share/manual_control/environment/ament_prefix_path.sh
[1.402s] -- Up-to-date: /home/moonly/fpv_ros2_workspace/install/manual_control/share/manual_control/environment/ament_prefix_path.dsv
[1.416s] -- Up-to-date: /home/moonly/fpv_ros2_workspace/install/manual_control/share/manual_control/environment/path.sh
[1.416s] -- Up-to-date: /home/moonly/fpv_ros2_workspace/install/manual_control/share/manual_control/environment/path.dsv
[1.418s] -- Up-to-date: /home/moonly/fpv_ros2_workspace/install/manual_control/share/manual_control/local_setup.bash
[1.419s] -- Up-to-date: /home/moonly/fpv_ros2_workspace/install/manual_control/share/manual_control/local_setup.sh
[1.419s] -- Up-to-date: /home/moonly/fpv_ros2_workspace/install/manual_control/share/manual_control/local_setup.zsh
[1.419s] -- Up-to-date: /home/moonly/fpv_ros2_workspace/install/manual_control/share/manual_control/local_setup.dsv
[1.419s] -- Installing: /home/moonly/fpv_ros2_workspace/install/manual_control/share/manual_control/package.dsv
[1.419s] -- Up-to-date: /home/moonly/fpv_ros2_workspace/install/manual_control/share/ament_index/resource_index/packages/manual_control
[1.419s] -- Up-to-date: /home/moonly/fpv_ros2_workspace/install/manual_control/share/manual_control/cmake/manual_controlConfig.cmake
[1.419s] -- Up-to-date: /home/moonly/fpv_ros2_workspace/install/manual_control/share/manual_control/cmake/manual_controlConfig-version.cmake
[1.419s] -- Up-to-date: /home/moonly/fpv_ros2_workspace/install/manual_control/share/manual_control/package.xml
[1.478s] Invoked command in '/home/moonly/fpv_ros2_workspace/build/manual_control' returned '0': CMAKE_PREFIX_PATH=${CMAKE_PREFIX_PATH}:/opt/ros/foxy _=/usr/bin/env /usr/bin/cmake --install /home/moonly/fpv_ros2_workspace/build/manual_control
