[0.139s] Invoking command in '/home/moonly/fpv_ros2_workspace/build/fpv_msgs': CMAKE_PREFIX_PATH=${CMAKE_PREFIX_PATH}:/opt/ros/foxy _=/usr/bin/env /usr/bin/cmake --build /home/moonly/fpv_ros2_workspace/build/fpv_msgs -- -j8 -l8
[0.320s] [  9%] Built target fpv_msgs__rosidl_generator_c
[0.405s] [ 12%] Built target fpv_msgs__cpp
[0.501s] [ 22%] Built target fpv_msgs__rosidl_typesupport_c
[0.600s] [ 32%] Built target fpv_msgs__rosidl_typesupport_introspection_cpp
[0.657s] [ 41%] Built target fpv_msgs__rosidl_typesupport_fastrtps_cpp
[0.755s] [ 51%] Built target fpv_msgs__rosidl_typesupport_cpp
[0.800s] [ 61%] Built target fpv_msgs__rosidl_typesupport_fastrtps_c
[0.870s] [ 70%] Built target fpv_msgs__rosidl_typesupport_introspection_c
[0.928s] [ 70%] Built target fpv_msgs
[0.962s] [ 74%] Built target fpv_msgs__py
[1.104s] [ 80%] Built target fpv_msgs__python
[1.155s] [ 87%] Built target fpv_msgs__rosidl_typesupport_introspection_c__pyext
[1.208s] [ 93%] Built target fpv_msgs__rosidl_typesupport_c__pyext
[1.302s] [100%] Built target fpv_msgs__rosidl_typesupport_fastrtps_c__pyext
[1.324s] Invoked command in '/home/moonly/fpv_ros2_workspace/build/fpv_msgs' returned '0': CMAKE_PREFIX_PATH=${CMAKE_PREFIX_PATH}:/opt/ros/foxy _=/usr/bin/env /usr/bin/cmake --build /home/moonly/fpv_ros2_workspace/build/fpv_msgs -- -j8 -l8
[1.534s] Invoking command in '/home/moonly/fpv_ros2_workspace/build/fpv_msgs': CMAKE_PREFIX_PATH=${CMAKE_PREFIX_PATH}:/opt/ros/foxy _=/usr/bin/env /usr/bin/cmake --install /home/moonly/fpv_ros2_workspace/build/fpv_msgs
[1.563s] -- Install configuration: ""
[1.563s] -- Up-to-date: /home/moonly/fpv_ros2_workspace/install/fpv_msgs/share/ament_index/resource_index/rosidl_interfaces/fpv_msgs
[1.564s] -- Up-to-date: /home/moonly/fpv_ros2_workspace/install/fpv_msgs/include/fpv_msgs
[1.565s] -- Up-to-date: /home/moonly/fpv_ros2_workspace/install/fpv_msgs/include/fpv_msgs/msg
[1.565s] -- Up-to-date: /home/moonly/fpv_ros2_workspace/install/fpv_msgs/include/fpv_msgs/msg/detail
[1.568s] -- Up-to-date: /home/moonly/fpv_ros2_workspace/install/fpv_msgs/include/fpv_msgs/msg/detail/moonly_fpv__functions.c
[1.568s] -- Up-to-date: /home/moonly/fpv_ros2_workspace/install/fpv_msgs/include/fpv_msgs/msg/detail/moonly_fpv__struct.h
[1.568s] -- Up-to-date: /home/moonly/fpv_ros2_workspace/install/fpv_msgs/include/fpv_msgs/msg/detail/moonly_fpv__type_support.h
[1.569s] -- Up-to-date: /home/moonly/fpv_ros2_workspace/install/fpv_msgs/include/fpv_msgs/msg/detail/moonly_fpv__functions.h
[1.569s] -- Up-to-date: /home/moonly/fpv_ros2_workspace/install/fpv_msgs/include/fpv_msgs/msg/moonly_fpv.h
[1.569s] -- Up-to-date: /home/moonly/fpv_ros2_workspace/install/fpv_msgs/include/fpv_msgs/msg/rosidl_generator_c__visibility_control.h
[1.569s] -- Up-to-date: /home/moonly/fpv_ros2_workspace/install/fpv_msgs/share/fpv_msgs/environment/library_path.sh
[1.570s] -- Up-to-date: /home/moonly/fpv_ros2_workspace/install/fpv_msgs/share/fpv_msgs/environment/library_path.dsv
[1.570s] -- Up-to-date: /home/moonly/fpv_ros2_workspace/install/fpv_msgs/lib/libfpv_msgs__rosidl_generator_c.so
[1.570s] -- Up-to-date: /home/moonly/fpv_ros2_workspace/install/fpv_msgs/include/fpv_msgs
[1.570s] -- Up-to-date: /home/moonly/fpv_ros2_workspace/install/fpv_msgs/include/fpv_msgs/msg
[1.570s] -- Up-to-date: /home/moonly/fpv_ros2_workspace/install/fpv_msgs/include/fpv_msgs/msg/detail
[1.572s] -- Up-to-date: /home/moonly/fpv_ros2_workspace/install/fpv_msgs/include/fpv_msgs/msg/detail/moonly_fpv__rosidl_typesupport_fastrtps_c.h
[1.572s] -- Up-to-date: /home/moonly/fpv_ros2_workspace/install/fpv_msgs/include/fpv_msgs/msg/rosidl_typesupport_fastrtps_c__visibility_control.h
[1.572s] -- Up-to-date: /home/moonly/fpv_ros2_workspace/install/fpv_msgs/lib/libfpv_msgs__rosidl_typesupport_fastrtps_c.so
[1.572s] -- Up-to-date: /home/moonly/fpv_ros2_workspace/install/fpv_msgs/include/fpv_msgs
[1.572s] -- Up-to-date: /home/moonly/fpv_ros2_workspace/install/fpv_msgs/include/fpv_msgs/msg
[1.573s] -- Up-to-date: /home/moonly/fpv_ros2_workspace/install/fpv_msgs/include/fpv_msgs/msg/detail
[1.573s] -- Up-to-date: /home/moonly/fpv_ros2_workspace/install/fpv_msgs/include/fpv_msgs/msg/detail/dds_fastrtps
[1.573s] -- Up-to-date: /home/moonly/fpv_ros2_workspace/install/fpv_msgs/include/fpv_msgs/msg/detail/moonly_fpv__rosidl_typesupport_fastrtps_cpp.hpp
[1.573s] -- Up-to-date: /home/moonly/fpv_ros2_workspace/install/fpv_msgs/include/fpv_msgs/msg/rosidl_typesupport_fastrtps_cpp__visibility_control.h
[1.573s] -- Up-to-date: /home/moonly/fpv_ros2_workspace/install/fpv_msgs/lib/libfpv_msgs__rosidl_typesupport_fastrtps_cpp.so
[1.573s] -- Up-to-date: /home/moonly/fpv_ros2_workspace/install/fpv_msgs/include/fpv_msgs
[1.573s] -- Up-to-date: /home/moonly/fpv_ros2_workspace/install/fpv_msgs/include/fpv_msgs/msg
[1.573s] -- Up-to-date: /home/moonly/fpv_ros2_workspace/install/fpv_msgs/include/fpv_msgs/msg/detail
[1.574s] -- Up-to-date: /home/moonly/fpv_ros2_workspace/install/fpv_msgs/include/fpv_msgs/msg/detail/moonly_fpv__type_support.c
[1.574s] -- Up-to-date: /home/moonly/fpv_ros2_workspace/install/fpv_msgs/include/fpv_msgs/msg/detail/moonly_fpv__rosidl_typesupport_introspection_c.h
[1.574s] -- Up-to-date: /home/moonly/fpv_ros2_workspace/install/fpv_msgs/include/fpv_msgs/msg/rosidl_typesupport_introspection_c__visibility_control.h
[1.574s] -- Up-to-date: /home/moonly/fpv_ros2_workspace/install/fpv_msgs/lib/libfpv_msgs__rosidl_typesupport_introspection_c.so
[1.574s] -- Up-to-date: /home/moonly/fpv_ros2_workspace/install/fpv_msgs/lib/libfpv_msgs__rosidl_typesupport_c.so
[1.574s] -- Up-to-date: /home/moonly/fpv_ros2_workspace/install/fpv_msgs/include/fpv_msgs
[1.574s] -- Up-to-date: /home/moonly/fpv_ros2_workspace/install/fpv_msgs/include/fpv_msgs/msg
[1.574s] -- Up-to-date: /home/moonly/fpv_ros2_workspace/install/fpv_msgs/include/fpv_msgs/msg/moonly_fpv.hpp
[1.574s] -- Up-to-date: /home/moonly/fpv_ros2_workspace/install/fpv_msgs/include/fpv_msgs/msg/detail
[1.574s] -- Up-to-date: /home/moonly/fpv_ros2_workspace/install/fpv_msgs/include/fpv_msgs/msg/detail/moonly_fpv__struct.hpp
[1.574s] -- Up-to-date: /home/moonly/fpv_ros2_workspace/install/fpv_msgs/include/fpv_msgs/msg/detail/moonly_fpv__builder.hpp
[1.575s] -- Up-to-date: /home/moonly/fpv_ros2_workspace/install/fpv_msgs/include/fpv_msgs/msg/detail/moonly_fpv__traits.hpp
[1.575s] -- Up-to-date: /home/moonly/fpv_ros2_workspace/install/fpv_msgs/include/fpv_msgs/msg/detail/moonly_fpv__type_support.hpp
[1.575s] -- Up-to-date: /home/moonly/fpv_ros2_workspace/install/fpv_msgs/include/fpv_msgs/msg/rosidl_generator_cpp__visibility_control.hpp
[1.575s] -- Up-to-date: /home/moonly/fpv_ros2_workspace/install/fpv_msgs/include/fpv_msgs
[1.575s] -- Up-to-date: /home/moonly/fpv_ros2_workspace/install/fpv_msgs/include/fpv_msgs/msg
[1.575s] -- Up-to-date: /home/moonly/fpv_ros2_workspace/install/fpv_msgs/include/fpv_msgs/msg/detail
[1.575s] -- Up-to-date: /home/moonly/fpv_ros2_workspace/install/fpv_msgs/include/fpv_msgs/msg/detail/moonly_fpv__type_support.cpp
[1.575s] -- Up-to-date: /home/moonly/fpv_ros2_workspace/install/fpv_msgs/include/fpv_msgs/msg/detail/moonly_fpv__rosidl_typesupport_introspection_cpp.hpp
[1.575s] -- Up-to-date: /home/moonly/fpv_ros2_workspace/install/fpv_msgs/lib/libfpv_msgs__rosidl_typesupport_introspection_cpp.so
[1.575s] -- Up-to-date: /home/moonly/fpv_ros2_workspace/install/fpv_msgs/lib/libfpv_msgs__rosidl_typesupport_cpp.so
[1.579s] -- Up-to-date: /home/moonly/fpv_ros2_workspace/install/fpv_msgs/share/fpv_msgs/environment/pythonpath.sh
[1.579s] -- Up-to-date: /home/moonly/fpv_ros2_workspace/install/fpv_msgs/share/fpv_msgs/environment/pythonpath.dsv
[1.579s] -- Up-to-date: /home/moonly/fpv_ros2_workspace/install/fpv_msgs/lib/python3.8/site-packages/fpv_msgs/__init__.py
[1.649s] -- Up-to-date: /home/moonly/fpv_ros2_workspace/install/fpv_msgs/lib/python3.8/site-packages/fpv_msgs/msg
[1.650s] -- Up-to-date: /home/moonly/fpv_ros2_workspace/install/fpv_msgs/lib/python3.8/site-packages/fpv_msgs/msg/_moonly_fpv.py
[1.650s] -- Up-to-date: /home/moonly/fpv_ros2_workspace/install/fpv_msgs/lib/python3.8/site-packages/fpv_msgs/msg/__init__.py
[1.650s] -- Up-to-date: /home/moonly/fpv_ros2_workspace/install/fpv_msgs/lib/python3.8/site-packages/fpv_msgs/msg/_moonly_fpv_s.c
[1.650s] -- Up-to-date: /home/moonly/fpv_ros2_workspace/install/fpv_msgs/lib/python3.8/site-packages/fpv_msgs/fpv_msgs_s__rosidl_typesupport_fastrtps_c.cpython-38-x86_64-linux-gnu.so
[1.650s] -- Up-to-date: /home/moonly/fpv_ros2_workspace/install/fpv_msgs/lib/python3.8/site-packages/fpv_msgs/fpv_msgs_s__rosidl_typesupport_introspection_c.cpython-38-x86_64-linux-gnu.so
[1.651s] -- Up-to-date: /home/moonly/fpv_ros2_workspace/install/fpv_msgs/lib/python3.8/site-packages/fpv_msgs/fpv_msgs_s__rosidl_typesupport_c.cpython-38-x86_64-linux-gnu.so
[1.651s] -- Up-to-date: /home/moonly/fpv_ros2_workspace/install/fpv_msgs/lib/libfpv_msgs__python.so
[1.651s] -- Up-to-date: /home/moonly/fpv_ros2_workspace/install/fpv_msgs/share/fpv_msgs/msg/MoonlyFpv.idl
[1.652s] -- Up-to-date: /home/moonly/fpv_ros2_workspace/install/fpv_msgs/share/fpv_msgs/msg/MoonlyFpv.msg
[1.652s] -- Up-to-date: /home/moonly/fpv_ros2_workspace/install/fpv_msgs/share/ament_index/resource_index/package_run_dependencies/fpv_msgs
[1.652s] -- Up-to-date: /home/moonly/fpv_ros2_workspace/install/fpv_msgs/share/ament_index/resource_index/parent_prefix_path/fpv_msgs
[1.652s] -- Up-to-date: /home/moonly/fpv_ros2_workspace/install/fpv_msgs/share/fpv_msgs/environment/ament_prefix_path.sh
[1.652s] -- Up-to-date: /home/moonly/fpv_ros2_workspace/install/fpv_msgs/share/fpv_msgs/environment/ament_prefix_path.dsv
[1.652s] -- Up-to-date: /home/moonly/fpv_ros2_workspace/install/fpv_msgs/share/fpv_msgs/environment/path.sh
[1.652s] -- Up-to-date: /home/moonly/fpv_ros2_workspace/install/fpv_msgs/share/fpv_msgs/environment/path.dsv
[1.652s] -- Up-to-date: /home/moonly/fpv_ros2_workspace/install/fpv_msgs/share/fpv_msgs/local_setup.bash
[1.652s] -- Up-to-date: /home/moonly/fpv_ros2_workspace/install/fpv_msgs/share/fpv_msgs/local_setup.sh
[1.653s] -- Up-to-date: /home/moonly/fpv_ros2_workspace/install/fpv_msgs/share/fpv_msgs/local_setup.zsh
[1.653s] -- Up-to-date: /home/moonly/fpv_ros2_workspace/install/fpv_msgs/share/fpv_msgs/local_setup.dsv
[1.653s] -- Installing: /home/moonly/fpv_ros2_workspace/install/fpv_msgs/share/fpv_msgs/package.dsv
[1.653s] -- Up-to-date: /home/moonly/fpv_ros2_workspace/install/fpv_msgs/share/ament_index/resource_index/packages/fpv_msgs
[1.653s] -- Up-to-date: /home/moonly/fpv_ros2_workspace/install/fpv_msgs/share/fpv_msgs/cmake/fpv_msgs__rosidl_generator_cExport.cmake
[1.653s] -- Up-to-date: /home/moonly/fpv_ros2_workspace/install/fpv_msgs/share/fpv_msgs/cmake/fpv_msgs__rosidl_generator_cExport-noconfig.cmake
[1.653s] -- Up-to-date: /home/moonly/fpv_ros2_workspace/install/fpv_msgs/share/fpv_msgs/cmake/fpv_msgs__rosidl_typesupport_introspection_cExport.cmake
[1.653s] -- Up-to-date: /home/moonly/fpv_ros2_workspace/install/fpv_msgs/share/fpv_msgs/cmake/fpv_msgs__rosidl_typesupport_introspection_cExport-noconfig.cmake
[1.653s] -- Up-to-date: /home/moonly/fpv_ros2_workspace/install/fpv_msgs/share/fpv_msgs/cmake/fpv_msgs__rosidl_typesupport_cExport.cmake
[1.653s] -- Up-to-date: /home/moonly/fpv_ros2_workspace/install/fpv_msgs/share/fpv_msgs/cmake/fpv_msgs__rosidl_typesupport_cExport-noconfig.cmake
[1.654s] -- Up-to-date: /home/moonly/fpv_ros2_workspace/install/fpv_msgs/share/fpv_msgs/cmake/fpv_msgs__rosidl_generator_cppExport.cmake
[1.654s] -- Up-to-date: /home/moonly/fpv_ros2_workspace/install/fpv_msgs/share/fpv_msgs/cmake/fpv_msgs__rosidl_typesupport_introspection_cppExport.cmake
[1.654s] -- Up-to-date: /home/moonly/fpv_ros2_workspace/install/fpv_msgs/share/fpv_msgs/cmake/fpv_msgs__rosidl_typesupport_introspection_cppExport-noconfig.cmake
[1.654s] -- Up-to-date: /home/moonly/fpv_ros2_workspace/install/fpv_msgs/share/fpv_msgs/cmake/fpv_msgs__rosidl_typesupport_cppExport.cmake
[1.654s] -- Up-to-date: /home/moonly/fpv_ros2_workspace/install/fpv_msgs/share/fpv_msgs/cmake/fpv_msgs__rosidl_typesupport_cppExport-noconfig.cmake
[1.654s] -- Up-to-date: /home/moonly/fpv_ros2_workspace/install/fpv_msgs/share/fpv_msgs/cmake/rosidl_cmake-extras.cmake
[1.654s] -- Up-to-date: /home/moonly/fpv_ros2_workspace/install/fpv_msgs/share/fpv_msgs/cmake/ament_cmake_export_dependencies-extras.cmake
[1.654s] -- Up-to-date: /home/moonly/fpv_ros2_workspace/install/fpv_msgs/share/fpv_msgs/cmake/ament_cmake_export_libraries-extras.cmake
[1.655s] -- Up-to-date: /home/moonly/fpv_ros2_workspace/install/fpv_msgs/share/fpv_msgs/cmake/ament_cmake_export_targets-extras.cmake
[1.655s] -- Up-to-date: /home/moonly/fpv_ros2_workspace/install/fpv_msgs/share/fpv_msgs/cmake/ament_cmake_export_include_directories-extras.cmake
[1.655s] -- Up-to-date: /home/moonly/fpv_ros2_workspace/install/fpv_msgs/share/fpv_msgs/cmake/rosidl_cmake_export_typesupport_libraries-extras.cmake
[1.655s] -- Up-to-date: /home/moonly/fpv_ros2_workspace/install/fpv_msgs/share/fpv_msgs/cmake/rosidl_cmake_export_typesupport_targets-extras.cmake
[1.655s] -- Up-to-date: /home/moonly/fpv_ros2_workspace/install/fpv_msgs/share/fpv_msgs/cmake/fpv_msgsConfig.cmake
[1.655s] -- Up-to-date: /home/moonly/fpv_ros2_workspace/install/fpv_msgs/share/fpv_msgs/cmake/fpv_msgsConfig-version.cmake
[1.655s] -- Up-to-date: /home/moonly/fpv_ros2_workspace/install/fpv_msgs/share/fpv_msgs/package.xml
[1.661s] Invoked command in '/home/moonly/fpv_ros2_workspace/build/fpv_msgs' returned '0': CMAKE_PREFIX_PATH=${CMAKE_PREFIX_PATH}:/opt/ros/foxy _=/usr/bin/env /usr/bin/cmake --install /home/moonly/fpv_ros2_workspace/build/fpv_msgs
