[0.127s] Invoking command in '/home/moonly/fpv_ros2_workspace/build/pwm_trans': CMAKE_PREFIX_PATH=${CMAKE_PREFIX_PATH}:/opt/ros/foxy _=/usr/bin/env /usr/bin/cmake /home/moonly/fpv_ros2_workspace/src/pwm_trans -DCMAKE_INSTALL_PREFIX=/home/moonly/fpv_ros2_workspace/install/pwm_trans
[0.172s] -- Found ament_cmake: 0.9.12 (/opt/ros/foxy/share/ament_cmake/cmake)
[0.198s] -- Using PYTHON_EXECUTABLE: /usr/bin/python3
[0.908s] -- Found ament_lint_auto: 0.9.8 (/opt/ros/foxy/share/ament_lint_auto/cmake)
[1.077s] -- Found rclcpp: 2.4.3 (/opt/ros/foxy/share/rclcpp/cmake)
[1.206s] -- Using all available rosidl_typesupport_c: rosidl_typesupport_fastrtps_c;rosidl_typesupport_introspection_c
[1.211s] -- Found rosidl_adapter: 1.3.1 (/opt/ros/foxy/share/rosidl_adapter/cmake)
[1.669s] -- Using all available rosidl_typesupport_cpp: rosidl_typesupport_fastrtps_cpp;rosidl_typesupport_introspection_cpp
[1.848s] -- Found rmw_implementation_cmake: 1.0.4 (/opt/ros/foxy/share/rmw_implementation_cmake/cmake)
[1.849s] -- Using RMW implementation 'rmw_fastrtps_cpp' as default
[2.711s] -- Found geometry_msgs: 2.0.5 (/opt/ros/foxy/share/geometry_msgs/cmake)
[2.961s] -- Found sensor_msgs: 2.0.5 (/opt/ros/foxy/share/sensor_msgs/cmake)
[3.510s] CMake Error at CMakeLists.txt:47 (find_package):
[3.519s]   By not providing "Findfpv_msgs.cmake" in CMAKE_MODULE_PATH this project has
[3.520s]   asked CMake to find a package configuration file provided by "fpv_msgs",
[3.521s]   but CMake did not find one.
[3.521s] 
[3.521s]   Could not find a package configuration file provided by "fpv_msgs" with any
[3.521s]   of the following names:
[3.521s] 
[3.521s]     fpv_msgsConfig.cmake
[3.521s]     fpv_msgs-config.cmake
[3.521s] 
[3.521s]   Add the installation prefix of "fpv_msgs" to CMAKE_PREFIX_PATH or set
[3.522s]   "fpv_msgs_DIR" to a directory containing one of the above files.  If
[3.522s]   "fpv_msgs" provides a separate development package or SDK, be sure it has
[3.522s]   been installed.
[3.522s] 
[3.526s] 
[3.529s] -- Configuring incomplete, errors occurred!
[3.530s] See also "/home/moonly/fpv_ros2_workspace/build/pwm_trans/CMakeFiles/CMakeOutput.log".
[3.531s] See also "/home/moonly/fpv_ros2_workspace/build/pwm_trans/CMakeFiles/CMakeError.log".
