[0.146s] Invoking command in '/home/moonly/fpv_ros2_workspace/build/fpv_msgs': CMAKE_PREFIX_PATH=${CMAKE_PREFIX_PATH}:/opt/ros/foxy _=/usr/bin/env /usr/bin/cmake --build /home/moonly/fpv_ros2_workspace/build/fpv_msgs -- -j8 -l8
[0.333s] [  3%] [34m[1mGenerating C code for ROS interfaces[0m
[0.383s] [35m[1mScanning dependencies of target fpv_msgs__cpp[0m
[0.477s] [  6%] [34m[1mGenerating C++ code for ROS interfaces[0m
[1.566s] [35m[1mScanning dependencies of target fpv_msgs__rosidl_generator_c[0m
[1.586s] [  9%] [32mBuilding C object CMakeFiles/fpv_msgs__rosidl_generator_c.dir/rosidl_generator_c/fpv_msgs/msg/detail/moonly_fpv__functions.c.o[0m
[1.596s] [  9%] Built target fpv_msgs__cpp
[1.616s] [ 16%] [34m[1mGenerating C++ type support for eProsima Fast-RTPS[0m
[1.616s] [ 16%] [34m[1mGenerating C++ introspection for ROS interfaces[0m
[1.616s] [ 19%] [34m[1mGenerating C++ type support dispatch for ROS interfaces[0m
[1.653s] [ 22%] [32m[1mLinking C shared library libfpv_msgs__rosidl_generator_c.so[0m
[1.706s] [ 22%] Built target fpv_msgs__rosidl_generator_c
[1.735s] [ 25%] [34m[1mGenerating C introspection for ROS interfaces[0m
[1.738s] [ 29%] [34m[1mGenerating C type support dispatch for ROS interfaces[0m
[1.959s] [35m[1mScanning dependencies of target fpv_msgs__rosidl_typesupport_fastrtps_cpp[0m
[1.990s] [ 32%] [32mBuilding CXX object CMakeFiles/fpv_msgs__rosidl_typesupport_fastrtps_cpp.dir/rosidl_typesupport_fastrtps_cpp/fpv_msgs/msg/detail/dds_fastrtps/moonly_fpv__type_support.cpp.o[0m
[2.034s] [35m[1mScanning dependencies of target fpv_msgs__rosidl_typesupport_cpp[0m
[2.057s] [ 35%] [32mBuilding CXX object CMakeFiles/fpv_msgs__rosidl_typesupport_cpp.dir/rosidl_typesupport_cpp/fpv_msgs/msg/moonly_fpv__type_support.cpp.o[0m
[2.063s] [35m[1mScanning dependencies of target fpv_msgs__rosidl_typesupport_introspection_cpp[0m
[2.088s] [ 38%] [32mBuilding CXX object CMakeFiles/fpv_msgs__rosidl_typesupport_introspection_cpp.dir/rosidl_typesupport_introspection_cpp/fpv_msgs/msg/detail/moonly_fpv__type_support.cpp.o[0m
[2.178s] [35m[1mScanning dependencies of target fpv_msgs__rosidl_typesupport_c[0m
[2.182s] [35m[1mScanning dependencies of target fpv_msgs__rosidl_typesupport_introspection_c[0m
[2.203s] [ 41%] [32mBuilding C object CMakeFiles/fpv_msgs__rosidl_typesupport_introspection_c.dir/rosidl_typesupport_introspection_c/fpv_msgs/msg/detail/moonly_fpv__type_support.c.o[0m
[2.204s] [ 45%] [32mBuilding CXX object CMakeFiles/fpv_msgs__rosidl_typesupport_c.dir/rosidl_typesupport_c/fpv_msgs/msg/moonly_fpv__type_support.cpp.o[0m
[2.259s] [ 48%] [32m[1mLinking C shared library libfpv_msgs__rosidl_typesupport_introspection_c.so[0m
[2.263s] [ 51%] [32m[1mLinking CXX shared library libfpv_msgs__rosidl_typesupport_c.so[0m
[2.321s] [ 51%] Built target fpv_msgs__rosidl_typesupport_introspection_c
[2.328s] [ 51%] Built target fpv_msgs__rosidl_typesupport_c
[2.397s] [ 54%] [32m[1mLinking CXX shared library libfpv_msgs__rosidl_typesupport_cpp.so[0m
[2.416s] [ 58%] [32m[1mLinking CXX shared library libfpv_msgs__rosidl_typesupport_introspection_cpp.so[0m
[2.431s] [ 58%] Built target fpv_msgs__rosidl_typesupport_cpp
[2.449s] [ 58%] Built target fpv_msgs__rosidl_typesupport_introspection_cpp
[2.466s] [ 61%] [32m[1mLinking CXX shared library libfpv_msgs__rosidl_typesupport_fastrtps_cpp.so[0m
[2.549s] [ 61%] Built target fpv_msgs__rosidl_typesupport_fastrtps_cpp
[2.559s] [ 64%] [34m[1mGenerating C type support for eProsima Fast-RTPS[0m
[2.806s] [35m[1mScanning dependencies of target fpv_msgs__rosidl_typesupport_fastrtps_c[0m
[2.819s] [ 67%] [32mBuilding CXX object CMakeFiles/fpv_msgs__rosidl_typesupport_fastrtps_c.dir/rosidl_typesupport_fastrtps_c/fpv_msgs/msg/detail/moonly_fpv__type_support_c.cpp.o[0m
[3.091s] [ 70%] [32m[1mLinking CXX shared library libfpv_msgs__rosidl_typesupport_fastrtps_c.so[0m
[3.163s] [ 70%] Built target fpv_msgs__rosidl_typesupport_fastrtps_c
[3.174s] [35m[1mScanning dependencies of target fpv_msgs[0m
[3.185s] [ 70%] Built target fpv_msgs
[3.194s] [35m[1mScanning dependencies of target fpv_msgs__py[0m
[3.203s] [ 74%] [34m[1mGenerating Python code for ROS interfaces[0m
[3.623s] [ 74%] Built target fpv_msgs__py
[3.632s] [35m[1mScanning dependencies of target fpv_msgs__python[0m
[3.645s] [ 77%] [32mBuilding C object CMakeFiles/fpv_msgs__python.dir/rosidl_generator_py/fpv_msgs/msg/_moonly_fpv_s.c.o[0m
[3.720s] [ 80%] [32m[1mLinking C shared library rosidl_generator_py/fpv_msgs/libfpv_msgs__python.so[0m
[3.751s] [ 80%] Built target fpv_msgs__python
[3.760s] [35m[1mScanning dependencies of target fpv_msgs__rosidl_typesupport_fastrtps_c__pyext[0m
[3.760s] [35m[1mScanning dependencies of target fpv_msgs__rosidl_typesupport_introspection_c__pyext[0m
[3.760s] [35m[1mScanning dependencies of target fpv_msgs__rosidl_typesupport_c__pyext[0m
[3.794s] [ 87%] [32mBuilding C object CMakeFiles/fpv_msgs__rosidl_typesupport_introspection_c__pyext.dir/rosidl_generator_py/fpv_msgs/_fpv_msgs_s.ep.rosidl_typesupport_introspection_c.c.o[0m
[3.794s] [ 87%] [32mBuilding C object CMakeFiles/fpv_msgs__rosidl_typesupport_fastrtps_c__pyext.dir/rosidl_generator_py/fpv_msgs/_fpv_msgs_s.ep.rosidl_typesupport_fastrtps_c.c.o[0m
[3.794s] [ 90%] [32mBuilding C object CMakeFiles/fpv_msgs__rosidl_typesupport_c__pyext.dir/rosidl_generator_py/fpv_msgs/_fpv_msgs_s.ep.rosidl_typesupport_c.c.o[0m
[3.859s] [ 93%] [32m[1mLinking C shared library rosidl_generator_py/fpv_msgs/fpv_msgs_s__rosidl_typesupport_c.cpython-38-x86_64-linux-gnu.so[0m
[3.909s] [ 96%] [32m[1mLinking CXX shared library rosidl_generator_py/fpv_msgs/fpv_msgs_s__rosidl_typesupport_fastrtps_c.cpython-38-x86_64-linux-gnu.so[0m
[3.912s] [100%] [32m[1mLinking C shared library rosidl_generator_py/fpv_msgs/fpv_msgs_s__rosidl_typesupport_introspection_c.cpython-38-x86_64-linux-gnu.so[0m
[3.913s] [100%] Built target fpv_msgs__rosidl_typesupport_c__pyext
[3.940s] [100%] Built target fpv_msgs__rosidl_typesupport_introspection_c__pyext
[3.961s] [100%] Built target fpv_msgs__rosidl_typesupport_fastrtps_c__pyext
