[0.088s] Invoking command in '/home/moonly/fpv_ros2_workspace/build/dgps_msgs': CMAKE_PREFIX_PATH=${CMAKE_PREFIX_PATH}:/opt/ros/foxy _=/usr/bin/env /usr/bin/cmake /home/moonly/fpv_ros2_workspace/src/dgps_ros2/dgps_msgs -DCMAKE_INSTALL_PREFIX=/home/moonly/fpv_ros2_workspace/install/dgps_msgs
[0.252s] -- The C compiler identification is GNU 9.4.0
[0.581s] -- The CXX compiler identification is GNU 9.4.0
[0.631s] -- Check for working C compiler: /usr/bin/cc
[1.055s] -- Check for working C compiler: /usr/bin/cc -- works
[1.072s] -- Detecting C compiler ABI info
[1.284s] -- Detecting C compiler ABI info - done
[1.309s] -- Detecting C compile features
[1.312s] -- Detecting C compile features - done
[1.331s] -- Check for working CXX compiler: /usr/bin/c++
[1.488s] -- Check for working CXX compiler: /usr/bin/c++ -- works
[1.488s] -- Detecting CXX compiler ABI info
[1.546s] -- Detecting CXX compiler ABI info - done
[1.558s] -- Detecting CXX compile features
[1.558s] -- Detecting CXX compile features - done
[1.562s] -- Found ament_cmake: 0.9.12 (/opt/ros/foxy/share/ament_cmake/cmake)
[1.592s] -- Found PythonInterp: /usr/bin/python3 (found suitable version "3.8.10", minimum required is "3") 
[1.592s] -- Using PYTHON_EXECUTABLE: /usr/bin/python3
[1.747s] -- Found geometry_msgs: 2.0.5 (/opt/ros/foxy/share/geometry_msgs/cmake)
[1.771s] -- Using all available rosidl_typesupport_c: rosidl_typesupport_fastrtps_c;rosidl_typesupport_introspection_c
[1.776s] -- Found rosidl_adapter: 1.3.1 (/opt/ros/foxy/share/rosidl_adapter/cmake)
[1.834s] -- Found OpenSSL: /usr/lib/x86_64-linux-gnu/libcrypto.so (found version "1.1.1f")  
[1.860s] -- Found FastRTPS: /opt/ros/foxy/include  
[1.924s] -- Using all available rosidl_typesupport_cpp: rosidl_typesupport_fastrtps_cpp;rosidl_typesupport_introspection_cpp
[1.987s] -- Found rosidl_default_generators: 1.0.1 (/opt/ros/foxy/share/rosidl_default_generators/cmake)
[2.010s] -- Found PythonInterp: /usr/bin/python3 (found version "3.8.10") 
[2.132s] -- Found ament_cmake_cppcheck: 0.9.8 (/opt/ros/foxy/share/ament_cmake_cppcheck/cmake)
[2.133s] -- Found ament_cmake_cpplint: 0.9.8 (/opt/ros/foxy/share/ament_cmake_cpplint/cmake)
[2.134s] -- Found ament_cmake_uncrustify: 0.9.8 (/opt/ros/foxy/share/ament_cmake_uncrustify/cmake)
[2.136s] -- Found ament_cmake_ros: 0.9.2 (/opt/ros/foxy/share/ament_cmake_ros/cmake)
[2.262s] -- Using all available rosidl_typesupport_c: rosidl_typesupport_fastrtps_c;rosidl_typesupport_introspection_c
[2.304s] -- Using all available rosidl_typesupport_cpp: rosidl_typesupport_fastrtps_cpp;rosidl_typesupport_introspection_cpp
[2.321s] -- Found PythonInterp: /usr/bin/python3 (found suitable version "3.8.10", minimum required is "3.5") 
[2.322s] -- Found python_cmake_module: 0.8.1 (/opt/ros/foxy/share/python_cmake_module/cmake)
[2.343s] -- Found PythonLibs: /usr/lib/x86_64-linux-gnu/libpython3.8.so (found suitable version "3.8.10", minimum required is "3.5") 
[2.343s] -- Using PYTHON_EXECUTABLE: /usr/bin/python3
[2.343s] -- Using PYTHON_INCLUDE_DIRS: /usr/include/python3.8
[2.343s] -- Using PYTHON_LIBRARIES: /usr/lib/x86_64-linux-gnu/libpython3.8.so
[2.361s] -- Found PythonExtra: .so  
[2.574s] -- Found ament_cmake_flake8: 0.9.8 (/opt/ros/foxy/share/ament_cmake_flake8/cmake)
[2.578s] -- Found ament_cmake_pep257: 0.9.8 (/opt/ros/foxy/share/ament_cmake_pep257/cmake)
[2.581s] -- Found ament_lint_auto: 0.9.8 (/opt/ros/foxy/share/ament_lint_auto/cmake)
[2.672s] -- Added test 'copyright' to check source files copyright and LICENSE
[2.673s] -- Added test 'lint_cmake' to check CMake code style
[2.674s] -- Added test 'xmllint' to check XML markup files
[2.696s] -- Configuring done
[2.844s] -- Generating done
[2.867s] -- Build files have been written to: /home/moonly/fpv_ros2_workspace/build/dgps_msgs
[2.897s] Invoked command in '/home/moonly/fpv_ros2_workspace/build/dgps_msgs' returned '0': CMAKE_PREFIX_PATH=${CMAKE_PREFIX_PATH}:/opt/ros/foxy _=/usr/bin/env /usr/bin/cmake /home/moonly/fpv_ros2_workspace/src/dgps_ros2/dgps_msgs -DCMAKE_INSTALL_PREFIX=/home/moonly/fpv_ros2_workspace/install/dgps_msgs
[2.898s] Invoking command in '/home/moonly/fpv_ros2_workspace/build/dgps_msgs': CMAKE_PREFIX_PATH=${CMAKE_PREFIX_PATH}:/opt/ros/foxy _=/usr/bin/env /usr/bin/cmake --build /home/moonly/fpv_ros2_workspace/build/dgps_msgs -- -j8 -l8
[2.962s] [  2%] [34m[1mGenerating C code for ROS interfaces[0m
[2.962s] [35m[1mScanning dependencies of target dgps_msgs__cpp[0m
[2.995s] [  4%] [34m[1mGenerating C++ code for ROS interfaces[0m
[4.774s] [  4%] Built target dgps_msgs__cpp
[4.782s] [  6%] [34m[1mGenerating C++ introspection for ROS interfaces[0m
[4.784s] [ 10%] [34m[1mGenerating C++ type support for eProsima Fast-RTPS[0m
[4.784s] [ 10%] [34m[1mGenerating C++ type support dispatch for ROS interfaces[0m
[5.055s] [35m[1mScanning dependencies of target dgps_msgs__rosidl_generator_c[0m
[5.077s] [ 12%] [32mBuilding C object CMakeFiles/dgps_msgs__rosidl_generator_c.dir/rosidl_generator_c/dgps_msgs/msg/detail/gnvtg__functions.c.o[0m
[5.088s] [ 14%] [32mBuilding C object CMakeFiles/dgps_msgs__rosidl_generator_c.dir/rosidl_generator_c/dgps_msgs/msg/detail/gpfpd__functions.c.o[0m
[5.091s] [ 17%] [32mBuilding C object CMakeFiles/dgps_msgs__rosidl_generator_c.dir/rosidl_generator_c/dgps_msgs/msg/detail/gtimu__functions.c.o[0m
[5.158s] [ 19%] [32m[1mLinking C shared library libdgps_msgs__rosidl_generator_c.so[0m
[5.201s] [ 19%] Built target dgps_msgs__rosidl_generator_c
[5.218s] [ 23%] [34m[1mGenerating C introspection for ROS interfaces[0m
[5.219s] [ 23%] [34m[1mGenerating C type support dispatch for ROS interfaces[0m
[5.778s] [35m[1mScanning dependencies of target dgps_msgs__rosidl_typesupport_cpp[0m
[5.793s] [35m[1mScanning dependencies of target dgps_msgs__rosidl_typesupport_fastrtps_cpp[0m
[5.807s] [35m[1mScanning dependencies of target dgps_msgs__rosidl_typesupport_introspection_cpp[0m
[5.835s] [ 25%] [32mBuilding CXX object CMakeFiles/dgps_msgs__rosidl_typesupport_cpp.dir/rosidl_typesupport_cpp/dgps_msgs/msg/gnvtg__type_support.cpp.o[0m
[5.835s] [ 27%] [32mBuilding CXX object CMakeFiles/dgps_msgs__rosidl_typesupport_cpp.dir/rosidl_typesupport_cpp/dgps_msgs/msg/gpfpd__type_support.cpp.o[0m
[5.848s] [ 29%] [32mBuilding CXX object CMakeFiles/dgps_msgs__rosidl_typesupport_cpp.dir/rosidl_typesupport_cpp/dgps_msgs/msg/gtimu__type_support.cpp.o[0m
[5.849s] [ 31%] [32mBuilding CXX object CMakeFiles/dgps_msgs__rosidl_typesupport_introspection_cpp.dir/rosidl_typesupport_introspection_cpp/dgps_msgs/msg/detail/gnvtg__type_support.cpp.o[0m
[5.849s] [ 34%] [32mBuilding CXX object CMakeFiles/dgps_msgs__rosidl_typesupport_fastrtps_cpp.dir/rosidl_typesupport_fastrtps_cpp/dgps_msgs/msg/detail/dds_fastrtps/gnvtg__type_support.cpp.o[0m
[5.873s] [ 36%] [32mBuilding CXX object CMakeFiles/dgps_msgs__rosidl_typesupport_fastrtps_cpp.dir/rosidl_typesupport_fastrtps_cpp/dgps_msgs/msg/detail/dds_fastrtps/gpfpd__type_support.cpp.o[0m
[6.099s] [35m[1mScanning dependencies of target dgps_msgs__rosidl_typesupport_c[0m
[6.169s] [ 38%] [32mBuilding CXX object CMakeFiles/dgps_msgs__rosidl_typesupport_c.dir/rosidl_typesupport_c/dgps_msgs/msg/gnvtg__type_support.cpp.o[0m
[6.264s] [ 40%] [32mBuilding CXX object CMakeFiles/dgps_msgs__rosidl_typesupport_c.dir/rosidl_typesupport_c/dgps_msgs/msg/gpfpd__type_support.cpp.o[0m
[6.327s] [35m[1mScanning dependencies of target dgps_msgs__rosidl_typesupport_introspection_c[0m
[6.344s] [ 42%] [32mBuilding CXX object CMakeFiles/dgps_msgs__rosidl_typesupport_c.dir/rosidl_typesupport_c/dgps_msgs/msg/gtimu__type_support.cpp.o[0m
[6.345s] [ 44%] [32mBuilding CXX object CMakeFiles/dgps_msgs__rosidl_typesupport_fastrtps_cpp.dir/rosidl_typesupport_fastrtps_cpp/dgps_msgs/msg/detail/dds_fastrtps/gtimu__type_support.cpp.o[0m
[6.369s] [ 46%] [32mBuilding CXX object CMakeFiles/dgps_msgs__rosidl_typesupport_introspection_cpp.dir/rosidl_typesupport_introspection_cpp/dgps_msgs/msg/detail/gpfpd__type_support.cpp.o[0m
[6.378s] [ 48%] [32m[1mLinking CXX shared library libdgps_msgs__rosidl_typesupport_cpp.so[0m
[6.382s] [ 51%] [32m[1mLinking CXX shared library libdgps_msgs__rosidl_typesupport_c.so[0m
[6.384s] [ 53%] [32mBuilding C object CMakeFiles/dgps_msgs__rosidl_typesupport_introspection_c.dir/rosidl_typesupport_introspection_c/dgps_msgs/msg/detail/gnvtg__type_support.c.o[0m
[6.397s] [ 55%] [32mBuilding CXX object CMakeFiles/dgps_msgs__rosidl_typesupport_introspection_cpp.dir/rosidl_typesupport_introspection_cpp/dgps_msgs/msg/detail/gtimu__type_support.cpp.o[0m
[6.470s] [ 57%] [32mBuilding C object CMakeFiles/dgps_msgs__rosidl_typesupport_introspection_c.dir/rosidl_typesupport_introspection_c/dgps_msgs/msg/detail/gpfpd__type_support.c.o[0m
[6.482s] [ 57%] Built target dgps_msgs__rosidl_typesupport_cpp
[6.500s] [ 57%] Built target dgps_msgs__rosidl_typesupport_c
[6.528s] [ 59%] [32mBuilding C object CMakeFiles/dgps_msgs__rosidl_typesupport_introspection_c.dir/rosidl_typesupport_introspection_c/dgps_msgs/msg/detail/gtimu__type_support.c.o[0m
[6.571s] [ 61%] [32m[1mLinking C shared library libdgps_msgs__rosidl_typesupport_introspection_c.so[0m
[6.624s] [ 61%] Built target dgps_msgs__rosidl_typesupport_introspection_c
[6.808s] [ 63%] [32m[1mLinking CXX shared library libdgps_msgs__rosidl_typesupport_introspection_cpp.so[0m
[6.876s] [ 63%] Built target dgps_msgs__rosidl_typesupport_introspection_cpp
[6.911s] [ 65%] [32m[1mLinking CXX shared library libdgps_msgs__rosidl_typesupport_fastrtps_cpp.so[0m
[6.989s] [ 65%] Built target dgps_msgs__rosidl_typesupport_fastrtps_cpp
[7.000s] [ 68%] [34m[1mGenerating C type support for eProsima Fast-RTPS[0m
[7.466s] [35m[1mScanning dependencies of target dgps_msgs__rosidl_typesupport_fastrtps_c[0m
[7.480s] [ 72%] [32mBuilding CXX object CMakeFiles/dgps_msgs__rosidl_typesupport_fastrtps_c.dir/rosidl_typesupport_fastrtps_c/dgps_msgs/msg/detail/gpfpd__type_support_c.cpp.o[0m
[7.480s] [ 72%] [32mBuilding CXX object CMakeFiles/dgps_msgs__rosidl_typesupport_fastrtps_c.dir/rosidl_typesupport_fastrtps_c/dgps_msgs/msg/detail/gnvtg__type_support_c.cpp.o[0m
[7.481s] [ 74%] [32mBuilding CXX object CMakeFiles/dgps_msgs__rosidl_typesupport_fastrtps_c.dir/rosidl_typesupport_fastrtps_c/dgps_msgs/msg/detail/gtimu__type_support_c.cpp.o[0m
[7.762s] [ 76%] [32m[1mLinking CXX shared library libdgps_msgs__rosidl_typesupport_fastrtps_c.so[0m
[7.845s] [ 76%] Built target dgps_msgs__rosidl_typesupport_fastrtps_c
[7.853s] [35m[1mScanning dependencies of target dgps_msgs[0m
[7.862s] [ 76%] Built target dgps_msgs
[7.870s] [35m[1mScanning dependencies of target dgps_msgs__py[0m
[7.878s] [ 78%] [34m[1mGenerating Python code for ROS interfaces[0m
[8.773s] [ 78%] Built target dgps_msgs__py
[8.781s] [35m[1mScanning dependencies of target dgps_msgs__python[0m
[8.846s] [ 85%] [32mBuilding C object CMakeFiles/dgps_msgs__python.dir/rosidl_generator_py/dgps_msgs/msg/_gpfpd_s.c.o[0m
[8.846s] [ 85%] [32mBuilding C object CMakeFiles/dgps_msgs__python.dir/rosidl_generator_py/dgps_msgs/msg/_gtimu_s.c.o[0m
[8.846s] [ 85%] [32mBuilding C object CMakeFiles/dgps_msgs__python.dir/rosidl_generator_py/dgps_msgs/msg/_gnvtg_s.c.o[0m
[8.962s] [ 87%] [32m[1mLinking C shared library rosidl_generator_py/dgps_msgs/libdgps_msgs__python.so[0m
[8.994s] [ 87%] Built target dgps_msgs__python
[9.004s] [35m[1mScanning dependencies of target dgps_msgs__rosidl_typesupport_fastrtps_c__pyext[0m
[9.004s] [35m[1mScanning dependencies of target dgps_msgs__rosidl_typesupport_introspection_c__pyext[0m
[9.005s] [35m[1mScanning dependencies of target dgps_msgs__rosidl_typesupport_c__pyext[0m
[9.041s] [ 89%] [32mBuilding C object CMakeFiles/dgps_msgs__rosidl_typesupport_fastrtps_c__pyext.dir/rosidl_generator_py/dgps_msgs/_dgps_msgs_s.ep.rosidl_typesupport_fastrtps_c.c.o[0m
[9.041s] [ 91%] [32mBuilding C object CMakeFiles/dgps_msgs__rosidl_typesupport_c__pyext.dir/rosidl_generator_py/dgps_msgs/_dgps_msgs_s.ep.rosidl_typesupport_c.c.o[0m
[9.045s] [ 93%] [32mBuilding C object CMakeFiles/dgps_msgs__rosidl_typesupport_introspection_c__pyext.dir/rosidl_generator_py/dgps_msgs/_dgps_msgs_s.ep.rosidl_typesupport_introspection_c.c.o[0m
[9.136s] [ 97%] [32m[1mLinking CXX shared library rosidl_generator_py/dgps_msgs/dgps_msgs_s__rosidl_typesupport_fastrtps_c.cpython-38-x86_64-linux-gnu.so[0m
[9.136s] [ 97%] [32m[1mLinking C shared library rosidl_generator_py/dgps_msgs/dgps_msgs_s__rosidl_typesupport_introspection_c.cpython-38-x86_64-linux-gnu.so[0m
[9.167s] [100%] [32m[1mLinking C shared library rosidl_generator_py/dgps_msgs/dgps_msgs_s__rosidl_typesupport_c.cpython-38-x86_64-linux-gnu.so[0m
[9.168s] [100%] Built target dgps_msgs__rosidl_typesupport_introspection_c__pyext
[9.190s] [100%] Built target dgps_msgs__rosidl_typesupport_fastrtps_c__pyext
[9.198s] [100%] Built target dgps_msgs__rosidl_typesupport_c__pyext
[9.208s] Invoked command in '/home/moonly/fpv_ros2_workspace/build/dgps_msgs' returned '0': CMAKE_PREFIX_PATH=${CMAKE_PREFIX_PATH}:/opt/ros/foxy _=/usr/bin/env /usr/bin/cmake --build /home/moonly/fpv_ros2_workspace/build/dgps_msgs -- -j8 -l8
[9.312s] Invoking command in '/home/moonly/fpv_ros2_workspace/build/dgps_msgs': CMAKE_PREFIX_PATH=${CMAKE_PREFIX_PATH}:/opt/ros/foxy _=/usr/bin/env /usr/bin/cmake --install /home/moonly/fpv_ros2_workspace/build/dgps_msgs
[9.322s] -- Install configuration: ""
[9.322s] -- Installing: /home/moonly/fpv_ros2_workspace/install/dgps_msgs/share/ament_index/resource_index/rosidl_interfaces/dgps_msgs
[9.322s] -- Installing: /home/moonly/fpv_ros2_workspace/install/dgps_msgs/include/dgps_msgs
[9.322s] -- Installing: /home/moonly/fpv_ros2_workspace/install/dgps_msgs/include/dgps_msgs/msg
[9.323s] -- Installing: /home/moonly/fpv_ros2_workspace/install/dgps_msgs/include/dgps_msgs/msg/detail
[9.323s] -- Installing: /home/moonly/fpv_ros2_workspace/install/dgps_msgs/include/dgps_msgs/msg/detail/gnvtg__functions.h
[9.323s] -- Installing: /home/moonly/fpv_ros2_workspace/install/dgps_msgs/include/dgps_msgs/msg/detail/gnvtg__functions.c
[9.323s] -- Installing: /home/moonly/fpv_ros2_workspace/install/dgps_msgs/include/dgps_msgs/msg/detail/gpfpd__functions.c
[9.323s] -- Installing: /home/moonly/fpv_ros2_workspace/install/dgps_msgs/include/dgps_msgs/msg/detail/gnvtg__struct.h
[9.323s] -- Installing: /home/moonly/fpv_ros2_workspace/install/dgps_msgs/include/dgps_msgs/msg/detail/gtimu__type_support.h
[9.323s] -- Installing: /home/moonly/fpv_ros2_workspace/install/dgps_msgs/include/dgps_msgs/msg/detail/gpfpd__type_support.h
[9.323s] -- Installing: /home/moonly/fpv_ros2_workspace/install/dgps_msgs/include/dgps_msgs/msg/detail/gtimu__functions.h
[9.323s] -- Installing: /home/moonly/fpv_ros2_workspace/install/dgps_msgs/include/dgps_msgs/msg/detail/gtimu__struct.h
[9.324s] -- Installing: /home/moonly/fpv_ros2_workspace/install/dgps_msgs/include/dgps_msgs/msg/detail/gtimu__functions.c
[9.324s] -- Installing: /home/moonly/fpv_ros2_workspace/install/dgps_msgs/include/dgps_msgs/msg/detail/gpfpd__functions.h
[9.324s] -- Installing: /home/moonly/fpv_ros2_workspace/install/dgps_msgs/include/dgps_msgs/msg/detail/gpfpd__struct.h
[9.324s] -- Installing: /home/moonly/fpv_ros2_workspace/install/dgps_msgs/include/dgps_msgs/msg/detail/gnvtg__type_support.h
[9.324s] -- Installing: /home/moonly/fpv_ros2_workspace/install/dgps_msgs/include/dgps_msgs/msg/gpfpd.h
[9.324s] -- Installing: /home/moonly/fpv_ros2_workspace/install/dgps_msgs/include/dgps_msgs/msg/gtimu.h
[9.324s] -- Installing: /home/moonly/fpv_ros2_workspace/install/dgps_msgs/include/dgps_msgs/msg/gnvtg.h
[9.324s] -- Installing: /home/moonly/fpv_ros2_workspace/install/dgps_msgs/include/dgps_msgs/msg/rosidl_generator_c__visibility_control.h
[9.324s] -- Installing: /home/moonly/fpv_ros2_workspace/install/dgps_msgs/share/dgps_msgs/environment/library_path.sh
[9.324s] -- Installing: /home/moonly/fpv_ros2_workspace/install/dgps_msgs/share/dgps_msgs/environment/library_path.dsv
[9.324s] -- Installing: /home/moonly/fpv_ros2_workspace/install/dgps_msgs/lib/libdgps_msgs__rosidl_generator_c.so
[9.324s] -- Set runtime path of "/home/moonly/fpv_ros2_workspace/install/dgps_msgs/lib/libdgps_msgs__rosidl_generator_c.so" to ""
[9.324s] -- Up-to-date: /home/moonly/fpv_ros2_workspace/install/dgps_msgs/include/dgps_msgs
[9.324s] -- Up-to-date: /home/moonly/fpv_ros2_workspace/install/dgps_msgs/include/dgps_msgs/msg
[9.325s] -- Up-to-date: /home/moonly/fpv_ros2_workspace/install/dgps_msgs/include/dgps_msgs/msg/detail
[9.325s] -- Installing: /home/moonly/fpv_ros2_workspace/install/dgps_msgs/include/dgps_msgs/msg/detail/gtimu__rosidl_typesupport_fastrtps_c.h
[9.325s] -- Installing: /home/moonly/fpv_ros2_workspace/install/dgps_msgs/include/dgps_msgs/msg/detail/gpfpd__rosidl_typesupport_fastrtps_c.h
[9.325s] -- Installing: /home/moonly/fpv_ros2_workspace/install/dgps_msgs/include/dgps_msgs/msg/detail/gnvtg__rosidl_typesupport_fastrtps_c.h
[9.325s] -- Installing: /home/moonly/fpv_ros2_workspace/install/dgps_msgs/include/dgps_msgs/msg/rosidl_typesupport_fastrtps_c__visibility_control.h
[9.325s] -- Installing: /home/moonly/fpv_ros2_workspace/install/dgps_msgs/lib/libdgps_msgs__rosidl_typesupport_fastrtps_c.so
[9.325s] -- Set runtime path of "/home/moonly/fpv_ros2_workspace/install/dgps_msgs/lib/libdgps_msgs__rosidl_typesupport_fastrtps_c.so" to ""
[9.325s] -- Up-to-date: /home/moonly/fpv_ros2_workspace/install/dgps_msgs/include/dgps_msgs
[9.325s] -- Up-to-date: /home/moonly/fpv_ros2_workspace/install/dgps_msgs/include/dgps_msgs/msg
[9.325s] -- Up-to-date: /home/moonly/fpv_ros2_workspace/install/dgps_msgs/include/dgps_msgs/msg/detail
[9.325s] -- Installing: /home/moonly/fpv_ros2_workspace/install/dgps_msgs/include/dgps_msgs/msg/detail/dds_fastrtps
[9.325s] -- Installing: /home/moonly/fpv_ros2_workspace/install/dgps_msgs/include/dgps_msgs/msg/detail/gpfpd__rosidl_typesupport_fastrtps_cpp.hpp
[9.325s] -- Installing: /home/moonly/fpv_ros2_workspace/install/dgps_msgs/include/dgps_msgs/msg/detail/gnvtg__rosidl_typesupport_fastrtps_cpp.hpp
[9.325s] -- Installing: /home/moonly/fpv_ros2_workspace/install/dgps_msgs/include/dgps_msgs/msg/detail/gtimu__rosidl_typesupport_fastrtps_cpp.hpp
[9.325s] -- Installing: /home/moonly/fpv_ros2_workspace/install/dgps_msgs/include/dgps_msgs/msg/rosidl_typesupport_fastrtps_cpp__visibility_control.h
[9.326s] -- Installing: /home/moonly/fpv_ros2_workspace/install/dgps_msgs/lib/libdgps_msgs__rosidl_typesupport_fastrtps_cpp.so
[9.326s] -- Set runtime path of "/home/moonly/fpv_ros2_workspace/install/dgps_msgs/lib/libdgps_msgs__rosidl_typesupport_fastrtps_cpp.so" to ""
[9.326s] -- Up-to-date: /home/moonly/fpv_ros2_workspace/install/dgps_msgs/include/dgps_msgs
[9.326s] -- Up-to-date: /home/moonly/fpv_ros2_workspace/install/dgps_msgs/include/dgps_msgs/msg
[9.326s] -- Up-to-date: /home/moonly/fpv_ros2_workspace/install/dgps_msgs/include/dgps_msgs/msg/detail
[9.326s] -- Installing: /home/moonly/fpv_ros2_workspace/install/dgps_msgs/include/dgps_msgs/msg/detail/gpfpd__type_support.c
[9.326s] -- Installing: /home/moonly/fpv_ros2_workspace/install/dgps_msgs/include/dgps_msgs/msg/detail/gtimu__rosidl_typesupport_introspection_c.h
[9.326s] -- Installing: /home/moonly/fpv_ros2_workspace/install/dgps_msgs/include/dgps_msgs/msg/detail/gnvtg__rosidl_typesupport_introspection_c.h
[9.326s] -- Installing: /home/moonly/fpv_ros2_workspace/install/dgps_msgs/include/dgps_msgs/msg/detail/gnvtg__type_support.c
[9.327s] -- Installing: /home/moonly/fpv_ros2_workspace/install/dgps_msgs/include/dgps_msgs/msg/detail/gtimu__type_support.c
[9.327s] -- Installing: /home/moonly/fpv_ros2_workspace/install/dgps_msgs/include/dgps_msgs/msg/detail/gpfpd__rosidl_typesupport_introspection_c.h
[9.327s] -- Installing: /home/moonly/fpv_ros2_workspace/install/dgps_msgs/include/dgps_msgs/msg/rosidl_typesupport_introspection_c__visibility_control.h
[9.327s] -- Installing: /home/moonly/fpv_ros2_workspace/install/dgps_msgs/lib/libdgps_msgs__rosidl_typesupport_introspection_c.so
[9.327s] -- Set runtime path of "/home/moonly/fpv_ros2_workspace/install/dgps_msgs/lib/libdgps_msgs__rosidl_typesupport_introspection_c.so" to ""
[9.327s] -- Installing: /home/moonly/fpv_ros2_workspace/install/dgps_msgs/lib/libdgps_msgs__rosidl_typesupport_c.so
[9.327s] -- Set runtime path of "/home/moonly/fpv_ros2_workspace/install/dgps_msgs/lib/libdgps_msgs__rosidl_typesupport_c.so" to ""
[9.327s] -- Up-to-date: /home/moonly/fpv_ros2_workspace/install/dgps_msgs/include/dgps_msgs
[9.328s] -- Up-to-date: /home/moonly/fpv_ros2_workspace/install/dgps_msgs/include/dgps_msgs/msg
[9.328s] -- Up-to-date: /home/moonly/fpv_ros2_workspace/install/dgps_msgs/include/dgps_msgs/msg/detail
[9.328s] -- Installing: /home/moonly/fpv_ros2_workspace/install/dgps_msgs/include/dgps_msgs/msg/detail/gnvtg__struct.hpp
[9.328s] -- Installing: /home/moonly/fpv_ros2_workspace/install/dgps_msgs/include/dgps_msgs/msg/detail/gpfpd__traits.hpp
[9.328s] -- Installing: /home/moonly/fpv_ros2_workspace/install/dgps_msgs/include/dgps_msgs/msg/detail/gtimu__builder.hpp
[9.328s] -- Installing: /home/moonly/fpv_ros2_workspace/install/dgps_msgs/include/dgps_msgs/msg/detail/gtimu__traits.hpp
[9.328s] -- Installing: /home/moonly/fpv_ros2_workspace/install/dgps_msgs/include/dgps_msgs/msg/detail/gpfpd__struct.hpp
[9.328s] -- Installing: /home/moonly/fpv_ros2_workspace/install/dgps_msgs/include/dgps_msgs/msg/detail/gpfpd__type_support.hpp
[9.328s] -- Installing: /home/moonly/fpv_ros2_workspace/install/dgps_msgs/include/dgps_msgs/msg/detail/gtimu__struct.hpp
[9.328s] -- Installing: /home/moonly/fpv_ros2_workspace/install/dgps_msgs/include/dgps_msgs/msg/detail/gnvtg__type_support.hpp
[9.329s] -- Installing: /home/moonly/fpv_ros2_workspace/install/dgps_msgs/include/dgps_msgs/msg/detail/gpfpd__builder.hpp
[9.329s] -- Installing: /home/moonly/fpv_ros2_workspace/install/dgps_msgs/include/dgps_msgs/msg/detail/gnvtg__builder.hpp
[9.329s] -- Installing: /home/moonly/fpv_ros2_workspace/install/dgps_msgs/include/dgps_msgs/msg/detail/gtimu__type_support.hpp
[9.329s] -- Installing: /home/moonly/fpv_ros2_workspace/install/dgps_msgs/include/dgps_msgs/msg/detail/gnvtg__traits.hpp
[9.329s] -- Installing: /home/moonly/fpv_ros2_workspace/install/dgps_msgs/include/dgps_msgs/msg/gpfpd.hpp
[9.329s] -- Installing: /home/moonly/fpv_ros2_workspace/install/dgps_msgs/include/dgps_msgs/msg/gtimu.hpp
[9.329s] -- Installing: /home/moonly/fpv_ros2_workspace/install/dgps_msgs/include/dgps_msgs/msg/gnvtg.hpp
[9.329s] -- Installing: /home/moonly/fpv_ros2_workspace/install/dgps_msgs/include/dgps_msgs/msg/rosidl_generator_cpp__visibility_control.hpp
[9.329s] -- Up-to-date: /home/moonly/fpv_ros2_workspace/install/dgps_msgs/include/dgps_msgs
[9.329s] -- Up-to-date: /home/moonly/fpv_ros2_workspace/install/dgps_msgs/include/dgps_msgs/msg
[9.329s] -- Up-to-date: /home/moonly/fpv_ros2_workspace/install/dgps_msgs/include/dgps_msgs/msg/detail
[9.329s] -- Installing: /home/moonly/fpv_ros2_workspace/install/dgps_msgs/include/dgps_msgs/msg/detail/gnvtg__rosidl_typesupport_introspection_cpp.hpp
[9.329s] -- Installing: /home/moonly/fpv_ros2_workspace/install/dgps_msgs/include/dgps_msgs/msg/detail/gnvtg__type_support.cpp
[9.330s] -- Installing: /home/moonly/fpv_ros2_workspace/install/dgps_msgs/include/dgps_msgs/msg/detail/gpfpd__type_support.cpp
[9.330s] -- Installing: /home/moonly/fpv_ros2_workspace/install/dgps_msgs/include/dgps_msgs/msg/detail/gtimu__type_support.cpp
[9.330s] -- Installing: /home/moonly/fpv_ros2_workspace/install/dgps_msgs/include/dgps_msgs/msg/detail/gpfpd__rosidl_typesupport_introspection_cpp.hpp
[9.330s] -- Installing: /home/moonly/fpv_ros2_workspace/install/dgps_msgs/include/dgps_msgs/msg/detail/gtimu__rosidl_typesupport_introspection_cpp.hpp
[9.330s] -- Installing: /home/moonly/fpv_ros2_workspace/install/dgps_msgs/lib/libdgps_msgs__rosidl_typesupport_introspection_cpp.so
[9.330s] -- Set runtime path of "/home/moonly/fpv_ros2_workspace/install/dgps_msgs/lib/libdgps_msgs__rosidl_typesupport_introspection_cpp.so" to ""
[9.330s] -- Installing: /home/moonly/fpv_ros2_workspace/install/dgps_msgs/lib/libdgps_msgs__rosidl_typesupport_cpp.so
[9.331s] -- Set runtime path of "/home/moonly/fpv_ros2_workspace/install/dgps_msgs/lib/libdgps_msgs__rosidl_typesupport_cpp.so" to ""
[9.331s] -- Installing: /home/moonly/fpv_ros2_workspace/install/dgps_msgs/share/dgps_msgs/environment/pythonpath.sh
[9.331s] -- Installing: /home/moonly/fpv_ros2_workspace/install/dgps_msgs/share/dgps_msgs/environment/pythonpath.dsv
[9.331s] -- Installing: /home/moonly/fpv_ros2_workspace/install/dgps_msgs/lib/python3.8/site-packages/dgps_msgs/__init__.py
[9.357s] Compiling '/home/moonly/fpv_ros2_workspace/install/dgps_msgs/lib/python3.8/site-packages/dgps_msgs/__init__.py'...
[9.361s] -- Installing: /home/moonly/fpv_ros2_workspace/install/dgps_msgs/lib/python3.8/site-packages/dgps_msgs/msg
[9.361s] -- Installing: /home/moonly/fpv_ros2_workspace/install/dgps_msgs/lib/python3.8/site-packages/dgps_msgs/msg/_gtimu_s.c
[9.361s] -- Installing: /home/moonly/fpv_ros2_workspace/install/dgps_msgs/lib/python3.8/site-packages/dgps_msgs/msg/_gpfpd.py
[9.361s] -- Installing: /home/moonly/fpv_ros2_workspace/install/dgps_msgs/lib/python3.8/site-packages/dgps_msgs/msg/__init__.py
[9.361s] -- Installing: /home/moonly/fpv_ros2_workspace/install/dgps_msgs/lib/python3.8/site-packages/dgps_msgs/msg/_gnvtg_s.c
[9.362s] -- Installing: /home/moonly/fpv_ros2_workspace/install/dgps_msgs/lib/python3.8/site-packages/dgps_msgs/msg/_gtimu.py
[9.362s] -- Installing: /home/moonly/fpv_ros2_workspace/install/dgps_msgs/lib/python3.8/site-packages/dgps_msgs/msg/_gnvtg.py
[9.362s] -- Installing: /home/moonly/fpv_ros2_workspace/install/dgps_msgs/lib/python3.8/site-packages/dgps_msgs/msg/_gpfpd_s.c
[9.362s] -- Installing: /home/moonly/fpv_ros2_workspace/install/dgps_msgs/lib/python3.8/site-packages/dgps_msgs/dgps_msgs_s__rosidl_typesupport_fastrtps_c.cpython-38-x86_64-linux-gnu.so
[9.362s] -- Set runtime path of "/home/moonly/fpv_ros2_workspace/install/dgps_msgs/lib/python3.8/site-packages/dgps_msgs/dgps_msgs_s__rosidl_typesupport_fastrtps_c.cpython-38-x86_64-linux-gnu.so" to ""
[9.362s] -- Installing: /home/moonly/fpv_ros2_workspace/install/dgps_msgs/lib/python3.8/site-packages/dgps_msgs/dgps_msgs_s__rosidl_typesupport_introspection_c.cpython-38-x86_64-linux-gnu.so
[9.362s] -- Set runtime path of "/home/moonly/fpv_ros2_workspace/install/dgps_msgs/lib/python3.8/site-packages/dgps_msgs/dgps_msgs_s__rosidl_typesupport_introspection_c.cpython-38-x86_64-linux-gnu.so" to ""
[9.362s] -- Installing: /home/moonly/fpv_ros2_workspace/install/dgps_msgs/lib/python3.8/site-packages/dgps_msgs/dgps_msgs_s__rosidl_typesupport_c.cpython-38-x86_64-linux-gnu.so
[9.363s] -- Set runtime path of "/home/moonly/fpv_ros2_workspace/install/dgps_msgs/lib/python3.8/site-packages/dgps_msgs/dgps_msgs_s__rosidl_typesupport_c.cpython-38-x86_64-linux-gnu.so" to ""
[9.363s] -- Installing: /home/moonly/fpv_ros2_workspace/install/dgps_msgs/lib/libdgps_msgs__python.so
[9.363s] -- Set runtime path of "/home/moonly/fpv_ros2_workspace/install/dgps_msgs/lib/libdgps_msgs__python.so" to ""
[9.363s] -- Installing: /home/moonly/fpv_ros2_workspace/install/dgps_msgs/share/dgps_msgs/msg/Gnvtg.idl
[9.363s] -- Installing: /home/moonly/fpv_ros2_workspace/install/dgps_msgs/share/dgps_msgs/msg/Gpfpd.idl
[9.363s] -- Installing: /home/moonly/fpv_ros2_workspace/install/dgps_msgs/share/dgps_msgs/msg/Gtimu.idl
[9.363s] -- Installing: /home/moonly/fpv_ros2_workspace/install/dgps_msgs/share/dgps_msgs/msg/Gnvtg.msg
[9.363s] -- Installing: /home/moonly/fpv_ros2_workspace/install/dgps_msgs/share/dgps_msgs/msg/Gpfpd.msg
[9.363s] -- Installing: /home/moonly/fpv_ros2_workspace/install/dgps_msgs/share/dgps_msgs/msg/Gtimu.msg
[9.363s] -- Installing: /home/moonly/fpv_ros2_workspace/install/dgps_msgs/share/ament_index/resource_index/package_run_dependencies/dgps_msgs
[9.363s] -- Installing: /home/moonly/fpv_ros2_workspace/install/dgps_msgs/share/ament_index/resource_index/parent_prefix_path/dgps_msgs
[9.364s] -- Installing: /home/moonly/fpv_ros2_workspace/install/dgps_msgs/share/dgps_msgs/environment/ament_prefix_path.sh
[9.364s] -- Installing: /home/moonly/fpv_ros2_workspace/install/dgps_msgs/share/dgps_msgs/environment/ament_prefix_path.dsv
[9.364s] -- Installing: /home/moonly/fpv_ros2_workspace/install/dgps_msgs/share/dgps_msgs/environment/path.sh
[9.364s] -- Installing: /home/moonly/fpv_ros2_workspace/install/dgps_msgs/share/dgps_msgs/environment/path.dsv
[9.364s] -- Installing: /home/moonly/fpv_ros2_workspace/install/dgps_msgs/share/dgps_msgs/local_setup.bash
[9.364s] -- Installing: /home/moonly/fpv_ros2_workspace/install/dgps_msgs/share/dgps_msgs/local_setup.sh
[9.364s] -- Installing: /home/moonly/fpv_ros2_workspace/install/dgps_msgs/share/dgps_msgs/local_setup.zsh
[9.364s] -- Installing: /home/moonly/fpv_ros2_workspace/install/dgps_msgs/share/dgps_msgs/local_setup.dsv
[9.364s] -- Installing: /home/moonly/fpv_ros2_workspace/install/dgps_msgs/share/dgps_msgs/package.dsv
[9.364s] -- Installing: /home/moonly/fpv_ros2_workspace/install/dgps_msgs/share/ament_index/resource_index/packages/dgps_msgs
[9.364s] -- Installing: /home/moonly/fpv_ros2_workspace/install/dgps_msgs/share/dgps_msgs/cmake/dgps_msgs__rosidl_generator_cExport.cmake
[9.364s] -- Installing: /home/moonly/fpv_ros2_workspace/install/dgps_msgs/share/dgps_msgs/cmake/dgps_msgs__rosidl_generator_cExport-noconfig.cmake
[9.365s] -- Installing: /home/moonly/fpv_ros2_workspace/install/dgps_msgs/share/dgps_msgs/cmake/dgps_msgs__rosidl_typesupport_introspection_cExport.cmake
[9.365s] -- Installing: /home/moonly/fpv_ros2_workspace/install/dgps_msgs/share/dgps_msgs/cmake/dgps_msgs__rosidl_typesupport_introspection_cExport-noconfig.cmake
[9.365s] -- Installing: /home/moonly/fpv_ros2_workspace/install/dgps_msgs/share/dgps_msgs/cmake/dgps_msgs__rosidl_typesupport_cExport.cmake
[9.365s] -- Installing: /home/moonly/fpv_ros2_workspace/install/dgps_msgs/share/dgps_msgs/cmake/dgps_msgs__rosidl_typesupport_cExport-noconfig.cmake
[9.365s] -- Installing: /home/moonly/fpv_ros2_workspace/install/dgps_msgs/share/dgps_msgs/cmake/dgps_msgs__rosidl_generator_cppExport.cmake
[9.365s] -- Installing: /home/moonly/fpv_ros2_workspace/install/dgps_msgs/share/dgps_msgs/cmake/dgps_msgs__rosidl_typesupport_introspection_cppExport.cmake
[9.365s] -- Installing: /home/moonly/fpv_ros2_workspace/install/dgps_msgs/share/dgps_msgs/cmake/dgps_msgs__rosidl_typesupport_introspection_cppExport-noconfig.cmake
[9.365s] -- Installing: /home/moonly/fpv_ros2_workspace/install/dgps_msgs/share/dgps_msgs/cmake/dgps_msgs__rosidl_typesupport_cppExport.cmake
[9.365s] -- Installing: /home/moonly/fpv_ros2_workspace/install/dgps_msgs/share/dgps_msgs/cmake/dgps_msgs__rosidl_typesupport_cppExport-noconfig.cmake
[9.365s] -- Installing: /home/moonly/fpv_ros2_workspace/install/dgps_msgs/share/dgps_msgs/cmake/rosidl_cmake-extras.cmake
[9.365s] -- Installing: /home/moonly/fpv_ros2_workspace/install/dgps_msgs/share/dgps_msgs/cmake/ament_cmake_export_dependencies-extras.cmake
[9.365s] -- Installing: /home/moonly/fpv_ros2_workspace/install/dgps_msgs/share/dgps_msgs/cmake/ament_cmake_export_libraries-extras.cmake
[9.366s] -- Installing: /home/moonly/fpv_ros2_workspace/install/dgps_msgs/share/dgps_msgs/cmake/ament_cmake_export_targets-extras.cmake
[9.366s] -- Installing: /home/moonly/fpv_ros2_workspace/install/dgps_msgs/share/dgps_msgs/cmake/ament_cmake_export_include_directories-extras.cmake
[9.366s] -- Installing: /home/moonly/fpv_ros2_workspace/install/dgps_msgs/share/dgps_msgs/cmake/rosidl_cmake_export_typesupport_libraries-extras.cmake
[9.366s] -- Installing: /home/moonly/fpv_ros2_workspace/install/dgps_msgs/share/dgps_msgs/cmake/rosidl_cmake_export_typesupport_targets-extras.cmake
[9.366s] -- Installing: /home/moonly/fpv_ros2_workspace/install/dgps_msgs/share/dgps_msgs/cmake/dgps_msgsConfig.cmake
[9.366s] -- Installing: /home/moonly/fpv_ros2_workspace/install/dgps_msgs/share/dgps_msgs/cmake/dgps_msgsConfig-version.cmake
[9.366s] -- Installing: /home/moonly/fpv_ros2_workspace/install/dgps_msgs/share/dgps_msgs/package.xml
[9.368s] Invoked command in '/home/moonly/fpv_ros2_workspace/build/dgps_msgs' returned '0': CMAKE_PREFIX_PATH=${CMAKE_PREFIX_PATH}:/opt/ros/foxy _=/usr/bin/env /usr/bin/cmake --install /home/moonly/fpv_ros2_workspace/build/dgps_msgs
