[0.086s] Invoking command in '/home/moonly/fpv_ros2_workspace/build/position_trans': CMAKE_PREFIX_PATH=${CMAKE_PREFIX_PATH}:/opt/ros/foxy _=/usr/bin/env /usr/bin/cmake --build /home/moonly/fpv_ros2_workspace/build/position_trans -- -j8 -l8
[0.151s] Invoked command in '/home/moonly/fpv_ros2_workspace/build/position_trans' returned '0': CMAKE_PREFIX_PATH=${CMAKE_PREFIX_PATH}:/opt/ros/foxy _=/usr/bin/env /usr/bin/cmake --build /home/moonly/fpv_ros2_workspace/build/position_trans -- -j8 -l8
[0.213s] Invoking command in '/home/moonly/fpv_ros2_workspace/build/position_trans': CMAKE_PREFIX_PATH=${CMAKE_PREFIX_PATH}:/opt/ros/foxy _=/usr/bin/env /usr/bin/cmake --install /home/moonly/fpv_ros2_workspace/build/position_trans
[0.226s] -- Install configuration: ""
[0.227s] -- Up-to-date: /home/moonly/fpv_ros2_workspace/install/position_trans/share/ament_index/resource_index/package_run_dependencies/position_trans
[0.229s] -- Up-to-date: /home/moonly/fpv_ros2_workspace/install/position_trans/share/ament_index/resource_index/parent_prefix_path/position_trans
[0.232s] -- Up-to-date: /home/moonly/fpv_ros2_workspace/install/position_trans/share/position_trans/environment/ament_prefix_path.sh
[0.233s] -- Up-to-date: /home/moonly/fpv_ros2_workspace/install/position_trans/share/position_trans/environment/ament_prefix_path.dsv
[0.233s] -- Up-to-date: /home/moonly/fpv_ros2_workspace/install/position_trans/share/position_trans/environment/path.sh
[0.233s] -- Up-to-date: /home/moonly/fpv_ros2_workspace/install/position_trans/share/position_trans/environment/path.dsv
[0.233s] -- Up-to-date: /home/moonly/fpv_ros2_workspace/install/position_trans/share/position_trans/local_setup.bash
[0.233s] -- Up-to-date: /home/moonly/fpv_ros2_workspace/install/position_trans/share/position_trans/local_setup.sh
[0.234s] -- Up-to-date: /home/moonly/fpv_ros2_workspace/install/position_trans/share/position_trans/local_setup.zsh
[0.234s] -- Up-to-date: /home/moonly/fpv_ros2_workspace/install/position_trans/share/position_trans/local_setup.dsv
[0.235s] -- Installing: /home/moonly/fpv_ros2_workspace/install/position_trans/share/position_trans/package.dsv
[0.235s] -- Up-to-date: /home/moonly/fpv_ros2_workspace/install/position_trans/share/ament_index/resource_index/packages/position_trans
[0.236s] -- Up-to-date: /home/moonly/fpv_ros2_workspace/install/position_trans/share/position_trans/cmake/position_transConfig.cmake
[0.236s] -- Up-to-date: /home/moonly/fpv_ros2_workspace/install/position_trans/share/position_trans/cmake/position_transConfig-version.cmake
[0.237s] -- Up-to-date: /home/moonly/fpv_ros2_workspace/install/position_trans/share/position_trans/package.xml
[0.253s] Invoked command in '/home/moonly/fpv_ros2_workspace/build/position_trans' returned '0': CMAKE_PREFIX_PATH=${CMAKE_PREFIX_PATH}:/opt/ros/foxy _=/usr/bin/env /usr/bin/cmake --install /home/moonly/fpv_ros2_workspace/build/position_trans
