[35m[1mScanning dependencies of target manual_control[0m
[ 50%] [32mBuilding CXX object CMakeFiles/manual_control.dir/src/Manual_control.cpp.o[0m
In file included from [01m[K/home/moonly/fpv_ros2_workspace/src/manual_control/src/Manual_control.cpp:3[m[K:
[01m[K/home/moonly/fpv_ros2_workspace/src/manual_control/include/Manual_control.hpp:[m[K In function ‘[01m[Kvoid msg_pub()[m[K’:
[01m[K/home/moonly/fpv_ros2_workspace/src/manual_control/include/Manual_control.hpp:218:10:[m[K [01;35m[Kwarning: [m[Kvariable ‘[01m[Kmsg[m[K’ set but not used [[01;35m[K-Wunused-but-set-variable[m[K]
  218 |     auto [01;35m[Kmsg[m[K = fpv_msgs::msg::MoonlyFpv();
      |          [01;35m[K^~~[m[K
[100%] [32m[1mLinking CXX executable manual_control[0m
[100%] Built target manual_control
-- Install configuration: ""
-- Installing: /home/moonly/fpv_ros2_workspace/install/manual_control/lib/manual_control/manual_control
-- Set runtime path of "/home/moonly/fpv_ros2_workspace/install/manual_control/lib/manual_control/manual_control" to ""
-- Up-to-date: /home/moonly/fpv_ros2_workspace/install/manual_control/share/ament_index/resource_index/package_run_dependencies/manual_control
-- Up-to-date: /home/moonly/fpv_ros2_workspace/install/manual_control/share/ament_index/resource_index/parent_prefix_path/manual_control
-- Up-to-date: /home/moonly/fpv_ros2_workspace/install/manual_control/share/manual_control/environment/ament_prefix_path.sh
-- Up-to-date: /home/moonly/fpv_ros2_workspace/install/manual_control/share/manual_control/environment/ament_prefix_path.dsv
-- Up-to-date: /home/moonly/fpv_ros2_workspace/install/manual_control/share/manual_control/environment/path.sh
-- Up-to-date: /home/moonly/fpv_ros2_workspace/install/manual_control/share/manual_control/environment/path.dsv
-- Up-to-date: /home/moonly/fpv_ros2_workspace/install/manual_control/share/manual_control/local_setup.bash
-- Up-to-date: /home/moonly/fpv_ros2_workspace/install/manual_control/share/manual_control/local_setup.sh
-- Up-to-date: /home/moonly/fpv_ros2_workspace/install/manual_control/share/manual_control/local_setup.zsh
-- Up-to-date: /home/moonly/fpv_ros2_workspace/install/manual_control/share/manual_control/local_setup.dsv
-- Installing: /home/moonly/fpv_ros2_workspace/install/manual_control/share/manual_control/package.dsv
-- Up-to-date: /home/moonly/fpv_ros2_workspace/install/manual_control/share/ament_index/resource_index/packages/manual_control
-- Up-to-date: /home/moonly/fpv_ros2_workspace/install/manual_control/share/manual_control/cmake/manual_controlConfig.cmake
-- Up-to-date: /home/moonly/fpv_ros2_workspace/install/manual_control/share/manual_control/cmake/manual_controlConfig-version.cmake
-- Up-to-date: /home/moonly/fpv_ros2_workspace/install/manual_control/share/manual_control/package.xml
