[0.047s] Invoking command in '/home/moonly/fpv_ros2_workspace/build/manual_control': CMAKE_PREFIX_PATH=${CMAKE_PREFIX_PATH}:/opt/ros/foxy _=/usr/bin/env /usr/bin/cmake --build /home/moonly/fpv_ros2_workspace/build/manual_control -- -j8 -l8
[0.183s] [35m[1mScanning dependencies of target manual_control[0m
[0.401s] [ 50%] [32mBuilding CXX object CMakeFiles/manual_control.dir/src/Manual_control.cpp.o[0m
[2.186s] In file included from [01m[K/home/moonly/fpv_ros2_workspace/src/manual_control/src/Manual_control.cpp:3[m[K:
[2.186s] [01m[K/home/moonly/fpv_ros2_workspace/src/manual_control/include/Manual_control.hpp:[m[K In function ‘[01m[Kvoid msg_pub()[m[K’:
[2.186s] [01m[K/home/moonly/fpv_ros2_workspace/src/manual_control/include/Manual_control.hpp:218:10:[m[K [01;35m[Kwarning: [m[Kvariable ‘[01m[Kmsg[m[K’ set but not used [[01;35m[K-Wunused-but-set-variable[m[K]
[2.186s]   218 |     auto [01;35m[Kmsg[m[K = fpv_msgs::msg::MoonlyFpv();
[2.186s]       |          [01;35m[K^~~[m[K
[3.559s] [100%] [32m[1mLinking CXX executable manual_control[0m
[3.736s] [100%] Built target manual_control
[3.750s] Invoked command in '/home/moonly/fpv_ros2_workspace/build/manual_control' returned '0': CMAKE_PREFIX_PATH=${CMAKE_PREFIX_PATH}:/opt/ros/foxy _=/usr/bin/env /usr/bin/cmake --build /home/moonly/fpv_ros2_workspace/build/manual_control -- -j8 -l8
[3.789s] Invoking command in '/home/moonly/fpv_ros2_workspace/build/manual_control': CMAKE_PREFIX_PATH=${CMAKE_PREFIX_PATH}:/opt/ros/foxy _=/usr/bin/env /usr/bin/cmake --install /home/moonly/fpv_ros2_workspace/build/manual_control
[3.796s] -- Install configuration: ""
[3.796s] -- Installing: /home/moonly/fpv_ros2_workspace/install/manual_control/lib/manual_control/manual_control
[3.798s] -- Set runtime path of "/home/moonly/fpv_ros2_workspace/install/manual_control/lib/manual_control/manual_control" to ""
[3.798s] -- Up-to-date: /home/moonly/fpv_ros2_workspace/install/manual_control/share/ament_index/resource_index/package_run_dependencies/manual_control
[3.798s] -- Up-to-date: /home/moonly/fpv_ros2_workspace/install/manual_control/share/ament_index/resource_index/parent_prefix_path/manual_control
[3.799s] -- Up-to-date: /home/moonly/fpv_ros2_workspace/install/manual_control/share/manual_control/environment/ament_prefix_path.sh
[3.799s] -- Up-to-date: /home/moonly/fpv_ros2_workspace/install/manual_control/share/manual_control/environment/ament_prefix_path.dsv
[3.799s] -- Up-to-date: /home/moonly/fpv_ros2_workspace/install/manual_control/share/manual_control/environment/path.sh
[3.799s] -- Up-to-date: /home/moonly/fpv_ros2_workspace/install/manual_control/share/manual_control/environment/path.dsv
[3.799s] -- Up-to-date: /home/moonly/fpv_ros2_workspace/install/manual_control/share/manual_control/local_setup.bash
[3.799s] -- Up-to-date: /home/moonly/fpv_ros2_workspace/install/manual_control/share/manual_control/local_setup.sh
[3.800s] -- Up-to-date: /home/moonly/fpv_ros2_workspace/install/manual_control/share/manual_control/local_setup.zsh
[3.800s] -- Up-to-date: /home/moonly/fpv_ros2_workspace/install/manual_control/share/manual_control/local_setup.dsv
[3.800s] -- Installing: /home/moonly/fpv_ros2_workspace/install/manual_control/share/manual_control/package.dsv
[3.800s] -- Up-to-date: /home/moonly/fpv_ros2_workspace/install/manual_control/share/ament_index/resource_index/packages/manual_control
[3.800s] -- Up-to-date: /home/moonly/fpv_ros2_workspace/install/manual_control/share/manual_control/cmake/manual_controlConfig.cmake
[3.800s] -- Up-to-date: /home/moonly/fpv_ros2_workspace/install/manual_control/share/manual_control/cmake/manual_controlConfig-version.cmake
[3.800s] -- Up-to-date: /home/moonly/fpv_ros2_workspace/install/manual_control/share/manual_control/package.xml
[3.804s] Invoked command in '/home/moonly/fpv_ros2_workspace/build/manual_control' returned '0': CMAKE_PREFIX_PATH=${CMAKE_PREFIX_PATH}:/opt/ros/foxy _=/usr/bin/env /usr/bin/cmake --install /home/moonly/fpv_ros2_workspace/build/manual_control
