[0.172s] [34mcolcon[0m [1;30mDEBUG[0m [32mCommand line arguments: ['/usr/bin/colcon', 'build'][0m
[0.172s] [34mcolcon[0m [1;30mDEBUG[0m [32mParsed command line arguments: Namespace(allow_overriding=[], ament_cmake_args=None, base_paths=['.'], build_base='build', catkin_cmake_args=None, catkin_skip_building_tests=False, cmake_args=None, cmake_clean_cache=False, cmake_clean_first=False, cmake_force_configure=False, cmake_target=None, cmake_target_skip_unavailable=False, continue_on_error=False, event_handlers=None, executor='parallel', ignore_user_meta=False, install_base='install', log_base=None, log_level=None, main=<bound method BuildVerb.main of <colcon_core.verb.build.BuildVerb object at 0x7f4018bdb8e0>>, merge_install=False, metas=['./colcon.meta'], packages_above=None, packages_above_and_dependencies=None, packages_above_depth=None, packages_end=None, packages_ignore=None, packages_ignore_regex=None, packages_select=None, packages_select_build_failed=False, packages_select_by_dep=None, packages_select_regex=None, packages_select_test_failures=False, packages_skip=None, packages_skip_build_finished=False, packages_skip_by_dep=None, packages_skip_regex=None, packages_skip_test_passed=False, packages_skip_up_to=None, packages_start=None, packages_up_to=None, packages_up_to_regex=None, parallel_workers=8, paths=None, symlink_install=False, test_result_base=None, verb_extension=<colcon_core.verb.build.BuildVerb object at 0x7f4018bdb8e0>, verb_name='build', verb_parser=<colcon_defaults.argument_parser.defaults.DefaultArgumentsDecorator object at 0x7f4018b7a6a0>)[0m
[0.205s] [34mcolcon.colcon_core.package_discovery[0m [1;30mLevel 1[0m discover_packages(colcon_meta) check parameters
[0.205s] [34mcolcon.colcon_core.package_discovery[0m [1;30mLevel 1[0m discover_packages(recursive) check parameters
[0.205s] [34mcolcon.colcon_core.package_discovery[0m [1;30mLevel 1[0m discover_packages(ignore) check parameters
[0.205s] [34mcolcon.colcon_core.package_discovery[0m [1;30mLevel 1[0m discover_packages(path) check parameters
[0.205s] [34mcolcon.colcon_core.package_discovery[0m [1;30mLevel 1[0m discover_packages(colcon_meta) discover
[0.205s] [34mcolcon.colcon_core.package_discovery[0m [1;30mLevel 1[0m discover_packages(recursive) discover
[0.205s] [34mcolcon.colcon_core.package_discovery[0m [1;30mINFO[0m Crawling recursively for packages in '/home/moonly/fpv_ros2_workspace'
[0.205s] [34mcolcon.colcon_core.package_identification[0m [1;30mLevel 1[0m _identify(.) by extensions ['ignore', 'ignore_ament_install']
[0.205s] [34mcolcon.colcon_core.package_identification[0m [1;30mLevel 1[0m _identify(.) by extension 'ignore'
[0.205s] [34mcolcon.colcon_core.package_identification[0m [1;30mLevel 1[0m _identify(.) by extension 'ignore_ament_install'
[0.205s] [34mcolcon.colcon_core.package_identification[0m [1;30mLevel 1[0m _identify(.) by extensions ['colcon_pkg']
[0.205s] [34mcolcon.colcon_core.package_identification[0m [1;30mLevel 1[0m _identify(.) by extension 'colcon_pkg'
[0.206s] [34mcolcon.colcon_core.package_identification[0m [1;30mLevel 1[0m _identify(.) by extensions ['colcon_meta']
[0.206s] [34mcolcon.colcon_core.package_identification[0m [1;30mLevel 1[0m _identify(.) by extension 'colcon_meta'
[0.206s] [34mcolcon.colcon_core.package_identification[0m [1;30mLevel 1[0m _identify(.) by extensions ['ros']
[0.206s] [34mcolcon.colcon_core.package_identification[0m [1;30mLevel 1[0m _identify(.) by extension 'ros'
[0.216s] [34mcolcon.colcon_core.package_identification[0m [1;30mLevel 1[0m _identify(.) by extensions ['cmake', 'python']
[0.216s] [34mcolcon.colcon_core.package_identification[0m [1;30mLevel 1[0m _identify(.) by extension 'cmake'
[0.216s] [34mcolcon.colcon_core.package_identification[0m [1;30mLevel 1[0m _identify(.) by extension 'python'
[0.216s] [34mcolcon.colcon_core.package_identification[0m [1;30mLevel 1[0m _identify(.) by extensions ['python_setup_py']
[0.216s] [34mcolcon.colcon_core.package_identification[0m [1;30mLevel 1[0m _identify(.) by extension 'python_setup_py'
[0.216s] [34mcolcon.colcon_core.package_identification[0m [1;30mLevel 1[0m _identify(build) by extensions ['ignore', 'ignore_ament_install']
[0.216s] [34mcolcon.colcon_core.package_identification[0m [1;30mLevel 1[0m _identify(build) by extension 'ignore'
[0.216s] [34mcolcon.colcon_core.package_identification[0m [1;30mLevel 1[0m _identify(build) ignored
[0.216s] [34mcolcon.colcon_core.package_identification[0m [1;30mLevel 1[0m _identify(install) by extensions ['ignore', 'ignore_ament_install']
[0.216s] [34mcolcon.colcon_core.package_identification[0m [1;30mLevel 1[0m _identify(install) by extension 'ignore'
[0.216s] [34mcolcon.colcon_core.package_identification[0m [1;30mLevel 1[0m _identify(install) ignored
[0.216s] [34mcolcon.colcon_core.package_identification[0m [1;30mLevel 1[0m _identify(log) by extensions ['ignore', 'ignore_ament_install']
[0.216s] [34mcolcon.colcon_core.package_identification[0m [1;30mLevel 1[0m _identify(log) by extension 'ignore'
[0.216s] [34mcolcon.colcon_core.package_identification[0m [1;30mLevel 1[0m _identify(log) ignored
[0.216s] [34mcolcon.colcon_core.package_identification[0m [1;30mLevel 1[0m _identify(src) by extensions ['ignore', 'ignore_ament_install']
[0.216s] [34mcolcon.colcon_core.package_identification[0m [1;30mLevel 1[0m _identify(src) by extension 'ignore'
[0.216s] [34mcolcon.colcon_core.package_identification[0m [1;30mLevel 1[0m _identify(src) by extension 'ignore_ament_install'
[0.216s] [34mcolcon.colcon_core.package_identification[0m [1;30mLevel 1[0m _identify(src) by extensions ['colcon_pkg']
[0.216s] [34mcolcon.colcon_core.package_identification[0m [1;30mLevel 1[0m _identify(src) by extension 'colcon_pkg'
[0.216s] [34mcolcon.colcon_core.package_identification[0m [1;30mLevel 1[0m _identify(src) by extensions ['colcon_meta']
[0.216s] [34mcolcon.colcon_core.package_identification[0m [1;30mLevel 1[0m _identify(src) by extension 'colcon_meta'
[0.216s] [34mcolcon.colcon_core.package_identification[0m [1;30mLevel 1[0m _identify(src) by extensions ['ros']
[0.216s] [34mcolcon.colcon_core.package_identification[0m [1;30mLevel 1[0m _identify(src) by extension 'ros'
[0.216s] [34mcolcon.colcon_core.package_identification[0m [1;30mLevel 1[0m _identify(src) by extensions ['cmake', 'python']
[0.217s] [34mcolcon.colcon_core.package_identification[0m [1;30mLevel 1[0m _identify(src) by extension 'cmake'
[0.217s] [34mcolcon.colcon_core.package_identification[0m [1;30mLevel 1[0m _identify(src) by extension 'python'
[0.217s] [34mcolcon.colcon_core.package_identification[0m [1;30mLevel 1[0m _identify(src) by extensions ['python_setup_py']
[0.217s] [34mcolcon.colcon_core.package_identification[0m [1;30mLevel 1[0m _identify(src) by extension 'python_setup_py'
[0.217s] [34mcolcon.colcon_core.package_identification[0m [1;30mLevel 1[0m _identify(src/auto_control) by extensions ['ignore', 'ignore_ament_install']
[0.217s] [34mcolcon.colcon_core.package_identification[0m [1;30mLevel 1[0m _identify(src/auto_control) by extension 'ignore'
[0.217s] [34mcolcon.colcon_core.package_identification[0m [1;30mLevel 1[0m _identify(src/auto_control) by extension 'ignore_ament_install'
[0.217s] [34mcolcon.colcon_core.package_identification[0m [1;30mLevel 1[0m _identify(src/auto_control) by extensions ['colcon_pkg']
[0.217s] [34mcolcon.colcon_core.package_identification[0m [1;30mLevel 1[0m _identify(src/auto_control) by extension 'colcon_pkg'
[0.217s] [34mcolcon.colcon_core.package_identification[0m [1;30mLevel 1[0m _identify(src/auto_control) by extensions ['colcon_meta']
[0.217s] [34mcolcon.colcon_core.package_identification[0m [1;30mLevel 1[0m _identify(src/auto_control) by extension 'colcon_meta'
[0.217s] [34mcolcon.colcon_core.package_identification[0m [1;30mLevel 1[0m _identify(src/auto_control) by extensions ['ros']
[0.217s] [34mcolcon.colcon_core.package_identification[0m [1;30mLevel 1[0m _identify(src/auto_control) by extension 'ros'
[0.219s] [34mcolcon.colcon_core.package_identification[0m [1;30mDEBUG[0m [32mPackage 'src/auto_control' with type 'ros.ament_cmake' and name 'auto_control'[0m
[0.219s] [34mcolcon.colcon_core.package_identification[0m [1;30mLevel 1[0m _identify(src/dgps_ros2) by extensions ['ignore', 'ignore_ament_install']
[0.219s] [34mcolcon.colcon_core.package_identification[0m [1;30mLevel 1[0m _identify(src/dgps_ros2) by extension 'ignore'
[0.219s] [34mcolcon.colcon_core.package_identification[0m [1;30mLevel 1[0m _identify(src/dgps_ros2) by extension 'ignore_ament_install'
[0.219s] [34mcolcon.colcon_core.package_identification[0m [1;30mLevel 1[0m _identify(src/dgps_ros2) by extensions ['colcon_pkg']
[0.219s] [34mcolcon.colcon_core.package_identification[0m [1;30mLevel 1[0m _identify(src/dgps_ros2) by extension 'colcon_pkg'
[0.219s] [34mcolcon.colcon_core.package_identification[0m [1;30mLevel 1[0m _identify(src/dgps_ros2) by extensions ['colcon_meta']
[0.219s] [34mcolcon.colcon_core.package_identification[0m [1;30mLevel 1[0m _identify(src/dgps_ros2) by extension 'colcon_meta'
[0.219s] [34mcolcon.colcon_core.package_identification[0m [1;30mLevel 1[0m _identify(src/dgps_ros2) by extensions ['ros']
[0.219s] [34mcolcon.colcon_core.package_identification[0m [1;30mLevel 1[0m _identify(src/dgps_ros2) by extension 'ros'
[0.219s] [34mcolcon.colcon_core.package_identification[0m [1;30mLevel 1[0m _identify(src/dgps_ros2) by extensions ['cmake', 'python']
[0.219s] [34mcolcon.colcon_core.package_identification[0m [1;30mLevel 1[0m _identify(src/dgps_ros2) by extension 'cmake'
[0.219s] [34mcolcon.colcon_core.package_identification[0m [1;30mLevel 1[0m _identify(src/dgps_ros2) by extension 'python'
[0.219s] [34mcolcon.colcon_core.package_identification[0m [1;30mLevel 1[0m _identify(src/dgps_ros2) by extensions ['python_setup_py']
[0.219s] [34mcolcon.colcon_core.package_identification[0m [1;30mLevel 1[0m _identify(src/dgps_ros2) by extension 'python_setup_py'
[0.219s] [34mcolcon.colcon_core.package_identification[0m [1;30mLevel 1[0m _identify(src/dgps_ros2/build) by extensions ['ignore', 'ignore_ament_install']
[0.219s] [34mcolcon.colcon_core.package_identification[0m [1;30mLevel 1[0m _identify(src/dgps_ros2/build) by extension 'ignore'
[0.219s] [34mcolcon.colcon_core.package_identification[0m [1;30mLevel 1[0m _identify(src/dgps_ros2/build) ignored
[0.219s] [34mcolcon.colcon_core.package_identification[0m [1;30mLevel 1[0m _identify(src/dgps_ros2/dgps_msgs) by extensions ['ignore', 'ignore_ament_install']
[0.220s] [34mcolcon.colcon_core.package_identification[0m [1;30mLevel 1[0m _identify(src/dgps_ros2/dgps_msgs) by extension 'ignore'
[0.220s] [34mcolcon.colcon_core.package_identification[0m [1;30mLevel 1[0m _identify(src/dgps_ros2/dgps_msgs) by extension 'ignore_ament_install'
[0.220s] [34mcolcon.colcon_core.package_identification[0m [1;30mLevel 1[0m _identify(src/dgps_ros2/dgps_msgs) by extensions ['colcon_pkg']
[0.220s] [34mcolcon.colcon_core.package_identification[0m [1;30mLevel 1[0m _identify(src/dgps_ros2/dgps_msgs) by extension 'colcon_pkg'
[0.220s] [34mcolcon.colcon_core.package_identification[0m [1;30mLevel 1[0m _identify(src/dgps_ros2/dgps_msgs) by extensions ['colcon_meta']
[0.220s] [34mcolcon.colcon_core.package_identification[0m [1;30mLevel 1[0m _identify(src/dgps_ros2/dgps_msgs) by extension 'colcon_meta'
[0.220s] [34mcolcon.colcon_core.package_identification[0m [1;30mLevel 1[0m _identify(src/dgps_ros2/dgps_msgs) by extensions ['ros']
[0.220s] [34mcolcon.colcon_core.package_identification[0m [1;30mLevel 1[0m _identify(src/dgps_ros2/dgps_msgs) by extension 'ros'
[0.220s] [34mcolcon.colcon_core.package_identification[0m [1;30mDEBUG[0m [32mPackage 'src/dgps_ros2/dgps_msgs' with type 'ros.ament_cmake' and name 'dgps_msgs'[0m
[0.220s] [34mcolcon.colcon_core.package_identification[0m [1;30mLevel 1[0m _identify(src/dgps_ros2/dgps_ros2) by extensions ['ignore', 'ignore_ament_install']
[0.220s] [34mcolcon.colcon_core.package_identification[0m [1;30mLevel 1[0m _identify(src/dgps_ros2/dgps_ros2) by extension 'ignore'
[0.220s] [34mcolcon.colcon_core.package_identification[0m [1;30mLevel 1[0m _identify(src/dgps_ros2/dgps_ros2) by extension 'ignore_ament_install'
[0.220s] [34mcolcon.colcon_core.package_identification[0m [1;30mLevel 1[0m _identify(src/dgps_ros2/dgps_ros2) by extensions ['colcon_pkg']
[0.220s] [34mcolcon.colcon_core.package_identification[0m [1;30mLevel 1[0m _identify(src/dgps_ros2/dgps_ros2) by extension 'colcon_pkg'
[0.221s] [34mcolcon.colcon_core.package_identification[0m [1;30mLevel 1[0m _identify(src/dgps_ros2/dgps_ros2) by extensions ['colcon_meta']
[0.221s] [34mcolcon.colcon_core.package_identification[0m [1;30mLevel 1[0m _identify(src/dgps_ros2/dgps_ros2) by extension 'colcon_meta'
[0.221s] [34mcolcon.colcon_core.package_identification[0m [1;30mLevel 1[0m _identify(src/dgps_ros2/dgps_ros2) by extensions ['ros']
[0.221s] [34mcolcon.colcon_core.package_identification[0m [1;30mLevel 1[0m _identify(src/dgps_ros2/dgps_ros2) by extension 'ros'
[0.221s] [34mcolcon.colcon_core.package_identification[0m [1;30mDEBUG[0m [32mPackage 'src/dgps_ros2/dgps_ros2' with type 'ros.ament_cmake' and name 'dgps_ros2'[0m
[0.221s] [34mcolcon.colcon_core.package_identification[0m [1;30mLevel 1[0m _identify(src/dgps_ros2/install) by extensions ['ignore', 'ignore_ament_install']
[0.221s] [34mcolcon.colcon_core.package_identification[0m [1;30mLevel 1[0m _identify(src/dgps_ros2/install) by extension 'ignore'
[0.221s] [34mcolcon.colcon_core.package_identification[0m [1;30mLevel 1[0m _identify(src/dgps_ros2/install) ignored
[0.221s] [34mcolcon.colcon_core.package_identification[0m [1;30mLevel 1[0m _identify(src/dgps_ros2/log) by extensions ['ignore', 'ignore_ament_install']
[0.221s] [34mcolcon.colcon_core.package_identification[0m [1;30mLevel 1[0m _identify(src/dgps_ros2/log) by extension 'ignore'
[0.221s] [34mcolcon.colcon_core.package_identification[0m [1;30mLevel 1[0m _identify(src/dgps_ros2/log) ignored
[0.222s] [34mcolcon.colcon_core.package_identification[0m [1;30mLevel 1[0m _identify(src/fpv_msgs) by extensions ['ignore', 'ignore_ament_install']
[0.222s] [34mcolcon.colcon_core.package_identification[0m [1;30mLevel 1[0m _identify(src/fpv_msgs) by extension 'ignore'
[0.222s] [34mcolcon.colcon_core.package_identification[0m [1;30mLevel 1[0m _identify(src/fpv_msgs) by extension 'ignore_ament_install'
[0.222s] [34mcolcon.colcon_core.package_identification[0m [1;30mLevel 1[0m _identify(src/fpv_msgs) by extensions ['colcon_pkg']
[0.222s] [34mcolcon.colcon_core.package_identification[0m [1;30mLevel 1[0m _identify(src/fpv_msgs) by extension 'colcon_pkg'
[0.222s] [34mcolcon.colcon_core.package_identification[0m [1;30mLevel 1[0m _identify(src/fpv_msgs) by extensions ['colcon_meta']
[0.222s] [34mcolcon.colcon_core.package_identification[0m [1;30mLevel 1[0m _identify(src/fpv_msgs) by extension 'colcon_meta'
[0.222s] [34mcolcon.colcon_core.package_identification[0m [1;30mLevel 1[0m _identify(src/fpv_msgs) by extensions ['ros']
[0.222s] [34mcolcon.colcon_core.package_identification[0m [1;30mLevel 1[0m _identify(src/fpv_msgs) by extension 'ros'
[0.222s] [34mcolcon.colcon_core.package_identification[0m [1;30mDEBUG[0m [32mPackage 'src/fpv_msgs' with type 'ros.ament_cmake' and name 'fpv_msgs'[0m
[0.222s] [34mcolcon.colcon_core.package_identification[0m [1;30mLevel 1[0m _identify(src/position_trans) by extensions ['ignore', 'ignore_ament_install']
[0.222s] [34mcolcon.colcon_core.package_identification[0m [1;30mLevel 1[0m _identify(src/position_trans) by extension 'ignore'
[0.222s] [34mcolcon.colcon_core.package_identification[0m [1;30mLevel 1[0m _identify(src/position_trans) by extension 'ignore_ament_install'
[0.222s] [34mcolcon.colcon_core.package_identification[0m [1;30mLevel 1[0m _identify(src/position_trans) by extensions ['colcon_pkg']
[0.222s] [34mcolcon.colcon_core.package_identification[0m [1;30mLevel 1[0m _identify(src/position_trans) by extension 'colcon_pkg'
[0.223s] [34mcolcon.colcon_core.package_identification[0m [1;30mLevel 1[0m _identify(src/position_trans) by extensions ['colcon_meta']
[0.223s] [34mcolcon.colcon_core.package_identification[0m [1;30mLevel 1[0m _identify(src/position_trans) by extension 'colcon_meta'
[0.223s] [34mcolcon.colcon_core.package_identification[0m [1;30mLevel 1[0m _identify(src/position_trans) by extensions ['ros']
[0.223s] [34mcolcon.colcon_core.package_identification[0m [1;30mLevel 1[0m _identify(src/position_trans) by extension 'ros'
[0.223s] [34mcolcon.colcon_core.package_identification[0m [1;30mDEBUG[0m [32mPackage 'src/position_trans' with type 'ros.ament_cmake' and name 'position_trans'[0m
[0.223s] [34mcolcon.colcon_core.package_identification[0m [1;30mLevel 1[0m _identify(src/pwm_trans) by extensions ['ignore', 'ignore_ament_install']
[0.223s] [34mcolcon.colcon_core.package_identification[0m [1;30mLevel 1[0m _identify(src/pwm_trans) by extension 'ignore'
[0.223s] [34mcolcon.colcon_core.package_identification[0m [1;30mLevel 1[0m _identify(src/pwm_trans) by extension 'ignore_ament_install'
[0.223s] [34mcolcon.colcon_core.package_identification[0m [1;30mLevel 1[0m _identify(src/pwm_trans) by extensions ['colcon_pkg']
[0.223s] [34mcolcon.colcon_core.package_identification[0m [1;30mLevel 1[0m _identify(src/pwm_trans) by extension 'colcon_pkg'
[0.223s] [34mcolcon.colcon_core.package_identification[0m [1;30mLevel 1[0m _identify(src/pwm_trans) by extensions ['colcon_meta']
[0.223s] [34mcolcon.colcon_core.package_identification[0m [1;30mLevel 1[0m _identify(src/pwm_trans) by extension 'colcon_meta'
[0.223s] [34mcolcon.colcon_core.package_identification[0m [1;30mLevel 1[0m _identify(src/pwm_trans) by extensions ['ros']
[0.223s] [34mcolcon.colcon_core.package_identification[0m [1;30mLevel 1[0m _identify(src/pwm_trans) by extension 'ros'
[0.223s] [34mcolcon.colcon_core.package_identification[0m [1;30mDEBUG[0m [32mPackage 'src/pwm_trans' with type 'ros.ament_cmake' and name 'pwm_trans'[0m
[0.224s] [34mcolcon.colcon_core.package_discovery[0m [1;30mLevel 1[0m discover_packages(recursive) using defaults
[0.224s] [34mcolcon.colcon_core.package_discovery[0m [1;30mLevel 1[0m discover_packages(ignore) discover
[0.224s] [34mcolcon.colcon_core.package_discovery[0m [1;30mLevel 1[0m discover_packages(ignore) using defaults
[0.224s] [34mcolcon.colcon_core.package_discovery[0m [1;30mLevel 1[0m discover_packages(path) discover
[0.224s] [34mcolcon.colcon_core.package_discovery[0m [1;30mLevel 1[0m discover_packages(path) using defaults
[0.234s] [34mcolcon.colcon_core.package_discovery[0m [1;30mLevel 1[0m discover_packages(prefix_path) check parameters
[0.234s] [34mcolcon.colcon_core.package_discovery[0m [1;30mLevel 1[0m discover_packages(prefix_path) discover
[0.236s] [34mcolcon.colcon_installed_package_information.package_discovery[0m [1;30mDEBUG[0m [32mFound 6 installed packages in /home/moonly/fpv_ros2_workspace/install[0m
[0.236s] [34mcolcon.colcon_installed_package_information.package_discovery[0m [1;30mDEBUG[0m [32mFound 264 installed packages in /opt/ros/foxy[0m
[0.237s] [34mcolcon.colcon_core.package_discovery[0m [1;30mLevel 1[0m discover_packages(prefix_path) using defaults
[0.268s] [34mcolcon.colcon_core.verb[0m [1;30mLevel 5[0m set package 'auto_control' build argument 'cmake_args' from command line to 'None'
[0.268s] [34mcolcon.colcon_core.verb[0m [1;30mLevel 5[0m set package 'auto_control' build argument 'cmake_target' from command line to 'None'
[0.268s] [34mcolcon.colcon_core.verb[0m [1;30mLevel 5[0m set package 'auto_control' build argument 'cmake_target_skip_unavailable' from command line to 'False'
[0.268s] [34mcolcon.colcon_core.verb[0m [1;30mLevel 5[0m set package 'auto_control' build argument 'cmake_clean_cache' from command line to 'False'
[0.268s] [34mcolcon.colcon_core.verb[0m [1;30mLevel 5[0m set package 'auto_control' build argument 'cmake_clean_first' from command line to 'False'
[0.268s] [34mcolcon.colcon_core.verb[0m [1;30mLevel 5[0m set package 'auto_control' build argument 'cmake_force_configure' from command line to 'False'
[0.268s] [34mcolcon.colcon_core.verb[0m [1;30mLevel 5[0m set package 'auto_control' build argument 'ament_cmake_args' from command line to 'None'
[0.268s] [34mcolcon.colcon_core.verb[0m [1;30mLevel 5[0m set package 'auto_control' build argument 'catkin_cmake_args' from command line to 'None'
[0.268s] [34mcolcon.colcon_core.verb[0m [1;30mLevel 5[0m set package 'auto_control' build argument 'catkin_skip_building_tests' from command line to 'False'
[0.268s] [34mcolcon.colcon_core.verb[0m [1;30mDEBUG[0m [32mBuilding package 'auto_control' with the following arguments: {'ament_cmake_args': None, 'build_base': '/home/moonly/fpv_ros2_workspace/build/auto_control', 'catkin_cmake_args': None, 'catkin_skip_building_tests': False, 'cmake_args': None, 'cmake_clean_cache': False, 'cmake_clean_first': False, 'cmake_force_configure': False, 'cmake_target': None, 'cmake_target_skip_unavailable': False, 'install_base': '/home/moonly/fpv_ros2_workspace/install/auto_control', 'merge_install': False, 'path': '/home/moonly/fpv_ros2_workspace/src/auto_control', 'symlink_install': False, 'test_result_base': None}[0m
[0.268s] [34mcolcon.colcon_core.verb[0m [1;30mLevel 5[0m set package 'dgps_msgs' build argument 'cmake_args' from command line to 'None'
[0.268s] [34mcolcon.colcon_core.verb[0m [1;30mLevel 5[0m set package 'dgps_msgs' build argument 'cmake_target' from command line to 'None'
[0.268s] [34mcolcon.colcon_core.verb[0m [1;30mLevel 5[0m set package 'dgps_msgs' build argument 'cmake_target_skip_unavailable' from command line to 'False'
[0.268s] [34mcolcon.colcon_core.verb[0m [1;30mLevel 5[0m set package 'dgps_msgs' build argument 'cmake_clean_cache' from command line to 'False'
[0.268s] [34mcolcon.colcon_core.verb[0m [1;30mLevel 5[0m set package 'dgps_msgs' build argument 'cmake_clean_first' from command line to 'False'
[0.268s] [34mcolcon.colcon_core.verb[0m [1;30mLevel 5[0m set package 'dgps_msgs' build argument 'cmake_force_configure' from command line to 'False'
[0.268s] [34mcolcon.colcon_core.verb[0m [1;30mLevel 5[0m set package 'dgps_msgs' build argument 'ament_cmake_args' from command line to 'None'
[0.268s] [34mcolcon.colcon_core.verb[0m [1;30mLevel 5[0m set package 'dgps_msgs' build argument 'catkin_cmake_args' from command line to 'None'
[0.268s] [34mcolcon.colcon_core.verb[0m [1;30mLevel 5[0m set package 'dgps_msgs' build argument 'catkin_skip_building_tests' from command line to 'False'
[0.268s] [34mcolcon.colcon_core.verb[0m [1;30mDEBUG[0m [32mBuilding package 'dgps_msgs' with the following arguments: {'ament_cmake_args': None, 'build_base': '/home/moonly/fpv_ros2_workspace/build/dgps_msgs', 'catkin_cmake_args': None, 'catkin_skip_building_tests': False, 'cmake_args': None, 'cmake_clean_cache': False, 'cmake_clean_first': False, 'cmake_force_configure': False, 'cmake_target': None, 'cmake_target_skip_unavailable': False, 'install_base': '/home/moonly/fpv_ros2_workspace/install/dgps_msgs', 'merge_install': False, 'path': '/home/moonly/fpv_ros2_workspace/src/dgps_ros2/dgps_msgs', 'symlink_install': False, 'test_result_base': None}[0m
[0.268s] [34mcolcon.colcon_core.verb[0m [1;30mLevel 5[0m set package 'fpv_msgs' build argument 'cmake_args' from command line to 'None'
[0.268s] [34mcolcon.colcon_core.verb[0m [1;30mLevel 5[0m set package 'fpv_msgs' build argument 'cmake_target' from command line to 'None'
[0.268s] [34mcolcon.colcon_core.verb[0m [1;30mLevel 5[0m set package 'fpv_msgs' build argument 'cmake_target_skip_unavailable' from command line to 'False'
[0.268s] [34mcolcon.colcon_core.verb[0m [1;30mLevel 5[0m set package 'fpv_msgs' build argument 'cmake_clean_cache' from command line to 'False'
[0.268s] [34mcolcon.colcon_core.verb[0m [1;30mLevel 5[0m set package 'fpv_msgs' build argument 'cmake_clean_first' from command line to 'False'
[0.269s] [34mcolcon.colcon_core.verb[0m [1;30mLevel 5[0m set package 'fpv_msgs' build argument 'cmake_force_configure' from command line to 'False'
[0.269s] [34mcolcon.colcon_core.verb[0m [1;30mLevel 5[0m set package 'fpv_msgs' build argument 'ament_cmake_args' from command line to 'None'
[0.269s] [34mcolcon.colcon_core.verb[0m [1;30mLevel 5[0m set package 'fpv_msgs' build argument 'catkin_cmake_args' from command line to 'None'
[0.269s] [34mcolcon.colcon_core.verb[0m [1;30mLevel 5[0m set package 'fpv_msgs' build argument 'catkin_skip_building_tests' from command line to 'False'
[0.269s] [34mcolcon.colcon_core.verb[0m [1;30mDEBUG[0m [32mBuilding package 'fpv_msgs' with the following arguments: {'ament_cmake_args': None, 'build_base': '/home/moonly/fpv_ros2_workspace/build/fpv_msgs', 'catkin_cmake_args': None, 'catkin_skip_building_tests': False, 'cmake_args': None, 'cmake_clean_cache': False, 'cmake_clean_first': False, 'cmake_force_configure': False, 'cmake_target': None, 'cmake_target_skip_unavailable': False, 'install_base': '/home/moonly/fpv_ros2_workspace/install/fpv_msgs', 'merge_install': False, 'path': '/home/moonly/fpv_ros2_workspace/src/fpv_msgs', 'symlink_install': False, 'test_result_base': None}[0m
[0.269s] [34mcolcon.colcon_core.verb[0m [1;30mLevel 5[0m set package 'position_trans' build argument 'cmake_args' from command line to 'None'
[0.269s] [34mcolcon.colcon_core.verb[0m [1;30mLevel 5[0m set package 'position_trans' build argument 'cmake_target' from command line to 'None'
[0.269s] [34mcolcon.colcon_core.verb[0m [1;30mLevel 5[0m set package 'position_trans' build argument 'cmake_target_skip_unavailable' from command line to 'False'
[0.269s] [34mcolcon.colcon_core.verb[0m [1;30mLevel 5[0m set package 'position_trans' build argument 'cmake_clean_cache' from command line to 'False'
[0.269s] [34mcolcon.colcon_core.verb[0m [1;30mLevel 5[0m set package 'position_trans' build argument 'cmake_clean_first' from command line to 'False'
[0.269s] [34mcolcon.colcon_core.verb[0m [1;30mLevel 5[0m set package 'position_trans' build argument 'cmake_force_configure' from command line to 'False'
[0.269s] [34mcolcon.colcon_core.verb[0m [1;30mLevel 5[0m set package 'position_trans' build argument 'ament_cmake_args' from command line to 'None'
[0.269s] [34mcolcon.colcon_core.verb[0m [1;30mLevel 5[0m set package 'position_trans' build argument 'catkin_cmake_args' from command line to 'None'
[0.269s] [34mcolcon.colcon_core.verb[0m [1;30mLevel 5[0m set package 'position_trans' build argument 'catkin_skip_building_tests' from command line to 'False'
[0.269s] [34mcolcon.colcon_core.verb[0m [1;30mDEBUG[0m [32mBuilding package 'position_trans' with the following arguments: {'ament_cmake_args': None, 'build_base': '/home/moonly/fpv_ros2_workspace/build/position_trans', 'catkin_cmake_args': None, 'catkin_skip_building_tests': False, 'cmake_args': None, 'cmake_clean_cache': False, 'cmake_clean_first': False, 'cmake_force_configure': False, 'cmake_target': None, 'cmake_target_skip_unavailable': False, 'install_base': '/home/moonly/fpv_ros2_workspace/install/position_trans', 'merge_install': False, 'path': '/home/moonly/fpv_ros2_workspace/src/position_trans', 'symlink_install': False, 'test_result_base': None}[0m
[0.269s] [34mcolcon.colcon_core.verb[0m [1;30mLevel 5[0m set package 'pwm_trans' build argument 'cmake_args' from command line to 'None'
[0.269s] [34mcolcon.colcon_core.verb[0m [1;30mLevel 5[0m set package 'pwm_trans' build argument 'cmake_target' from command line to 'None'
[0.269s] [34mcolcon.colcon_core.verb[0m [1;30mLevel 5[0m set package 'pwm_trans' build argument 'cmake_target_skip_unavailable' from command line to 'False'
[0.269s] [34mcolcon.colcon_core.verb[0m [1;30mLevel 5[0m set package 'pwm_trans' build argument 'cmake_clean_cache' from command line to 'False'
[0.269s] [34mcolcon.colcon_core.verb[0m [1;30mLevel 5[0m set package 'pwm_trans' build argument 'cmake_clean_first' from command line to 'False'
[0.269s] [34mcolcon.colcon_core.verb[0m [1;30mLevel 5[0m set package 'pwm_trans' build argument 'cmake_force_configure' from command line to 'False'
[0.269s] [34mcolcon.colcon_core.verb[0m [1;30mLevel 5[0m set package 'pwm_trans' build argument 'ament_cmake_args' from command line to 'None'
[0.269s] [34mcolcon.colcon_core.verb[0m [1;30mLevel 5[0m set package 'pwm_trans' build argument 'catkin_cmake_args' from command line to 'None'
[0.269s] [34mcolcon.colcon_core.verb[0m [1;30mLevel 5[0m set package 'pwm_trans' build argument 'catkin_skip_building_tests' from command line to 'False'
[0.269s] [34mcolcon.colcon_core.verb[0m [1;30mDEBUG[0m [32mBuilding package 'pwm_trans' with the following arguments: {'ament_cmake_args': None, 'build_base': '/home/moonly/fpv_ros2_workspace/build/pwm_trans', 'catkin_cmake_args': None, 'catkin_skip_building_tests': False, 'cmake_args': None, 'cmake_clean_cache': False, 'cmake_clean_first': False, 'cmake_force_configure': False, 'cmake_target': None, 'cmake_target_skip_unavailable': False, 'install_base': '/home/moonly/fpv_ros2_workspace/install/pwm_trans', 'merge_install': False, 'path': '/home/moonly/fpv_ros2_workspace/src/pwm_trans', 'symlink_install': False, 'test_result_base': None}[0m
[0.270s] [34mcolcon.colcon_core.verb[0m [1;30mLevel 5[0m set package 'dgps_ros2' build argument 'cmake_args' from command line to 'None'
[0.270s] [34mcolcon.colcon_core.verb[0m [1;30mLevel 5[0m set package 'dgps_ros2' build argument 'cmake_target' from command line to 'None'
[0.270s] [34mcolcon.colcon_core.verb[0m [1;30mLevel 5[0m set package 'dgps_ros2' build argument 'cmake_target_skip_unavailable' from command line to 'False'
[0.270s] [34mcolcon.colcon_core.verb[0m [1;30mLevel 5[0m set package 'dgps_ros2' build argument 'cmake_clean_cache' from command line to 'False'
[0.270s] [34mcolcon.colcon_core.verb[0m [1;30mLevel 5[0m set package 'dgps_ros2' build argument 'cmake_clean_first' from command line to 'False'
[0.270s] [34mcolcon.colcon_core.verb[0m [1;30mLevel 5[0m set package 'dgps_ros2' build argument 'cmake_force_configure' from command line to 'False'
[0.270s] [34mcolcon.colcon_core.verb[0m [1;30mLevel 5[0m set package 'dgps_ros2' build argument 'ament_cmake_args' from command line to 'None'
[0.270s] [34mcolcon.colcon_core.verb[0m [1;30mLevel 5[0m set package 'dgps_ros2' build argument 'catkin_cmake_args' from command line to 'None'
[0.270s] [34mcolcon.colcon_core.verb[0m [1;30mLevel 5[0m set package 'dgps_ros2' build argument 'catkin_skip_building_tests' from command line to 'False'
[0.270s] [34mcolcon.colcon_core.verb[0m [1;30mDEBUG[0m [32mBuilding package 'dgps_ros2' with the following arguments: {'ament_cmake_args': None, 'build_base': '/home/moonly/fpv_ros2_workspace/build/dgps_ros2', 'catkin_cmake_args': None, 'catkin_skip_building_tests': False, 'cmake_args': None, 'cmake_clean_cache': False, 'cmake_clean_first': False, 'cmake_force_configure': False, 'cmake_target': None, 'cmake_target_skip_unavailable': False, 'install_base': '/home/moonly/fpv_ros2_workspace/install/dgps_ros2', 'merge_install': False, 'path': '/home/moonly/fpv_ros2_workspace/src/dgps_ros2/dgps_ros2', 'symlink_install': False, 'test_result_base': None}[0m
[0.270s] [34mcolcon.colcon_core.executor[0m [1;30mINFO[0m Executing jobs using 'parallel' executor
[0.271s] [34mcolcon.colcon_parallel_executor.executor.parallel[0m [1;30mDEBUG[0m [32mrun_until_complete[0m
[0.271s] [34mcolcon.colcon_ros.task.ament_cmake.build[0m [1;30mINFO[0m Building ROS package in '/home/moonly/fpv_ros2_workspace/src/dgps_ros2/dgps_msgs' with build type 'ament_cmake'
[0.271s] [34mcolcon.colcon_cmake.task.cmake.build[0m [1;30mINFO[0m Building CMake package in '/home/moonly/fpv_ros2_workspace/src/dgps_ros2/dgps_msgs'
[0.273s] [34mcolcon.colcon_core.plugin_system[0m [1;30mINFO[0m Skipping extension 'colcon_core.shell.bat': Not used on non-Windows systems
[0.273s] [34mcolcon.colcon_core.shell[0m [1;30mINFO[0m Skip shell extension 'powershell' for command environment: Not usable outside of PowerShell
[0.273s] [34mcolcon.colcon_core.shell[0m [1;30mDEBUG[0m [32mSkip shell extension 'dsv' for command environment[0m
[0.276s] [34mcolcon.colcon_ros.task.ament_cmake.build[0m [1;30mINFO[0m Building ROS package in '/home/moonly/fpv_ros2_workspace/src/auto_control' with build type 'ament_cmake'
[0.276s] [34mcolcon.colcon_cmake.task.cmake.build[0m [1;30mINFO[0m Building CMake package in '/home/moonly/fpv_ros2_workspace/src/auto_control'
[0.277s] [34mcolcon.colcon_core.shell[0m [1;30mINFO[0m Skip shell extension 'powershell' for command environment: Not usable outside of PowerShell
[0.277s] [34mcolcon.colcon_core.shell[0m [1;30mDEBUG[0m [32mSkip shell extension 'dsv' for command environment[0m
[0.283s] [34mcolcon.colcon_ros.task.ament_cmake.build[0m [1;30mINFO[0m Building ROS package in '/home/moonly/fpv_ros2_workspace/src/fpv_msgs' with build type 'ament_cmake'
[0.283s] [34mcolcon.colcon_cmake.task.cmake.build[0m [1;30mINFO[0m Building CMake package in '/home/moonly/fpv_ros2_workspace/src/fpv_msgs'
[0.284s] [34mcolcon.colcon_core.shell[0m [1;30mINFO[0m Skip shell extension 'powershell' for command environment: Not usable outside of PowerShell
[0.284s] [34mcolcon.colcon_core.shell[0m [1;30mDEBUG[0m [32mSkip shell extension 'dsv' for command environment[0m
[0.288s] [34mcolcon.colcon_ros.task.ament_cmake.build[0m [1;30mINFO[0m Building ROS package in '/home/moonly/fpv_ros2_workspace/src/position_trans' with build type 'ament_cmake'
[0.288s] [34mcolcon.colcon_cmake.task.cmake.build[0m [1;30mINFO[0m Building CMake package in '/home/moonly/fpv_ros2_workspace/src/position_trans'
[0.289s] [34mcolcon.colcon_core.shell[0m [1;30mINFO[0m Skip shell extension 'powershell' for command environment: Not usable outside of PowerShell
[0.289s] [34mcolcon.colcon_core.shell[0m [1;30mDEBUG[0m [32mSkip shell extension 'dsv' for command environment[0m
[0.294s] [34mcolcon.colcon_ros.task.ament_cmake.build[0m [1;30mINFO[0m Building ROS package in '/home/moonly/fpv_ros2_workspace/src/pwm_trans' with build type 'ament_cmake'
[0.295s] [34mcolcon.colcon_cmake.task.cmake.build[0m [1;30mINFO[0m Building CMake package in '/home/moonly/fpv_ros2_workspace/src/pwm_trans'
[0.296s] [34mcolcon.colcon_core.shell[0m [1;30mINFO[0m Skip shell extension 'powershell' for command environment: Not usable outside of PowerShell
[0.296s] [34mcolcon.colcon_core.shell[0m [1;30mDEBUG[0m [32mSkip shell extension 'dsv' for command environment[0m
[0.323s] [34mcolcon.colcon_core.event_handler.log_command[0m [1;30mDEBUG[0m [32mInvoking command in '/home/moonly/fpv_ros2_workspace/build/dgps_msgs': CMAKE_PREFIX_PATH=${CMAKE_PREFIX_PATH}:/opt/ros/foxy _=/usr/bin/env /usr/bin/cmake --build /home/moonly/fpv_ros2_workspace/build/dgps_msgs -- -j8 -l8[0m
[0.332s] [34mcolcon.colcon_core.event_handler.log_command[0m [1;30mDEBUG[0m [32mInvoking command in '/home/moonly/fpv_ros2_workspace/build/auto_control': CMAKE_PREFIX_PATH=${CMAKE_PREFIX_PATH}:/opt/ros/foxy _=/usr/bin/env /usr/bin/cmake --build /home/moonly/fpv_ros2_workspace/build/auto_control -- -j8 -l8[0m
[0.339s] [34mcolcon.colcon_core.event_handler.log_command[0m [1;30mDEBUG[0m [32mInvoking command in '/home/moonly/fpv_ros2_workspace/build/fpv_msgs': CMAKE_PREFIX_PATH=${CMAKE_PREFIX_PATH}:/opt/ros/foxy _=/usr/bin/env /usr/bin/cmake --build /home/moonly/fpv_ros2_workspace/build/fpv_msgs -- -j8 -l8[0m
[0.342s] [34mcolcon.colcon_core.event_handler.log_command[0m [1;30mDEBUG[0m [32mInvoking command in '/home/moonly/fpv_ros2_workspace/build/position_trans': CMAKE_PREFIX_PATH=${CMAKE_PREFIX_PATH}:/opt/ros/foxy _=/usr/bin/env /usr/bin/cmake --build /home/moonly/fpv_ros2_workspace/build/position_trans -- -j8 -l8[0m
[0.353s] [34mcolcon.colcon_core.event_handler.log_command[0m [1;30mDEBUG[0m [32mInvoking command in '/home/moonly/fpv_ros2_workspace/build/pwm_trans': CMAKE_PREFIX_PATH=${CMAKE_PREFIX_PATH}:/opt/ros/foxy _=/usr/bin/env /usr/bin/cmake --build /home/moonly/fpv_ros2_workspace/build/pwm_trans -- -j8 -l8[0m
[0.388s] [34mcolcon.colcon_core.event_handler.log_command[0m [1;30mDEBUG[0m [32mInvoked command in '/home/moonly/fpv_ros2_workspace/build/position_trans' returned '0': CMAKE_PREFIX_PATH=${CMAKE_PREFIX_PATH}:/opt/ros/foxy _=/usr/bin/env /usr/bin/cmake --build /home/moonly/fpv_ros2_workspace/build/position_trans -- -j8 -l8[0m
[0.436s] [34mcolcon.colcon_core.event_handler.log_command[0m [1;30mDEBUG[0m [32mInvoked command in '/home/moonly/fpv_ros2_workspace/build/auto_control' returned '0': CMAKE_PREFIX_PATH=${CMAKE_PREFIX_PATH}:/opt/ros/foxy _=/usr/bin/env /usr/bin/cmake --build /home/moonly/fpv_ros2_workspace/build/auto_control -- -j8 -l8[0m
[0.472s] [34mcolcon.colcon_core.event_handler.log_command[0m [1;30mDEBUG[0m [32mInvoking command in '/home/moonly/fpv_ros2_workspace/build/position_trans': CMAKE_PREFIX_PATH=${CMAKE_PREFIX_PATH}:/opt/ros/foxy _=/usr/bin/env /usr/bin/cmake --install /home/moonly/fpv_ros2_workspace/build/position_trans[0m
[0.477s] [34mcolcon.colcon_core.event_handler.log_command[0m [1;30mDEBUG[0m [32mInvoking command in '/home/moonly/fpv_ros2_workspace/build/auto_control': CMAKE_PREFIX_PATH=${CMAKE_PREFIX_PATH}:/opt/ros/foxy _=/usr/bin/env /usr/bin/cmake --install /home/moonly/fpv_ros2_workspace/build/auto_control[0m
[0.485s] [34mcolcon.colcon_core.environment[0m [1;30mLevel 1[0m create_environment_scripts_only(position_trans)
[0.487s] [34mcolcon.colcon_core.event_handler.log_command[0m [1;30mDEBUG[0m [32mInvoked command in '/home/moonly/fpv_ros2_workspace/build/position_trans' returned '0': CMAKE_PREFIX_PATH=${CMAKE_PREFIX_PATH}:/opt/ros/foxy _=/usr/bin/env /usr/bin/cmake --install /home/moonly/fpv_ros2_workspace/build/position_trans[0m
[0.490s] [34mcolcon.colcon_core.environment[0m [1;30mLevel 1[0m checking '/home/moonly/fpv_ros2_workspace/install/position_trans' for CMake module files
[0.491s] [34mcolcon.colcon_core.environment[0m [1;30mLevel 1[0m checking '/home/moonly/fpv_ros2_workspace/install/position_trans' for CMake config files
[0.491s] [34mcolcon.colcon_core.shell[0m [1;30mLevel 1[0m create_environment_hook('position_trans', 'cmake_prefix_path')
[0.491s] [34mcolcon.colcon_core.shell[0m [1;30mINFO[0m Creating environment hook '/home/moonly/fpv_ros2_workspace/install/position_trans/share/position_trans/hook/cmake_prefix_path.ps1'
[0.492s] [34mcolcon.colcon_core.shell[0m [1;30mINFO[0m Creating environment descriptor '/home/moonly/fpv_ros2_workspace/install/position_trans/share/position_trans/hook/cmake_prefix_path.dsv'
[0.493s] [34mcolcon.colcon_core.shell[0m [1;30mINFO[0m Creating environment hook '/home/moonly/fpv_ros2_workspace/install/position_trans/share/position_trans/hook/cmake_prefix_path.sh'
[0.496s] [34mcolcon.colcon_core.environment[0m [1;30mLevel 1[0m checking '/home/moonly/fpv_ros2_workspace/install/position_trans/bin'
[0.496s] [34mcolcon.colcon_core.environment[0m [1;30mLevel 1[0m checking '/home/moonly/fpv_ros2_workspace/install/position_trans/lib/pkgconfig/position_trans.pc'
[0.496s] [34mcolcon.colcon_core.environment[0m [1;30mLevel 1[0m checking '/home/moonly/fpv_ros2_workspace/install/position_trans/lib/python3.8/site-packages'
[0.497s] [34mcolcon.colcon_core.environment[0m [1;30mLevel 1[0m checking '/home/moonly/fpv_ros2_workspace/install/position_trans/bin'
[0.497s] [34mcolcon.colcon_core.shell[0m [1;30mINFO[0m Creating package script '/home/moonly/fpv_ros2_workspace/install/position_trans/share/position_trans/package.ps1'
[0.498s] [34mcolcon.colcon_core.shell[0m [1;30mINFO[0m Creating package descriptor '/home/moonly/fpv_ros2_workspace/install/position_trans/share/position_trans/package.dsv'
[0.499s] [34mcolcon.colcon_core.shell[0m [1;30mINFO[0m Creating package script '/home/moonly/fpv_ros2_workspace/install/position_trans/share/position_trans/package.sh'
[0.500s] [34mcolcon.colcon_core.shell[0m [1;30mINFO[0m Creating package script '/home/moonly/fpv_ros2_workspace/install/position_trans/share/position_trans/package.bash'
[0.501s] [34mcolcon.colcon_core.shell[0m [1;30mINFO[0m Creating package script '/home/moonly/fpv_ros2_workspace/install/position_trans/share/position_trans/package.zsh'
[0.501s] [34mcolcon.colcon_core.environment[0m [1;30mLevel 1[0m create_file_with_runtime_dependencies(/home/moonly/fpv_ros2_workspace/install/position_trans/share/colcon-core/packages/position_trans)
[0.505s] [34mcolcon.colcon_core.environment[0m [1;30mLevel 1[0m create_environment_scripts_only(auto_control)
[0.506s] [34mcolcon.colcon_core.environment[0m [1;30mLevel 1[0m checking '/home/moonly/fpv_ros2_workspace/install/auto_control' for CMake module files
[0.507s] [34mcolcon.colcon_core.event_handler.log_command[0m [1;30mDEBUG[0m [32mInvoked command in '/home/moonly/fpv_ros2_workspace/build/auto_control' returned '0': CMAKE_PREFIX_PATH=${CMAKE_PREFIX_PATH}:/opt/ros/foxy _=/usr/bin/env /usr/bin/cmake --install /home/moonly/fpv_ros2_workspace/build/auto_control[0m
[0.507s] [34mcolcon.colcon_core.environment[0m [1;30mLevel 1[0m checking '/home/moonly/fpv_ros2_workspace/install/auto_control' for CMake config files
[0.507s] [34mcolcon.colcon_core.shell[0m [1;30mLevel 1[0m create_environment_hook('auto_control', 'cmake_prefix_path')
[0.508s] [34mcolcon.colcon_core.shell[0m [1;30mINFO[0m Creating environment hook '/home/moonly/fpv_ros2_workspace/install/auto_control/share/auto_control/hook/cmake_prefix_path.ps1'
[0.509s] [34mcolcon.colcon_core.shell[0m [1;30mINFO[0m Creating environment descriptor '/home/moonly/fpv_ros2_workspace/install/auto_control/share/auto_control/hook/cmake_prefix_path.dsv'
[0.510s] [34mcolcon.colcon_core.shell[0m [1;30mINFO[0m Creating environment hook '/home/moonly/fpv_ros2_workspace/install/auto_control/share/auto_control/hook/cmake_prefix_path.sh'
[0.512s] [34mcolcon.colcon_core.environment[0m [1;30mLevel 1[0m checking '/home/moonly/fpv_ros2_workspace/install/auto_control/lib'
[0.512s] [34mcolcon.colcon_core.environment[0m [1;30mLevel 1[0m checking '/home/moonly/fpv_ros2_workspace/install/auto_control/bin'
[0.512s] [34mcolcon.colcon_core.environment[0m [1;30mLevel 1[0m checking '/home/moonly/fpv_ros2_workspace/install/auto_control/lib/pkgconfig/auto_control.pc'
[0.513s] [34mcolcon.colcon_core.environment[0m [1;30mLevel 1[0m checking '/home/moonly/fpv_ros2_workspace/install/auto_control/lib/python3.8/site-packages'
[0.513s] [34mcolcon.colcon_core.environment[0m [1;30mLevel 1[0m checking '/home/moonly/fpv_ros2_workspace/install/auto_control/bin'
[0.514s] [34mcolcon.colcon_core.shell[0m [1;30mINFO[0m Creating package script '/home/moonly/fpv_ros2_workspace/install/auto_control/share/auto_control/package.ps1'
[0.515s] [34mcolcon.colcon_core.shell[0m [1;30mINFO[0m Creating package descriptor '/home/moonly/fpv_ros2_workspace/install/auto_control/share/auto_control/package.dsv'
[0.516s] [34mcolcon.colcon_core.shell[0m [1;30mINFO[0m Creating package script '/home/moonly/fpv_ros2_workspace/install/auto_control/share/auto_control/package.sh'
[0.517s] [34mcolcon.colcon_core.shell[0m [1;30mINFO[0m Creating package script '/home/moonly/fpv_ros2_workspace/install/auto_control/share/auto_control/package.bash'
[0.518s] [34mcolcon.colcon_core.shell[0m [1;30mINFO[0m Creating package script '/home/moonly/fpv_ros2_workspace/install/auto_control/share/auto_control/package.zsh'
[0.518s] [34mcolcon.colcon_core.environment[0m [1;30mLevel 1[0m create_file_with_runtime_dependencies(/home/moonly/fpv_ros2_workspace/install/auto_control/share/colcon-core/packages/auto_control)
[0.536s] [34mcolcon.colcon_core.environment[0m [1;30mLevel 1[0m create_environment_scripts_only(position_trans)
[0.536s] [34mcolcon.colcon_core.environment[0m [1;30mLevel 1[0m checking '/home/moonly/fpv_ros2_workspace/install/position_trans' for CMake module files
[0.536s] [34mcolcon.colcon_core.environment[0m [1;30mLevel 1[0m checking '/home/moonly/fpv_ros2_workspace/install/position_trans' for CMake config files
[0.537s] [34mcolcon.colcon_core.shell[0m [1;30mLevel 1[0m create_environment_hook('position_trans', 'cmake_prefix_path')
[0.537s] [34mcolcon.colcon_core.shell[0m [1;30mINFO[0m Creating environment hook '/home/moonly/fpv_ros2_workspace/install/position_trans/share/position_trans/hook/cmake_prefix_path.ps1'
[0.537s] [34mcolcon.colcon_core.shell[0m [1;30mINFO[0m Creating environment descriptor '/home/moonly/fpv_ros2_workspace/install/position_trans/share/position_trans/hook/cmake_prefix_path.dsv'
[0.537s] [34mcolcon.colcon_core.shell[0m [1;30mINFO[0m Creating environment hook '/home/moonly/fpv_ros2_workspace/install/position_trans/share/position_trans/hook/cmake_prefix_path.sh'
[0.538s] [34mcolcon.colcon_core.environment[0m [1;30mLevel 1[0m checking '/home/moonly/fpv_ros2_workspace/install/position_trans/bin'
[0.538s] [34mcolcon.colcon_core.environment[0m [1;30mLevel 1[0m checking '/home/moonly/fpv_ros2_workspace/install/position_trans/lib/pkgconfig/position_trans.pc'
[0.538s] [34mcolcon.colcon_core.environment[0m [1;30mLevel 1[0m checking '/home/moonly/fpv_ros2_workspace/install/position_trans/lib/python3.8/site-packages'
[0.538s] [34mcolcon.colcon_core.environment[0m [1;30mLevel 1[0m checking '/home/moonly/fpv_ros2_workspace/install/position_trans/bin'
[0.539s] [34mcolcon.colcon_core.shell[0m [1;30mINFO[0m Creating package script '/home/moonly/fpv_ros2_workspace/install/position_trans/share/position_trans/package.ps1'
[0.539s] [34mcolcon.colcon_core.shell[0m [1;30mINFO[0m Creating package descriptor '/home/moonly/fpv_ros2_workspace/install/position_trans/share/position_trans/package.dsv'
[0.539s] [34mcolcon.colcon_core.shell[0m [1;30mINFO[0m Creating package script '/home/moonly/fpv_ros2_workspace/install/position_trans/share/position_trans/package.sh'
[0.539s] [34mcolcon.colcon_core.shell[0m [1;30mINFO[0m Creating package script '/home/moonly/fpv_ros2_workspace/install/position_trans/share/position_trans/package.bash'
[0.540s] [34mcolcon.colcon_core.shell[0m [1;30mINFO[0m Creating package script '/home/moonly/fpv_ros2_workspace/install/position_trans/share/position_trans/package.zsh'
[0.540s] [34mcolcon.colcon_core.environment[0m [1;30mLevel 1[0m create_file_with_runtime_dependencies(/home/moonly/fpv_ros2_workspace/install/position_trans/share/colcon-core/packages/position_trans)
[0.553s] [34mcolcon.colcon_core.environment[0m [1;30mLevel 1[0m create_environment_scripts_only(auto_control)
[0.553s] [34mcolcon.colcon_core.environment[0m [1;30mLevel 1[0m checking '/home/moonly/fpv_ros2_workspace/install/auto_control' for CMake module files
[0.554s] [34mcolcon.colcon_core.environment[0m [1;30mLevel 1[0m checking '/home/moonly/fpv_ros2_workspace/install/auto_control' for CMake config files
[0.554s] [34mcolcon.colcon_core.shell[0m [1;30mLevel 1[0m create_environment_hook('auto_control', 'cmake_prefix_path')
[0.554s] [34mcolcon.colcon_core.shell[0m [1;30mINFO[0m Creating environment hook '/home/moonly/fpv_ros2_workspace/install/auto_control/share/auto_control/hook/cmake_prefix_path.ps1'
[0.555s] [34mcolcon.colcon_core.shell[0m [1;30mINFO[0m Creating environment descriptor '/home/moonly/fpv_ros2_workspace/install/auto_control/share/auto_control/hook/cmake_prefix_path.dsv'
[0.555s] [34mcolcon.colcon_core.shell[0m [1;30mINFO[0m Creating environment hook '/home/moonly/fpv_ros2_workspace/install/auto_control/share/auto_control/hook/cmake_prefix_path.sh'
[0.555s] [34mcolcon.colcon_core.environment[0m [1;30mLevel 1[0m checking '/home/moonly/fpv_ros2_workspace/install/auto_control/lib'
[0.555s] [34mcolcon.colcon_core.environment[0m [1;30mLevel 1[0m checking '/home/moonly/fpv_ros2_workspace/install/auto_control/bin'
[0.556s] [34mcolcon.colcon_core.environment[0m [1;30mLevel 1[0m checking '/home/moonly/fpv_ros2_workspace/install/auto_control/lib/pkgconfig/auto_control.pc'
[0.556s] [34mcolcon.colcon_core.environment[0m [1;30mLevel 1[0m checking '/home/moonly/fpv_ros2_workspace/install/auto_control/lib/python3.8/site-packages'
[0.556s] [34mcolcon.colcon_core.environment[0m [1;30mLevel 1[0m checking '/home/moonly/fpv_ros2_workspace/install/auto_control/bin'
[0.556s] [34mcolcon.colcon_core.shell[0m [1;30mINFO[0m Creating package script '/home/moonly/fpv_ros2_workspace/install/auto_control/share/auto_control/package.ps1'
[0.556s] [34mcolcon.colcon_core.shell[0m [1;30mINFO[0m Creating package descriptor '/home/moonly/fpv_ros2_workspace/install/auto_control/share/auto_control/package.dsv'
[0.557s] [34mcolcon.colcon_core.shell[0m [1;30mINFO[0m Creating package script '/home/moonly/fpv_ros2_workspace/install/auto_control/share/auto_control/package.sh'
[0.557s] [34mcolcon.colcon_core.shell[0m [1;30mINFO[0m Creating package script '/home/moonly/fpv_ros2_workspace/install/auto_control/share/auto_control/package.bash'
[0.557s] [34mcolcon.colcon_core.shell[0m [1;30mINFO[0m Creating package script '/home/moonly/fpv_ros2_workspace/install/auto_control/share/auto_control/package.zsh'
[0.557s] [34mcolcon.colcon_core.environment[0m [1;30mLevel 1[0m create_file_with_runtime_dependencies(/home/moonly/fpv_ros2_workspace/install/auto_control/share/colcon-core/packages/auto_control)
[0.622s] [34mcolcon.colcon_core.event_handler.log_command[0m [1;30mDEBUG[0m [32mInvoked command in '/home/moonly/fpv_ros2_workspace/build/dgps_msgs' returned '0': CMAKE_PREFIX_PATH=${CMAKE_PREFIX_PATH}:/opt/ros/foxy _=/usr/bin/env /usr/bin/cmake --build /home/moonly/fpv_ros2_workspace/build/dgps_msgs -- -j8 -l8[0m
[0.644s] [34mcolcon.colcon_core.event_handler.log_command[0m [1;30mDEBUG[0m [32mInvoked command in '/home/moonly/fpv_ros2_workspace/build/fpv_msgs' returned '0': CMAKE_PREFIX_PATH=${CMAKE_PREFIX_PATH}:/opt/ros/foxy _=/usr/bin/env /usr/bin/cmake --build /home/moonly/fpv_ros2_workspace/build/fpv_msgs -- -j8 -l8[0m
[0.723s] [34mcolcon.colcon_core.event_handler.log_command[0m [1;30mDEBUG[0m [32mInvoking command in '/home/moonly/fpv_ros2_workspace/build/fpv_msgs': CMAKE_PREFIX_PATH=${CMAKE_PREFIX_PATH}:/opt/ros/foxy _=/usr/bin/env /usr/bin/cmake --install /home/moonly/fpv_ros2_workspace/build/fpv_msgs[0m
[0.760s] [34mcolcon.colcon_core.event_handler.log_command[0m [1;30mDEBUG[0m [32mInvoking command in '/home/moonly/fpv_ros2_workspace/build/dgps_msgs': CMAKE_PREFIX_PATH=${CMAKE_PREFIX_PATH}:/opt/ros/foxy _=/usr/bin/env /usr/bin/cmake --install /home/moonly/fpv_ros2_workspace/build/dgps_msgs[0m
[0.787s] [34mcolcon.colcon_core.environment[0m [1;30mLevel 1[0m create_environment_scripts_only(fpv_msgs)
[0.787s] [34mcolcon.colcon_core.environment[0m [1;30mLevel 1[0m checking '/home/moonly/fpv_ros2_workspace/install/fpv_msgs' for CMake module files
[0.789s] [34mcolcon.colcon_core.environment[0m [1;30mLevel 1[0m checking '/home/moonly/fpv_ros2_workspace/install/fpv_msgs' for CMake config files
[0.790s] [34mcolcon.colcon_core.event_handler.log_command[0m [1;30mDEBUG[0m [32mInvoked command in '/home/moonly/fpv_ros2_workspace/build/fpv_msgs' returned '0': CMAKE_PREFIX_PATH=${CMAKE_PREFIX_PATH}:/opt/ros/foxy _=/usr/bin/env /usr/bin/cmake --install /home/moonly/fpv_ros2_workspace/build/fpv_msgs[0m
[0.790s] [34mcolcon.colcon_core.shell[0m [1;30mLevel 1[0m create_environment_hook('fpv_msgs', 'cmake_prefix_path')
[0.791s] [34mcolcon.colcon_core.shell[0m [1;30mINFO[0m Creating environment hook '/home/moonly/fpv_ros2_workspace/install/fpv_msgs/share/fpv_msgs/hook/cmake_prefix_path.ps1'
[0.791s] [34mcolcon.colcon_core.shell[0m [1;30mINFO[0m Creating environment descriptor '/home/moonly/fpv_ros2_workspace/install/fpv_msgs/share/fpv_msgs/hook/cmake_prefix_path.dsv'
[0.792s] [34mcolcon.colcon_core.shell[0m [1;30mINFO[0m Creating environment hook '/home/moonly/fpv_ros2_workspace/install/fpv_msgs/share/fpv_msgs/hook/cmake_prefix_path.sh'
[0.792s] [34mcolcon.colcon_core.environment[0m [1;30mLevel 1[0m checking '/home/moonly/fpv_ros2_workspace/install/fpv_msgs/lib'
[0.792s] [34mcolcon.colcon_core.shell[0m [1;30mLevel 1[0m create_environment_hook('fpv_msgs', 'ld_library_path_lib')
[0.793s] [34mcolcon.colcon_core.shell[0m [1;30mINFO[0m Creating environment hook '/home/moonly/fpv_ros2_workspace/install/fpv_msgs/share/fpv_msgs/hook/ld_library_path_lib.ps1'
[0.793s] [34mcolcon.colcon_core.shell[0m [1;30mINFO[0m Creating environment descriptor '/home/moonly/fpv_ros2_workspace/install/fpv_msgs/share/fpv_msgs/hook/ld_library_path_lib.dsv'
[0.794s] [34mcolcon.colcon_core.shell[0m [1;30mINFO[0m Creating environment hook '/home/moonly/fpv_ros2_workspace/install/fpv_msgs/share/fpv_msgs/hook/ld_library_path_lib.sh'
[0.794s] [34mcolcon.colcon_core.environment[0m [1;30mLevel 1[0m checking '/home/moonly/fpv_ros2_workspace/install/fpv_msgs/bin'
[0.794s] [34mcolcon.colcon_core.environment[0m [1;30mLevel 1[0m checking '/home/moonly/fpv_ros2_workspace/install/fpv_msgs/lib/pkgconfig/fpv_msgs.pc'
[0.794s] [34mcolcon.colcon_core.environment[0m [1;30mLevel 1[0m checking '/home/moonly/fpv_ros2_workspace/install/fpv_msgs/lib/python3.8/site-packages'
[0.794s] [34mcolcon.colcon_core.shell[0m [1;30mLevel 1[0m create_environment_hook('fpv_msgs', 'pythonpath')
[0.795s] [34mcolcon.colcon_core.shell[0m [1;30mINFO[0m Creating environment hook '/home/moonly/fpv_ros2_workspace/install/fpv_msgs/share/fpv_msgs/hook/pythonpath.ps1'
[0.795s] [34mcolcon.colcon_core.shell[0m [1;30mINFO[0m Creating environment descriptor '/home/moonly/fpv_ros2_workspace/install/fpv_msgs/share/fpv_msgs/hook/pythonpath.dsv'
[0.795s] [34mcolcon.colcon_core.shell[0m [1;30mINFO[0m Creating environment hook '/home/moonly/fpv_ros2_workspace/install/fpv_msgs/share/fpv_msgs/hook/pythonpath.sh'
[0.796s] [34mcolcon.colcon_core.environment[0m [1;30mLevel 1[0m checking '/home/moonly/fpv_ros2_workspace/install/fpv_msgs/bin'
[0.796s] [34mcolcon.colcon_core.shell[0m [1;30mINFO[0m Creating package script '/home/moonly/fpv_ros2_workspace/install/fpv_msgs/share/fpv_msgs/package.ps1'
[0.797s] [34mcolcon.colcon_core.shell[0m [1;30mINFO[0m Creating package descriptor '/home/moonly/fpv_ros2_workspace/install/fpv_msgs/share/fpv_msgs/package.dsv'
[0.798s] [34mcolcon.colcon_core.shell[0m [1;30mINFO[0m Creating package script '/home/moonly/fpv_ros2_workspace/install/fpv_msgs/share/fpv_msgs/package.sh'
[0.799s] [34mcolcon.colcon_core.shell[0m [1;30mINFO[0m Creating package script '/home/moonly/fpv_ros2_workspace/install/fpv_msgs/share/fpv_msgs/package.bash'
[0.800s] [34mcolcon.colcon_core.shell[0m [1;30mINFO[0m Creating package script '/home/moonly/fpv_ros2_workspace/install/fpv_msgs/share/fpv_msgs/package.zsh'
[0.801s] [34mcolcon.colcon_core.environment[0m [1;30mLevel 1[0m create_file_with_runtime_dependencies(/home/moonly/fpv_ros2_workspace/install/fpv_msgs/share/colcon-core/packages/fpv_msgs)
[0.829s] [34mcolcon.colcon_core.environment[0m [1;30mLevel 1[0m create_environment_scripts_only(dgps_msgs)
[0.830s] [34mcolcon.colcon_core.environment[0m [1;30mLevel 1[0m checking '/home/moonly/fpv_ros2_workspace/install/dgps_msgs' for CMake module files
[0.832s] [34mcolcon.colcon_core.event_handler.log_command[0m [1;30mDEBUG[0m [32mInvoked command in '/home/moonly/fpv_ros2_workspace/build/dgps_msgs' returned '0': CMAKE_PREFIX_PATH=${CMAKE_PREFIX_PATH}:/opt/ros/foxy _=/usr/bin/env /usr/bin/cmake --install /home/moonly/fpv_ros2_workspace/build/dgps_msgs[0m
[0.833s] [34mcolcon.colcon_core.environment[0m [1;30mLevel 1[0m checking '/home/moonly/fpv_ros2_workspace/install/dgps_msgs' for CMake config files
[0.833s] [34mcolcon.colcon_core.shell[0m [1;30mLevel 1[0m create_environment_hook('dgps_msgs', 'cmake_prefix_path')
[0.834s] [34mcolcon.colcon_core.shell[0m [1;30mINFO[0m Creating environment hook '/home/moonly/fpv_ros2_workspace/install/dgps_msgs/share/dgps_msgs/hook/cmake_prefix_path.ps1'
[0.835s] [34mcolcon.colcon_core.shell[0m [1;30mINFO[0m Creating environment descriptor '/home/moonly/fpv_ros2_workspace/install/dgps_msgs/share/dgps_msgs/hook/cmake_prefix_path.dsv'
[0.835s] [34mcolcon.colcon_core.shell[0m [1;30mINFO[0m Creating environment hook '/home/moonly/fpv_ros2_workspace/install/dgps_msgs/share/dgps_msgs/hook/cmake_prefix_path.sh'
[0.836s] [34mcolcon.colcon_core.environment[0m [1;30mLevel 1[0m checking '/home/moonly/fpv_ros2_workspace/install/dgps_msgs/lib'
[0.836s] [34mcolcon.colcon_core.shell[0m [1;30mLevel 1[0m create_environment_hook('dgps_msgs', 'ld_library_path_lib')
[0.837s] [34mcolcon.colcon_core.shell[0m [1;30mINFO[0m Creating environment hook '/home/moonly/fpv_ros2_workspace/install/dgps_msgs/share/dgps_msgs/hook/ld_library_path_lib.ps1'
[0.837s] [34mcolcon.colcon_core.shell[0m [1;30mINFO[0m Creating environment descriptor '/home/moonly/fpv_ros2_workspace/install/dgps_msgs/share/dgps_msgs/hook/ld_library_path_lib.dsv'
[0.838s] [34mcolcon.colcon_core.shell[0m [1;30mINFO[0m Creating environment hook '/home/moonly/fpv_ros2_workspace/install/dgps_msgs/share/dgps_msgs/hook/ld_library_path_lib.sh'
[0.838s] [34mcolcon.colcon_core.environment[0m [1;30mLevel 1[0m checking '/home/moonly/fpv_ros2_workspace/install/dgps_msgs/bin'
[0.838s] [34mcolcon.colcon_core.environment[0m [1;30mLevel 1[0m checking '/home/moonly/fpv_ros2_workspace/install/dgps_msgs/lib/pkgconfig/dgps_msgs.pc'
[0.838s] [34mcolcon.colcon_core.environment[0m [1;30mLevel 1[0m checking '/home/moonly/fpv_ros2_workspace/install/dgps_msgs/lib/python3.8/site-packages'
[0.838s] [34mcolcon.colcon_core.shell[0m [1;30mLevel 1[0m create_environment_hook('dgps_msgs', 'pythonpath')
[0.838s] [34mcolcon.colcon_core.shell[0m [1;30mINFO[0m Creating environment hook '/home/moonly/fpv_ros2_workspace/install/dgps_msgs/share/dgps_msgs/hook/pythonpath.ps1'
[0.839s] [34mcolcon.colcon_core.shell[0m [1;30mINFO[0m Creating environment descriptor '/home/moonly/fpv_ros2_workspace/install/dgps_msgs/share/dgps_msgs/hook/pythonpath.dsv'
[0.839s] [34mcolcon.colcon_core.shell[0m [1;30mINFO[0m Creating environment hook '/home/moonly/fpv_ros2_workspace/install/dgps_msgs/share/dgps_msgs/hook/pythonpath.sh'
[0.839s] [34mcolcon.colcon_core.environment[0m [1;30mLevel 1[0m checking '/home/moonly/fpv_ros2_workspace/install/dgps_msgs/bin'
[0.839s] [34mcolcon.colcon_core.shell[0m [1;30mINFO[0m Creating package script '/home/moonly/fpv_ros2_workspace/install/dgps_msgs/share/dgps_msgs/package.ps1'
[0.840s] [34mcolcon.colcon_core.shell[0m [1;30mINFO[0m Creating package descriptor '/home/moonly/fpv_ros2_workspace/install/dgps_msgs/share/dgps_msgs/package.dsv'
[0.840s] [34mcolcon.colcon_core.shell[0m [1;30mINFO[0m Creating package script '/home/moonly/fpv_ros2_workspace/install/dgps_msgs/share/dgps_msgs/package.sh'
[0.841s] [34mcolcon.colcon_core.shell[0m [1;30mINFO[0m Creating package script '/home/moonly/fpv_ros2_workspace/install/dgps_msgs/share/dgps_msgs/package.bash'
[0.841s] [34mcolcon.colcon_core.shell[0m [1;30mINFO[0m Creating package script '/home/moonly/fpv_ros2_workspace/install/dgps_msgs/share/dgps_msgs/package.zsh'
[0.841s] [34mcolcon.colcon_core.environment[0m [1;30mLevel 1[0m create_file_with_runtime_dependencies(/home/moonly/fpv_ros2_workspace/install/dgps_msgs/share/colcon-core/packages/dgps_msgs)
[0.890s] [34mcolcon.colcon_core.environment[0m [1;30mLevel 1[0m create_environment_scripts_only(fpv_msgs)
[0.891s] [34mcolcon.colcon_core.environment[0m [1;30mLevel 1[0m checking '/home/moonly/fpv_ros2_workspace/install/fpv_msgs' for CMake module files
[0.892s] [34mcolcon.colcon_core.environment[0m [1;30mLevel 1[0m checking '/home/moonly/fpv_ros2_workspace/install/fpv_msgs' for CMake config files
[0.892s] [34mcolcon.colcon_core.shell[0m [1;30mLevel 1[0m create_environment_hook('fpv_msgs', 'cmake_prefix_path')
[0.892s] [34mcolcon.colcon_core.shell[0m [1;30mINFO[0m Creating environment hook '/home/moonly/fpv_ros2_workspace/install/fpv_msgs/share/fpv_msgs/hook/cmake_prefix_path.ps1'
[0.893s] [34mcolcon.colcon_core.shell[0m [1;30mINFO[0m Creating environment descriptor '/home/moonly/fpv_ros2_workspace/install/fpv_msgs/share/fpv_msgs/hook/cmake_prefix_path.dsv'
[0.894s] [34mcolcon.colcon_core.shell[0m [1;30mINFO[0m Creating environment hook '/home/moonly/fpv_ros2_workspace/install/fpv_msgs/share/fpv_msgs/hook/cmake_prefix_path.sh'
[0.895s] [34mcolcon.colcon_core.environment[0m [1;30mLevel 1[0m checking '/home/moonly/fpv_ros2_workspace/install/fpv_msgs/lib'
[0.895s] [34mcolcon.colcon_core.shell[0m [1;30mLevel 1[0m create_environment_hook('fpv_msgs', 'ld_library_path_lib')
[0.896s] [34mcolcon.colcon_core.shell[0m [1;30mINFO[0m Creating environment hook '/home/moonly/fpv_ros2_workspace/install/fpv_msgs/share/fpv_msgs/hook/ld_library_path_lib.ps1'
[0.897s] [34mcolcon.colcon_core.shell[0m [1;30mINFO[0m Creating environment descriptor '/home/moonly/fpv_ros2_workspace/install/fpv_msgs/share/fpv_msgs/hook/ld_library_path_lib.dsv'
[0.897s] [34mcolcon.colcon_core.shell[0m [1;30mINFO[0m Creating environment hook '/home/moonly/fpv_ros2_workspace/install/fpv_msgs/share/fpv_msgs/hook/ld_library_path_lib.sh'
[0.898s] [34mcolcon.colcon_core.environment[0m [1;30mLevel 1[0m checking '/home/moonly/fpv_ros2_workspace/install/fpv_msgs/bin'
[0.898s] [34mcolcon.colcon_core.environment[0m [1;30mLevel 1[0m checking '/home/moonly/fpv_ros2_workspace/install/fpv_msgs/lib/pkgconfig/fpv_msgs.pc'
[0.898s] [34mcolcon.colcon_core.environment[0m [1;30mLevel 1[0m checking '/home/moonly/fpv_ros2_workspace/install/fpv_msgs/lib/python3.8/site-packages'
[0.898s] [34mcolcon.colcon_core.shell[0m [1;30mLevel 1[0m create_environment_hook('fpv_msgs', 'pythonpath')
[0.899s] [34mcolcon.colcon_core.shell[0m [1;30mINFO[0m Creating environment hook '/home/moonly/fpv_ros2_workspace/install/fpv_msgs/share/fpv_msgs/hook/pythonpath.ps1'
[0.900s] [34mcolcon.colcon_core.shell[0m [1;30mINFO[0m Creating environment descriptor '/home/moonly/fpv_ros2_workspace/install/fpv_msgs/share/fpv_msgs/hook/pythonpath.dsv'
[0.901s] [34mcolcon.colcon_core.shell[0m [1;30mINFO[0m Creating environment hook '/home/moonly/fpv_ros2_workspace/install/fpv_msgs/share/fpv_msgs/hook/pythonpath.sh'
[0.902s] [34mcolcon.colcon_core.environment[0m [1;30mLevel 1[0m checking '/home/moonly/fpv_ros2_workspace/install/fpv_msgs/bin'
[0.903s] [34mcolcon.colcon_core.shell[0m [1;30mINFO[0m Creating package script '/home/moonly/fpv_ros2_workspace/install/fpv_msgs/share/fpv_msgs/package.ps1'
[0.904s] [34mcolcon.colcon_core.shell[0m [1;30mINFO[0m Creating package descriptor '/home/moonly/fpv_ros2_workspace/install/fpv_msgs/share/fpv_msgs/package.dsv'
[0.905s] [34mcolcon.colcon_core.shell[0m [1;30mINFO[0m Creating package script '/home/moonly/fpv_ros2_workspace/install/fpv_msgs/share/fpv_msgs/package.sh'
[0.905s] [34mcolcon.colcon_core.shell[0m [1;30mINFO[0m Creating package script '/home/moonly/fpv_ros2_workspace/install/fpv_msgs/share/fpv_msgs/package.bash'
[0.906s] [34mcolcon.colcon_core.shell[0m [1;30mINFO[0m Creating package script '/home/moonly/fpv_ros2_workspace/install/fpv_msgs/share/fpv_msgs/package.zsh'
[0.906s] [34mcolcon.colcon_core.environment[0m [1;30mLevel 1[0m create_file_with_runtime_dependencies(/home/moonly/fpv_ros2_workspace/install/fpv_msgs/share/colcon-core/packages/fpv_msgs)
[1.043s] [34mcolcon.colcon_core.environment[0m [1;30mLevel 1[0m create_environment_scripts_only(dgps_msgs)
[1.043s] [34mcolcon.colcon_core.environment[0m [1;30mLevel 1[0m checking '/home/moonly/fpv_ros2_workspace/install/dgps_msgs' for CMake module files
[1.044s] [34mcolcon.colcon_core.environment[0m [1;30mLevel 1[0m checking '/home/moonly/fpv_ros2_workspace/install/dgps_msgs' for CMake config files
[1.044s] [34mcolcon.colcon_core.shell[0m [1;30mLevel 1[0m create_environment_hook('dgps_msgs', 'cmake_prefix_path')
[1.045s] [34mcolcon.colcon_core.shell[0m [1;30mINFO[0m Creating environment hook '/home/moonly/fpv_ros2_workspace/install/dgps_msgs/share/dgps_msgs/hook/cmake_prefix_path.ps1'
[1.045s] [34mcolcon.colcon_core.shell[0m [1;30mINFO[0m Creating environment descriptor '/home/moonly/fpv_ros2_workspace/install/dgps_msgs/share/dgps_msgs/hook/cmake_prefix_path.dsv'
[1.049s] [34mcolcon.colcon_core.shell[0m [1;30mINFO[0m Creating environment hook '/home/moonly/fpv_ros2_workspace/install/dgps_msgs/share/dgps_msgs/hook/cmake_prefix_path.sh'
[1.050s] [34mcolcon.colcon_core.environment[0m [1;30mLevel 1[0m checking '/home/moonly/fpv_ros2_workspace/install/dgps_msgs/lib'
[1.051s] [34mcolcon.colcon_core.shell[0m [1;30mLevel 1[0m create_environment_hook('dgps_msgs', 'ld_library_path_lib')
[1.051s] [34mcolcon.colcon_core.shell[0m [1;30mINFO[0m Creating environment hook '/home/moonly/fpv_ros2_workspace/install/dgps_msgs/share/dgps_msgs/hook/ld_library_path_lib.ps1'
[1.051s] [34mcolcon.colcon_core.shell[0m [1;30mINFO[0m Creating environment descriptor '/home/moonly/fpv_ros2_workspace/install/dgps_msgs/share/dgps_msgs/hook/ld_library_path_lib.dsv'
[1.052s] [34mcolcon.colcon_core.shell[0m [1;30mINFO[0m Creating environment hook '/home/moonly/fpv_ros2_workspace/install/dgps_msgs/share/dgps_msgs/hook/ld_library_path_lib.sh'
[1.052s] [34mcolcon.colcon_core.environment[0m [1;30mLevel 1[0m checking '/home/moonly/fpv_ros2_workspace/install/dgps_msgs/bin'
[1.052s] [34mcolcon.colcon_core.environment[0m [1;30mLevel 1[0m checking '/home/moonly/fpv_ros2_workspace/install/dgps_msgs/lib/pkgconfig/dgps_msgs.pc'
[1.052s] [34mcolcon.colcon_core.environment[0m [1;30mLevel 1[0m checking '/home/moonly/fpv_ros2_workspace/install/dgps_msgs/lib/python3.8/site-packages'
[1.052s] [34mcolcon.colcon_core.shell[0m [1;30mLevel 1[0m create_environment_hook('dgps_msgs', 'pythonpath')
[1.053s] [34mcolcon.colcon_core.shell[0m [1;30mINFO[0m Creating environment hook '/home/moonly/fpv_ros2_workspace/install/dgps_msgs/share/dgps_msgs/hook/pythonpath.ps1'
[1.053s] [34mcolcon.colcon_core.shell[0m [1;30mINFO[0m Creating environment descriptor '/home/moonly/fpv_ros2_workspace/install/dgps_msgs/share/dgps_msgs/hook/pythonpath.dsv'
[1.053s] [34mcolcon.colcon_core.shell[0m [1;30mINFO[0m Creating environment hook '/home/moonly/fpv_ros2_workspace/install/dgps_msgs/share/dgps_msgs/hook/pythonpath.sh'
[1.054s] [34mcolcon.colcon_core.environment[0m [1;30mLevel 1[0m checking '/home/moonly/fpv_ros2_workspace/install/dgps_msgs/bin'
[1.055s] [34mcolcon.colcon_core.shell[0m [1;30mINFO[0m Creating package script '/home/moonly/fpv_ros2_workspace/install/dgps_msgs/share/dgps_msgs/package.ps1'
[1.057s] [34mcolcon.colcon_core.shell[0m [1;30mINFO[0m Creating package descriptor '/home/moonly/fpv_ros2_workspace/install/dgps_msgs/share/dgps_msgs/package.dsv'
[1.058s] [34mcolcon.colcon_core.shell[0m [1;30mINFO[0m Creating package script '/home/moonly/fpv_ros2_workspace/install/dgps_msgs/share/dgps_msgs/package.sh'
[1.058s] [34mcolcon.colcon_core.shell[0m [1;30mINFO[0m Creating package script '/home/moonly/fpv_ros2_workspace/install/dgps_msgs/share/dgps_msgs/package.bash'
[1.059s] [34mcolcon.colcon_core.shell[0m [1;30mINFO[0m Creating package script '/home/moonly/fpv_ros2_workspace/install/dgps_msgs/share/dgps_msgs/package.zsh'
[1.059s] [34mcolcon.colcon_core.environment[0m [1;30mLevel 1[0m create_file_with_runtime_dependencies(/home/moonly/fpv_ros2_workspace/install/dgps_msgs/share/colcon-core/packages/dgps_msgs)
[1.059s] [34mcolcon.colcon_ros.task.ament_cmake.build[0m [1;30mINFO[0m Building ROS package in '/home/moonly/fpv_ros2_workspace/src/dgps_ros2/dgps_ros2' with build type 'ament_cmake'
[1.060s] [34mcolcon.colcon_cmake.task.cmake.build[0m [1;30mINFO[0m Building CMake package in '/home/moonly/fpv_ros2_workspace/src/dgps_ros2/dgps_ros2'
[1.060s] [34mcolcon.colcon_core.shell[0m [1;30mINFO[0m Skip shell extension 'powershell' for command environment: Not usable outside of PowerShell
[1.060s] [34mcolcon.colcon_core.shell[0m [1;30mDEBUG[0m [32mSkip shell extension 'dsv' for command environment[0m
[1.079s] [34mcolcon.colcon_core.event_handler.log_command[0m [1;30mDEBUG[0m [32mInvoking command in '/home/moonly/fpv_ros2_workspace/build/dgps_ros2': CMAKE_PREFIX_PATH=/home/moonly/fpv_ros2_workspace/install/dgps_msgs:/home/moonly/fpv_ros2_workspace/install/pwm_trans:/home/moonly/fpv_ros2_workspace/install/position_trans:/home/moonly/fpv_ros2_workspace/install/fpv_msgs:/home/moonly/fpv_ros2_workspace/install/dgps_ros2:/home/moonly/fpv_ros2_workspace/install/auto_control:/home/moonly/moonly_workspace/install/moonly_msgs:/home/moonly/moonly_workspace/install/moonly_msgs:/opt/ros/foxy LD_LIBRARY_PATH=/home/moonly/fpv_ros2_workspace/install/dgps_msgs/lib:/home/moonly/fpv_ros2_workspace/install/fpv_msgs/lib:/home/moonly/fpv_ros2_workspace/install/dgps_ros2/lib:/opt/ros/foxy/opt/yaml_cpp_vendor/lib:/opt/ros/foxy/opt/rviz_ogre_vendor/lib:/opt/ros/foxy/lib/x86_64-linux-gnu:/opt/ros/foxy/lib:/home/ns-allinone-2.35/otcl-1.14:/home/ns-allinone-2.35/lib:/home/ns-allinone-2.35/otcl-1.14:/home/ns-allinone-2.35/lib PYTHONPATH=/home/moonly/fpv_ros2_workspace/install/dgps_msgs/lib/python3.8/site-packages:/home/moonly/fpv_ros2_workspace/install/fpv_msgs/lib/python3.8/site-packages:/opt/ros/foxy/lib/python3.8/site-packages _=/usr/bin/env /usr/bin/cmake --build /home/moonly/fpv_ros2_workspace/build/dgps_ros2 -- -j8 -l8[0m
[1.155s] [34mcolcon.colcon_core.event_handler.log_command[0m [1;30mDEBUG[0m [32mInvoked command in '/home/moonly/fpv_ros2_workspace/build/dgps_ros2' returned '0': CMAKE_PREFIX_PATH=/home/moonly/fpv_ros2_workspace/install/dgps_msgs:/home/moonly/fpv_ros2_workspace/install/pwm_trans:/home/moonly/fpv_ros2_workspace/install/position_trans:/home/moonly/fpv_ros2_workspace/install/fpv_msgs:/home/moonly/fpv_ros2_workspace/install/dgps_ros2:/home/moonly/fpv_ros2_workspace/install/auto_control:/home/moonly/moonly_workspace/install/moonly_msgs:/home/moonly/moonly_workspace/install/moonly_msgs:/opt/ros/foxy LD_LIBRARY_PATH=/home/moonly/fpv_ros2_workspace/install/dgps_msgs/lib:/home/moonly/fpv_ros2_workspace/install/fpv_msgs/lib:/home/moonly/fpv_ros2_workspace/install/dgps_ros2/lib:/opt/ros/foxy/opt/yaml_cpp_vendor/lib:/opt/ros/foxy/opt/rviz_ogre_vendor/lib:/opt/ros/foxy/lib/x86_64-linux-gnu:/opt/ros/foxy/lib:/home/ns-allinone-2.35/otcl-1.14:/home/ns-allinone-2.35/lib:/home/ns-allinone-2.35/otcl-1.14:/home/ns-allinone-2.35/lib PYTHONPATH=/home/moonly/fpv_ros2_workspace/install/dgps_msgs/lib/python3.8/site-packages:/home/moonly/fpv_ros2_workspace/install/fpv_msgs/lib/python3.8/site-packages:/opt/ros/foxy/lib/python3.8/site-packages _=/usr/bin/env /usr/bin/cmake --build /home/moonly/fpv_ros2_workspace/build/dgps_ros2 -- -j8 -l8[0m
[1.187s] [34mcolcon.colcon_core.event_handler.log_command[0m [1;30mDEBUG[0m [32mInvoking command in '/home/moonly/fpv_ros2_workspace/build/dgps_ros2': CMAKE_PREFIX_PATH=/home/moonly/fpv_ros2_workspace/install/dgps_msgs:/home/moonly/fpv_ros2_workspace/install/pwm_trans:/home/moonly/fpv_ros2_workspace/install/position_trans:/home/moonly/fpv_ros2_workspace/install/fpv_msgs:/home/moonly/fpv_ros2_workspace/install/dgps_ros2:/home/moonly/fpv_ros2_workspace/install/auto_control:/home/moonly/moonly_workspace/install/moonly_msgs:/home/moonly/moonly_workspace/install/moonly_msgs:/opt/ros/foxy LD_LIBRARY_PATH=/home/moonly/fpv_ros2_workspace/install/dgps_msgs/lib:/home/moonly/fpv_ros2_workspace/install/fpv_msgs/lib:/home/moonly/fpv_ros2_workspace/install/dgps_ros2/lib:/opt/ros/foxy/opt/yaml_cpp_vendor/lib:/opt/ros/foxy/opt/rviz_ogre_vendor/lib:/opt/ros/foxy/lib/x86_64-linux-gnu:/opt/ros/foxy/lib:/home/ns-allinone-2.35/otcl-1.14:/home/ns-allinone-2.35/lib:/home/ns-allinone-2.35/otcl-1.14:/home/ns-allinone-2.35/lib PYTHONPATH=/home/moonly/fpv_ros2_workspace/install/dgps_msgs/lib/python3.8/site-packages:/home/moonly/fpv_ros2_workspace/install/fpv_msgs/lib/python3.8/site-packages:/opt/ros/foxy/lib/python3.8/site-packages _=/usr/bin/env /usr/bin/cmake --install /home/moonly/fpv_ros2_workspace/build/dgps_ros2[0m
[1.198s] [34mcolcon.colcon_core.environment[0m [1;30mLevel 1[0m create_environment_scripts_only(dgps_ros2)
[1.198s] [34mcolcon.colcon_core.environment[0m [1;30mLevel 1[0m checking '/home/moonly/fpv_ros2_workspace/install/dgps_ros2' for CMake module files
[1.199s] [34mcolcon.colcon_core.event_handler.log_command[0m [1;30mDEBUG[0m [32mInvoked command in '/home/moonly/fpv_ros2_workspace/build/dgps_ros2' returned '0': CMAKE_PREFIX_PATH=/home/moonly/fpv_ros2_workspace/install/dgps_msgs:/home/moonly/fpv_ros2_workspace/install/pwm_trans:/home/moonly/fpv_ros2_workspace/install/position_trans:/home/moonly/fpv_ros2_workspace/install/fpv_msgs:/home/moonly/fpv_ros2_workspace/install/dgps_ros2:/home/moonly/fpv_ros2_workspace/install/auto_control:/home/moonly/moonly_workspace/install/moonly_msgs:/home/moonly/moonly_workspace/install/moonly_msgs:/opt/ros/foxy LD_LIBRARY_PATH=/home/moonly/fpv_ros2_workspace/install/dgps_msgs/lib:/home/moonly/fpv_ros2_workspace/install/fpv_msgs/lib:/home/moonly/fpv_ros2_workspace/install/dgps_ros2/lib:/opt/ros/foxy/opt/yaml_cpp_vendor/lib:/opt/ros/foxy/opt/rviz_ogre_vendor/lib:/opt/ros/foxy/lib/x86_64-linux-gnu:/opt/ros/foxy/lib:/home/ns-allinone-2.35/otcl-1.14:/home/ns-allinone-2.35/lib:/home/ns-allinone-2.35/otcl-1.14:/home/ns-allinone-2.35/lib PYTHONPATH=/home/moonly/fpv_ros2_workspace/install/dgps_msgs/lib/python3.8/site-packages:/home/moonly/fpv_ros2_workspace/install/fpv_msgs/lib/python3.8/site-packages:/opt/ros/foxy/lib/python3.8/site-packages _=/usr/bin/env /usr/bin/cmake --install /home/moonly/fpv_ros2_workspace/build/dgps_ros2[0m
[1.199s] [34mcolcon.colcon_core.environment[0m [1;30mLevel 1[0m checking '/home/moonly/fpv_ros2_workspace/install/dgps_ros2' for CMake config files
[1.200s] [34mcolcon.colcon_core.shell[0m [1;30mLevel 1[0m create_environment_hook('dgps_ros2', 'cmake_prefix_path')
[1.200s] [34mcolcon.colcon_core.shell[0m [1;30mINFO[0m Creating environment hook '/home/moonly/fpv_ros2_workspace/install/dgps_ros2/share/dgps_ros2/hook/cmake_prefix_path.ps1'
[1.201s] [34mcolcon.colcon_core.shell[0m [1;30mINFO[0m Creating environment descriptor '/home/moonly/fpv_ros2_workspace/install/dgps_ros2/share/dgps_ros2/hook/cmake_prefix_path.dsv'
[1.202s] [34mcolcon.colcon_core.shell[0m [1;30mINFO[0m Creating environment hook '/home/moonly/fpv_ros2_workspace/install/dgps_ros2/share/dgps_ros2/hook/cmake_prefix_path.sh'
[1.203s] [34mcolcon.colcon_core.environment[0m [1;30mLevel 1[0m checking '/home/moonly/fpv_ros2_workspace/install/dgps_ros2/lib'
[1.203s] [34mcolcon.colcon_core.shell[0m [1;30mLevel 1[0m create_environment_hook('dgps_ros2', 'ld_library_path_lib')
[1.203s] [34mcolcon.colcon_core.shell[0m [1;30mINFO[0m Creating environment hook '/home/moonly/fpv_ros2_workspace/install/dgps_ros2/share/dgps_ros2/hook/ld_library_path_lib.ps1'
[1.203s] [34mcolcon.colcon_core.shell[0m [1;30mINFO[0m Creating environment descriptor '/home/moonly/fpv_ros2_workspace/install/dgps_ros2/share/dgps_ros2/hook/ld_library_path_lib.dsv'
[1.203s] [34mcolcon.colcon_core.shell[0m [1;30mINFO[0m Creating environment hook '/home/moonly/fpv_ros2_workspace/install/dgps_ros2/share/dgps_ros2/hook/ld_library_path_lib.sh'
[1.204s] [34mcolcon.colcon_core.environment[0m [1;30mLevel 1[0m checking '/home/moonly/fpv_ros2_workspace/install/dgps_ros2/bin'
[1.204s] [34mcolcon.colcon_core.environment[0m [1;30mLevel 1[0m checking '/home/moonly/fpv_ros2_workspace/install/dgps_ros2/lib/pkgconfig/dgps_ros2.pc'
[1.204s] [34mcolcon.colcon_core.environment[0m [1;30mLevel 1[0m checking '/home/moonly/fpv_ros2_workspace/install/dgps_ros2/lib/python3.8/site-packages'
[1.204s] [34mcolcon.colcon_core.environment[0m [1;30mLevel 1[0m checking '/home/moonly/fpv_ros2_workspace/install/dgps_ros2/bin'
[1.204s] [34mcolcon.colcon_core.shell[0m [1;30mINFO[0m Creating package script '/home/moonly/fpv_ros2_workspace/install/dgps_ros2/share/dgps_ros2/package.ps1'
[1.204s] [34mcolcon.colcon_core.shell[0m [1;30mINFO[0m Creating package descriptor '/home/moonly/fpv_ros2_workspace/install/dgps_ros2/share/dgps_ros2/package.dsv'
[1.205s] [34mcolcon.colcon_core.shell[0m [1;30mINFO[0m Creating package script '/home/moonly/fpv_ros2_workspace/install/dgps_ros2/share/dgps_ros2/package.sh'
[1.205s] [34mcolcon.colcon_core.shell[0m [1;30mINFO[0m Creating package script '/home/moonly/fpv_ros2_workspace/install/dgps_ros2/share/dgps_ros2/package.bash'
[1.205s] [34mcolcon.colcon_core.shell[0m [1;30mINFO[0m Creating package script '/home/moonly/fpv_ros2_workspace/install/dgps_ros2/share/dgps_ros2/package.zsh'
[1.205s] [34mcolcon.colcon_core.environment[0m [1;30mLevel 1[0m create_file_with_runtime_dependencies(/home/moonly/fpv_ros2_workspace/install/dgps_ros2/share/colcon-core/packages/dgps_ros2)
[1.248s] [34mcolcon.colcon_core.environment[0m [1;30mLevel 1[0m create_environment_scripts_only(dgps_ros2)
[1.249s] [34mcolcon.colcon_core.environment[0m [1;30mLevel 1[0m checking '/home/moonly/fpv_ros2_workspace/install/dgps_ros2' for CMake module files
[1.249s] [34mcolcon.colcon_core.environment[0m [1;30mLevel 1[0m checking '/home/moonly/fpv_ros2_workspace/install/dgps_ros2' for CMake config files
[1.250s] [34mcolcon.colcon_core.shell[0m [1;30mLevel 1[0m create_environment_hook('dgps_ros2', 'cmake_prefix_path')
[1.250s] [34mcolcon.colcon_core.shell[0m [1;30mINFO[0m Creating environment hook '/home/moonly/fpv_ros2_workspace/install/dgps_ros2/share/dgps_ros2/hook/cmake_prefix_path.ps1'
[1.250s] [34mcolcon.colcon_core.shell[0m [1;30mINFO[0m Creating environment descriptor '/home/moonly/fpv_ros2_workspace/install/dgps_ros2/share/dgps_ros2/hook/cmake_prefix_path.dsv'
[1.251s] [34mcolcon.colcon_core.shell[0m [1;30mINFO[0m Creating environment hook '/home/moonly/fpv_ros2_workspace/install/dgps_ros2/share/dgps_ros2/hook/cmake_prefix_path.sh'
[1.251s] [34mcolcon.colcon_core.environment[0m [1;30mLevel 1[0m checking '/home/moonly/fpv_ros2_workspace/install/dgps_ros2/lib'
[1.251s] [34mcolcon.colcon_core.shell[0m [1;30mLevel 1[0m create_environment_hook('dgps_ros2', 'ld_library_path_lib')
[1.252s] [34mcolcon.colcon_core.shell[0m [1;30mINFO[0m Creating environment hook '/home/moonly/fpv_ros2_workspace/install/dgps_ros2/share/dgps_ros2/hook/ld_library_path_lib.ps1'
[1.252s] [34mcolcon.colcon_core.shell[0m [1;30mINFO[0m Creating environment descriptor '/home/moonly/fpv_ros2_workspace/install/dgps_ros2/share/dgps_ros2/hook/ld_library_path_lib.dsv'
[1.252s] [34mcolcon.colcon_core.shell[0m [1;30mINFO[0m Creating environment hook '/home/moonly/fpv_ros2_workspace/install/dgps_ros2/share/dgps_ros2/hook/ld_library_path_lib.sh'
[1.252s] [34mcolcon.colcon_core.environment[0m [1;30mLevel 1[0m checking '/home/moonly/fpv_ros2_workspace/install/dgps_ros2/bin'
[1.253s] [34mcolcon.colcon_core.environment[0m [1;30mLevel 1[0m checking '/home/moonly/fpv_ros2_workspace/install/dgps_ros2/lib/pkgconfig/dgps_ros2.pc'
[1.253s] [34mcolcon.colcon_core.environment[0m [1;30mLevel 1[0m checking '/home/moonly/fpv_ros2_workspace/install/dgps_ros2/lib/python3.8/site-packages'
[1.253s] [34mcolcon.colcon_core.environment[0m [1;30mLevel 1[0m checking '/home/moonly/fpv_ros2_workspace/install/dgps_ros2/bin'
[1.253s] [34mcolcon.colcon_core.shell[0m [1;30mINFO[0m Creating package script '/home/moonly/fpv_ros2_workspace/install/dgps_ros2/share/dgps_ros2/package.ps1'
[1.254s] [34mcolcon.colcon_core.shell[0m [1;30mINFO[0m Creating package descriptor '/home/moonly/fpv_ros2_workspace/install/dgps_ros2/share/dgps_ros2/package.dsv'
[1.254s] [34mcolcon.colcon_core.shell[0m [1;30mINFO[0m Creating package script '/home/moonly/fpv_ros2_workspace/install/dgps_ros2/share/dgps_ros2/package.sh'
[1.255s] [34mcolcon.colcon_core.shell[0m [1;30mINFO[0m Creating package script '/home/moonly/fpv_ros2_workspace/install/dgps_ros2/share/dgps_ros2/package.bash'
[1.255s] [34mcolcon.colcon_core.shell[0m [1;30mINFO[0m Creating package script '/home/moonly/fpv_ros2_workspace/install/dgps_ros2/share/dgps_ros2/package.zsh'
[1.255s] [34mcolcon.colcon_core.environment[0m [1;30mLevel 1[0m create_file_with_runtime_dependencies(/home/moonly/fpv_ros2_workspace/install/dgps_ros2/share/colcon-core/packages/dgps_ros2)
[5.901s] [34mcolcon.colcon_core.event_handler.log_command[0m [1;30mDEBUG[0m [32mInvoked command in '/home/moonly/fpv_ros2_workspace/build/pwm_trans' returned '0': CMAKE_PREFIX_PATH=${CMAKE_PREFIX_PATH}:/opt/ros/foxy _=/usr/bin/env /usr/bin/cmake --build /home/moonly/fpv_ros2_workspace/build/pwm_trans -- -j8 -l8[0m
[5.940s] [34mcolcon.colcon_core.event_handler.log_command[0m [1;30mDEBUG[0m [32mInvoking command in '/home/moonly/fpv_ros2_workspace/build/pwm_trans': CMAKE_PREFIX_PATH=${CMAKE_PREFIX_PATH}:/opt/ros/foxy _=/usr/bin/env /usr/bin/cmake --install /home/moonly/fpv_ros2_workspace/build/pwm_trans[0m
[5.953s] [34mcolcon.colcon_core.environment[0m [1;30mLevel 1[0m create_environment_scripts_only(pwm_trans)
[5.954s] [34mcolcon.colcon_core.environment[0m [1;30mLevel 1[0m checking '/home/moonly/fpv_ros2_workspace/install/pwm_trans' for CMake module files
[5.955s] [34mcolcon.colcon_core.event_handler.log_command[0m [1;30mDEBUG[0m [32mInvoked command in '/home/moonly/fpv_ros2_workspace/build/pwm_trans' returned '0': CMAKE_PREFIX_PATH=${CMAKE_PREFIX_PATH}:/opt/ros/foxy _=/usr/bin/env /usr/bin/cmake --install /home/moonly/fpv_ros2_workspace/build/pwm_trans[0m
[5.955s] [34mcolcon.colcon_core.environment[0m [1;30mLevel 1[0m checking '/home/moonly/fpv_ros2_workspace/install/pwm_trans' for CMake config files
[5.956s] [34mcolcon.colcon_core.shell[0m [1;30mLevel 1[0m create_environment_hook('pwm_trans', 'cmake_prefix_path')
[5.956s] [34mcolcon.colcon_core.shell[0m [1;30mINFO[0m Creating environment hook '/home/moonly/fpv_ros2_workspace/install/pwm_trans/share/pwm_trans/hook/cmake_prefix_path.ps1'
[5.957s] [34mcolcon.colcon_core.shell[0m [1;30mINFO[0m Creating environment descriptor '/home/moonly/fpv_ros2_workspace/install/pwm_trans/share/pwm_trans/hook/cmake_prefix_path.dsv'
[5.957s] [34mcolcon.colcon_core.shell[0m [1;30mINFO[0m Creating environment hook '/home/moonly/fpv_ros2_workspace/install/pwm_trans/share/pwm_trans/hook/cmake_prefix_path.sh'
[5.958s] [34mcolcon.colcon_core.environment[0m [1;30mLevel 1[0m checking '/home/moonly/fpv_ros2_workspace/install/pwm_trans/lib'
[5.958s] [34mcolcon.colcon_core.environment[0m [1;30mLevel 1[0m checking '/home/moonly/fpv_ros2_workspace/install/pwm_trans/bin'
[5.958s] [34mcolcon.colcon_core.environment[0m [1;30mLevel 1[0m checking '/home/moonly/fpv_ros2_workspace/install/pwm_trans/lib/pkgconfig/pwm_trans.pc'
[5.958s] [34mcolcon.colcon_core.environment[0m [1;30mLevel 1[0m checking '/home/moonly/fpv_ros2_workspace/install/pwm_trans/lib/python3.8/site-packages'
[5.958s] [34mcolcon.colcon_core.environment[0m [1;30mLevel 1[0m checking '/home/moonly/fpv_ros2_workspace/install/pwm_trans/bin'
[5.959s] [34mcolcon.colcon_core.shell[0m [1;30mINFO[0m Creating package script '/home/moonly/fpv_ros2_workspace/install/pwm_trans/share/pwm_trans/package.ps1'
[5.959s] [34mcolcon.colcon_core.shell[0m [1;30mINFO[0m Creating package descriptor '/home/moonly/fpv_ros2_workspace/install/pwm_trans/share/pwm_trans/package.dsv'
[5.959s] [34mcolcon.colcon_core.shell[0m [1;30mINFO[0m Creating package script '/home/moonly/fpv_ros2_workspace/install/pwm_trans/share/pwm_trans/package.sh'
[5.959s] [34mcolcon.colcon_core.shell[0m [1;30mINFO[0m Creating package script '/home/moonly/fpv_ros2_workspace/install/pwm_trans/share/pwm_trans/package.bash'
[5.960s] [34mcolcon.colcon_core.shell[0m [1;30mINFO[0m Creating package script '/home/moonly/fpv_ros2_workspace/install/pwm_trans/share/pwm_trans/package.zsh'
[5.960s] [34mcolcon.colcon_core.environment[0m [1;30mLevel 1[0m create_file_with_runtime_dependencies(/home/moonly/fpv_ros2_workspace/install/pwm_trans/share/colcon-core/packages/pwm_trans)
[5.985s] [34mcolcon.colcon_core.environment[0m [1;30mLevel 1[0m create_environment_scripts_only(pwm_trans)
[5.985s] [34mcolcon.colcon_core.environment[0m [1;30mLevel 1[0m checking '/home/moonly/fpv_ros2_workspace/install/pwm_trans' for CMake module files
[5.985s] [34mcolcon.colcon_core.environment[0m [1;30mLevel 1[0m checking '/home/moonly/fpv_ros2_workspace/install/pwm_trans' for CMake config files
[5.986s] [34mcolcon.colcon_core.shell[0m [1;30mLevel 1[0m create_environment_hook('pwm_trans', 'cmake_prefix_path')
[5.986s] [34mcolcon.colcon_core.shell[0m [1;30mINFO[0m Creating environment hook '/home/moonly/fpv_ros2_workspace/install/pwm_trans/share/pwm_trans/hook/cmake_prefix_path.ps1'
[5.987s] [34mcolcon.colcon_core.shell[0m [1;30mINFO[0m Creating environment descriptor '/home/moonly/fpv_ros2_workspace/install/pwm_trans/share/pwm_trans/hook/cmake_prefix_path.dsv'
[5.987s] [34mcolcon.colcon_core.shell[0m [1;30mINFO[0m Creating environment hook '/home/moonly/fpv_ros2_workspace/install/pwm_trans/share/pwm_trans/hook/cmake_prefix_path.sh'
[5.987s] [34mcolcon.colcon_core.environment[0m [1;30mLevel 1[0m checking '/home/moonly/fpv_ros2_workspace/install/pwm_trans/lib'
[5.987s] [34mcolcon.colcon_core.environment[0m [1;30mLevel 1[0m checking '/home/moonly/fpv_ros2_workspace/install/pwm_trans/bin'
[5.987s] [34mcolcon.colcon_core.environment[0m [1;30mLevel 1[0m checking '/home/moonly/fpv_ros2_workspace/install/pwm_trans/lib/pkgconfig/pwm_trans.pc'
[5.988s] [34mcolcon.colcon_core.environment[0m [1;30mLevel 1[0m checking '/home/moonly/fpv_ros2_workspace/install/pwm_trans/lib/python3.8/site-packages'
[5.988s] [34mcolcon.colcon_core.environment[0m [1;30mLevel 1[0m checking '/home/moonly/fpv_ros2_workspace/install/pwm_trans/bin'
[5.988s] [34mcolcon.colcon_core.shell[0m [1;30mINFO[0m Creating package script '/home/moonly/fpv_ros2_workspace/install/pwm_trans/share/pwm_trans/package.ps1'
[5.988s] [34mcolcon.colcon_core.shell[0m [1;30mINFO[0m Creating package descriptor '/home/moonly/fpv_ros2_workspace/install/pwm_trans/share/pwm_trans/package.dsv'
[5.989s] [34mcolcon.colcon_core.shell[0m [1;30mINFO[0m Creating package script '/home/moonly/fpv_ros2_workspace/install/pwm_trans/share/pwm_trans/package.sh'
[5.989s] [34mcolcon.colcon_core.shell[0m [1;30mINFO[0m Creating package script '/home/moonly/fpv_ros2_workspace/install/pwm_trans/share/pwm_trans/package.bash'
[5.989s] [34mcolcon.colcon_core.shell[0m [1;30mINFO[0m Creating package script '/home/moonly/fpv_ros2_workspace/install/pwm_trans/share/pwm_trans/package.zsh'
[5.989s] [34mcolcon.colcon_core.environment[0m [1;30mLevel 1[0m create_file_with_runtime_dependencies(/home/moonly/fpv_ros2_workspace/install/pwm_trans/share/colcon-core/packages/pwm_trans)
[5.990s] [34mcolcon.colcon_parallel_executor.executor.parallel[0m [1;30mDEBUG[0m [32mclosing loop[0m
[5.990s] [34mcolcon.colcon_parallel_executor.executor.parallel[0m [1;30mDEBUG[0m [32mloop closed[0m
[5.990s] [34mcolcon.colcon_parallel_executor.executor.parallel[0m [1;30mDEBUG[0m [32mrun_until_complete finished with '0'[0m
[5.990s] [34mcolcon.colcon_core.event_reactor[0m [1;30mDEBUG[0m [32mjoining thread[0m
[5.994s] [34mcolcon.colcon_core.plugin_system[0m [1;30mINFO[0m Skipping extension 'colcon_notification.desktop_notification.terminal_notifier': Not used on non-Darwin systems
[5.994s] [34mcolcon.colcon_core.plugin_system[0m [1;30mINFO[0m Skipping extension 'colcon_notification.desktop_notification.win32': Not used on non-Windows systems
[5.994s] [34mcolcon.colcon_notification.desktop_notification[0m [1;30mINFO[0m Sending desktop notification using 'notify2'
[6.008s] [34mcolcon.colcon_core.event_reactor[0m [1;30mDEBUG[0m [32mjoined thread[0m
[6.009s] [34mcolcon.colcon_core.shell[0m [1;30mINFO[0m Creating prefix script '/home/moonly/fpv_ros2_workspace/install/local_setup.ps1'
[6.010s] [34mcolcon.colcon_core.shell[0m [1;30mINFO[0m Creating prefix util module '/home/moonly/fpv_ros2_workspace/install/_local_setup_util_ps1.py'
[6.012s] [34mcolcon.colcon_core.shell[0m [1;30mINFO[0m Creating prefix chain script '/home/moonly/fpv_ros2_workspace/install/setup.ps1'
[6.014s] [34mcolcon.colcon_core.shell[0m [1;30mINFO[0m Creating prefix script '/home/moonly/fpv_ros2_workspace/install/local_setup.sh'
[6.015s] [34mcolcon.colcon_core.shell[0m [1;30mINFO[0m Creating prefix util module '/home/moonly/fpv_ros2_workspace/install/_local_setup_util_sh.py'
[6.015s] [34mcolcon.colcon_core.shell[0m [1;30mINFO[0m Creating prefix chain script '/home/moonly/fpv_ros2_workspace/install/setup.sh'
[6.016s] [34mcolcon.colcon_core.shell[0m [1;30mINFO[0m Creating prefix script '/home/moonly/fpv_ros2_workspace/install/local_setup.bash'
[6.017s] [34mcolcon.colcon_core.shell[0m [1;30mINFO[0m Creating prefix chain script '/home/moonly/fpv_ros2_workspace/install/setup.bash'
[6.018s] [34mcolcon.colcon_core.shell[0m [1;30mINFO[0m Creating prefix script '/home/moonly/fpv_ros2_workspace/install/local_setup.zsh'
[6.018s] [34mcolcon.colcon_core.shell[0m [1;30mINFO[0m Creating prefix chain script '/home/moonly/fpv_ros2_workspace/install/setup.zsh'
