[0.194s] DEBUG:colcon:Command line arguments: ['/usr/bin/colcon', 'build']
[0.194s] DEBUG:colcon:Parsed command line arguments: Namespace(allow_overriding=[], ament_cmake_args=None, base_paths=['.'], build_base='build', catkin_cmake_args=None, catkin_skip_building_tests=False, cmake_args=None, cmake_clean_cache=False, cmake_clean_first=False, cmake_force_configure=False, cmake_target=None, cmake_target_skip_unavailable=False, continue_on_error=False, event_handlers=None, executor='parallel', ignore_user_meta=False, install_base='install', log_base=None, log_level=None, main=<bound method BuildVerb.main of <colcon_core.verb.build.BuildVerb object at 0x7f7018f06790>>, merge_install=False, metas=['./colcon.meta'], packages_above=None, packages_above_and_dependencies=None, packages_above_depth=None, packages_end=None, packages_ignore=None, packages_ignore_regex=None, packages_select=None, packages_select_build_failed=False, packages_select_by_dep=None, packages_select_regex=None, packages_select_test_failures=False, packages_skip=None, packages_skip_build_finished=False, packages_skip_by_dep=None, packages_skip_regex=None, packages_skip_test_passed=False, packages_skip_up_to=None, packages_start=None, packages_up_to=None, packages_up_to_regex=None, parallel_workers=8, paths=None, symlink_install=False, test_result_base=None, verb_extension=<colcon_core.verb.build.BuildVerb object at 0x7f7018f06790>, verb_name='build', verb_parser=<colcon_defaults.argument_parser.defaults.DefaultArgumentsDecorator object at 0x7f7018f06d00>)
[0.211s] Level 1:colcon.colcon_core.package_discovery:discover_packages(colcon_meta) check parameters
[0.211s] Level 1:colcon.colcon_core.package_discovery:discover_packages(recursive) check parameters
[0.211s] Level 1:colcon.colcon_core.package_discovery:discover_packages(ignore) check parameters
[0.211s] Level 1:colcon.colcon_core.package_discovery:discover_packages(path) check parameters
[0.211s] Level 1:colcon.colcon_core.package_discovery:discover_packages(colcon_meta) discover
[0.211s] Level 1:colcon.colcon_core.package_discovery:discover_packages(recursive) discover
[0.211s] INFO:colcon.colcon_core.package_discovery:Crawling recursively for packages in '/home/moonly/px4_ros_com_ros2/src/dgps_ros2'
[0.211s] Level 1:colcon.colcon_core.package_identification:_identify(.) by extensions ['ignore', 'ignore_ament_install']
[0.211s] Level 1:colcon.colcon_core.package_identification:_identify(.) by extension 'ignore'
[0.211s] Level 1:colcon.colcon_core.package_identification:_identify(.) by extension 'ignore_ament_install'
[0.211s] Level 1:colcon.colcon_core.package_identification:_identify(.) by extensions ['colcon_pkg']
[0.211s] Level 1:colcon.colcon_core.package_identification:_identify(.) by extension 'colcon_pkg'
[0.211s] Level 1:colcon.colcon_core.package_identification:_identify(.) by extensions ['colcon_meta']
[0.211s] Level 1:colcon.colcon_core.package_identification:_identify(.) by extension 'colcon_meta'
[0.211s] Level 1:colcon.colcon_core.package_identification:_identify(.) by extensions ['ros']
[0.211s] Level 1:colcon.colcon_core.package_identification:_identify(.) by extension 'ros'
[0.225s] Level 1:colcon.colcon_core.package_identification:_identify(.) by extensions ['cmake', 'python']
[0.225s] Level 1:colcon.colcon_core.package_identification:_identify(.) by extension 'cmake'
[0.225s] Level 1:colcon.colcon_core.package_identification:_identify(.) by extension 'python'
[0.225s] Level 1:colcon.colcon_core.package_identification:_identify(.) by extensions ['python_setup_py']
[0.225s] Level 1:colcon.colcon_core.package_identification:_identify(.) by extension 'python_setup_py'
[0.225s] Level 1:colcon.colcon_core.package_identification:_identify(build) by extensions ['ignore', 'ignore_ament_install']
[0.225s] Level 1:colcon.colcon_core.package_identification:_identify(build) by extension 'ignore'
[0.225s] Level 1:colcon.colcon_core.package_identification:_identify(build) ignored
[0.225s] Level 1:colcon.colcon_core.package_identification:_identify(dgps_msgs) by extensions ['ignore', 'ignore_ament_install']
[0.225s] Level 1:colcon.colcon_core.package_identification:_identify(dgps_msgs) by extension 'ignore'
[0.225s] Level 1:colcon.colcon_core.package_identification:_identify(dgps_msgs) by extension 'ignore_ament_install'
[0.225s] Level 1:colcon.colcon_core.package_identification:_identify(dgps_msgs) by extensions ['colcon_pkg']
[0.225s] Level 1:colcon.colcon_core.package_identification:_identify(dgps_msgs) by extension 'colcon_pkg'
[0.225s] Level 1:colcon.colcon_core.package_identification:_identify(dgps_msgs) by extensions ['colcon_meta']
[0.225s] Level 1:colcon.colcon_core.package_identification:_identify(dgps_msgs) by extension 'colcon_meta'
[0.225s] Level 1:colcon.colcon_core.package_identification:_identify(dgps_msgs) by extensions ['ros']
[0.225s] Level 1:colcon.colcon_core.package_identification:_identify(dgps_msgs) by extension 'ros'
[0.227s] DEBUG:colcon.colcon_core.package_identification:Package 'dgps_msgs' with type 'ros.ament_cmake' and name 'dgps_msgs'
[0.227s] Level 1:colcon.colcon_core.package_identification:_identify(dgps_ros2) by extensions ['ignore', 'ignore_ament_install']
[0.227s] Level 1:colcon.colcon_core.package_identification:_identify(dgps_ros2) by extension 'ignore'
[0.227s] Level 1:colcon.colcon_core.package_identification:_identify(dgps_ros2) by extension 'ignore_ament_install'
[0.227s] Level 1:colcon.colcon_core.package_identification:_identify(dgps_ros2) by extensions ['colcon_pkg']
[0.227s] Level 1:colcon.colcon_core.package_identification:_identify(dgps_ros2) by extension 'colcon_pkg'
[0.227s] Level 1:colcon.colcon_core.package_identification:_identify(dgps_ros2) by extensions ['colcon_meta']
[0.227s] Level 1:colcon.colcon_core.package_identification:_identify(dgps_ros2) by extension 'colcon_meta'
[0.227s] Level 1:colcon.colcon_core.package_identification:_identify(dgps_ros2) by extensions ['ros']
[0.227s] Level 1:colcon.colcon_core.package_identification:_identify(dgps_ros2) by extension 'ros'
[0.228s] DEBUG:colcon.colcon_core.package_identification:Package 'dgps_ros2' with type 'ros.ament_cmake' and name 'dgps_ros2'
[0.228s] Level 1:colcon.colcon_core.package_identification:_identify(install) by extensions ['ignore', 'ignore_ament_install']
[0.228s] Level 1:colcon.colcon_core.package_identification:_identify(install) by extension 'ignore'
[0.228s] Level 1:colcon.colcon_core.package_identification:_identify(install) ignored
[0.228s] Level 1:colcon.colcon_core.package_identification:_identify(log) by extensions ['ignore', 'ignore_ament_install']
[0.228s] Level 1:colcon.colcon_core.package_identification:_identify(log) by extension 'ignore'
[0.228s] Level 1:colcon.colcon_core.package_identification:_identify(log) ignored
[0.228s] Level 1:colcon.colcon_core.package_discovery:discover_packages(recursive) using defaults
[0.228s] Level 1:colcon.colcon_core.package_discovery:discover_packages(ignore) discover
[0.228s] Level 1:colcon.colcon_core.package_discovery:discover_packages(ignore) using defaults
[0.228s] Level 1:colcon.colcon_core.package_discovery:discover_packages(path) discover
[0.228s] Level 1:colcon.colcon_core.package_discovery:discover_packages(path) using defaults
[0.240s] Level 1:colcon.colcon_core.package_discovery:discover_packages(prefix_path) check parameters
[0.240s] Level 1:colcon.colcon_core.package_discovery:discover_packages(prefix_path) discover
[0.242s] DEBUG:colcon.colcon_installed_package_information.package_discovery:Found 3 installed packages in /home/moonly/px4_ros_com_ros2/install
[0.243s] DEBUG:colcon.colcon_installed_package_information.package_discovery:Found 3 installed packages in /home/moonly/桌面/My_PX4_projects/Workspace/install
[0.244s] DEBUG:colcon.colcon_installed_package_information.package_discovery:Found 263 installed packages in /opt/ros/foxy
[0.245s] Level 1:colcon.colcon_core.package_discovery:discover_packages(prefix_path) using defaults
[0.289s] Level 5:colcon.colcon_core.verb:set package 'dgps_msgs' build argument 'cmake_args' from command line to 'None'
[0.289s] Level 5:colcon.colcon_core.verb:set package 'dgps_msgs' build argument 'cmake_target' from command line to 'None'
[0.289s] Level 5:colcon.colcon_core.verb:set package 'dgps_msgs' build argument 'cmake_target_skip_unavailable' from command line to 'False'
[0.289s] Level 5:colcon.colcon_core.verb:set package 'dgps_msgs' build argument 'cmake_clean_cache' from command line to 'False'
[0.289s] Level 5:colcon.colcon_core.verb:set package 'dgps_msgs' build argument 'cmake_clean_first' from command line to 'False'
[0.289s] Level 5:colcon.colcon_core.verb:set package 'dgps_msgs' build argument 'cmake_force_configure' from command line to 'False'
[0.290s] Level 5:colcon.colcon_core.verb:set package 'dgps_msgs' build argument 'ament_cmake_args' from command line to 'None'
[0.290s] Level 5:colcon.colcon_core.verb:set package 'dgps_msgs' build argument 'catkin_cmake_args' from command line to 'None'
[0.290s] Level 5:colcon.colcon_core.verb:set package 'dgps_msgs' build argument 'catkin_skip_building_tests' from command line to 'False'
[0.290s] DEBUG:colcon.colcon_core.verb:Building package 'dgps_msgs' with the following arguments: {'ament_cmake_args': None, 'build_base': '/home/moonly/px4_ros_com_ros2/src/dgps_ros2/build/dgps_msgs', 'catkin_cmake_args': None, 'catkin_skip_building_tests': False, 'cmake_args': None, 'cmake_clean_cache': False, 'cmake_clean_first': False, 'cmake_force_configure': False, 'cmake_target': None, 'cmake_target_skip_unavailable': False, 'install_base': '/home/moonly/px4_ros_com_ros2/src/dgps_ros2/install/dgps_msgs', 'merge_install': False, 'path': '/home/moonly/px4_ros_com_ros2/src/dgps_ros2/dgps_msgs', 'symlink_install': False, 'test_result_base': None}
[0.290s] Level 5:colcon.colcon_core.verb:set package 'dgps_ros2' build argument 'cmake_args' from command line to 'None'
[0.290s] Level 5:colcon.colcon_core.verb:set package 'dgps_ros2' build argument 'cmake_target' from command line to 'None'
[0.290s] Level 5:colcon.colcon_core.verb:set package 'dgps_ros2' build argument 'cmake_target_skip_unavailable' from command line to 'False'
[0.290s] Level 5:colcon.colcon_core.verb:set package 'dgps_ros2' build argument 'cmake_clean_cache' from command line to 'False'
[0.290s] Level 5:colcon.colcon_core.verb:set package 'dgps_ros2' build argument 'cmake_clean_first' from command line to 'False'
[0.290s] Level 5:colcon.colcon_core.verb:set package 'dgps_ros2' build argument 'cmake_force_configure' from command line to 'False'
[0.290s] Level 5:colcon.colcon_core.verb:set package 'dgps_ros2' build argument 'ament_cmake_args' from command line to 'None'
[0.290s] Level 5:colcon.colcon_core.verb:set package 'dgps_ros2' build argument 'catkin_cmake_args' from command line to 'None'
[0.290s] Level 5:colcon.colcon_core.verb:set package 'dgps_ros2' build argument 'catkin_skip_building_tests' from command line to 'False'
[0.290s] DEBUG:colcon.colcon_core.verb:Building package 'dgps_ros2' with the following arguments: {'ament_cmake_args': None, 'build_base': '/home/moonly/px4_ros_com_ros2/src/dgps_ros2/build/dgps_ros2', 'catkin_cmake_args': None, 'catkin_skip_building_tests': False, 'cmake_args': None, 'cmake_clean_cache': False, 'cmake_clean_first': False, 'cmake_force_configure': False, 'cmake_target': None, 'cmake_target_skip_unavailable': False, 'install_base': '/home/moonly/px4_ros_com_ros2/src/dgps_ros2/install/dgps_ros2', 'merge_install': False, 'path': '/home/moonly/px4_ros_com_ros2/src/dgps_ros2/dgps_ros2', 'symlink_install': False, 'test_result_base': None}
[0.291s] INFO:colcon.colcon_core.executor:Executing jobs using 'parallel' executor
[0.293s] DEBUG:colcon.colcon_parallel_executor.executor.parallel:run_until_complete
[0.294s] INFO:colcon.colcon_ros.task.ament_cmake.build:Building ROS package in '/home/moonly/px4_ros_com_ros2/src/dgps_ros2/dgps_msgs' with build type 'ament_cmake'
[0.294s] INFO:colcon.colcon_cmake.task.cmake.build:Building CMake package in '/home/moonly/px4_ros_com_ros2/src/dgps_ros2/dgps_msgs'
[0.298s] INFO:colcon.colcon_core.plugin_system:Skipping extension 'colcon_core.shell.bat': Not used on non-Windows systems
[0.298s] INFO:colcon.colcon_core.shell:Skip shell extension 'powershell' for command environment: Not usable outside of PowerShell
[0.298s] DEBUG:colcon.colcon_core.shell:Skip shell extension 'dsv' for command environment
[0.309s] DEBUG:colcon.colcon_core.event_handler.log_command:Invoking command in '/home/moonly/px4_ros_com_ros2/src/dgps_ros2/build/dgps_msgs': CMAKE_PREFIX_PATH=${CMAKE_PREFIX_PATH}:/opt/ros/foxy /usr/bin/cmake --build /home/moonly/px4_ros_com_ros2/src/dgps_ros2/build/dgps_msgs -- -j8 -l8
[0.557s] DEBUG:colcon.colcon_core.event_handler.log_command:Invoked command in '/home/moonly/px4_ros_com_ros2/src/dgps_ros2/build/dgps_msgs' returned '0': CMAKE_PREFIX_PATH=${CMAKE_PREFIX_PATH}:/opt/ros/foxy /usr/bin/cmake --build /home/moonly/px4_ros_com_ros2/src/dgps_ros2/build/dgps_msgs -- -j8 -l8
[0.625s] DEBUG:colcon.colcon_core.event_handler.log_command:Invoking command in '/home/moonly/px4_ros_com_ros2/src/dgps_ros2/build/dgps_msgs': CMAKE_PREFIX_PATH=${CMAKE_PREFIX_PATH}:/opt/ros/foxy /usr/bin/cmake --install /home/moonly/px4_ros_com_ros2/src/dgps_ros2/build/dgps_msgs
[0.674s] Level 1:colcon.colcon_core.environment:create_environment_scripts_only(dgps_msgs)
[0.674s] DEBUG:colcon.colcon_core.event_handler.log_command:Invoked command in '/home/moonly/px4_ros_com_ros2/src/dgps_ros2/build/dgps_msgs' returned '0': CMAKE_PREFIX_PATH=${CMAKE_PREFIX_PATH}:/opt/ros/foxy /usr/bin/cmake --install /home/moonly/px4_ros_com_ros2/src/dgps_ros2/build/dgps_msgs
[0.677s] Level 1:colcon.colcon_core.environment:checking '/home/moonly/px4_ros_com_ros2/src/dgps_ros2/install/dgps_msgs' for CMake module files
[0.678s] Level 1:colcon.colcon_core.environment:checking '/home/moonly/px4_ros_com_ros2/src/dgps_ros2/install/dgps_msgs' for CMake config files
[0.678s] Level 1:colcon.colcon_core.shell:create_environment_hook('dgps_msgs', 'cmake_prefix_path')
[0.679s] INFO:colcon.colcon_core.shell:Creating environment hook '/home/moonly/px4_ros_com_ros2/src/dgps_ros2/install/dgps_msgs/share/dgps_msgs/hook/cmake_prefix_path.ps1'
[0.679s] INFO:colcon.colcon_core.shell:Creating environment descriptor '/home/moonly/px4_ros_com_ros2/src/dgps_ros2/install/dgps_msgs/share/dgps_msgs/hook/cmake_prefix_path.dsv'
[0.679s] INFO:colcon.colcon_core.shell:Creating environment hook '/home/moonly/px4_ros_com_ros2/src/dgps_ros2/install/dgps_msgs/share/dgps_msgs/hook/cmake_prefix_path.sh'
[0.680s] Level 1:colcon.colcon_core.environment:checking '/home/moonly/px4_ros_com_ros2/src/dgps_ros2/install/dgps_msgs/lib'
[0.680s] Level 1:colcon.colcon_core.shell:create_environment_hook('dgps_msgs', 'ld_library_path_lib')
[0.681s] INFO:colcon.colcon_core.shell:Creating environment hook '/home/moonly/px4_ros_com_ros2/src/dgps_ros2/install/dgps_msgs/share/dgps_msgs/hook/ld_library_path_lib.ps1'
[0.681s] INFO:colcon.colcon_core.shell:Creating environment descriptor '/home/moonly/px4_ros_com_ros2/src/dgps_ros2/install/dgps_msgs/share/dgps_msgs/hook/ld_library_path_lib.dsv'
[0.681s] INFO:colcon.colcon_core.shell:Creating environment hook '/home/moonly/px4_ros_com_ros2/src/dgps_ros2/install/dgps_msgs/share/dgps_msgs/hook/ld_library_path_lib.sh'
[0.681s] Level 1:colcon.colcon_core.environment:checking '/home/moonly/px4_ros_com_ros2/src/dgps_ros2/install/dgps_msgs/bin'
[0.682s] Level 1:colcon.colcon_core.environment:checking '/home/moonly/px4_ros_com_ros2/src/dgps_ros2/install/dgps_msgs/lib/pkgconfig/dgps_msgs.pc'
[0.682s] Level 1:colcon.colcon_core.environment:checking '/home/moonly/px4_ros_com_ros2/src/dgps_ros2/install/dgps_msgs/lib/python3.8/site-packages'
[0.682s] Level 1:colcon.colcon_core.shell:create_environment_hook('dgps_msgs', 'pythonpath')
[0.682s] INFO:colcon.colcon_core.shell:Creating environment hook '/home/moonly/px4_ros_com_ros2/src/dgps_ros2/install/dgps_msgs/share/dgps_msgs/hook/pythonpath.ps1'
[0.683s] INFO:colcon.colcon_core.shell:Creating environment descriptor '/home/moonly/px4_ros_com_ros2/src/dgps_ros2/install/dgps_msgs/share/dgps_msgs/hook/pythonpath.dsv'
[0.683s] INFO:colcon.colcon_core.shell:Creating environment hook '/home/moonly/px4_ros_com_ros2/src/dgps_ros2/install/dgps_msgs/share/dgps_msgs/hook/pythonpath.sh'
[0.683s] Level 1:colcon.colcon_core.environment:checking '/home/moonly/px4_ros_com_ros2/src/dgps_ros2/install/dgps_msgs/bin'
[0.684s] INFO:colcon.colcon_core.shell:Creating package script '/home/moonly/px4_ros_com_ros2/src/dgps_ros2/install/dgps_msgs/share/dgps_msgs/package.ps1'
[0.684s] INFO:colcon.colcon_core.shell:Creating package descriptor '/home/moonly/px4_ros_com_ros2/src/dgps_ros2/install/dgps_msgs/share/dgps_msgs/package.dsv'
[0.685s] INFO:colcon.colcon_core.shell:Creating package script '/home/moonly/px4_ros_com_ros2/src/dgps_ros2/install/dgps_msgs/share/dgps_msgs/package.sh'
[0.685s] INFO:colcon.colcon_core.shell:Creating package script '/home/moonly/px4_ros_com_ros2/src/dgps_ros2/install/dgps_msgs/share/dgps_msgs/package.bash'
[0.686s] INFO:colcon.colcon_core.shell:Creating package script '/home/moonly/px4_ros_com_ros2/src/dgps_ros2/install/dgps_msgs/share/dgps_msgs/package.zsh'
[0.686s] Level 1:colcon.colcon_core.environment:create_file_with_runtime_dependencies(/home/moonly/px4_ros_com_ros2/src/dgps_ros2/install/dgps_msgs/share/colcon-core/packages/dgps_msgs)
[0.755s] Level 1:colcon.colcon_core.environment:create_environment_scripts_only(dgps_msgs)
[0.756s] Level 1:colcon.colcon_core.environment:checking '/home/moonly/px4_ros_com_ros2/src/dgps_ros2/install/dgps_msgs' for CMake module files
[0.756s] Level 1:colcon.colcon_core.environment:checking '/home/moonly/px4_ros_com_ros2/src/dgps_ros2/install/dgps_msgs' for CMake config files
[0.757s] Level 1:colcon.colcon_core.shell:create_environment_hook('dgps_msgs', 'cmake_prefix_path')
[0.757s] INFO:colcon.colcon_core.shell:Creating environment hook '/home/moonly/px4_ros_com_ros2/src/dgps_ros2/install/dgps_msgs/share/dgps_msgs/hook/cmake_prefix_path.ps1'
[0.758s] INFO:colcon.colcon_core.shell:Creating environment descriptor '/home/moonly/px4_ros_com_ros2/src/dgps_ros2/install/dgps_msgs/share/dgps_msgs/hook/cmake_prefix_path.dsv'
[0.758s] INFO:colcon.colcon_core.shell:Creating environment hook '/home/moonly/px4_ros_com_ros2/src/dgps_ros2/install/dgps_msgs/share/dgps_msgs/hook/cmake_prefix_path.sh'
[0.758s] Level 1:colcon.colcon_core.environment:checking '/home/moonly/px4_ros_com_ros2/src/dgps_ros2/install/dgps_msgs/lib'
[0.758s] Level 1:colcon.colcon_core.shell:create_environment_hook('dgps_msgs', 'ld_library_path_lib')
[0.759s] INFO:colcon.colcon_core.shell:Creating environment hook '/home/moonly/px4_ros_com_ros2/src/dgps_ros2/install/dgps_msgs/share/dgps_msgs/hook/ld_library_path_lib.ps1'
[0.759s] INFO:colcon.colcon_core.shell:Creating environment descriptor '/home/moonly/px4_ros_com_ros2/src/dgps_ros2/install/dgps_msgs/share/dgps_msgs/hook/ld_library_path_lib.dsv'
[0.759s] INFO:colcon.colcon_core.shell:Creating environment hook '/home/moonly/px4_ros_com_ros2/src/dgps_ros2/install/dgps_msgs/share/dgps_msgs/hook/ld_library_path_lib.sh'
[0.760s] Level 1:colcon.colcon_core.environment:checking '/home/moonly/px4_ros_com_ros2/src/dgps_ros2/install/dgps_msgs/bin'
[0.760s] Level 1:colcon.colcon_core.environment:checking '/home/moonly/px4_ros_com_ros2/src/dgps_ros2/install/dgps_msgs/lib/pkgconfig/dgps_msgs.pc'
[0.760s] Level 1:colcon.colcon_core.environment:checking '/home/moonly/px4_ros_com_ros2/src/dgps_ros2/install/dgps_msgs/lib/python3.8/site-packages'
[0.760s] Level 1:colcon.colcon_core.shell:create_environment_hook('dgps_msgs', 'pythonpath')
[0.761s] INFO:colcon.colcon_core.shell:Creating environment hook '/home/moonly/px4_ros_com_ros2/src/dgps_ros2/install/dgps_msgs/share/dgps_msgs/hook/pythonpath.ps1'
[0.761s] INFO:colcon.colcon_core.shell:Creating environment descriptor '/home/moonly/px4_ros_com_ros2/src/dgps_ros2/install/dgps_msgs/share/dgps_msgs/hook/pythonpath.dsv'
[0.761s] INFO:colcon.colcon_core.shell:Creating environment hook '/home/moonly/px4_ros_com_ros2/src/dgps_ros2/install/dgps_msgs/share/dgps_msgs/hook/pythonpath.sh'
[0.761s] Level 1:colcon.colcon_core.environment:checking '/home/moonly/px4_ros_com_ros2/src/dgps_ros2/install/dgps_msgs/bin'
[0.762s] INFO:colcon.colcon_core.shell:Creating package script '/home/moonly/px4_ros_com_ros2/src/dgps_ros2/install/dgps_msgs/share/dgps_msgs/package.ps1'
[0.762s] INFO:colcon.colcon_core.shell:Creating package descriptor '/home/moonly/px4_ros_com_ros2/src/dgps_ros2/install/dgps_msgs/share/dgps_msgs/package.dsv'
[0.763s] INFO:colcon.colcon_core.shell:Creating package script '/home/moonly/px4_ros_com_ros2/src/dgps_ros2/install/dgps_msgs/share/dgps_msgs/package.sh'
[0.763s] INFO:colcon.colcon_core.shell:Creating package script '/home/moonly/px4_ros_com_ros2/src/dgps_ros2/install/dgps_msgs/share/dgps_msgs/package.bash'
[0.763s] INFO:colcon.colcon_core.shell:Creating package script '/home/moonly/px4_ros_com_ros2/src/dgps_ros2/install/dgps_msgs/share/dgps_msgs/package.zsh'
[0.763s] Level 1:colcon.colcon_core.environment:create_file_with_runtime_dependencies(/home/moonly/px4_ros_com_ros2/src/dgps_ros2/install/dgps_msgs/share/colcon-core/packages/dgps_msgs)
[0.764s] INFO:colcon.colcon_ros.task.ament_cmake.build:Building ROS package in '/home/moonly/px4_ros_com_ros2/src/dgps_ros2/dgps_ros2' with build type 'ament_cmake'
[0.764s] INFO:colcon.colcon_cmake.task.cmake.build:Building CMake package in '/home/moonly/px4_ros_com_ros2/src/dgps_ros2/dgps_ros2'
[0.765s] INFO:colcon.colcon_core.shell:Skip shell extension 'powershell' for command environment: Not usable outside of PowerShell
[0.765s] DEBUG:colcon.colcon_core.shell:Skip shell extension 'dsv' for command environment
[0.789s] DEBUG:colcon.colcon_core.event_handler.log_command:Invoking command in '/home/moonly/px4_ros_com_ros2/src/dgps_ros2/build/dgps_ros2': AMENT_PREFIX_PATH=/home/moonly/px4_ros_com_ros2/src/dgps_ros2/install/dgps_msgs:${AMENT_PREFIX_PATH} CMAKE_PREFIX_PATH=/home/moonly/px4_ros_com_ros2/src/dgps_ros2/install/dgps_msgs:/home/moonly/桌面/My_PX4_projects/Workspace/install/keyboard_control:/home/moonly/桌面/My_PX4_projects/Workspace/install/auto_cruise:/home/moonly/桌面/My_PX4_projects/Workspace/install/KeyboardControl:/home/moonly/px4_ros_com_ros2/install/px4_ros_com:/home/moonly/px4_ros_com_ros2/install/boat_transform:/home/moonly/px4_ros_com_ros2/install/px4_msgs:/opt/ros/foxy LD_LIBRARY_PATH=/home/moonly/px4_ros_com_ros2/src/dgps_ros2/install/dgps_msgs/lib:${LD_LIBRARY_PATH} PYTHONPATH=/home/moonly/px4_ros_com_ros2/src/dgps_ros2/install/dgps_msgs/lib/python3.8/site-packages:${PYTHONPATH} /usr/bin/cmake --build /home/moonly/px4_ros_com_ros2/src/dgps_ros2/build/dgps_ros2 -- -j8 -l8
[1.062s] DEBUG:colcon.colcon_core.event_handler.log_command:Invoked command in '/home/moonly/px4_ros_com_ros2/src/dgps_ros2/build/dgps_ros2' returned '2': AMENT_PREFIX_PATH=/home/moonly/px4_ros_com_ros2/src/dgps_ros2/install/dgps_msgs:${AMENT_PREFIX_PATH} CMAKE_PREFIX_PATH=/home/moonly/px4_ros_com_ros2/src/dgps_ros2/install/dgps_msgs:/home/moonly/桌面/My_PX4_projects/Workspace/install/keyboard_control:/home/moonly/桌面/My_PX4_projects/Workspace/install/auto_cruise:/home/moonly/桌面/My_PX4_projects/Workspace/install/KeyboardControl:/home/moonly/px4_ros_com_ros2/install/px4_ros_com:/home/moonly/px4_ros_com_ros2/install/boat_transform:/home/moonly/px4_ros_com_ros2/install/px4_msgs:/opt/ros/foxy LD_LIBRARY_PATH=/home/moonly/px4_ros_com_ros2/src/dgps_ros2/install/dgps_msgs/lib:${LD_LIBRARY_PATH} PYTHONPATH=/home/moonly/px4_ros_com_ros2/src/dgps_ros2/install/dgps_msgs/lib/python3.8/site-packages:${PYTHONPATH} /usr/bin/cmake --build /home/moonly/px4_ros_com_ros2/src/dgps_ros2/build/dgps_ros2 -- -j8 -l8
[1.114s] Level 1:colcon.colcon_core.environment:create_environment_scripts_only(dgps_ros2)
[1.119s] Level 1:colcon.colcon_core.environment:checking '/home/moonly/px4_ros_com_ros2/src/dgps_ros2/install/dgps_ros2' for CMake module files
[1.120s] Level 1:colcon.colcon_core.environment:checking '/home/moonly/px4_ros_com_ros2/src/dgps_ros2/install/dgps_ros2' for CMake config files
[1.121s] Level 1:colcon.colcon_core.shell:create_environment_hook('dgps_ros2', 'cmake_prefix_path')
[1.124s] INFO:colcon.colcon_core.shell:Creating environment hook '/home/moonly/px4_ros_com_ros2/src/dgps_ros2/install/dgps_ros2/share/dgps_ros2/hook/cmake_prefix_path.ps1'
[1.125s] INFO:colcon.colcon_core.shell:Creating environment descriptor '/home/moonly/px4_ros_com_ros2/src/dgps_ros2/install/dgps_ros2/share/dgps_ros2/hook/cmake_prefix_path.dsv'
[1.126s] INFO:colcon.colcon_core.shell:Creating environment hook '/home/moonly/px4_ros_com_ros2/src/dgps_ros2/install/dgps_ros2/share/dgps_ros2/hook/cmake_prefix_path.sh'
[1.128s] Level 1:colcon.colcon_core.environment:checking '/home/moonly/px4_ros_com_ros2/src/dgps_ros2/install/dgps_ros2/lib'
[1.129s] Level 1:colcon.colcon_core.shell:create_environment_hook('dgps_ros2', 'ld_library_path_lib')
[1.132s] INFO:colcon.colcon_core.shell:Creating environment hook '/home/moonly/px4_ros_com_ros2/src/dgps_ros2/install/dgps_ros2/share/dgps_ros2/hook/ld_library_path_lib.ps1'
[1.134s] INFO:colcon.colcon_core.shell:Creating environment descriptor '/home/moonly/px4_ros_com_ros2/src/dgps_ros2/install/dgps_ros2/share/dgps_ros2/hook/ld_library_path_lib.dsv'
[1.135s] INFO:colcon.colcon_core.shell:Creating environment hook '/home/moonly/px4_ros_com_ros2/src/dgps_ros2/install/dgps_ros2/share/dgps_ros2/hook/ld_library_path_lib.sh'
[1.136s] Level 1:colcon.colcon_core.environment:checking '/home/moonly/px4_ros_com_ros2/src/dgps_ros2/install/dgps_ros2/bin'
[1.136s] Level 1:colcon.colcon_core.environment:checking '/home/moonly/px4_ros_com_ros2/src/dgps_ros2/install/dgps_ros2/lib/pkgconfig/dgps_ros2.pc'
[1.136s] Level 1:colcon.colcon_core.environment:checking '/home/moonly/px4_ros_com_ros2/src/dgps_ros2/install/dgps_ros2/lib/python3.8/site-packages'
[1.137s] Level 1:colcon.colcon_core.environment:checking '/home/moonly/px4_ros_com_ros2/src/dgps_ros2/install/dgps_ros2/bin'
[1.140s] INFO:colcon.colcon_core.shell:Creating package script '/home/moonly/px4_ros_com_ros2/src/dgps_ros2/install/dgps_ros2/share/dgps_ros2/package.ps1'
[1.141s] INFO:colcon.colcon_core.shell:Creating package descriptor '/home/moonly/px4_ros_com_ros2/src/dgps_ros2/install/dgps_ros2/share/dgps_ros2/package.dsv'
[1.142s] INFO:colcon.colcon_core.shell:Creating package script '/home/moonly/px4_ros_com_ros2/src/dgps_ros2/install/dgps_ros2/share/dgps_ros2/package.sh'
[1.143s] INFO:colcon.colcon_core.shell:Creating package script '/home/moonly/px4_ros_com_ros2/src/dgps_ros2/install/dgps_ros2/share/dgps_ros2/package.bash'
[1.143s] INFO:colcon.colcon_core.shell:Creating package script '/home/moonly/px4_ros_com_ros2/src/dgps_ros2/install/dgps_ros2/share/dgps_ros2/package.zsh'
[1.144s] Level 1:colcon.colcon_core.environment:create_file_with_runtime_dependencies(/home/moonly/px4_ros_com_ros2/src/dgps_ros2/install/dgps_ros2/share/colcon-core/packages/dgps_ros2)
[1.145s] DEBUG:colcon.colcon_parallel_executor.executor.parallel:closing loop
[1.146s] DEBUG:colcon.colcon_parallel_executor.executor.parallel:loop closed
[1.146s] DEBUG:colcon.colcon_parallel_executor.executor.parallel:run_until_complete finished with '2'
[1.146s] DEBUG:colcon.colcon_core.event_reactor:joining thread
[1.159s] INFO:colcon.colcon_core.plugin_system:Skipping extension 'colcon_notification.desktop_notification.terminal_notifier': Not used on non-Darwin systems
[1.159s] INFO:colcon.colcon_core.plugin_system:Skipping extension 'colcon_notification.desktop_notification.win32': Not used on non-Windows systems
[1.159s] INFO:colcon.colcon_notification.desktop_notification:Sending desktop notification using 'notify2'
[1.185s] DEBUG:colcon.colcon_core.event_reactor:joined thread
[1.187s] INFO:colcon.colcon_core.shell:Creating prefix script '/home/moonly/px4_ros_com_ros2/src/dgps_ros2/install/local_setup.ps1'
[1.188s] INFO:colcon.colcon_core.shell:Creating prefix util module '/home/moonly/px4_ros_com_ros2/src/dgps_ros2/install/_local_setup_util_ps1.py'
[1.190s] INFO:colcon.colcon_core.shell:Creating prefix chain script '/home/moonly/px4_ros_com_ros2/src/dgps_ros2/install/setup.ps1'
[1.198s] INFO:colcon.colcon_core.shell:Creating prefix script '/home/moonly/px4_ros_com_ros2/src/dgps_ros2/install/local_setup.sh'
[1.201s] INFO:colcon.colcon_core.shell:Creating prefix util module '/home/moonly/px4_ros_com_ros2/src/dgps_ros2/install/_local_setup_util_sh.py'
[1.203s] INFO:colcon.colcon_core.shell:Creating prefix chain script '/home/moonly/px4_ros_com_ros2/src/dgps_ros2/install/setup.sh'
[1.208s] INFO:colcon.colcon_core.shell:Creating prefix script '/home/moonly/px4_ros_com_ros2/src/dgps_ros2/install/local_setup.bash'
[1.210s] INFO:colcon.colcon_core.shell:Creating prefix chain script '/home/moonly/px4_ros_com_ros2/src/dgps_ros2/install/setup.bash'
[1.214s] INFO:colcon.colcon_core.shell:Creating prefix script '/home/moonly/px4_ros_com_ros2/src/dgps_ros2/install/local_setup.zsh'
[1.215s] INFO:colcon.colcon_core.shell:Creating prefix chain script '/home/moonly/px4_ros_com_ros2/src/dgps_ros2/install/setup.zsh'
