[0.069s] Invoking command in '/home/moonly/fpv_ros2_workspace/build/dgps_msgs': CMAKE_PREFIX_PATH=${CMAKE_PREFIX_PATH}:/opt/ros/foxy _=/usr/bin/env /usr/bin/cmake --build /home/moonly/fpv_ros2_workspace/build/dgps_msgs -- -j8 -l8
[0.171s] [  2%] Built target dgps_msgs__cpp
[0.171s] [ 12%] Built target dgps_msgs__rosidl_generator_c
[0.233s] [ 23%] Built target dgps_msgs__rosidl_typesupport_introspection_cpp
[0.250s] [ 34%] Built target dgps_msgs__rosidl_typesupport_cpp
[0.273s] [ 44%] Built target dgps_msgs__rosidl_typesupport_fastrtps_cpp
[0.296s] [ 55%] Built target dgps_msgs__rosidl_typesupport_introspection_c
[0.309s] [ 65%] Built target dgps_msgs__rosidl_typesupport_c
[0.327s] [ 76%] Built target dgps_msgs__rosidl_typesupport_fastrtps_c
[0.366s] [ 76%] Built target dgps_msgs
[0.401s] [ 78%] Built target dgps_msgs__py
[0.450s] [ 87%] Built target dgps_msgs__python
[0.509s] [ 91%] Built target dgps_msgs__rosidl_typesupport_introspection_c__pyext
[0.514s] [ 95%] Built target dgps_msgs__rosidl_typesupport_c__pyext
[0.525s] [100%] Built target dgps_msgs__rosidl_typesupport_fastrtps_c__pyext
[0.571s] Invoked command in '/home/moonly/fpv_ros2_workspace/build/dgps_msgs' returned '0': CMAKE_PREFIX_PATH=${CMAKE_PREFIX_PATH}:/opt/ros/foxy _=/usr/bin/env /usr/bin/cmake --build /home/moonly/fpv_ros2_workspace/build/dgps_msgs -- -j8 -l8
[0.767s] Invoking command in '/home/moonly/fpv_ros2_workspace/build/dgps_msgs': CMAKE_PREFIX_PATH=${CMAKE_PREFIX_PATH}:/opt/ros/foxy _=/usr/bin/env /usr/bin/cmake --install /home/moonly/fpv_ros2_workspace/build/dgps_msgs
[0.776s] -- Install configuration: ""
[0.776s] -- Up-to-date: /home/moonly/fpv_ros2_workspace/install/dgps_msgs/share/ament_index/resource_index/rosidl_interfaces/dgps_msgs
[0.777s] -- Up-to-date: /home/moonly/fpv_ros2_workspace/install/dgps_msgs/include/dgps_msgs
[0.777s] -- Up-to-date: /home/moonly/fpv_ros2_workspace/install/dgps_msgs/include/dgps_msgs/msg
[0.777s] -- Up-to-date: /home/moonly/fpv_ros2_workspace/install/dgps_msgs/include/dgps_msgs/msg/detail
[0.777s] -- Up-to-date: /home/moonly/fpv_ros2_workspace/install/dgps_msgs/include/dgps_msgs/msg/detail/gnvtg__functions.h
[0.777s] -- Up-to-date: /home/moonly/fpv_ros2_workspace/install/dgps_msgs/include/dgps_msgs/msg/detail/gnvtg__functions.c
[0.778s] -- Up-to-date: /home/moonly/fpv_ros2_workspace/install/dgps_msgs/include/dgps_msgs/msg/detail/gpfpd__functions.c
[0.779s] -- Up-to-date: /home/moonly/fpv_ros2_workspace/install/dgps_msgs/include/dgps_msgs/msg/detail/gnvtg__struct.h
[0.779s] -- Up-to-date: /home/moonly/fpv_ros2_workspace/install/dgps_msgs/include/dgps_msgs/msg/detail/gtimu__type_support.h
[0.779s] -- Up-to-date: /home/moonly/fpv_ros2_workspace/install/dgps_msgs/include/dgps_msgs/msg/detail/gpfpd__type_support.h
[0.779s] -- Up-to-date: /home/moonly/fpv_ros2_workspace/install/dgps_msgs/include/dgps_msgs/msg/detail/gtimu__functions.h
[0.779s] -- Up-to-date: /home/moonly/fpv_ros2_workspace/install/dgps_msgs/include/dgps_msgs/msg/detail/gtimu__struct.h
[0.780s] -- Up-to-date: /home/moonly/fpv_ros2_workspace/install/dgps_msgs/include/dgps_msgs/msg/detail/gtimu__functions.c
[0.780s] -- Up-to-date: /home/moonly/fpv_ros2_workspace/install/dgps_msgs/include/dgps_msgs/msg/detail/gpfpd__functions.h
[0.781s] -- Up-to-date: /home/moonly/fpv_ros2_workspace/install/dgps_msgs/include/dgps_msgs/msg/detail/gpfpd__struct.h
[0.782s] -- Up-to-date: /home/moonly/fpv_ros2_workspace/install/dgps_msgs/include/dgps_msgs/msg/detail/gnvtg__type_support.h
[0.782s] -- Up-to-date: /home/moonly/fpv_ros2_workspace/install/dgps_msgs/include/dgps_msgs/msg/gpfpd.h
[0.782s] -- Up-to-date: /home/moonly/fpv_ros2_workspace/install/dgps_msgs/include/dgps_msgs/msg/gtimu.h
[0.782s] -- Up-to-date: /home/moonly/fpv_ros2_workspace/install/dgps_msgs/include/dgps_msgs/msg/gnvtg.h
[0.782s] -- Up-to-date: /home/moonly/fpv_ros2_workspace/install/dgps_msgs/include/dgps_msgs/msg/rosidl_generator_c__visibility_control.h
[0.783s] -- Up-to-date: /home/moonly/fpv_ros2_workspace/install/dgps_msgs/share/dgps_msgs/environment/library_path.sh
[0.783s] -- Up-to-date: /home/moonly/fpv_ros2_workspace/install/dgps_msgs/share/dgps_msgs/environment/library_path.dsv
[0.783s] -- Up-to-date: /home/moonly/fpv_ros2_workspace/install/dgps_msgs/lib/libdgps_msgs__rosidl_generator_c.so
[0.783s] -- Up-to-date: /home/moonly/fpv_ros2_workspace/install/dgps_msgs/include/dgps_msgs
[0.783s] -- Up-to-date: /home/moonly/fpv_ros2_workspace/install/dgps_msgs/include/dgps_msgs/msg
[0.784s] -- Up-to-date: /home/moonly/fpv_ros2_workspace/install/dgps_msgs/include/dgps_msgs/msg/detail
[0.784s] -- Up-to-date: /home/moonly/fpv_ros2_workspace/install/dgps_msgs/include/dgps_msgs/msg/detail/gtimu__rosidl_typesupport_fastrtps_c.h
[0.784s] -- Up-to-date: /home/moonly/fpv_ros2_workspace/install/dgps_msgs/include/dgps_msgs/msg/detail/gpfpd__rosidl_typesupport_fastrtps_c.h
[0.785s] -- Up-to-date: /home/moonly/fpv_ros2_workspace/install/dgps_msgs/include/dgps_msgs/msg/detail/gnvtg__rosidl_typesupport_fastrtps_c.h
[0.785s] -- Up-to-date: /home/moonly/fpv_ros2_workspace/install/dgps_msgs/include/dgps_msgs/msg/rosidl_typesupport_fastrtps_c__visibility_control.h
[0.785s] -- Up-to-date: /home/moonly/fpv_ros2_workspace/install/dgps_msgs/lib/libdgps_msgs__rosidl_typesupport_fastrtps_c.so
[0.786s] -- Up-to-date: /home/moonly/fpv_ros2_workspace/install/dgps_msgs/include/dgps_msgs
[0.786s] -- Up-to-date: /home/moonly/fpv_ros2_workspace/install/dgps_msgs/include/dgps_msgs/msg
[0.787s] -- Up-to-date: /home/moonly/fpv_ros2_workspace/install/dgps_msgs/include/dgps_msgs/msg/detail
[0.787s] -- Up-to-date: /home/moonly/fpv_ros2_workspace/install/dgps_msgs/include/dgps_msgs/msg/detail/dds_fastrtps
[0.787s] -- Up-to-date: /home/moonly/fpv_ros2_workspace/install/dgps_msgs/include/dgps_msgs/msg/detail/gpfpd__rosidl_typesupport_fastrtps_cpp.hpp
[0.787s] -- Up-to-date: /home/moonly/fpv_ros2_workspace/install/dgps_msgs/include/dgps_msgs/msg/detail/gnvtg__rosidl_typesupport_fastrtps_cpp.hpp
[0.787s] -- Up-to-date: /home/moonly/fpv_ros2_workspace/install/dgps_msgs/include/dgps_msgs/msg/detail/gtimu__rosidl_typesupport_fastrtps_cpp.hpp
[0.787s] -- Up-to-date: /home/moonly/fpv_ros2_workspace/install/dgps_msgs/include/dgps_msgs/msg/rosidl_typesupport_fastrtps_cpp__visibility_control.h
[0.787s] -- Up-to-date: /home/moonly/fpv_ros2_workspace/install/dgps_msgs/lib/libdgps_msgs__rosidl_typesupport_fastrtps_cpp.so
[0.787s] -- Up-to-date: /home/moonly/fpv_ros2_workspace/install/dgps_msgs/include/dgps_msgs
[0.787s] -- Up-to-date: /home/moonly/fpv_ros2_workspace/install/dgps_msgs/include/dgps_msgs/msg
[0.787s] -- Up-to-date: /home/moonly/fpv_ros2_workspace/install/dgps_msgs/include/dgps_msgs/msg/detail
[0.787s] -- Up-to-date: /home/moonly/fpv_ros2_workspace/install/dgps_msgs/include/dgps_msgs/msg/detail/gpfpd__type_support.c
[0.787s] -- Up-to-date: /home/moonly/fpv_ros2_workspace/install/dgps_msgs/include/dgps_msgs/msg/detail/gtimu__rosidl_typesupport_introspection_c.h
[0.787s] -- Up-to-date: /home/moonly/fpv_ros2_workspace/install/dgps_msgs/include/dgps_msgs/msg/detail/gnvtg__rosidl_typesupport_introspection_c.h
[0.787s] -- Up-to-date: /home/moonly/fpv_ros2_workspace/install/dgps_msgs/include/dgps_msgs/msg/detail/gnvtg__type_support.c
[0.787s] -- Up-to-date: /home/moonly/fpv_ros2_workspace/install/dgps_msgs/include/dgps_msgs/msg/detail/gtimu__type_support.c
[0.787s] -- Up-to-date: /home/moonly/fpv_ros2_workspace/install/dgps_msgs/include/dgps_msgs/msg/detail/gpfpd__rosidl_typesupport_introspection_c.h
[0.788s] -- Up-to-date: /home/moonly/fpv_ros2_workspace/install/dgps_msgs/include/dgps_msgs/msg/rosidl_typesupport_introspection_c__visibility_control.h
[0.788s] -- Up-to-date: /home/moonly/fpv_ros2_workspace/install/dgps_msgs/lib/libdgps_msgs__rosidl_typesupport_introspection_c.so
[0.788s] -- Up-to-date: /home/moonly/fpv_ros2_workspace/install/dgps_msgs/lib/libdgps_msgs__rosidl_typesupport_c.so
[0.788s] -- Up-to-date: /home/moonly/fpv_ros2_workspace/install/dgps_msgs/include/dgps_msgs
[0.788s] -- Up-to-date: /home/moonly/fpv_ros2_workspace/install/dgps_msgs/include/dgps_msgs/msg
[0.788s] -- Up-to-date: /home/moonly/fpv_ros2_workspace/install/dgps_msgs/include/dgps_msgs/msg/detail
[0.788s] -- Up-to-date: /home/moonly/fpv_ros2_workspace/install/dgps_msgs/include/dgps_msgs/msg/detail/gnvtg__struct.hpp
[0.788s] -- Up-to-date: /home/moonly/fpv_ros2_workspace/install/dgps_msgs/include/dgps_msgs/msg/detail/gpfpd__traits.hpp
[0.788s] -- Up-to-date: /home/moonly/fpv_ros2_workspace/install/dgps_msgs/include/dgps_msgs/msg/detail/gtimu__builder.hpp
[0.788s] -- Up-to-date: /home/moonly/fpv_ros2_workspace/install/dgps_msgs/include/dgps_msgs/msg/detail/gtimu__traits.hpp
[0.788s] -- Up-to-date: /home/moonly/fpv_ros2_workspace/install/dgps_msgs/include/dgps_msgs/msg/detail/gpfpd__struct.hpp
[0.788s] -- Up-to-date: /home/moonly/fpv_ros2_workspace/install/dgps_msgs/include/dgps_msgs/msg/detail/gpfpd__type_support.hpp
[0.788s] -- Up-to-date: /home/moonly/fpv_ros2_workspace/install/dgps_msgs/include/dgps_msgs/msg/detail/gtimu__struct.hpp
[0.788s] -- Up-to-date: /home/moonly/fpv_ros2_workspace/install/dgps_msgs/include/dgps_msgs/msg/detail/gnvtg__type_support.hpp
[0.788s] -- Up-to-date: /home/moonly/fpv_ros2_workspace/install/dgps_msgs/include/dgps_msgs/msg/detail/gpfpd__builder.hpp
[0.788s] -- Up-to-date: /home/moonly/fpv_ros2_workspace/install/dgps_msgs/include/dgps_msgs/msg/detail/gnvtg__builder.hpp
[0.788s] -- Up-to-date: /home/moonly/fpv_ros2_workspace/install/dgps_msgs/include/dgps_msgs/msg/detail/gtimu__type_support.hpp
[0.788s] -- Up-to-date: /home/moonly/fpv_ros2_workspace/install/dgps_msgs/include/dgps_msgs/msg/detail/gnvtg__traits.hpp
[0.788s] -- Up-to-date: /home/moonly/fpv_ros2_workspace/install/dgps_msgs/include/dgps_msgs/msg/gpfpd.hpp
[0.788s] -- Up-to-date: /home/moonly/fpv_ros2_workspace/install/dgps_msgs/include/dgps_msgs/msg/gtimu.hpp
[0.788s] -- Up-to-date: /home/moonly/fpv_ros2_workspace/install/dgps_msgs/include/dgps_msgs/msg/gnvtg.hpp
[0.788s] -- Up-to-date: /home/moonly/fpv_ros2_workspace/install/dgps_msgs/include/dgps_msgs/msg/rosidl_generator_cpp__visibility_control.hpp
[0.788s] -- Up-to-date: /home/moonly/fpv_ros2_workspace/install/dgps_msgs/include/dgps_msgs
[0.788s] -- Up-to-date: /home/moonly/fpv_ros2_workspace/install/dgps_msgs/include/dgps_msgs/msg
[0.789s] -- Up-to-date: /home/moonly/fpv_ros2_workspace/install/dgps_msgs/include/dgps_msgs/msg/detail
[0.789s] -- Up-to-date: /home/moonly/fpv_ros2_workspace/install/dgps_msgs/include/dgps_msgs/msg/detail/gnvtg__rosidl_typesupport_introspection_cpp.hpp
[0.789s] -- Up-to-date: /home/moonly/fpv_ros2_workspace/install/dgps_msgs/include/dgps_msgs/msg/detail/gnvtg__type_support.cpp
[0.789s] -- Up-to-date: /home/moonly/fpv_ros2_workspace/install/dgps_msgs/include/dgps_msgs/msg/detail/gpfpd__type_support.cpp
[0.789s] -- Up-to-date: /home/moonly/fpv_ros2_workspace/install/dgps_msgs/include/dgps_msgs/msg/detail/gtimu__type_support.cpp
[0.789s] -- Up-to-date: /home/moonly/fpv_ros2_workspace/install/dgps_msgs/include/dgps_msgs/msg/detail/gpfpd__rosidl_typesupport_introspection_cpp.hpp
[0.789s] -- Up-to-date: /home/moonly/fpv_ros2_workspace/install/dgps_msgs/include/dgps_msgs/msg/detail/gtimu__rosidl_typesupport_introspection_cpp.hpp
[0.789s] -- Up-to-date: /home/moonly/fpv_ros2_workspace/install/dgps_msgs/lib/libdgps_msgs__rosidl_typesupport_introspection_cpp.so
[0.789s] -- Up-to-date: /home/moonly/fpv_ros2_workspace/install/dgps_msgs/lib/libdgps_msgs__rosidl_typesupport_cpp.so
[0.789s] -- Up-to-date: /home/moonly/fpv_ros2_workspace/install/dgps_msgs/share/dgps_msgs/environment/pythonpath.sh
[0.789s] -- Up-to-date: /home/moonly/fpv_ros2_workspace/install/dgps_msgs/share/dgps_msgs/environment/pythonpath.dsv
[0.789s] -- Up-to-date: /home/moonly/fpv_ros2_workspace/install/dgps_msgs/lib/python3.8/site-packages/dgps_msgs/__init__.py
[0.830s] -- Up-to-date: /home/moonly/fpv_ros2_workspace/install/dgps_msgs/lib/python3.8/site-packages/dgps_msgs/msg
[0.831s] -- Up-to-date: /home/moonly/fpv_ros2_workspace/install/dgps_msgs/lib/python3.8/site-packages/dgps_msgs/msg/_gtimu_s.c
[0.831s] -- Up-to-date: /home/moonly/fpv_ros2_workspace/install/dgps_msgs/lib/python3.8/site-packages/dgps_msgs/msg/_gpfpd.py
[0.831s] -- Up-to-date: /home/moonly/fpv_ros2_workspace/install/dgps_msgs/lib/python3.8/site-packages/dgps_msgs/msg/__init__.py
[0.831s] -- Up-to-date: /home/moonly/fpv_ros2_workspace/install/dgps_msgs/lib/python3.8/site-packages/dgps_msgs/msg/_gnvtg_s.c
[0.831s] -- Up-to-date: /home/moonly/fpv_ros2_workspace/install/dgps_msgs/lib/python3.8/site-packages/dgps_msgs/msg/_gtimu.py
[0.831s] -- Up-to-date: /home/moonly/fpv_ros2_workspace/install/dgps_msgs/lib/python3.8/site-packages/dgps_msgs/msg/_gnvtg.py
[0.831s] -- Up-to-date: /home/moonly/fpv_ros2_workspace/install/dgps_msgs/lib/python3.8/site-packages/dgps_msgs/msg/_gpfpd_s.c
[0.831s] -- Up-to-date: /home/moonly/fpv_ros2_workspace/install/dgps_msgs/lib/python3.8/site-packages/dgps_msgs/dgps_msgs_s__rosidl_typesupport_fastrtps_c.cpython-38-x86_64-linux-gnu.so
[0.831s] -- Up-to-date: /home/moonly/fpv_ros2_workspace/install/dgps_msgs/lib/python3.8/site-packages/dgps_msgs/dgps_msgs_s__rosidl_typesupport_introspection_c.cpython-38-x86_64-linux-gnu.so
[0.831s] -- Up-to-date: /home/moonly/fpv_ros2_workspace/install/dgps_msgs/lib/python3.8/site-packages/dgps_msgs/dgps_msgs_s__rosidl_typesupport_c.cpython-38-x86_64-linux-gnu.so
[0.832s] -- Up-to-date: /home/moonly/fpv_ros2_workspace/install/dgps_msgs/lib/libdgps_msgs__python.so
[0.832s] -- Up-to-date: /home/moonly/fpv_ros2_workspace/install/dgps_msgs/share/dgps_msgs/msg/Gnvtg.idl
[0.832s] -- Up-to-date: /home/moonly/fpv_ros2_workspace/install/dgps_msgs/share/dgps_msgs/msg/Gpfpd.idl
[0.832s] -- Up-to-date: /home/moonly/fpv_ros2_workspace/install/dgps_msgs/share/dgps_msgs/msg/Gtimu.idl
[0.832s] -- Up-to-date: /home/moonly/fpv_ros2_workspace/install/dgps_msgs/share/dgps_msgs/msg/Gnvtg.msg
[0.833s] -- Up-to-date: /home/moonly/fpv_ros2_workspace/install/dgps_msgs/share/dgps_msgs/msg/Gpfpd.msg
[0.833s] -- Up-to-date: /home/moonly/fpv_ros2_workspace/install/dgps_msgs/share/dgps_msgs/msg/Gtimu.msg
[0.833s] -- Up-to-date: /home/moonly/fpv_ros2_workspace/install/dgps_msgs/share/ament_index/resource_index/package_run_dependencies/dgps_msgs
[0.833s] -- Up-to-date: /home/moonly/fpv_ros2_workspace/install/dgps_msgs/share/ament_index/resource_index/parent_prefix_path/dgps_msgs
[0.833s] -- Up-to-date: /home/moonly/fpv_ros2_workspace/install/dgps_msgs/share/dgps_msgs/environment/ament_prefix_path.sh
[0.833s] -- Up-to-date: /home/moonly/fpv_ros2_workspace/install/dgps_msgs/share/dgps_msgs/environment/ament_prefix_path.dsv
[0.833s] -- Up-to-date: /home/moonly/fpv_ros2_workspace/install/dgps_msgs/share/dgps_msgs/environment/path.sh
[0.833s] -- Up-to-date: /home/moonly/fpv_ros2_workspace/install/dgps_msgs/share/dgps_msgs/environment/path.dsv
[0.833s] -- Up-to-date: /home/moonly/fpv_ros2_workspace/install/dgps_msgs/share/dgps_msgs/local_setup.bash
[0.834s] -- Up-to-date: /home/moonly/fpv_ros2_workspace/install/dgps_msgs/share/dgps_msgs/local_setup.sh
[0.834s] -- Up-to-date: /home/moonly/fpv_ros2_workspace/install/dgps_msgs/share/dgps_msgs/local_setup.zsh
[0.834s] -- Up-to-date: /home/moonly/fpv_ros2_workspace/install/dgps_msgs/share/dgps_msgs/local_setup.dsv
[0.834s] -- Installing: /home/moonly/fpv_ros2_workspace/install/dgps_msgs/share/dgps_msgs/package.dsv
[0.834s] -- Up-to-date: /home/moonly/fpv_ros2_workspace/install/dgps_msgs/share/ament_index/resource_index/packages/dgps_msgs
[0.834s] -- Up-to-date: /home/moonly/fpv_ros2_workspace/install/dgps_msgs/share/dgps_msgs/cmake/dgps_msgs__rosidl_generator_cExport.cmake
[0.834s] -- Up-to-date: /home/moonly/fpv_ros2_workspace/install/dgps_msgs/share/dgps_msgs/cmake/dgps_msgs__rosidl_generator_cExport-noconfig.cmake
[0.834s] -- Up-to-date: /home/moonly/fpv_ros2_workspace/install/dgps_msgs/share/dgps_msgs/cmake/dgps_msgs__rosidl_typesupport_introspection_cExport.cmake
[0.834s] -- Up-to-date: /home/moonly/fpv_ros2_workspace/install/dgps_msgs/share/dgps_msgs/cmake/dgps_msgs__rosidl_typesupport_introspection_cExport-noconfig.cmake
[0.835s] -- Up-to-date: /home/moonly/fpv_ros2_workspace/install/dgps_msgs/share/dgps_msgs/cmake/dgps_msgs__rosidl_typesupport_cExport.cmake
[0.835s] -- Up-to-date: /home/moonly/fpv_ros2_workspace/install/dgps_msgs/share/dgps_msgs/cmake/dgps_msgs__rosidl_typesupport_cExport-noconfig.cmake
[0.835s] -- Up-to-date: /home/moonly/fpv_ros2_workspace/install/dgps_msgs/share/dgps_msgs/cmake/dgps_msgs__rosidl_generator_cppExport.cmake
[0.835s] -- Up-to-date: /home/moonly/fpv_ros2_workspace/install/dgps_msgs/share/dgps_msgs/cmake/dgps_msgs__rosidl_typesupport_introspection_cppExport.cmake
[0.837s] -- Up-to-date: /home/moonly/fpv_ros2_workspace/install/dgps_msgs/share/dgps_msgs/cmake/dgps_msgs__rosidl_typesupport_introspection_cppExport-noconfig.cmake
[0.837s] -- Up-to-date: /home/moonly/fpv_ros2_workspace/install/dgps_msgs/share/dgps_msgs/cmake/dgps_msgs__rosidl_typesupport_cppExport.cmake
[0.837s] -- Up-to-date: /home/moonly/fpv_ros2_workspace/install/dgps_msgs/share/dgps_msgs/cmake/dgps_msgs__rosidl_typesupport_cppExport-noconfig.cmake
[0.837s] -- Up-to-date: /home/moonly/fpv_ros2_workspace/install/dgps_msgs/share/dgps_msgs/cmake/rosidl_cmake-extras.cmake
[0.837s] -- Up-to-date: /home/moonly/fpv_ros2_workspace/install/dgps_msgs/share/dgps_msgs/cmake/ament_cmake_export_dependencies-extras.cmake
[0.837s] -- Up-to-date: /home/moonly/fpv_ros2_workspace/install/dgps_msgs/share/dgps_msgs/cmake/ament_cmake_export_libraries-extras.cmake
[0.838s] -- Up-to-date: /home/moonly/fpv_ros2_workspace/install/dgps_msgs/share/dgps_msgs/cmake/ament_cmake_export_targets-extras.cmake
[0.838s] -- Up-to-date: /home/moonly/fpv_ros2_workspace/install/dgps_msgs/share/dgps_msgs/cmake/ament_cmake_export_include_directories-extras.cmake
[0.842s] -- Up-to-date: /home/moonly/fpv_ros2_workspace/install/dgps_msgs/share/dgps_msgs/cmake/rosidl_cmake_export_typesupport_libraries-extras.cmake
[0.842s] -- Up-to-date: /home/moonly/fpv_ros2_workspace/install/dgps_msgs/share/dgps_msgs/cmake/rosidl_cmake_export_typesupport_targets-extras.cmake
[0.842s] -- Up-to-date: /home/moonly/fpv_ros2_workspace/install/dgps_msgs/share/dgps_msgs/cmake/dgps_msgsConfig.cmake
[0.842s] -- Up-to-date: /home/moonly/fpv_ros2_workspace/install/dgps_msgs/share/dgps_msgs/cmake/dgps_msgsConfig-version.cmake
[0.842s] -- Up-to-date: /home/moonly/fpv_ros2_workspace/install/dgps_msgs/share/dgps_msgs/package.xml
[0.843s] Invoked command in '/home/moonly/fpv_ros2_workspace/build/dgps_msgs' returned '0': CMAKE_PREFIX_PATH=${CMAKE_PREFIX_PATH}:/opt/ros/foxy _=/usr/bin/env /usr/bin/cmake --install /home/moonly/fpv_ros2_workspace/build/dgps_msgs
