[35m[1mScanning dependencies of target manual_control[0m
[ 50%] [32mBuilding CXX object CMakeFiles/manual_control.dir/src/Manual_control.cpp.o[0m
[100%] [32m[1mLinking CXX executable manual_control[0m
[100%] Built target manual_control
-- Install configuration: ""
-- Installing: /home/moonly/fpv_ros2_workspace/install/manual_control/lib/manual_control/manual_control
-- Set runtime path of "/home/moonly/fpv_ros2_workspace/install/manual_control/lib/manual_control/manual_control" to ""
-- Installing: /home/moonly/fpv_ros2_workspace/install/manual_control/share/ament_index/resource_index/package_run_dependencies/manual_control
-- Installing: /home/moonly/fpv_ros2_workspace/install/manual_control/share/ament_index/resource_index/parent_prefix_path/manual_control
-- Installing: /home/moonly/fpv_ros2_workspace/install/manual_control/share/manual_control/environment/ament_prefix_path.sh
-- Installing: /home/moonly/fpv_ros2_workspace/install/manual_control/share/manual_control/environment/ament_prefix_path.dsv
-- Installing: /home/moonly/fpv_ros2_workspace/install/manual_control/share/manual_control/environment/path.sh
-- Installing: /home/moonly/fpv_ros2_workspace/install/manual_control/share/manual_control/environment/path.dsv
-- Installing: /home/moonly/fpv_ros2_workspace/install/manual_control/share/manual_control/local_setup.bash
-- Installing: /home/moonly/fpv_ros2_workspace/install/manual_control/share/manual_control/local_setup.sh
-- Installing: /home/moonly/fpv_ros2_workspace/install/manual_control/share/manual_control/local_setup.zsh
-- Installing: /home/moonly/fpv_ros2_workspace/install/manual_control/share/manual_control/local_setup.dsv
-- Installing: /home/moonly/fpv_ros2_workspace/install/manual_control/share/manual_control/package.dsv
-- Installing: /home/moonly/fpv_ros2_workspace/install/manual_control/share/ament_index/resource_index/packages/manual_control
-- Installing: /home/moonly/fpv_ros2_workspace/install/manual_control/share/manual_control/cmake/manual_controlConfig.cmake
-- Installing: /home/moonly/fpv_ros2_workspace/install/manual_control/share/manual_control/cmake/manual_controlConfig-version.cmake
-- Installing: /home/moonly/fpv_ros2_workspace/install/manual_control/share/manual_control/package.xml
