[0.164s] [34mcolcon[0m [1;30mDEBUG[0m [32mCommand line arguments: ['/usr/bin/colcon', 'build', '--packages-select', 'pwm_trans'][0m
[0.164s] [34mcolcon[0m [1;30mDEBUG[0m [32mParsed command line arguments: Namespace(allow_overriding=[], ament_cmake_args=None, base_paths=['.'], build_base='build', catkin_cmake_args=None, catkin_skip_building_tests=False, cmake_args=None, cmake_clean_cache=False, cmake_clean_first=False, cmake_force_configure=False, cmake_target=None, cmake_target_skip_unavailable=False, continue_on_error=False, event_handlers=None, executor='parallel', ignore_user_meta=False, install_base='install', log_base=None, log_level=None, main=<bound method BuildVerb.main of <colcon_core.verb.build.BuildVerb object at 0x7fe83bc228e0>>, merge_install=False, metas=['./colcon.meta'], packages_above=None, packages_above_and_dependencies=None, packages_above_depth=None, packages_end=None, packages_ignore=None, packages_ignore_regex=None, packages_select=['pwm_trans'], packages_select_build_failed=False, packages_select_by_dep=None, packages_select_regex=None, packages_select_test_failures=False, packages_skip=None, packages_skip_build_finished=False, packages_skip_by_dep=None, packages_skip_regex=None, packages_skip_test_passed=False, packages_skip_up_to=None, packages_start=None, packages_up_to=None, packages_up_to_regex=None, parallel_workers=8, paths=None, symlink_install=False, test_result_base=None, verb_extension=<colcon_core.verb.build.BuildVerb object at 0x7fe83bc228e0>, verb_name='build', verb_parser=<colcon_defaults.argument_parser.defaults.DefaultArgumentsDecorator object at 0x7fe83bbc16a0>)[0m
[0.196s] [34mcolcon.colcon_core.package_discovery[0m [1;30mLevel 1[0m discover_packages(colcon_meta) check parameters
[0.196s] [34mcolcon.colcon_core.package_discovery[0m [1;30mLevel 1[0m discover_packages(recursive) check parameters
[0.196s] [34mcolcon.colcon_core.package_discovery[0m [1;30mLevel 1[0m discover_packages(ignore) check parameters
[0.196s] [34mcolcon.colcon_core.package_discovery[0m [1;30mLevel 1[0m discover_packages(path) check parameters
[0.196s] [34mcolcon.colcon_core.package_discovery[0m [1;30mLevel 1[0m discover_packages(colcon_meta) discover
[0.196s] [34mcolcon.colcon_core.package_discovery[0m [1;30mLevel 1[0m discover_packages(recursive) discover
[0.196s] [34mcolcon.colcon_core.package_discovery[0m [1;30mINFO[0m Crawling recursively for packages in '/home/moonly/fpv_ros2_workspace'
[0.196s] [34mcolcon.colcon_core.package_identification[0m [1;30mLevel 1[0m _identify(.) by extensions ['ignore', 'ignore_ament_install']
[0.196s] [34mcolcon.colcon_core.package_identification[0m [1;30mLevel 1[0m _identify(.) by extension 'ignore'
[0.196s] [34mcolcon.colcon_core.package_identification[0m [1;30mLevel 1[0m _identify(.) by extension 'ignore_ament_install'
[0.196s] [34mcolcon.colcon_core.package_identification[0m [1;30mLevel 1[0m _identify(.) by extensions ['colcon_pkg']
[0.196s] [34mcolcon.colcon_core.package_identification[0m [1;30mLevel 1[0m _identify(.) by extension 'colcon_pkg'
[0.196s] [34mcolcon.colcon_core.package_identification[0m [1;30mLevel 1[0m _identify(.) by extensions ['colcon_meta']
[0.196s] [34mcolcon.colcon_core.package_identification[0m [1;30mLevel 1[0m _identify(.) by extension 'colcon_meta'
[0.196s] [34mcolcon.colcon_core.package_identification[0m [1;30mLevel 1[0m _identify(.) by extensions ['ros']
[0.196s] [34mcolcon.colcon_core.package_identification[0m [1;30mLevel 1[0m _identify(.) by extension 'ros'
[0.206s] [34mcolcon.colcon_core.package_identification[0m [1;30mLevel 1[0m _identify(.) by extensions ['cmake', 'python']
[0.206s] [34mcolcon.colcon_core.package_identification[0m [1;30mLevel 1[0m _identify(.) by extension 'cmake'
[0.206s] [34mcolcon.colcon_core.package_identification[0m [1;30mLevel 1[0m _identify(.) by extension 'python'
[0.206s] [34mcolcon.colcon_core.package_identification[0m [1;30mLevel 1[0m _identify(.) by extensions ['python_setup_py']
[0.206s] [34mcolcon.colcon_core.package_identification[0m [1;30mLevel 1[0m _identify(.) by extension 'python_setup_py'
[0.207s] [34mcolcon.colcon_core.package_identification[0m [1;30mLevel 1[0m _identify(build) by extensions ['ignore', 'ignore_ament_install']
[0.207s] [34mcolcon.colcon_core.package_identification[0m [1;30mLevel 1[0m _identify(build) by extension 'ignore'
[0.207s] [34mcolcon.colcon_core.package_identification[0m [1;30mLevel 1[0m _identify(build) ignored
[0.207s] [34mcolcon.colcon_core.package_identification[0m [1;30mLevel 1[0m _identify(install) by extensions ['ignore', 'ignore_ament_install']
[0.207s] [34mcolcon.colcon_core.package_identification[0m [1;30mLevel 1[0m _identify(install) by extension 'ignore'
[0.207s] [34mcolcon.colcon_core.package_identification[0m [1;30mLevel 1[0m _identify(install) ignored
[0.207s] [34mcolcon.colcon_core.package_identification[0m [1;30mLevel 1[0m _identify(log) by extensions ['ignore', 'ignore_ament_install']
[0.207s] [34mcolcon.colcon_core.package_identification[0m [1;30mLevel 1[0m _identify(log) by extension 'ignore'
[0.207s] [34mcolcon.colcon_core.package_identification[0m [1;30mLevel 1[0m _identify(log) ignored
[0.207s] [34mcolcon.colcon_core.package_identification[0m [1;30mLevel 1[0m _identify(src) by extensions ['ignore', 'ignore_ament_install']
[0.207s] [34mcolcon.colcon_core.package_identification[0m [1;30mLevel 1[0m _identify(src) by extension 'ignore'
[0.207s] [34mcolcon.colcon_core.package_identification[0m [1;30mLevel 1[0m _identify(src) by extension 'ignore_ament_install'
[0.207s] [34mcolcon.colcon_core.package_identification[0m [1;30mLevel 1[0m _identify(src) by extensions ['colcon_pkg']
[0.207s] [34mcolcon.colcon_core.package_identification[0m [1;30mLevel 1[0m _identify(src) by extension 'colcon_pkg'
[0.207s] [34mcolcon.colcon_core.package_identification[0m [1;30mLevel 1[0m _identify(src) by extensions ['colcon_meta']
[0.207s] [34mcolcon.colcon_core.package_identification[0m [1;30mLevel 1[0m _identify(src) by extension 'colcon_meta'
[0.207s] [34mcolcon.colcon_core.package_identification[0m [1;30mLevel 1[0m _identify(src) by extensions ['ros']
[0.207s] [34mcolcon.colcon_core.package_identification[0m [1;30mLevel 1[0m _identify(src) by extension 'ros'
[0.207s] [34mcolcon.colcon_core.package_identification[0m [1;30mLevel 1[0m _identify(src) by extensions ['cmake', 'python']
[0.207s] [34mcolcon.colcon_core.package_identification[0m [1;30mLevel 1[0m _identify(src) by extension 'cmake'
[0.207s] [34mcolcon.colcon_core.package_identification[0m [1;30mLevel 1[0m _identify(src) by extension 'python'
[0.207s] [34mcolcon.colcon_core.package_identification[0m [1;30mLevel 1[0m _identify(src) by extensions ['python_setup_py']
[0.207s] [34mcolcon.colcon_core.package_identification[0m [1;30mLevel 1[0m _identify(src) by extension 'python_setup_py'
[0.207s] [34mcolcon.colcon_core.package_identification[0m [1;30mLevel 1[0m _identify(src/auto_control) by extensions ['ignore', 'ignore_ament_install']
[0.207s] [34mcolcon.colcon_core.package_identification[0m [1;30mLevel 1[0m _identify(src/auto_control) by extension 'ignore'
[0.208s] [34mcolcon.colcon_core.package_identification[0m [1;30mLevel 1[0m _identify(src/auto_control) by extension 'ignore_ament_install'
[0.208s] [34mcolcon.colcon_core.package_identification[0m [1;30mLevel 1[0m _identify(src/auto_control) by extensions ['colcon_pkg']
[0.208s] [34mcolcon.colcon_core.package_identification[0m [1;30mLevel 1[0m _identify(src/auto_control) by extension 'colcon_pkg'
[0.208s] [34mcolcon.colcon_core.package_identification[0m [1;30mLevel 1[0m _identify(src/auto_control) by extensions ['colcon_meta']
[0.208s] [34mcolcon.colcon_core.package_identification[0m [1;30mLevel 1[0m _identify(src/auto_control) by extension 'colcon_meta'
[0.208s] [34mcolcon.colcon_core.package_identification[0m [1;30mLevel 1[0m _identify(src/auto_control) by extensions ['ros']
[0.208s] [34mcolcon.colcon_core.package_identification[0m [1;30mLevel 1[0m _identify(src/auto_control) by extension 'ros'
[0.209s] [34mcolcon.colcon_core.package_identification[0m [1;30mDEBUG[0m [32mPackage 'src/auto_control' with type 'ros.ament_cmake' and name 'auto_control'[0m
[0.210s] [34mcolcon.colcon_core.package_identification[0m [1;30mLevel 1[0m _identify(src/dgps_ros2) by extensions ['ignore', 'ignore_ament_install']
[0.210s] [34mcolcon.colcon_core.package_identification[0m [1;30mLevel 1[0m _identify(src/dgps_ros2) by extension 'ignore'
[0.210s] [34mcolcon.colcon_core.package_identification[0m [1;30mLevel 1[0m _identify(src/dgps_ros2) by extension 'ignore_ament_install'
[0.210s] [34mcolcon.colcon_core.package_identification[0m [1;30mLevel 1[0m _identify(src/dgps_ros2) by extensions ['colcon_pkg']
[0.210s] [34mcolcon.colcon_core.package_identification[0m [1;30mLevel 1[0m _identify(src/dgps_ros2) by extension 'colcon_pkg'
[0.210s] [34mcolcon.colcon_core.package_identification[0m [1;30mLevel 1[0m _identify(src/dgps_ros2) by extensions ['colcon_meta']
[0.210s] [34mcolcon.colcon_core.package_identification[0m [1;30mLevel 1[0m _identify(src/dgps_ros2) by extension 'colcon_meta'
[0.210s] [34mcolcon.colcon_core.package_identification[0m [1;30mLevel 1[0m _identify(src/dgps_ros2) by extensions ['ros']
[0.210s] [34mcolcon.colcon_core.package_identification[0m [1;30mLevel 1[0m _identify(src/dgps_ros2) by extension 'ros'
[0.210s] [34mcolcon.colcon_core.package_identification[0m [1;30mLevel 1[0m _identify(src/dgps_ros2) by extensions ['cmake', 'python']
[0.210s] [34mcolcon.colcon_core.package_identification[0m [1;30mLevel 1[0m _identify(src/dgps_ros2) by extension 'cmake'
[0.210s] [34mcolcon.colcon_core.package_identification[0m [1;30mLevel 1[0m _identify(src/dgps_ros2) by extension 'python'
[0.210s] [34mcolcon.colcon_core.package_identification[0m [1;30mLevel 1[0m _identify(src/dgps_ros2) by extensions ['python_setup_py']
[0.210s] [34mcolcon.colcon_core.package_identification[0m [1;30mLevel 1[0m _identify(src/dgps_ros2) by extension 'python_setup_py'
[0.210s] [34mcolcon.colcon_core.package_identification[0m [1;30mLevel 1[0m _identify(src/dgps_ros2/build) by extensions ['ignore', 'ignore_ament_install']
[0.210s] [34mcolcon.colcon_core.package_identification[0m [1;30mLevel 1[0m _identify(src/dgps_ros2/build) by extension 'ignore'
[0.210s] [34mcolcon.colcon_core.package_identification[0m [1;30mLevel 1[0m _identify(src/dgps_ros2/build) ignored
[0.210s] [34mcolcon.colcon_core.package_identification[0m [1;30mLevel 1[0m _identify(src/dgps_ros2/dgps_msgs) by extensions ['ignore', 'ignore_ament_install']
[0.210s] [34mcolcon.colcon_core.package_identification[0m [1;30mLevel 1[0m _identify(src/dgps_ros2/dgps_msgs) by extension 'ignore'
[0.210s] [34mcolcon.colcon_core.package_identification[0m [1;30mLevel 1[0m _identify(src/dgps_ros2/dgps_msgs) by extension 'ignore_ament_install'
[0.210s] [34mcolcon.colcon_core.package_identification[0m [1;30mLevel 1[0m _identify(src/dgps_ros2/dgps_msgs) by extensions ['colcon_pkg']
[0.210s] [34mcolcon.colcon_core.package_identification[0m [1;30mLevel 1[0m _identify(src/dgps_ros2/dgps_msgs) by extension 'colcon_pkg'
[0.210s] [34mcolcon.colcon_core.package_identification[0m [1;30mLevel 1[0m _identify(src/dgps_ros2/dgps_msgs) by extensions ['colcon_meta']
[0.210s] [34mcolcon.colcon_core.package_identification[0m [1;30mLevel 1[0m _identify(src/dgps_ros2/dgps_msgs) by extension 'colcon_meta'
[0.210s] [34mcolcon.colcon_core.package_identification[0m [1;30mLevel 1[0m _identify(src/dgps_ros2/dgps_msgs) by extensions ['ros']
[0.210s] [34mcolcon.colcon_core.package_identification[0m [1;30mLevel 1[0m _identify(src/dgps_ros2/dgps_msgs) by extension 'ros'
[0.211s] [34mcolcon.colcon_core.package_identification[0m [1;30mDEBUG[0m [32mPackage 'src/dgps_ros2/dgps_msgs' with type 'ros.ament_cmake' and name 'dgps_msgs'[0m
[0.211s] [34mcolcon.colcon_core.package_identification[0m [1;30mLevel 1[0m _identify(src/dgps_ros2/dgps_ros2) by extensions ['ignore', 'ignore_ament_install']
[0.211s] [34mcolcon.colcon_core.package_identification[0m [1;30mLevel 1[0m _identify(src/dgps_ros2/dgps_ros2) by extension 'ignore'
[0.211s] [34mcolcon.colcon_core.package_identification[0m [1;30mLevel 1[0m _identify(src/dgps_ros2/dgps_ros2) by extension 'ignore_ament_install'
[0.211s] [34mcolcon.colcon_core.package_identification[0m [1;30mLevel 1[0m _identify(src/dgps_ros2/dgps_ros2) by extensions ['colcon_pkg']
[0.211s] [34mcolcon.colcon_core.package_identification[0m [1;30mLevel 1[0m _identify(src/dgps_ros2/dgps_ros2) by extension 'colcon_pkg'
[0.211s] [34mcolcon.colcon_core.package_identification[0m [1;30mLevel 1[0m _identify(src/dgps_ros2/dgps_ros2) by extensions ['colcon_meta']
[0.211s] [34mcolcon.colcon_core.package_identification[0m [1;30mLevel 1[0m _identify(src/dgps_ros2/dgps_ros2) by extension 'colcon_meta'
[0.211s] [34mcolcon.colcon_core.package_identification[0m [1;30mLevel 1[0m _identify(src/dgps_ros2/dgps_ros2) by extensions ['ros']
[0.211s] [34mcolcon.colcon_core.package_identification[0m [1;30mLevel 1[0m _identify(src/dgps_ros2/dgps_ros2) by extension 'ros'
[0.212s] [34mcolcon.colcon_core.package_identification[0m [1;30mDEBUG[0m [32mPackage 'src/dgps_ros2/dgps_ros2' with type 'ros.ament_cmake' and name 'dgps_ros2'[0m
[0.212s] [34mcolcon.colcon_core.package_identification[0m [1;30mLevel 1[0m _identify(src/dgps_ros2/install) by extensions ['ignore', 'ignore_ament_install']
[0.212s] [34mcolcon.colcon_core.package_identification[0m [1;30mLevel 1[0m _identify(src/dgps_ros2/install) by extension 'ignore'
[0.212s] [34mcolcon.colcon_core.package_identification[0m [1;30mLevel 1[0m _identify(src/dgps_ros2/install) ignored
[0.212s] [34mcolcon.colcon_core.package_identification[0m [1;30mLevel 1[0m _identify(src/dgps_ros2/log) by extensions ['ignore', 'ignore_ament_install']
[0.212s] [34mcolcon.colcon_core.package_identification[0m [1;30mLevel 1[0m _identify(src/dgps_ros2/log) by extension 'ignore'
[0.212s] [34mcolcon.colcon_core.package_identification[0m [1;30mLevel 1[0m _identify(src/dgps_ros2/log) ignored
[0.212s] [34mcolcon.colcon_core.package_identification[0m [1;30mLevel 1[0m _identify(src/fpv_msgs) by extensions ['ignore', 'ignore_ament_install']
[0.212s] [34mcolcon.colcon_core.package_identification[0m [1;30mLevel 1[0m _identify(src/fpv_msgs) by extension 'ignore'
[0.212s] [34mcolcon.colcon_core.package_identification[0m [1;30mLevel 1[0m _identify(src/fpv_msgs) by extension 'ignore_ament_install'
[0.212s] [34mcolcon.colcon_core.package_identification[0m [1;30mLevel 1[0m _identify(src/fpv_msgs) by extensions ['colcon_pkg']
[0.212s] [34mcolcon.colcon_core.package_identification[0m [1;30mLevel 1[0m _identify(src/fpv_msgs) by extension 'colcon_pkg'
[0.213s] [34mcolcon.colcon_core.package_identification[0m [1;30mLevel 1[0m _identify(src/fpv_msgs) by extensions ['colcon_meta']
[0.213s] [34mcolcon.colcon_core.package_identification[0m [1;30mLevel 1[0m _identify(src/fpv_msgs) by extension 'colcon_meta'
[0.213s] [34mcolcon.colcon_core.package_identification[0m [1;30mLevel 1[0m _identify(src/fpv_msgs) by extensions ['ros']
[0.213s] [34mcolcon.colcon_core.package_identification[0m [1;30mLevel 1[0m _identify(src/fpv_msgs) by extension 'ros'
[0.213s] [34mcolcon.colcon_core.package_identification[0m [1;30mDEBUG[0m [32mPackage 'src/fpv_msgs' with type 'ros.ament_cmake' and name 'fpv_msgs'[0m
[0.213s] [34mcolcon.colcon_core.package_identification[0m [1;30mLevel 1[0m _identify(src/position_trans) by extensions ['ignore', 'ignore_ament_install']
[0.213s] [34mcolcon.colcon_core.package_identification[0m [1;30mLevel 1[0m _identify(src/position_trans) by extension 'ignore'
[0.213s] [34mcolcon.colcon_core.package_identification[0m [1;30mLevel 1[0m _identify(src/position_trans) by extension 'ignore_ament_install'
[0.213s] [34mcolcon.colcon_core.package_identification[0m [1;30mLevel 1[0m _identify(src/position_trans) by extensions ['colcon_pkg']
[0.213s] [34mcolcon.colcon_core.package_identification[0m [1;30mLevel 1[0m _identify(src/position_trans) by extension 'colcon_pkg'
[0.213s] [34mcolcon.colcon_core.package_identification[0m [1;30mLevel 1[0m _identify(src/position_trans) by extensions ['colcon_meta']
[0.213s] [34mcolcon.colcon_core.package_identification[0m [1;30mLevel 1[0m _identify(src/position_trans) by extension 'colcon_meta'
[0.213s] [34mcolcon.colcon_core.package_identification[0m [1;30mLevel 1[0m _identify(src/position_trans) by extensions ['ros']
[0.213s] [34mcolcon.colcon_core.package_identification[0m [1;30mLevel 1[0m _identify(src/position_trans) by extension 'ros'
[0.214s] [34mcolcon.colcon_core.package_identification[0m [1;30mDEBUG[0m [32mPackage 'src/position_trans' with type 'ros.ament_cmake' and name 'position_trans'[0m
[0.214s] [34mcolcon.colcon_core.package_identification[0m [1;30mLevel 1[0m _identify(src/pwm_trans) by extensions ['ignore', 'ignore_ament_install']
[0.214s] [34mcolcon.colcon_core.package_identification[0m [1;30mLevel 1[0m _identify(src/pwm_trans) by extension 'ignore'
[0.214s] [34mcolcon.colcon_core.package_identification[0m [1;30mLevel 1[0m _identify(src/pwm_trans) by extension 'ignore_ament_install'
[0.214s] [34mcolcon.colcon_core.package_identification[0m [1;30mLevel 1[0m _identify(src/pwm_trans) by extensions ['colcon_pkg']
[0.214s] [34mcolcon.colcon_core.package_identification[0m [1;30mLevel 1[0m _identify(src/pwm_trans) by extension 'colcon_pkg'
[0.214s] [34mcolcon.colcon_core.package_identification[0m [1;30mLevel 1[0m _identify(src/pwm_trans) by extensions ['colcon_meta']
[0.214s] [34mcolcon.colcon_core.package_identification[0m [1;30mLevel 1[0m _identify(src/pwm_trans) by extension 'colcon_meta'
[0.214s] [34mcolcon.colcon_core.package_identification[0m [1;30mLevel 1[0m _identify(src/pwm_trans) by extensions ['ros']
[0.214s] [34mcolcon.colcon_core.package_identification[0m [1;30mLevel 1[0m _identify(src/pwm_trans) by extension 'ros'
[0.214s] [34mcolcon.colcon_core.package_identification[0m [1;30mDEBUG[0m [32mPackage 'src/pwm_trans' with type 'ros.ament_cmake' and name 'pwm_trans'[0m
[0.214s] [34mcolcon.colcon_core.package_discovery[0m [1;30mLevel 1[0m discover_packages(recursive) using defaults
[0.214s] [34mcolcon.colcon_core.package_discovery[0m [1;30mLevel 1[0m discover_packages(ignore) discover
[0.214s] [34mcolcon.colcon_core.package_discovery[0m [1;30mLevel 1[0m discover_packages(ignore) using defaults
[0.214s] [34mcolcon.colcon_core.package_discovery[0m [1;30mLevel 1[0m discover_packages(path) discover
[0.214s] [34mcolcon.colcon_core.package_discovery[0m [1;30mLevel 1[0m discover_packages(path) using defaults
[0.224s] [34mcolcon.colcon_core.package_selection[0m [1;30mINFO[0m Skipping not selected package 'auto_control' in 'src/auto_control'
[0.225s] [34mcolcon.colcon_core.package_selection[0m [1;30mINFO[0m Skipping not selected package 'dgps_msgs' in 'src/dgps_ros2/dgps_msgs'
[0.225s] [34mcolcon.colcon_core.package_selection[0m [1;30mINFO[0m Skipping not selected package 'fpv_msgs' in 'src/fpv_msgs'
[0.225s] [34mcolcon.colcon_core.package_selection[0m [1;30mINFO[0m Skipping not selected package 'position_trans' in 'src/position_trans'
[0.225s] [34mcolcon.colcon_core.package_selection[0m [1;30mINFO[0m Skipping not selected package 'dgps_ros2' in 'src/dgps_ros2/dgps_ros2'
[0.225s] [34mcolcon.colcon_core.package_discovery[0m [1;30mLevel 1[0m discover_packages(prefix_path) check parameters
[0.225s] [34mcolcon.colcon_core.package_discovery[0m [1;30mLevel 1[0m discover_packages(prefix_path) discover
[0.226s] [34mcolcon.colcon_installed_package_information.package_discovery[0m [1;30mDEBUG[0m [32mFound 6 installed packages in /home/moonly/fpv_ros2_workspace/install[0m
[0.227s] [34mcolcon.colcon_installed_package_information.package_discovery[0m [1;30mDEBUG[0m [32mFound 264 installed packages in /opt/ros/foxy[0m
[0.228s] [34mcolcon.colcon_core.package_discovery[0m [1;30mLevel 1[0m discover_packages(prefix_path) using defaults
[0.258s] [34mcolcon.colcon_core.verb[0m [1;30mLevel 5[0m set package 'pwm_trans' build argument 'cmake_args' from command line to 'None'
[0.258s] [34mcolcon.colcon_core.verb[0m [1;30mLevel 5[0m set package 'pwm_trans' build argument 'cmake_target' from command line to 'None'
[0.258s] [34mcolcon.colcon_core.verb[0m [1;30mLevel 5[0m set package 'pwm_trans' build argument 'cmake_target_skip_unavailable' from command line to 'False'
[0.258s] [34mcolcon.colcon_core.verb[0m [1;30mLevel 5[0m set package 'pwm_trans' build argument 'cmake_clean_cache' from command line to 'False'
[0.258s] [34mcolcon.colcon_core.verb[0m [1;30mLevel 5[0m set package 'pwm_trans' build argument 'cmake_clean_first' from command line to 'False'
[0.258s] [34mcolcon.colcon_core.verb[0m [1;30mLevel 5[0m set package 'pwm_trans' build argument 'cmake_force_configure' from command line to 'False'
[0.258s] [34mcolcon.colcon_core.verb[0m [1;30mLevel 5[0m set package 'pwm_trans' build argument 'ament_cmake_args' from command line to 'None'
[0.258s] [34mcolcon.colcon_core.verb[0m [1;30mLevel 5[0m set package 'pwm_trans' build argument 'catkin_cmake_args' from command line to 'None'
[0.258s] [34mcolcon.colcon_core.verb[0m [1;30mLevel 5[0m set package 'pwm_trans' build argument 'catkin_skip_building_tests' from command line to 'False'
[0.258s] [34mcolcon.colcon_core.verb[0m [1;30mDEBUG[0m [32mBuilding package 'pwm_trans' with the following arguments: {'ament_cmake_args': None, 'build_base': '/home/moonly/fpv_ros2_workspace/build/pwm_trans', 'catkin_cmake_args': None, 'catkin_skip_building_tests': False, 'cmake_args': None, 'cmake_clean_cache': False, 'cmake_clean_first': False, 'cmake_force_configure': False, 'cmake_target': None, 'cmake_target_skip_unavailable': False, 'install_base': '/home/moonly/fpv_ros2_workspace/install/pwm_trans', 'merge_install': False, 'path': '/home/moonly/fpv_ros2_workspace/src/pwm_trans', 'symlink_install': False, 'test_result_base': None}[0m
[0.258s] [34mcolcon.colcon_core.executor[0m [1;30mINFO[0m Executing jobs using 'parallel' executor
[0.259s] [34mcolcon.colcon_parallel_executor.executor.parallel[0m [1;30mDEBUG[0m [32mrun_until_complete[0m
[0.259s] [34mcolcon.colcon_ros.task.ament_cmake.build[0m [1;30mINFO[0m Building ROS package in '/home/moonly/fpv_ros2_workspace/src/pwm_trans' with build type 'ament_cmake'
[0.260s] [34mcolcon.colcon_cmake.task.cmake.build[0m [1;30mINFO[0m Building CMake package in '/home/moonly/fpv_ros2_workspace/src/pwm_trans'
[0.263s] [34mcolcon.colcon_core.plugin_system[0m [1;30mINFO[0m Skipping extension 'colcon_core.shell.bat': Not used on non-Windows systems
[0.263s] [34mcolcon.colcon_core.shell[0m [1;30mINFO[0m Skip shell extension 'powershell' for command environment: Not usable outside of PowerShell
[0.263s] [34mcolcon.colcon_core.shell[0m [1;30mDEBUG[0m [32mSkip shell extension 'dsv' for command environment[0m
[0.273s] [34mcolcon.colcon_core.event_handler.log_command[0m [1;30mDEBUG[0m [32mInvoking command in '/home/moonly/fpv_ros2_workspace/build/pwm_trans': CMAKE_PREFIX_PATH=${CMAKE_PREFIX_PATH}:/opt/ros/foxy _=/usr/bin/env /usr/bin/cmake --build /home/moonly/fpv_ros2_workspace/build/pwm_trans -- -j8 -l8[0m
[5.453s] [34mcolcon.colcon_core.event_handler.log_command[0m [1;30mDEBUG[0m [32mInvoked command in '/home/moonly/fpv_ros2_workspace/build/pwm_trans' returned '0': CMAKE_PREFIX_PATH=${CMAKE_PREFIX_PATH}:/opt/ros/foxy _=/usr/bin/env /usr/bin/cmake --build /home/moonly/fpv_ros2_workspace/build/pwm_trans -- -j8 -l8[0m
[5.488s] [34mcolcon.colcon_core.event_handler.log_command[0m [1;30mDEBUG[0m [32mInvoking command in '/home/moonly/fpv_ros2_workspace/build/pwm_trans': CMAKE_PREFIX_PATH=${CMAKE_PREFIX_PATH}:/opt/ros/foxy _=/usr/bin/env /usr/bin/cmake --install /home/moonly/fpv_ros2_workspace/build/pwm_trans[0m
[5.500s] [34mcolcon.colcon_core.environment[0m [1;30mLevel 1[0m create_environment_scripts_only(pwm_trans)
[5.501s] [34mcolcon.colcon_core.event_handler.log_command[0m [1;30mDEBUG[0m [32mInvoked command in '/home/moonly/fpv_ros2_workspace/build/pwm_trans' returned '0': CMAKE_PREFIX_PATH=${CMAKE_PREFIX_PATH}:/opt/ros/foxy _=/usr/bin/env /usr/bin/cmake --install /home/moonly/fpv_ros2_workspace/build/pwm_trans[0m
[5.502s] [34mcolcon.colcon_core.environment[0m [1;30mLevel 1[0m checking '/home/moonly/fpv_ros2_workspace/install/pwm_trans' for CMake module files
[5.503s] [34mcolcon.colcon_core.environment[0m [1;30mLevel 1[0m checking '/home/moonly/fpv_ros2_workspace/install/pwm_trans' for CMake config files
[5.503s] [34mcolcon.colcon_core.shell[0m [1;30mLevel 1[0m create_environment_hook('pwm_trans', 'cmake_prefix_path')
[5.503s] [34mcolcon.colcon_core.shell[0m [1;30mINFO[0m Creating environment hook '/home/moonly/fpv_ros2_workspace/install/pwm_trans/share/pwm_trans/hook/cmake_prefix_path.ps1'
[5.520s] [34mcolcon.colcon_core.shell[0m [1;30mINFO[0m Creating environment descriptor '/home/moonly/fpv_ros2_workspace/install/pwm_trans/share/pwm_trans/hook/cmake_prefix_path.dsv'
[5.521s] [34mcolcon.colcon_core.shell[0m [1;30mINFO[0m Creating environment hook '/home/moonly/fpv_ros2_workspace/install/pwm_trans/share/pwm_trans/hook/cmake_prefix_path.sh'
[5.522s] [34mcolcon.colcon_core.environment[0m [1;30mLevel 1[0m checking '/home/moonly/fpv_ros2_workspace/install/pwm_trans/lib'
[5.522s] [34mcolcon.colcon_core.environment[0m [1;30mLevel 1[0m checking '/home/moonly/fpv_ros2_workspace/install/pwm_trans/bin'
[5.522s] [34mcolcon.colcon_core.environment[0m [1;30mLevel 1[0m checking '/home/moonly/fpv_ros2_workspace/install/pwm_trans/lib/pkgconfig/pwm_trans.pc'
[5.522s] [34mcolcon.colcon_core.environment[0m [1;30mLevel 1[0m checking '/home/moonly/fpv_ros2_workspace/install/pwm_trans/lib/python3.8/site-packages'
[5.522s] [34mcolcon.colcon_core.environment[0m [1;30mLevel 1[0m checking '/home/moonly/fpv_ros2_workspace/install/pwm_trans/bin'
[5.522s] [34mcolcon.colcon_core.shell[0m [1;30mINFO[0m Creating package script '/home/moonly/fpv_ros2_workspace/install/pwm_trans/share/pwm_trans/package.ps1'
[5.523s] [34mcolcon.colcon_core.shell[0m [1;30mINFO[0m Creating package descriptor '/home/moonly/fpv_ros2_workspace/install/pwm_trans/share/pwm_trans/package.dsv'
[5.523s] [34mcolcon.colcon_core.shell[0m [1;30mINFO[0m Creating package script '/home/moonly/fpv_ros2_workspace/install/pwm_trans/share/pwm_trans/package.sh'
[5.523s] [34mcolcon.colcon_core.shell[0m [1;30mINFO[0m Creating package script '/home/moonly/fpv_ros2_workspace/install/pwm_trans/share/pwm_trans/package.bash'
[5.524s] [34mcolcon.colcon_core.shell[0m [1;30mINFO[0m Creating package script '/home/moonly/fpv_ros2_workspace/install/pwm_trans/share/pwm_trans/package.zsh'
[5.524s] [34mcolcon.colcon_core.environment[0m [1;30mLevel 1[0m create_file_with_runtime_dependencies(/home/moonly/fpv_ros2_workspace/install/pwm_trans/share/colcon-core/packages/pwm_trans)
[5.551s] [34mcolcon.colcon_core.environment[0m [1;30mLevel 1[0m create_environment_scripts_only(pwm_trans)
[5.551s] [34mcolcon.colcon_core.environment[0m [1;30mLevel 1[0m checking '/home/moonly/fpv_ros2_workspace/install/pwm_trans' for CMake module files
[5.551s] [34mcolcon.colcon_core.environment[0m [1;30mLevel 1[0m checking '/home/moonly/fpv_ros2_workspace/install/pwm_trans' for CMake config files
[5.552s] [34mcolcon.colcon_core.shell[0m [1;30mLevel 1[0m create_environment_hook('pwm_trans', 'cmake_prefix_path')
[5.552s] [34mcolcon.colcon_core.shell[0m [1;30mINFO[0m Creating environment hook '/home/moonly/fpv_ros2_workspace/install/pwm_trans/share/pwm_trans/hook/cmake_prefix_path.ps1'
[5.552s] [34mcolcon.colcon_core.shell[0m [1;30mINFO[0m Creating environment descriptor '/home/moonly/fpv_ros2_workspace/install/pwm_trans/share/pwm_trans/hook/cmake_prefix_path.dsv'
[5.552s] [34mcolcon.colcon_core.shell[0m [1;30mINFO[0m Creating environment hook '/home/moonly/fpv_ros2_workspace/install/pwm_trans/share/pwm_trans/hook/cmake_prefix_path.sh'
[5.553s] [34mcolcon.colcon_core.environment[0m [1;30mLevel 1[0m checking '/home/moonly/fpv_ros2_workspace/install/pwm_trans/lib'
[5.553s] [34mcolcon.colcon_core.environment[0m [1;30mLevel 1[0m checking '/home/moonly/fpv_ros2_workspace/install/pwm_trans/bin'
[5.553s] [34mcolcon.colcon_core.environment[0m [1;30mLevel 1[0m checking '/home/moonly/fpv_ros2_workspace/install/pwm_trans/lib/pkgconfig/pwm_trans.pc'
[5.553s] [34mcolcon.colcon_core.environment[0m [1;30mLevel 1[0m checking '/home/moonly/fpv_ros2_workspace/install/pwm_trans/lib/python3.8/site-packages'
[5.553s] [34mcolcon.colcon_core.environment[0m [1;30mLevel 1[0m checking '/home/moonly/fpv_ros2_workspace/install/pwm_trans/bin'
[5.553s] [34mcolcon.colcon_core.shell[0m [1;30mINFO[0m Creating package script '/home/moonly/fpv_ros2_workspace/install/pwm_trans/share/pwm_trans/package.ps1'
[5.554s] [34mcolcon.colcon_core.shell[0m [1;30mINFO[0m Creating package descriptor '/home/moonly/fpv_ros2_workspace/install/pwm_trans/share/pwm_trans/package.dsv'
[5.554s] [34mcolcon.colcon_core.shell[0m [1;30mINFO[0m Creating package script '/home/moonly/fpv_ros2_workspace/install/pwm_trans/share/pwm_trans/package.sh'
[5.554s] [34mcolcon.colcon_core.shell[0m [1;30mINFO[0m Creating package script '/home/moonly/fpv_ros2_workspace/install/pwm_trans/share/pwm_trans/package.bash'
[5.555s] [34mcolcon.colcon_core.shell[0m [1;30mINFO[0m Creating package script '/home/moonly/fpv_ros2_workspace/install/pwm_trans/share/pwm_trans/package.zsh'
[5.555s] [34mcolcon.colcon_core.environment[0m [1;30mLevel 1[0m create_file_with_runtime_dependencies(/home/moonly/fpv_ros2_workspace/install/pwm_trans/share/colcon-core/packages/pwm_trans)
[5.555s] [34mcolcon.colcon_parallel_executor.executor.parallel[0m [1;30mDEBUG[0m [32mclosing loop[0m
[5.555s] [34mcolcon.colcon_parallel_executor.executor.parallel[0m [1;30mDEBUG[0m [32mloop closed[0m
[5.555s] [34mcolcon.colcon_parallel_executor.executor.parallel[0m [1;30mDEBUG[0m [32mrun_until_complete finished with '0'[0m
[5.555s] [34mcolcon.colcon_core.event_reactor[0m [1;30mDEBUG[0m [32mjoining thread[0m
[5.559s] [34mcolcon.colcon_core.plugin_system[0m [1;30mINFO[0m Skipping extension 'colcon_notification.desktop_notification.terminal_notifier': Not used on non-Darwin systems
[5.559s] [34mcolcon.colcon_core.plugin_system[0m [1;30mINFO[0m Skipping extension 'colcon_notification.desktop_notification.win32': Not used on non-Windows systems
[5.559s] [34mcolcon.colcon_notification.desktop_notification[0m [1;30mINFO[0m Sending desktop notification using 'notify2'
[5.570s] [34mcolcon.colcon_core.event_reactor[0m [1;30mDEBUG[0m [32mjoined thread[0m
[5.570s] [34mcolcon.colcon_core.shell[0m [1;30mINFO[0m Creating prefix script '/home/moonly/fpv_ros2_workspace/install/local_setup.ps1'
[5.571s] [34mcolcon.colcon_core.shell[0m [1;30mINFO[0m Creating prefix util module '/home/moonly/fpv_ros2_workspace/install/_local_setup_util_ps1.py'
[5.572s] [34mcolcon.colcon_core.shell[0m [1;30mINFO[0m Creating prefix chain script '/home/moonly/fpv_ros2_workspace/install/setup.ps1'
[5.573s] [34mcolcon.colcon_core.shell[0m [1;30mINFO[0m Creating prefix script '/home/moonly/fpv_ros2_workspace/install/local_setup.sh'
[5.574s] [34mcolcon.colcon_core.shell[0m [1;30mINFO[0m Creating prefix util module '/home/moonly/fpv_ros2_workspace/install/_local_setup_util_sh.py'
[5.574s] [34mcolcon.colcon_core.shell[0m [1;30mINFO[0m Creating prefix chain script '/home/moonly/fpv_ros2_workspace/install/setup.sh'
[5.575s] [34mcolcon.colcon_core.shell[0m [1;30mINFO[0m Creating prefix script '/home/moonly/fpv_ros2_workspace/install/local_setup.bash'
[5.575s] [34mcolcon.colcon_core.shell[0m [1;30mINFO[0m Creating prefix chain script '/home/moonly/fpv_ros2_workspace/install/setup.bash'
[5.576s] [34mcolcon.colcon_core.shell[0m [1;30mINFO[0m Creating prefix script '/home/moonly/fpv_ros2_workspace/install/local_setup.zsh'
[5.576s] [34mcolcon.colcon_core.shell[0m [1;30mINFO[0m Creating prefix chain script '/home/moonly/fpv_ros2_workspace/install/setup.zsh'
