[ 66%] Built target dgps_ros2_exe
[100%] Built target dgps_ros2_node
-- Install configuration: ""
-- Up-to-date: /home/moonly/fpv_ros2_workspace/install/dgps_ros2/lib/dgps_ros2/dgps_ros2_exe
-- Up-to-date: /home/moonly/fpv_ros2_workspace/install/dgps_ros2/lib/libdgps_ros2_node.so
-- Up-to-date: /home/moonly/fpv_ros2_workspace/install/dgps_ros2/include
-- Up-to-date: /home/moonly/fpv_ros2_workspace/install/dgps_ros2/include/dgps_ros2
-- Up-to-date: /home/moonly/fpv_ros2_workspace/install/dgps_ros2/include/dgps_ros2/serial.h
-- Up-to-date: /home/moonly/fpv_ros2_workspace/install/dgps_ros2/include/dgps_ros2/ntrip.h
-- Up-to-date: /home/moonly/fpv_ros2_workspace/install/dgps_ros2/share/dgps_ros2/launch
-- Up-to-date: /home/moonly/fpv_ros2_workspace/install/dgps_ros2/share/dgps_ros2/launch/dgps_ros2.launch.py
-- Up-to-date: /home/moonly/fpv_ros2_workspace/install/dgps_ros2/share/dgps_ros2/environment/library_path.sh
-- Up-to-date: /home/moonly/fpv_ros2_workspace/install/dgps_ros2/share/dgps_ros2/environment/library_path.dsv
-- Up-to-date: /home/moonly/fpv_ros2_workspace/install/dgps_ros2/share/ament_index/resource_index/package_run_dependencies/dgps_ros2
-- Up-to-date: /home/moonly/fpv_ros2_workspace/install/dgps_ros2/share/ament_index/resource_index/parent_prefix_path/dgps_ros2
-- Up-to-date: /home/moonly/fpv_ros2_workspace/install/dgps_ros2/share/dgps_ros2/environment/ament_prefix_path.sh
-- Up-to-date: /home/moonly/fpv_ros2_workspace/install/dgps_ros2/share/dgps_ros2/environment/ament_prefix_path.dsv
-- Up-to-date: /home/moonly/fpv_ros2_workspace/install/dgps_ros2/share/dgps_ros2/environment/path.sh
-- Up-to-date: /home/moonly/fpv_ros2_workspace/install/dgps_ros2/share/dgps_ros2/environment/path.dsv
-- Up-to-date: /home/moonly/fpv_ros2_workspace/install/dgps_ros2/share/dgps_ros2/local_setup.bash
-- Up-to-date: /home/moonly/fpv_ros2_workspace/install/dgps_ros2/share/dgps_ros2/local_setup.sh
-- Up-to-date: /home/moonly/fpv_ros2_workspace/install/dgps_ros2/share/dgps_ros2/local_setup.zsh
-- Up-to-date: /home/moonly/fpv_ros2_workspace/install/dgps_ros2/share/dgps_ros2/local_setup.dsv
-- Installing: /home/moonly/fpv_ros2_workspace/install/dgps_ros2/share/dgps_ros2/package.dsv
-- Up-to-date: /home/moonly/fpv_ros2_workspace/install/dgps_ros2/share/ament_index/resource_index/packages/dgps_ros2
-- Up-to-date: /home/moonly/fpv_ros2_workspace/install/dgps_ros2/share/ament_index/resource_index/rclcpp_components/dgps_ros2
-- Up-to-date: /home/moonly/fpv_ros2_workspace/install/dgps_ros2/share/dgps_ros2/cmake/ament_cmake_export_dependencies-extras.cmake
-- Up-to-date: /home/moonly/fpv_ros2_workspace/install/dgps_ros2/share/dgps_ros2/cmake/ament_cmake_export_include_directories-extras.cmake
-- Up-to-date: /home/moonly/fpv_ros2_workspace/install/dgps_ros2/share/dgps_ros2/cmake/ament_cmake_export_libraries-extras.cmake
-- Up-to-date: /home/moonly/fpv_ros2_workspace/install/dgps_ros2/share/dgps_ros2/cmake/dgps_ros2Config.cmake
-- Up-to-date: /home/moonly/fpv_ros2_workspace/install/dgps_ros2/share/dgps_ros2/cmake/dgps_ros2Config-version.cmake
-- Up-to-date: /home/moonly/fpv_ros2_workspace/install/dgps_ros2/share/dgps_ros2/package.xml
