[0.077s] Invoking command in '/home/moonly/fpv_ros2_workspace/build/manual_control': CMAKE_PREFIX_PATH=${CMAKE_PREFIX_PATH}:/opt/ros/foxy _=/usr/bin/env /usr/bin/cmake /home/moonly/fpv_ros2_workspace/src/manual_control -DCMAKE_INSTALL_PREFIX=/home/moonly/fpv_ros2_workspace/install/manual_control
[0.183s] -- The C compiler identification is GNU 9.4.0
[0.261s] -- The CXX compiler identification is GNU 9.4.0
[0.266s] -- Check for working C compiler: /usr/bin/cc
[0.359s] -- Check for working C compiler: /usr/bin/cc -- works
[0.359s] -- Detecting C compiler ABI info
[0.427s] -- Detecting C compiler ABI info - done
[0.439s] -- Detecting C compile features
[0.439s] -- Detecting C compile features - done
[0.443s] -- Check for working CXX compiler: /usr/bin/c++
[0.549s] -- Check for working CXX compiler: /usr/bin/c++ -- works
[0.549s] -- Detecting CXX compiler ABI info
[0.672s] -- Detecting CXX compiler ABI info - done
[0.687s] -- Detecting CXX compile features
[0.687s] -- Detecting CXX compile features - done
[0.690s] -- Found ament_cmake: 0.9.12 (/opt/ros/foxy/share/ament_cmake/cmake)
[0.722s] -- Found PythonInterp: /usr/bin/python3 (found suitable version "3.8.10", minimum required is "3") 
[0.722s] -- Using PYTHON_EXECUTABLE: /usr/bin/python3
[0.998s] -- Found ament_lint_auto: 0.9.8 (/opt/ros/foxy/share/ament_lint_auto/cmake)
[1.085s] -- Found rclcpp: 2.4.3 (/opt/ros/foxy/share/rclcpp/cmake)
[1.142s] -- Using all available rosidl_typesupport_c: rosidl_typesupport_fastrtps_c;rosidl_typesupport_introspection_c
[1.149s] -- Found rosidl_adapter: 1.3.1 (/opt/ros/foxy/share/rosidl_adapter/cmake)
[1.251s] -- Found OpenSSL: /usr/lib/x86_64-linux-gnu/libcrypto.so (found version "1.1.1f")  
[1.299s] -- Found FastRTPS: /opt/ros/foxy/include  
[1.426s] -- Using all available rosidl_typesupport_cpp: rosidl_typesupport_fastrtps_cpp;rosidl_typesupport_introspection_cpp
[1.515s] -- Found rmw_implementation_cmake: 1.0.4 (/opt/ros/foxy/share/rmw_implementation_cmake/cmake)
[1.517s] -- Using RMW implementation 'rmw_fastrtps_cpp' as default
[1.520s] -- Looking for pthread.h
[1.620s] -- Looking for pthread.h - found
[1.620s] -- Performing Test CMAKE_HAVE_LIBC_PTHREAD
[1.761s] -- Performing Test CMAKE_HAVE_LIBC_PTHREAD - Failed
[1.761s] -- Looking for pthread_create in pthreads
[1.837s] -- Looking for pthread_create in pthreads - not found
[1.841s] -- Looking for pthread_create in pthread
[1.965s] -- Looking for pthread_create in pthread - found
[1.967s] -- Found Threads: TRUE  
[2.390s] -- Found geometry_msgs: 2.0.5 (/opt/ros/foxy/share/geometry_msgs/cmake)
[2.448s] -- Found sensor_msgs: 2.0.5 (/opt/ros/foxy/share/sensor_msgs/cmake)
[2.597s] CMake Error at CMakeLists.txt:47 (find_package):
[2.597s]   By not providing "Findfpv_msgs.cmake" in CMAKE_MODULE_PATH this project has
[2.597s]   asked CMake to find a package configuration file provided by "fpv_msgs",
[2.597s]   but CMake did not find one.
[2.597s] 
[2.597s]   Could not find a package configuration file provided by "fpv_msgs" with any
[2.597s]   of the following names:
[2.597s] 
[2.598s]     fpv_msgsConfig.cmake
[2.598s]     fpv_msgs-config.cmake
[2.598s] 
[2.598s]   Add the installation prefix of "fpv_msgs" to CMAKE_PREFIX_PATH or set
[2.598s]   "fpv_msgs_DIR" to a directory containing one of the above files.  If
[2.598s]   "fpv_msgs" provides a separate development package or SDK, be sure it has
[2.598s]   been installed.
[2.598s] 
[2.598s] 
[2.606s] -- Configuring incomplete, errors occurred!
[2.606s] See also "/home/moonly/fpv_ros2_workspace/build/manual_control/CMakeFiles/CMakeOutput.log".
[2.606s] See also "/home/moonly/fpv_ros2_workspace/build/manual_control/CMakeFiles/CMakeError.log".
[2.630s] Invoked command in '/home/moonly/fpv_ros2_workspace/build/manual_control' returned '1': CMAKE_PREFIX_PATH=${CMAKE_PREFIX_PATH}:/opt/ros/foxy _=/usr/bin/env /usr/bin/cmake /home/moonly/fpv_ros2_workspace/src/manual_control -DCMAKE_INSTALL_PREFIX=/home/moonly/fpv_ros2_workspace/install/manual_control
