[0.071s] Invoking command in '/home/moonly/fpv_ros2_workspace/build/auto_control': CMAKE_PREFIX_PATH=${CMAKE_PREFIX_PATH}:/opt/ros/foxy _=/usr/bin/env /usr/bin/cmake --build /home/moonly/fpv_ros2_workspace/build/auto_control -- -j8 -l8
[0.114s] -- Found ament_cmake: 0.9.12 (/opt/ros/foxy/share/ament_cmake/cmake)
[0.142s] -- Using PYTHON_EXECUTABLE: /usr/bin/python3
[0.400s] -- Found ament_lint_auto: 0.9.8 (/opt/ros/foxy/share/ament_lint_auto/cmake)
[0.464s] -- Found rclcpp: 2.4.3 (/opt/ros/foxy/share/rclcpp/cmake)
[0.495s] -- Using all available rosidl_typesupport_c: rosidl_typesupport_fastrtps_c;rosidl_typesupport_introspection_c
[0.498s] -- Found rosidl_adapter: 1.3.1 (/opt/ros/foxy/share/rosidl_adapter/cmake)
[0.655s] -- Using all available rosidl_typesupport_cpp: rosidl_typesupport_fastrtps_cpp;rosidl_typesupport_introspection_cpp
[0.706s] -- Found rmw_implementation_cmake: 1.0.4 (/opt/ros/foxy/share/rmw_implementation_cmake/cmake)
[0.707s] -- Using RMW implementation 'rmw_fastrtps_cpp' as default
[0.902s] -- Found geometry_msgs: 2.0.5 (/opt/ros/foxy/share/geometry_msgs/cmake)
[0.947s] -- Found sensor_msgs: 2.0.5 (/opt/ros/foxy/share/sensor_msgs/cmake)
[1.012s] -- Found fpv_msgs: 0.0.0 (/home/moonly/fpv_ros2_workspace/install/fpv_msgs/share/fpv_msgs/cmake)
[1.026s] -- Added test 'copyright' to check source files copyright and LICENSE
[1.027s] -- Added test 'cppcheck' to perform static code analysis on C / C++ code
[1.027s] -- Configured cppcheck include dirs: /home/moonly/fpv_ros2_workspace/src/auto_control/include
[1.027s] -- Configured cppcheck exclude dirs and/or files: 
[1.027s] -- Added test 'cpplint' to check C / C++ code against the Google style
[1.027s] -- Configured cpplint exclude dirs and/or files: 
[1.027s] -- Added test 'lint_cmake' to check CMake code style
[1.028s] -- Added test 'uncrustify' to check C / C++ code style
[1.028s] -- Configured uncrustify additional arguments: 
[1.028s] -- Added test 'xmllint' to check XML markup files
[1.030s] -- Configuring done
[1.043s] -- Generating done
[1.045s] -- Build files have been written to: /home/moonly/fpv_ros2_workspace/build/auto_control
[1.084s] [35m[1mScanning dependencies of target auto_control[0m
[1.120s] [ 50%] [32mBuilding CXX object CMakeFiles/auto_control.dir/src/Auto_control.cpp.o[0m
[3.675s] [100%] [32m[1mLinking CXX executable auto_control[0m
[3.855s] [100%] Built target auto_control
