[0.081s] Invoking command in '/home/moonly/fpv_ros2_workspace/build/fpv_msg_monitor': CMAKE_PREFIX_PATH=${CMAKE_PREFIX_PATH}:/opt/ros/foxy _=/usr/bin/env /usr/bin/cmake /home/moonly/fpv_ros2_workspace/src/fpv_msg_monitor -DCMAKE_INSTALL_PREFIX=/home/moonly/fpv_ros2_workspace/install/fpv_msg_monitor
[0.192s] -- Found ament_cmake: 0.9.12 (/opt/ros/foxy/share/ament_cmake/cmake)
[0.192s] -- Using PYTHON_EXECUTABLE: /usr/bin/python3
[0.884s] -- Found ament_lint_auto: 0.9.8 (/opt/ros/foxy/share/ament_lint_auto/cmake)
[1.109s] -- Found rclcpp: 2.4.3 (/opt/ros/foxy/share/rclcpp/cmake)
[1.215s] -- Using all available rosidl_typesupport_c: rosidl_typesupport_fastrtps_c;rosidl_typesupport_introspection_c
[1.239s] -- Found rosidl_adapter: 1.3.1 (/opt/ros/foxy/share/rosidl_adapter/cmake)
[1.627s] -- Using all available rosidl_typesupport_cpp: rosidl_typesupport_fastrtps_cpp;rosidl_typesupport_introspection_cpp
[1.886s] -- Found rmw_implementation_cmake: 1.0.4 (/opt/ros/foxy/share/rmw_implementation_cmake/cmake)
[1.904s] -- Using RMW implementation 'rmw_fastrtps_cpp' as default
[2.342s] -- Found mavros_msgs: 2.4.0 (/opt/ros/foxy/share/mavros_msgs/cmake)
[3.104s] -- Found fpv_msgs: 0.0.0 (/home/moonly/fpv_ros2_workspace/install/fpv_msgs/share/fpv_msgs/cmake)
[3.119s] -- Added test 'copyright' to check source files copyright and LICENSE
[3.122s] -- Added test 'cppcheck' to perform static code analysis on C / C++ code
[3.122s] -- Configured cppcheck include dirs: /home/moonly/fpv_ros2_workspace/src/fpv_msg_monitor/include
[3.122s] -- Configured cppcheck exclude dirs and/or files: 
[3.124s] -- Added test 'cpplint' to check C / C++ code against the Google style
[3.124s] -- Configured cpplint exclude dirs and/or files: 
[3.126s] -- Added test 'lint_cmake' to check CMake code style
[3.128s] -- Added test 'uncrustify' to check C / C++ code style
[3.128s] -- Configured uncrustify additional arguments: 
[3.128s] -- Added test 'xmllint' to check XML markup files
[3.132s] -- Configuring done
[3.150s] -- Generating done
[3.152s] -- Build files have been written to: /home/moonly/fpv_ros2_workspace/build/fpv_msg_monitor
[3.162s] Invoked command in '/home/moonly/fpv_ros2_workspace/build/fpv_msg_monitor' returned '0': CMAKE_PREFIX_PATH=${CMAKE_PREFIX_PATH}:/opt/ros/foxy _=/usr/bin/env /usr/bin/cmake /home/moonly/fpv_ros2_workspace/src/fpv_msg_monitor -DCMAKE_INSTALL_PREFIX=/home/moonly/fpv_ros2_workspace/install/fpv_msg_monitor
[3.166s] Invoking command in '/home/moonly/fpv_ros2_workspace/build/fpv_msg_monitor': CMAKE_PREFIX_PATH=${CMAKE_PREFIX_PATH}:/opt/ros/foxy _=/usr/bin/env /usr/bin/cmake --build /home/moonly/fpv_ros2_workspace/build/fpv_msg_monitor -- -j8 -l8
[3.249s] [35m[1mScanning dependencies of target fpv_msg_monitor[0m
[3.299s] [ 50%] [32mBuilding CXX object CMakeFiles/fpv_msg_monitor.dir/src/Fpv_msg_monitor.cpp.o[0m
[8.866s] [100%] [32m[1mLinking CXX executable fpv_msg_monitor[0m
[9.165s] [100%] Built target fpv_msg_monitor
