[35m[1mScanning dependencies of target dgps_ros2_node[0m
[ 33%] Built target dgps_ros2_exe
[ 50%] [32mBuilding CXX object CMakeFiles/dgps_ros2_node.dir/src/dgps_ros2_node.cpp.o[0m
In file included from [01m[K/home/moonly/px4_ros_com_ros2/src/dgps_ros2/dgps_ros2/include/dgps_ros2/ntrip.h:5[m[K,
                 from [01m[K/home/moonly/px4_ros_com_ros2/src/dgps_ros2/dgps_ros2/src/dgps_ros2_node.cpp:6[m[K:
[01m[K/home/moonly/px4_ros_com_ros2/src/dgps_ros2/dgps_ros2/include/dgps_ros2/serial.h:55:28:[m[K [01;35m[Kwarning: [m[K‘[01m[KSerialProtocol SerialGetProtocol(const char*, int*)[m[K’ defined but not used [[01;35m[K-Wunused-function[m[K]
   55 | static enum SerialProtocol [01;35m[KSerialGetProtocol[m[K(const char *buf, int *ressize)
      |                            [01;35m[K^~~~~~~~~~~~~~~~~[m[K
[01m[K/home/moonly/px4_ros_com_ros2/src/dgps_ros2/dgps_ros2/include/dgps_ros2/serial.h:33:26:[m[K [01;35m[Kwarning: [m[K‘[01m[KSerialParity SerialGetParity(const char*, int*)[m[K’ defined but not used [[01;35m[K-Wunused-function[m[K]
   33 | static enum SerialParity [01;35m[KSerialGetParity[m[K(const char *buf, int *ressize)
      |                          [01;35m[K^~~~~~~~~~~~~~~[m[K
[ 66%] [32m[1mLinking CXX shared library libdgps_ros2_node.so[0m
[100%] Built target dgps_ros2_node
-- Install configuration: ""
-- Up-to-date: /home/moonly/px4_ros_com_ros2/src/dgps_ros2/install/dgps_ros2/lib/dgps_ros2/dgps_ros2_exe
-- Installing: /home/moonly/px4_ros_com_ros2/src/dgps_ros2/install/dgps_ros2/lib/libdgps_ros2_node.so
-- Set runtime path of "/home/moonly/px4_ros_com_ros2/src/dgps_ros2/install/dgps_ros2/lib/libdgps_ros2_node.so" to ""
-- Up-to-date: /home/moonly/px4_ros_com_ros2/src/dgps_ros2/install/dgps_ros2/include
-- Up-to-date: /home/moonly/px4_ros_com_ros2/src/dgps_ros2/install/dgps_ros2/include/dgps_ros2
-- Up-to-date: /home/moonly/px4_ros_com_ros2/src/dgps_ros2/install/dgps_ros2/include/dgps_ros2/serial.h
-- Up-to-date: /home/moonly/px4_ros_com_ros2/src/dgps_ros2/install/dgps_ros2/include/dgps_ros2/ntrip.h
-- Up-to-date: /home/moonly/px4_ros_com_ros2/src/dgps_ros2/install/dgps_ros2/share/dgps_ros2/launch
-- Up-to-date: /home/moonly/px4_ros_com_ros2/src/dgps_ros2/install/dgps_ros2/share/dgps_ros2/launch/dgps_ros2.launch.py
-- Up-to-date: /home/moonly/px4_ros_com_ros2/src/dgps_ros2/install/dgps_ros2/share/dgps_ros2/environment/library_path.sh
-- Up-to-date: /home/moonly/px4_ros_com_ros2/src/dgps_ros2/install/dgps_ros2/share/dgps_ros2/environment/library_path.dsv
-- Up-to-date: /home/moonly/px4_ros_com_ros2/src/dgps_ros2/install/dgps_ros2/share/ament_index/resource_index/package_run_dependencies/dgps_ros2
-- Up-to-date: /home/moonly/px4_ros_com_ros2/src/dgps_ros2/install/dgps_ros2/share/ament_index/resource_index/parent_prefix_path/dgps_ros2
-- Up-to-date: /home/moonly/px4_ros_com_ros2/src/dgps_ros2/install/dgps_ros2/share/dgps_ros2/environment/ament_prefix_path.sh
-- Up-to-date: /home/moonly/px4_ros_com_ros2/src/dgps_ros2/install/dgps_ros2/share/dgps_ros2/environment/ament_prefix_path.dsv
-- Up-to-date: /home/moonly/px4_ros_com_ros2/src/dgps_ros2/install/dgps_ros2/share/dgps_ros2/environment/path.sh
-- Up-to-date: /home/moonly/px4_ros_com_ros2/src/dgps_ros2/install/dgps_ros2/share/dgps_ros2/environment/path.dsv
-- Up-to-date: /home/moonly/px4_ros_com_ros2/src/dgps_ros2/install/dgps_ros2/share/dgps_ros2/local_setup.bash
-- Up-to-date: /home/moonly/px4_ros_com_ros2/src/dgps_ros2/install/dgps_ros2/share/dgps_ros2/local_setup.sh
-- Up-to-date: /home/moonly/px4_ros_com_ros2/src/dgps_ros2/install/dgps_ros2/share/dgps_ros2/local_setup.zsh
-- Up-to-date: /home/moonly/px4_ros_com_ros2/src/dgps_ros2/install/dgps_ros2/share/dgps_ros2/local_setup.dsv
-- Installing: /home/moonly/px4_ros_com_ros2/src/dgps_ros2/install/dgps_ros2/share/dgps_ros2/package.dsv
-- Up-to-date: /home/moonly/px4_ros_com_ros2/src/dgps_ros2/install/dgps_ros2/share/ament_index/resource_index/packages/dgps_ros2
-- Up-to-date: /home/moonly/px4_ros_com_ros2/src/dgps_ros2/install/dgps_ros2/share/ament_index/resource_index/rclcpp_components/dgps_ros2
-- Up-to-date: /home/moonly/px4_ros_com_ros2/src/dgps_ros2/install/dgps_ros2/share/dgps_ros2/cmake/ament_cmake_export_dependencies-extras.cmake
-- Up-to-date: /home/moonly/px4_ros_com_ros2/src/dgps_ros2/install/dgps_ros2/share/dgps_ros2/cmake/ament_cmake_export_include_directories-extras.cmake
-- Up-to-date: /home/moonly/px4_ros_com_ros2/src/dgps_ros2/install/dgps_ros2/share/dgps_ros2/cmake/ament_cmake_export_libraries-extras.cmake
-- Up-to-date: /home/moonly/px4_ros_com_ros2/src/dgps_ros2/install/dgps_ros2/share/dgps_ros2/cmake/dgps_ros2Config.cmake
-- Up-to-date: /home/moonly/px4_ros_com_ros2/src/dgps_ros2/install/dgps_ros2/share/dgps_ros2/cmake/dgps_ros2Config-version.cmake
-- Up-to-date: /home/moonly/px4_ros_com_ros2/src/dgps_ros2/install/dgps_ros2/share/dgps_ros2/package.xml
