[0.098s] Invoking command in '/home/moonly/fpv_ros2_workspace/build/dgps_msgs': CMAKE_PREFIX_PATH=${CMAKE_PREFIX_PATH}:/opt/ros/foxy _=/usr/bin/env /usr/bin/cmake --build /home/moonly/fpv_ros2_workspace/build/dgps_msgs -- -j8 -l8
[0.194s] [ 10%] Built target dgps_msgs__rosidl_generator_c
[0.195s] [ 12%] Built target dgps_msgs__cpp
[0.254s] [ 23%] Built target dgps_msgs__rosidl_typesupport_introspection_c
[0.267s] [ 34%] Built target dgps_msgs__rosidl_typesupport_c
[0.275s] [ 44%] Built target dgps_msgs__rosidl_typesupport_introspection_cpp
[0.285s] [ 55%] Built target dgps_msgs__rosidl_typesupport_fastrtps_cpp
[0.288s] [ 65%] Built target dgps_msgs__rosidl_typesupport_cpp
[0.335s] [ 76%] Built target dgps_msgs__rosidl_typesupport_fastrtps_c
[0.380s] [ 76%] Built target dgps_msgs
[0.412s] [ 78%] Built target dgps_msgs__py
[0.466s] [ 87%] Built target dgps_msgs__python
[0.534s] [ 91%] Built target dgps_msgs__rosidl_typesupport_c__pyext
[0.545s] [ 95%] Built target dgps_msgs__rosidl_typesupport_fastrtps_c__pyext
[0.548s] [100%] Built target dgps_msgs__rosidl_typesupport_introspection_c__pyext
[0.579s] Invoked command in '/home/moonly/fpv_ros2_workspace/build/dgps_msgs' returned '0': CMAKE_PREFIX_PATH=${CMAKE_PREFIX_PATH}:/opt/ros/foxy _=/usr/bin/env /usr/bin/cmake --build /home/moonly/fpv_ros2_workspace/build/dgps_msgs -- -j8 -l8
[0.882s] Invoking command in '/home/moonly/fpv_ros2_workspace/build/dgps_msgs': CMAKE_PREFIX_PATH=${CMAKE_PREFIX_PATH}:/opt/ros/foxy _=/usr/bin/env /usr/bin/cmake --install /home/moonly/fpv_ros2_workspace/build/dgps_msgs
[0.895s] -- Install configuration: ""
[0.896s] -- Up-to-date: /home/moonly/fpv_ros2_workspace/install/dgps_msgs/share/ament_index/resource_index/rosidl_interfaces/dgps_msgs
[0.896s] -- Up-to-date: /home/moonly/fpv_ros2_workspace/install/dgps_msgs/include/dgps_msgs
[0.896s] -- Up-to-date: /home/moonly/fpv_ros2_workspace/install/dgps_msgs/include/dgps_msgs/msg
[0.896s] -- Up-to-date: /home/moonly/fpv_ros2_workspace/install/dgps_msgs/include/dgps_msgs/msg/detail
[0.896s] -- Up-to-date: /home/moonly/fpv_ros2_workspace/install/dgps_msgs/include/dgps_msgs/msg/detail/gnvtg__functions.h
[0.896s] -- Up-to-date: /home/moonly/fpv_ros2_workspace/install/dgps_msgs/include/dgps_msgs/msg/detail/gnvtg__functions.c
[0.897s] -- Up-to-date: /home/moonly/fpv_ros2_workspace/install/dgps_msgs/include/dgps_msgs/msg/detail/gpfpd__functions.c
[0.897s] -- Up-to-date: /home/moonly/fpv_ros2_workspace/install/dgps_msgs/include/dgps_msgs/msg/detail/gnvtg__struct.h
[0.897s] -- Up-to-date: /home/moonly/fpv_ros2_workspace/install/dgps_msgs/include/dgps_msgs/msg/detail/gtimu__type_support.h
[0.897s] -- Up-to-date: /home/moonly/fpv_ros2_workspace/install/dgps_msgs/include/dgps_msgs/msg/detail/gpfpd__type_support.h
[0.897s] -- Up-to-date: /home/moonly/fpv_ros2_workspace/install/dgps_msgs/include/dgps_msgs/msg/detail/gtimu__functions.h
[0.897s] -- Up-to-date: /home/moonly/fpv_ros2_workspace/install/dgps_msgs/include/dgps_msgs/msg/detail/gtimu__struct.h
[0.898s] -- Up-to-date: /home/moonly/fpv_ros2_workspace/install/dgps_msgs/include/dgps_msgs/msg/detail/gtimu__functions.c
[0.898s] -- Up-to-date: /home/moonly/fpv_ros2_workspace/install/dgps_msgs/include/dgps_msgs/msg/detail/gpfpd__functions.h
[0.898s] -- Up-to-date: /home/moonly/fpv_ros2_workspace/install/dgps_msgs/include/dgps_msgs/msg/detail/gpfpd__struct.h
[0.898s] -- Up-to-date: /home/moonly/fpv_ros2_workspace/install/dgps_msgs/include/dgps_msgs/msg/detail/gnvtg__type_support.h
[0.898s] -- Up-to-date: /home/moonly/fpv_ros2_workspace/install/dgps_msgs/include/dgps_msgs/msg/gpfpd.h
[0.898s] -- Up-to-date: /home/moonly/fpv_ros2_workspace/install/dgps_msgs/include/dgps_msgs/msg/gtimu.h
[0.899s] -- Up-to-date: /home/moonly/fpv_ros2_workspace/install/dgps_msgs/include/dgps_msgs/msg/gnvtg.h
[0.899s] -- Up-to-date: /home/moonly/fpv_ros2_workspace/install/dgps_msgs/include/dgps_msgs/msg/rosidl_generator_c__visibility_control.h
[0.899s] -- Up-to-date: /home/moonly/fpv_ros2_workspace/install/dgps_msgs/share/dgps_msgs/environment/library_path.sh
[0.899s] -- Up-to-date: /home/moonly/fpv_ros2_workspace/install/dgps_msgs/share/dgps_msgs/environment/library_path.dsv
[0.899s] -- Up-to-date: /home/moonly/fpv_ros2_workspace/install/dgps_msgs/lib/libdgps_msgs__rosidl_generator_c.so
[0.902s] -- Up-to-date: /home/moonly/fpv_ros2_workspace/install/dgps_msgs/include/dgps_msgs
[0.902s] -- Up-to-date: /home/moonly/fpv_ros2_workspace/install/dgps_msgs/include/dgps_msgs/msg
[0.902s] -- Up-to-date: /home/moonly/fpv_ros2_workspace/install/dgps_msgs/include/dgps_msgs/msg/detail
[0.902s] -- Up-to-date: /home/moonly/fpv_ros2_workspace/install/dgps_msgs/include/dgps_msgs/msg/detail/gtimu__rosidl_typesupport_fastrtps_c.h
[0.902s] -- Up-to-date: /home/moonly/fpv_ros2_workspace/install/dgps_msgs/include/dgps_msgs/msg/detail/gpfpd__rosidl_typesupport_fastrtps_c.h
[0.902s] -- Up-to-date: /home/moonly/fpv_ros2_workspace/install/dgps_msgs/include/dgps_msgs/msg/detail/gnvtg__rosidl_typesupport_fastrtps_c.h
[0.903s] -- Up-to-date: /home/moonly/fpv_ros2_workspace/install/dgps_msgs/include/dgps_msgs/msg/rosidl_typesupport_fastrtps_c__visibility_control.h
[0.903s] -- Up-to-date: /home/moonly/fpv_ros2_workspace/install/dgps_msgs/lib/libdgps_msgs__rosidl_typesupport_fastrtps_c.so
[0.903s] -- Up-to-date: /home/moonly/fpv_ros2_workspace/install/dgps_msgs/include/dgps_msgs
[0.903s] -- Up-to-date: /home/moonly/fpv_ros2_workspace/install/dgps_msgs/include/dgps_msgs/msg
[0.909s] -- Up-to-date: /home/moonly/fpv_ros2_workspace/install/dgps_msgs/include/dgps_msgs/msg/detail
[0.909s] -- Up-to-date: /home/moonly/fpv_ros2_workspace/install/dgps_msgs/include/dgps_msgs/msg/detail/dds_fastrtps
[0.909s] -- Up-to-date: /home/moonly/fpv_ros2_workspace/install/dgps_msgs/include/dgps_msgs/msg/detail/gpfpd__rosidl_typesupport_fastrtps_cpp.hpp
[0.910s] -- Up-to-date: /home/moonly/fpv_ros2_workspace/install/dgps_msgs/include/dgps_msgs/msg/detail/gnvtg__rosidl_typesupport_fastrtps_cpp.hpp
[0.910s] -- Up-to-date: /home/moonly/fpv_ros2_workspace/install/dgps_msgs/include/dgps_msgs/msg/detail/gtimu__rosidl_typesupport_fastrtps_cpp.hpp
[0.910s] -- Up-to-date: /home/moonly/fpv_ros2_workspace/install/dgps_msgs/include/dgps_msgs/msg/rosidl_typesupport_fastrtps_cpp__visibility_control.h
[0.910s] -- Up-to-date: /home/moonly/fpv_ros2_workspace/install/dgps_msgs/lib/libdgps_msgs__rosidl_typesupport_fastrtps_cpp.so
[0.911s] -- Up-to-date: /home/moonly/fpv_ros2_workspace/install/dgps_msgs/include/dgps_msgs
[0.911s] -- Up-to-date: /home/moonly/fpv_ros2_workspace/install/dgps_msgs/include/dgps_msgs/msg
[0.911s] -- Up-to-date: /home/moonly/fpv_ros2_workspace/install/dgps_msgs/include/dgps_msgs/msg/detail
[0.912s] -- Up-to-date: /home/moonly/fpv_ros2_workspace/install/dgps_msgs/include/dgps_msgs/msg/detail/gpfpd__type_support.c
[0.912s] -- Up-to-date: /home/moonly/fpv_ros2_workspace/install/dgps_msgs/include/dgps_msgs/msg/detail/gtimu__rosidl_typesupport_introspection_c.h
[0.913s] -- Up-to-date: /home/moonly/fpv_ros2_workspace/install/dgps_msgs/include/dgps_msgs/msg/detail/gnvtg__rosidl_typesupport_introspection_c.h
[0.913s] -- Up-to-date: /home/moonly/fpv_ros2_workspace/install/dgps_msgs/include/dgps_msgs/msg/detail/gnvtg__type_support.c
[0.913s] -- Up-to-date: /home/moonly/fpv_ros2_workspace/install/dgps_msgs/include/dgps_msgs/msg/detail/gtimu__type_support.c
[0.914s] -- Up-to-date: /home/moonly/fpv_ros2_workspace/install/dgps_msgs/include/dgps_msgs/msg/detail/gpfpd__rosidl_typesupport_introspection_c.h
[0.914s] -- Up-to-date: /home/moonly/fpv_ros2_workspace/install/dgps_msgs/include/dgps_msgs/msg/rosidl_typesupport_introspection_c__visibility_control.h
[0.914s] -- Up-to-date: /home/moonly/fpv_ros2_workspace/install/dgps_msgs/lib/libdgps_msgs__rosidl_typesupport_introspection_c.so
[0.915s] -- Up-to-date: /home/moonly/fpv_ros2_workspace/install/dgps_msgs/lib/libdgps_msgs__rosidl_typesupport_c.so
[0.915s] -- Up-to-date: /home/moonly/fpv_ros2_workspace/install/dgps_msgs/include/dgps_msgs
[0.915s] -- Up-to-date: /home/moonly/fpv_ros2_workspace/install/dgps_msgs/include/dgps_msgs/msg
[0.915s] -- Up-to-date: /home/moonly/fpv_ros2_workspace/install/dgps_msgs/include/dgps_msgs/msg/detail
[0.915s] -- Up-to-date: /home/moonly/fpv_ros2_workspace/install/dgps_msgs/include/dgps_msgs/msg/detail/gnvtg__struct.hpp
[0.915s] -- Up-to-date: /home/moonly/fpv_ros2_workspace/install/dgps_msgs/include/dgps_msgs/msg/detail/gpfpd__traits.hpp
[0.915s] -- Up-to-date: /home/moonly/fpv_ros2_workspace/install/dgps_msgs/include/dgps_msgs/msg/detail/gtimu__builder.hpp
[0.916s] -- Up-to-date: /home/moonly/fpv_ros2_workspace/install/dgps_msgs/include/dgps_msgs/msg/detail/gtimu__traits.hpp
[0.916s] -- Up-to-date: /home/moonly/fpv_ros2_workspace/install/dgps_msgs/include/dgps_msgs/msg/detail/gpfpd__struct.hpp
[0.916s] -- Up-to-date: /home/moonly/fpv_ros2_workspace/install/dgps_msgs/include/dgps_msgs/msg/detail/gpfpd__type_support.hpp
[0.916s] -- Up-to-date: /home/moonly/fpv_ros2_workspace/install/dgps_msgs/include/dgps_msgs/msg/detail/gtimu__struct.hpp
[0.916s] -- Up-to-date: /home/moonly/fpv_ros2_workspace/install/dgps_msgs/include/dgps_msgs/msg/detail/gnvtg__type_support.hpp
[0.916s] -- Up-to-date: /home/moonly/fpv_ros2_workspace/install/dgps_msgs/include/dgps_msgs/msg/detail/gpfpd__builder.hpp
[0.916s] -- Up-to-date: /home/moonly/fpv_ros2_workspace/install/dgps_msgs/include/dgps_msgs/msg/detail/gnvtg__builder.hpp
[0.916s] -- Up-to-date: /home/moonly/fpv_ros2_workspace/install/dgps_msgs/include/dgps_msgs/msg/detail/gtimu__type_support.hpp
[0.916s] -- Up-to-date: /home/moonly/fpv_ros2_workspace/install/dgps_msgs/include/dgps_msgs/msg/detail/gnvtg__traits.hpp
[0.916s] -- Up-to-date: /home/moonly/fpv_ros2_workspace/install/dgps_msgs/include/dgps_msgs/msg/gpfpd.hpp
[0.916s] -- Up-to-date: /home/moonly/fpv_ros2_workspace/install/dgps_msgs/include/dgps_msgs/msg/gtimu.hpp
[0.916s] -- Up-to-date: /home/moonly/fpv_ros2_workspace/install/dgps_msgs/include/dgps_msgs/msg/gnvtg.hpp
[0.916s] -- Up-to-date: /home/moonly/fpv_ros2_workspace/install/dgps_msgs/include/dgps_msgs/msg/rosidl_generator_cpp__visibility_control.hpp
[0.916s] -- Up-to-date: /home/moonly/fpv_ros2_workspace/install/dgps_msgs/include/dgps_msgs
[0.916s] -- Up-to-date: /home/moonly/fpv_ros2_workspace/install/dgps_msgs/include/dgps_msgs/msg
[0.917s] -- Up-to-date: /home/moonly/fpv_ros2_workspace/install/dgps_msgs/include/dgps_msgs/msg/detail
[0.917s] -- Up-to-date: /home/moonly/fpv_ros2_workspace/install/dgps_msgs/include/dgps_msgs/msg/detail/gnvtg__rosidl_typesupport_introspection_cpp.hpp
[0.917s] -- Up-to-date: /home/moonly/fpv_ros2_workspace/install/dgps_msgs/include/dgps_msgs/msg/detail/gnvtg__type_support.cpp
[0.917s] -- Up-to-date: /home/moonly/fpv_ros2_workspace/install/dgps_msgs/include/dgps_msgs/msg/detail/gpfpd__type_support.cpp
[0.917s] -- Up-to-date: /home/moonly/fpv_ros2_workspace/install/dgps_msgs/include/dgps_msgs/msg/detail/gtimu__type_support.cpp
[0.917s] -- Up-to-date: /home/moonly/fpv_ros2_workspace/install/dgps_msgs/include/dgps_msgs/msg/detail/gpfpd__rosidl_typesupport_introspection_cpp.hpp
[0.917s] -- Up-to-date: /home/moonly/fpv_ros2_workspace/install/dgps_msgs/include/dgps_msgs/msg/detail/gtimu__rosidl_typesupport_introspection_cpp.hpp
[0.917s] -- Up-to-date: /home/moonly/fpv_ros2_workspace/install/dgps_msgs/lib/libdgps_msgs__rosidl_typesupport_introspection_cpp.so
[0.917s] -- Up-to-date: /home/moonly/fpv_ros2_workspace/install/dgps_msgs/lib/libdgps_msgs__rosidl_typesupport_cpp.so
[0.918s] -- Up-to-date: /home/moonly/fpv_ros2_workspace/install/dgps_msgs/share/dgps_msgs/environment/pythonpath.sh
[0.918s] -- Up-to-date: /home/moonly/fpv_ros2_workspace/install/dgps_msgs/share/dgps_msgs/environment/pythonpath.dsv
[0.923s] -- Up-to-date: /home/moonly/fpv_ros2_workspace/install/dgps_msgs/lib/python3.8/site-packages/dgps_msgs/__init__.py
[0.938s] -- Up-to-date: /home/moonly/fpv_ros2_workspace/install/dgps_msgs/lib/python3.8/site-packages/dgps_msgs/msg
[0.938s] -- Up-to-date: /home/moonly/fpv_ros2_workspace/install/dgps_msgs/lib/python3.8/site-packages/dgps_msgs/msg/_gtimu_s.c
[0.938s] -- Up-to-date: /home/moonly/fpv_ros2_workspace/install/dgps_msgs/lib/python3.8/site-packages/dgps_msgs/msg/_gpfpd.py
[0.938s] -- Up-to-date: /home/moonly/fpv_ros2_workspace/install/dgps_msgs/lib/python3.8/site-packages/dgps_msgs/msg/__init__.py
[0.938s] -- Up-to-date: /home/moonly/fpv_ros2_workspace/install/dgps_msgs/lib/python3.8/site-packages/dgps_msgs/msg/_gnvtg_s.c
[0.939s] -- Up-to-date: /home/moonly/fpv_ros2_workspace/install/dgps_msgs/lib/python3.8/site-packages/dgps_msgs/msg/_gtimu.py
[0.939s] -- Up-to-date: /home/moonly/fpv_ros2_workspace/install/dgps_msgs/lib/python3.8/site-packages/dgps_msgs/msg/_gnvtg.py
[0.939s] -- Up-to-date: /home/moonly/fpv_ros2_workspace/install/dgps_msgs/lib/python3.8/site-packages/dgps_msgs/msg/_gpfpd_s.c
[0.939s] -- Up-to-date: /home/moonly/fpv_ros2_workspace/install/dgps_msgs/lib/python3.8/site-packages/dgps_msgs/dgps_msgs_s__rosidl_typesupport_fastrtps_c.cpython-38-x86_64-linux-gnu.so
[0.939s] -- Up-to-date: /home/moonly/fpv_ros2_workspace/install/dgps_msgs/lib/python3.8/site-packages/dgps_msgs/dgps_msgs_s__rosidl_typesupport_introspection_c.cpython-38-x86_64-linux-gnu.so
[0.939s] -- Up-to-date: /home/moonly/fpv_ros2_workspace/install/dgps_msgs/lib/python3.8/site-packages/dgps_msgs/dgps_msgs_s__rosidl_typesupport_c.cpython-38-x86_64-linux-gnu.so
[0.940s] -- Up-to-date: /home/moonly/fpv_ros2_workspace/install/dgps_msgs/lib/libdgps_msgs__python.so
[0.940s] -- Up-to-date: /home/moonly/fpv_ros2_workspace/install/dgps_msgs/share/dgps_msgs/msg/Gnvtg.idl
[0.940s] -- Up-to-date: /home/moonly/fpv_ros2_workspace/install/dgps_msgs/share/dgps_msgs/msg/Gpfpd.idl
[0.940s] -- Up-to-date: /home/moonly/fpv_ros2_workspace/install/dgps_msgs/share/dgps_msgs/msg/Gtimu.idl
[0.940s] -- Up-to-date: /home/moonly/fpv_ros2_workspace/install/dgps_msgs/share/dgps_msgs/msg/Gnvtg.msg
[0.941s] -- Up-to-date: /home/moonly/fpv_ros2_workspace/install/dgps_msgs/share/dgps_msgs/msg/Gpfpd.msg
[0.941s] -- Up-to-date: /home/moonly/fpv_ros2_workspace/install/dgps_msgs/share/dgps_msgs/msg/Gtimu.msg
[0.941s] -- Up-to-date: /home/moonly/fpv_ros2_workspace/install/dgps_msgs/share/ament_index/resource_index/package_run_dependencies/dgps_msgs
[0.941s] -- Up-to-date: /home/moonly/fpv_ros2_workspace/install/dgps_msgs/share/ament_index/resource_index/parent_prefix_path/dgps_msgs
[0.941s] -- Up-to-date: /home/moonly/fpv_ros2_workspace/install/dgps_msgs/share/dgps_msgs/environment/ament_prefix_path.sh
[0.941s] -- Up-to-date: /home/moonly/fpv_ros2_workspace/install/dgps_msgs/share/dgps_msgs/environment/ament_prefix_path.dsv
[0.941s] -- Up-to-date: /home/moonly/fpv_ros2_workspace/install/dgps_msgs/share/dgps_msgs/environment/path.sh
[0.941s] -- Up-to-date: /home/moonly/fpv_ros2_workspace/install/dgps_msgs/share/dgps_msgs/environment/path.dsv
[0.941s] -- Up-to-date: /home/moonly/fpv_ros2_workspace/install/dgps_msgs/share/dgps_msgs/local_setup.bash
[0.941s] -- Up-to-date: /home/moonly/fpv_ros2_workspace/install/dgps_msgs/share/dgps_msgs/local_setup.sh
[0.941s] -- Up-to-date: /home/moonly/fpv_ros2_workspace/install/dgps_msgs/share/dgps_msgs/local_setup.zsh
[0.942s] -- Up-to-date: /home/moonly/fpv_ros2_workspace/install/dgps_msgs/share/dgps_msgs/local_setup.dsv
[0.942s] -- Installing: /home/moonly/fpv_ros2_workspace/install/dgps_msgs/share/dgps_msgs/package.dsv
[0.942s] -- Up-to-date: /home/moonly/fpv_ros2_workspace/install/dgps_msgs/share/ament_index/resource_index/packages/dgps_msgs
[0.942s] -- Up-to-date: /home/moonly/fpv_ros2_workspace/install/dgps_msgs/share/dgps_msgs/cmake/dgps_msgs__rosidl_generator_cExport.cmake
[0.942s] -- Up-to-date: /home/moonly/fpv_ros2_workspace/install/dgps_msgs/share/dgps_msgs/cmake/dgps_msgs__rosidl_generator_cExport-noconfig.cmake
[0.942s] -- Up-to-date: /home/moonly/fpv_ros2_workspace/install/dgps_msgs/share/dgps_msgs/cmake/dgps_msgs__rosidl_typesupport_introspection_cExport.cmake
[0.942s] -- Up-to-date: /home/moonly/fpv_ros2_workspace/install/dgps_msgs/share/dgps_msgs/cmake/dgps_msgs__rosidl_typesupport_introspection_cExport-noconfig.cmake
[0.942s] -- Up-to-date: /home/moonly/fpv_ros2_workspace/install/dgps_msgs/share/dgps_msgs/cmake/dgps_msgs__rosidl_typesupport_cExport.cmake
[0.943s] -- Up-to-date: /home/moonly/fpv_ros2_workspace/install/dgps_msgs/share/dgps_msgs/cmake/dgps_msgs__rosidl_typesupport_cExport-noconfig.cmake
[0.943s] -- Up-to-date: /home/moonly/fpv_ros2_workspace/install/dgps_msgs/share/dgps_msgs/cmake/dgps_msgs__rosidl_generator_cppExport.cmake
[0.943s] -- Up-to-date: /home/moonly/fpv_ros2_workspace/install/dgps_msgs/share/dgps_msgs/cmake/dgps_msgs__rosidl_typesupport_introspection_cppExport.cmake
[0.943s] -- Up-to-date: /home/moonly/fpv_ros2_workspace/install/dgps_msgs/share/dgps_msgs/cmake/dgps_msgs__rosidl_typesupport_introspection_cppExport-noconfig.cmake
[0.943s] -- Up-to-date: /home/moonly/fpv_ros2_workspace/install/dgps_msgs/share/dgps_msgs/cmake/dgps_msgs__rosidl_typesupport_cppExport.cmake
[0.943s] -- Up-to-date: /home/moonly/fpv_ros2_workspace/install/dgps_msgs/share/dgps_msgs/cmake/dgps_msgs__rosidl_typesupport_cppExport-noconfig.cmake
[0.943s] -- Up-to-date: /home/moonly/fpv_ros2_workspace/install/dgps_msgs/share/dgps_msgs/cmake/rosidl_cmake-extras.cmake
[0.943s] -- Up-to-date: /home/moonly/fpv_ros2_workspace/install/dgps_msgs/share/dgps_msgs/cmake/ament_cmake_export_dependencies-extras.cmake
[0.944s] -- Up-to-date: /home/moonly/fpv_ros2_workspace/install/dgps_msgs/share/dgps_msgs/cmake/ament_cmake_export_libraries-extras.cmake
[0.944s] -- Up-to-date: /home/moonly/fpv_ros2_workspace/install/dgps_msgs/share/dgps_msgs/cmake/ament_cmake_export_targets-extras.cmake
[0.944s] -- Up-to-date: /home/moonly/fpv_ros2_workspace/install/dgps_msgs/share/dgps_msgs/cmake/ament_cmake_export_include_directories-extras.cmake
[0.944s] -- Up-to-date: /home/moonly/fpv_ros2_workspace/install/dgps_msgs/share/dgps_msgs/cmake/rosidl_cmake_export_typesupport_libraries-extras.cmake
[0.944s] -- Up-to-date: /home/moonly/fpv_ros2_workspace/install/dgps_msgs/share/dgps_msgs/cmake/rosidl_cmake_export_typesupport_targets-extras.cmake
[0.944s] -- Up-to-date: /home/moonly/fpv_ros2_workspace/install/dgps_msgs/share/dgps_msgs/cmake/dgps_msgsConfig.cmake
[0.944s] -- Up-to-date: /home/moonly/fpv_ros2_workspace/install/dgps_msgs/share/dgps_msgs/cmake/dgps_msgsConfig-version.cmake
[0.944s] -- Up-to-date: /home/moonly/fpv_ros2_workspace/install/dgps_msgs/share/dgps_msgs/package.xml
[0.946s] Invoked command in '/home/moonly/fpv_ros2_workspace/build/dgps_msgs' returned '0': CMAKE_PREFIX_PATH=${CMAKE_PREFIX_PATH}:/opt/ros/foxy _=/usr/bin/env /usr/bin/cmake --install /home/moonly/fpv_ros2_workspace/build/dgps_msgs
