[0.045s] Invoking command in '/home/moonly/fpv_ros2_workspace/build/pwm_trans': CMAKE_PREFIX_PATH=${CMAKE_PREFIX_PATH}:/opt/ros/foxy _=/usr/bin/env /usr/bin/cmake --build /home/moonly/fpv_ros2_workspace/build/pwm_trans -- -j8 -l8
[0.114s] -- Found ament_cmake: 0.9.12 (/opt/ros/foxy/share/ament_cmake/cmake)
[0.221s] -- Using PYTHON_EXECUTABLE: /usr/bin/python3
[0.776s] -- Found ament_lint_auto: 0.9.8 (/opt/ros/foxy/share/ament_lint_auto/cmake)
[0.882s] -- Found rclcpp: 2.4.3 (/opt/ros/foxy/share/rclcpp/cmake)
[0.939s] -- Using all available rosidl_typesupport_c: rosidl_typesupport_fastrtps_c;rosidl_typesupport_introspection_c
[0.945s] -- Found rosidl_adapter: 1.3.1 (/opt/ros/foxy/share/rosidl_adapter/cmake)
[1.021s] -- Found OpenSSL: /usr/lib/x86_64-linux-gnu/libcrypto.so (found version "1.1.1f")  
[1.048s] -- Found FastRTPS: /opt/ros/foxy/include  
[1.105s] -- Using all available rosidl_typesupport_cpp: rosidl_typesupport_fastrtps_cpp;rosidl_typesupport_introspection_cpp
[1.151s] -- Found rmw_implementation_cmake: 1.0.4 (/opt/ros/foxy/share/rmw_implementation_cmake/cmake)
[1.152s] -- Using RMW implementation 'rmw_fastrtps_cpp' as default
[1.153s] -- Looking for pthread.h
[1.232s] -- Looking for pthread.h - found
[1.232s] -- Performing Test CMAKE_HAVE_LIBC_PTHREAD
[1.284s] -- Performing Test CMAKE_HAVE_LIBC_PTHREAD - Failed
[1.286s] -- Looking for pthread_create in pthreads
[1.428s] -- Looking for pthread_create in pthreads - not found
[1.428s] -- Looking for pthread_create in pthread
[1.491s] -- Looking for pthread_create in pthread - found
[1.493s] -- Found Threads: TRUE  
[1.795s] -- Found geometry_msgs: 2.0.5 (/opt/ros/foxy/share/geometry_msgs/cmake)
[1.865s] -- Found sensor_msgs: 2.0.5 (/opt/ros/foxy/share/sensor_msgs/cmake)
[1.992s] -- Found fpv_msgs: 0.0.0 (/home/moonly/fpv_ros2_workspace/install/fpv_msgs/share/fpv_msgs/cmake)
[2.015s] CMake Error at /opt/ros/foxy/share/ament_cmake_target_dependencies/cmake/ament_target_dependencies.cmake:42 (message):
[2.016s]   ament_target_dependencies() the first argument must be a valid target name
[2.018s] Call Stack (most recent call first):
[2.019s]   CMakeLists.txt:49 (ament_target_dependencies)
[2.020s] 
[2.021s] 
[2.029s] -- Configuring incomplete, errors occurred!
[2.030s] See also "/home/moonly/fpv_ros2_workspace/build/pwm_trans/CMakeFiles/CMakeOutput.log".
[2.030s] See also "/home/moonly/fpv_ros2_workspace/build/pwm_trans/CMakeFiles/CMakeError.log".
[2.072s] make: *** [Makefile:222：cmake_check_build_system] 错误 1
[2.075s] Invoked command in '/home/moonly/fpv_ros2_workspace/build/pwm_trans' returned '2': CMAKE_PREFIX_PATH=${CMAKE_PREFIX_PATH}:/opt/ros/foxy _=/usr/bin/env /usr/bin/cmake --build /home/moonly/fpv_ros2_workspace/build/pwm_trans -- -j8 -l8
