[0.238s] Invoking command in '/home/moonly/fpv_ros2_workspace/build/dgps_msgs': CMAKE_PREFIX_PATH=${CMAKE_PREFIX_PATH}:/opt/ros/foxy _=/usr/bin/env /usr/bin/cmake --build /home/moonly/fpv_ros2_workspace/build/dgps_msgs -- -j8 -l8
[0.470s] [  2%] Built target dgps_msgs__cpp
[0.470s] [ 12%] Built target dgps_msgs__rosidl_generator_c
[0.583s] [ 29%] Built target dgps_msgs__rosidl_typesupport_fastrtps_cpp
[0.597s] [ 40%] Built target dgps_msgs__rosidl_typesupport_c
[0.608s] [ 44%] Built target dgps_msgs__rosidl_typesupport_introspection_cpp
[0.651s] [ 57%] Built target dgps_msgs__rosidl_typesupport_introspection_c
[0.665s] [ 65%] Built target dgps_msgs__rosidl_typesupport_cpp
[0.680s] [ 76%] Built target dgps_msgs__rosidl_typesupport_fastrtps_c
[0.731s] [ 76%] Built target dgps_msgs
[0.783s] [ 78%] Built target dgps_msgs__py
[0.842s] [ 87%] Built target dgps_msgs__python
[0.908s] [ 91%] Built target dgps_msgs__rosidl_typesupport_c__pyext
[0.951s] [ 95%] Built target dgps_msgs__rosidl_typesupport_fastrtps_c__pyext
[0.957s] [100%] Built target dgps_msgs__rosidl_typesupport_introspection_c__pyext
[1.039s] Invoked command in '/home/moonly/fpv_ros2_workspace/build/dgps_msgs' returned '0': CMAKE_PREFIX_PATH=${CMAKE_PREFIX_PATH}:/opt/ros/foxy _=/usr/bin/env /usr/bin/cmake --build /home/moonly/fpv_ros2_workspace/build/dgps_msgs -- -j8 -l8
[1.284s] Invoking command in '/home/moonly/fpv_ros2_workspace/build/dgps_msgs': CMAKE_PREFIX_PATH=${CMAKE_PREFIX_PATH}:/opt/ros/foxy _=/usr/bin/env /usr/bin/cmake --install /home/moonly/fpv_ros2_workspace/build/dgps_msgs
[1.298s] -- Install configuration: ""
[1.298s] -- Up-to-date: /home/moonly/fpv_ros2_workspace/install/dgps_msgs/share/ament_index/resource_index/rosidl_interfaces/dgps_msgs
[1.298s] -- Up-to-date: /home/moonly/fpv_ros2_workspace/install/dgps_msgs/include/dgps_msgs
[1.298s] -- Up-to-date: /home/moonly/fpv_ros2_workspace/install/dgps_msgs/include/dgps_msgs/msg
[1.298s] -- Up-to-date: /home/moonly/fpv_ros2_workspace/install/dgps_msgs/include/dgps_msgs/msg/detail
[1.299s] -- Up-to-date: /home/moonly/fpv_ros2_workspace/install/dgps_msgs/include/dgps_msgs/msg/detail/gnvtg__functions.h
[1.299s] -- Up-to-date: /home/moonly/fpv_ros2_workspace/install/dgps_msgs/include/dgps_msgs/msg/detail/gnvtg__functions.c
[1.299s] -- Up-to-date: /home/moonly/fpv_ros2_workspace/install/dgps_msgs/include/dgps_msgs/msg/detail/gpfpd__functions.c
[1.299s] -- Up-to-date: /home/moonly/fpv_ros2_workspace/install/dgps_msgs/include/dgps_msgs/msg/detail/gnvtg__struct.h
[1.299s] -- Up-to-date: /home/moonly/fpv_ros2_workspace/install/dgps_msgs/include/dgps_msgs/msg/detail/gtimu__type_support.h
[1.299s] -- Up-to-date: /home/moonly/fpv_ros2_workspace/install/dgps_msgs/include/dgps_msgs/msg/detail/gpfpd__type_support.h
[1.299s] -- Up-to-date: /home/moonly/fpv_ros2_workspace/install/dgps_msgs/include/dgps_msgs/msg/detail/gtimu__functions.h
[1.300s] -- Up-to-date: /home/moonly/fpv_ros2_workspace/install/dgps_msgs/include/dgps_msgs/msg/detail/gtimu__struct.h
[1.300s] -- Up-to-date: /home/moonly/fpv_ros2_workspace/install/dgps_msgs/include/dgps_msgs/msg/detail/gtimu__functions.c
[1.300s] -- Up-to-date: /home/moonly/fpv_ros2_workspace/install/dgps_msgs/include/dgps_msgs/msg/detail/gpfpd__functions.h
[1.300s] -- Up-to-date: /home/moonly/fpv_ros2_workspace/install/dgps_msgs/include/dgps_msgs/msg/detail/gpfpd__struct.h
[1.300s] -- Up-to-date: /home/moonly/fpv_ros2_workspace/install/dgps_msgs/include/dgps_msgs/msg/detail/gnvtg__type_support.h
[1.300s] -- Up-to-date: /home/moonly/fpv_ros2_workspace/install/dgps_msgs/include/dgps_msgs/msg/gpfpd.h
[1.300s] -- Up-to-date: /home/moonly/fpv_ros2_workspace/install/dgps_msgs/include/dgps_msgs/msg/gtimu.h
[1.301s] -- Up-to-date: /home/moonly/fpv_ros2_workspace/install/dgps_msgs/include/dgps_msgs/msg/gnvtg.h
[1.303s] -- Up-to-date: /home/moonly/fpv_ros2_workspace/install/dgps_msgs/include/dgps_msgs/msg/rosidl_generator_c__visibility_control.h
[1.303s] -- Up-to-date: /home/moonly/fpv_ros2_workspace/install/dgps_msgs/share/dgps_msgs/environment/library_path.sh
[1.303s] -- Up-to-date: /home/moonly/fpv_ros2_workspace/install/dgps_msgs/share/dgps_msgs/environment/library_path.dsv
[1.304s] -- Up-to-date: /home/moonly/fpv_ros2_workspace/install/dgps_msgs/lib/libdgps_msgs__rosidl_generator_c.so
[1.309s] -- Up-to-date: /home/moonly/fpv_ros2_workspace/install/dgps_msgs/include/dgps_msgs
[1.309s] -- Up-to-date: /home/moonly/fpv_ros2_workspace/install/dgps_msgs/include/dgps_msgs/msg
[1.309s] -- Up-to-date: /home/moonly/fpv_ros2_workspace/install/dgps_msgs/include/dgps_msgs/msg/detail
[1.311s] -- Up-to-date: /home/moonly/fpv_ros2_workspace/install/dgps_msgs/include/dgps_msgs/msg/detail/gtimu__rosidl_typesupport_fastrtps_c.h
[1.311s] -- Up-to-date: /home/moonly/fpv_ros2_workspace/install/dgps_msgs/include/dgps_msgs/msg/detail/gpfpd__rosidl_typesupport_fastrtps_c.h
[1.311s] -- Up-to-date: /home/moonly/fpv_ros2_workspace/install/dgps_msgs/include/dgps_msgs/msg/detail/gnvtg__rosidl_typesupport_fastrtps_c.h
[1.312s] -- Up-to-date: /home/moonly/fpv_ros2_workspace/install/dgps_msgs/include/dgps_msgs/msg/rosidl_typesupport_fastrtps_c__visibility_control.h
[1.312s] -- Up-to-date: /home/moonly/fpv_ros2_workspace/install/dgps_msgs/lib/libdgps_msgs__rosidl_typesupport_fastrtps_c.so
[1.312s] -- Up-to-date: /home/moonly/fpv_ros2_workspace/install/dgps_msgs/include/dgps_msgs
[1.312s] -- Up-to-date: /home/moonly/fpv_ros2_workspace/install/dgps_msgs/include/dgps_msgs/msg
[1.312s] -- Up-to-date: /home/moonly/fpv_ros2_workspace/install/dgps_msgs/include/dgps_msgs/msg/detail
[1.312s] -- Up-to-date: /home/moonly/fpv_ros2_workspace/install/dgps_msgs/include/dgps_msgs/msg/detail/dds_fastrtps
[1.313s] -- Up-to-date: /home/moonly/fpv_ros2_workspace/install/dgps_msgs/include/dgps_msgs/msg/detail/gpfpd__rosidl_typesupport_fastrtps_cpp.hpp
[1.313s] -- Up-to-date: /home/moonly/fpv_ros2_workspace/install/dgps_msgs/include/dgps_msgs/msg/detail/gnvtg__rosidl_typesupport_fastrtps_cpp.hpp
[1.313s] -- Up-to-date: /home/moonly/fpv_ros2_workspace/install/dgps_msgs/include/dgps_msgs/msg/detail/gtimu__rosidl_typesupport_fastrtps_cpp.hpp
[1.314s] -- Up-to-date: /home/moonly/fpv_ros2_workspace/install/dgps_msgs/include/dgps_msgs/msg/rosidl_typesupport_fastrtps_cpp__visibility_control.h
[1.314s] -- Up-to-date: /home/moonly/fpv_ros2_workspace/install/dgps_msgs/lib/libdgps_msgs__rosidl_typesupport_fastrtps_cpp.so
[1.314s] -- Up-to-date: /home/moonly/fpv_ros2_workspace/install/dgps_msgs/include/dgps_msgs
[1.314s] -- Up-to-date: /home/moonly/fpv_ros2_workspace/install/dgps_msgs/include/dgps_msgs/msg
[1.314s] -- Up-to-date: /home/moonly/fpv_ros2_workspace/install/dgps_msgs/include/dgps_msgs/msg/detail
[1.314s] -- Up-to-date: /home/moonly/fpv_ros2_workspace/install/dgps_msgs/include/dgps_msgs/msg/detail/gpfpd__type_support.c
[1.314s] -- Up-to-date: /home/moonly/fpv_ros2_workspace/install/dgps_msgs/include/dgps_msgs/msg/detail/gtimu__rosidl_typesupport_introspection_c.h
[1.314s] -- Up-to-date: /home/moonly/fpv_ros2_workspace/install/dgps_msgs/include/dgps_msgs/msg/detail/gnvtg__rosidl_typesupport_introspection_c.h
[1.314s] -- Up-to-date: /home/moonly/fpv_ros2_workspace/install/dgps_msgs/include/dgps_msgs/msg/detail/gnvtg__type_support.c
[1.315s] -- Up-to-date: /home/moonly/fpv_ros2_workspace/install/dgps_msgs/include/dgps_msgs/msg/detail/gtimu__type_support.c
[1.315s] -- Up-to-date: /home/moonly/fpv_ros2_workspace/install/dgps_msgs/include/dgps_msgs/msg/detail/gpfpd__rosidl_typesupport_introspection_c.h
[1.315s] -- Up-to-date: /home/moonly/fpv_ros2_workspace/install/dgps_msgs/include/dgps_msgs/msg/rosidl_typesupport_introspection_c__visibility_control.h
[1.315s] -- Up-to-date: /home/moonly/fpv_ros2_workspace/install/dgps_msgs/lib/libdgps_msgs__rosidl_typesupport_introspection_c.so
[1.315s] -- Up-to-date: /home/moonly/fpv_ros2_workspace/install/dgps_msgs/lib/libdgps_msgs__rosidl_typesupport_c.so
[1.315s] -- Up-to-date: /home/moonly/fpv_ros2_workspace/install/dgps_msgs/include/dgps_msgs
[1.315s] -- Up-to-date: /home/moonly/fpv_ros2_workspace/install/dgps_msgs/include/dgps_msgs/msg
[1.315s] -- Up-to-date: /home/moonly/fpv_ros2_workspace/install/dgps_msgs/include/dgps_msgs/msg/detail
[1.315s] -- Up-to-date: /home/moonly/fpv_ros2_workspace/install/dgps_msgs/include/dgps_msgs/msg/detail/gnvtg__struct.hpp
[1.315s] -- Up-to-date: /home/moonly/fpv_ros2_workspace/install/dgps_msgs/include/dgps_msgs/msg/detail/gpfpd__traits.hpp
[1.315s] -- Up-to-date: /home/moonly/fpv_ros2_workspace/install/dgps_msgs/include/dgps_msgs/msg/detail/gtimu__builder.hpp
[1.316s] -- Up-to-date: /home/moonly/fpv_ros2_workspace/install/dgps_msgs/include/dgps_msgs/msg/detail/gtimu__traits.hpp
[1.316s] -- Up-to-date: /home/moonly/fpv_ros2_workspace/install/dgps_msgs/include/dgps_msgs/msg/detail/gpfpd__struct.hpp
[1.316s] -- Up-to-date: /home/moonly/fpv_ros2_workspace/install/dgps_msgs/include/dgps_msgs/msg/detail/gpfpd__type_support.hpp
[1.316s] -- Up-to-date: /home/moonly/fpv_ros2_workspace/install/dgps_msgs/include/dgps_msgs/msg/detail/gtimu__struct.hpp
[1.316s] -- Up-to-date: /home/moonly/fpv_ros2_workspace/install/dgps_msgs/include/dgps_msgs/msg/detail/gnvtg__type_support.hpp
[1.316s] -- Up-to-date: /home/moonly/fpv_ros2_workspace/install/dgps_msgs/include/dgps_msgs/msg/detail/gpfpd__builder.hpp
[1.316s] -- Up-to-date: /home/moonly/fpv_ros2_workspace/install/dgps_msgs/include/dgps_msgs/msg/detail/gnvtg__builder.hpp
[1.316s] -- Up-to-date: /home/moonly/fpv_ros2_workspace/install/dgps_msgs/include/dgps_msgs/msg/detail/gtimu__type_support.hpp
[1.316s] -- Up-to-date: /home/moonly/fpv_ros2_workspace/install/dgps_msgs/include/dgps_msgs/msg/detail/gnvtg__traits.hpp
[1.317s] -- Up-to-date: /home/moonly/fpv_ros2_workspace/install/dgps_msgs/include/dgps_msgs/msg/gpfpd.hpp
[1.335s] -- Up-to-date: /home/moonly/fpv_ros2_workspace/install/dgps_msgs/include/dgps_msgs/msg/gtimu.hpp
[1.336s] -- Up-to-date: /home/moonly/fpv_ros2_workspace/install/dgps_msgs/include/dgps_msgs/msg/gnvtg.hpp
[1.337s] -- Up-to-date: /home/moonly/fpv_ros2_workspace/install/dgps_msgs/include/dgps_msgs/msg/rosidl_generator_cpp__visibility_control.hpp
[1.337s] -- Up-to-date: /home/moonly/fpv_ros2_workspace/install/dgps_msgs/include/dgps_msgs
[1.337s] -- Up-to-date: /home/moonly/fpv_ros2_workspace/install/dgps_msgs/include/dgps_msgs/msg
[1.337s] -- Up-to-date: /home/moonly/fpv_ros2_workspace/install/dgps_msgs/include/dgps_msgs/msg/detail
[1.337s] -- Up-to-date: /home/moonly/fpv_ros2_workspace/install/dgps_msgs/include/dgps_msgs/msg/detail/gnvtg__rosidl_typesupport_introspection_cpp.hpp
[1.337s] -- Up-to-date: /home/moonly/fpv_ros2_workspace/install/dgps_msgs/include/dgps_msgs/msg/detail/gnvtg__type_support.cpp
[1.337s] -- Up-to-date: /home/moonly/fpv_ros2_workspace/install/dgps_msgs/include/dgps_msgs/msg/detail/gpfpd__type_support.cpp
[1.337s] -- Up-to-date: /home/moonly/fpv_ros2_workspace/install/dgps_msgs/include/dgps_msgs/msg/detail/gtimu__type_support.cpp
[1.337s] -- Up-to-date: /home/moonly/fpv_ros2_workspace/install/dgps_msgs/include/dgps_msgs/msg/detail/gpfpd__rosidl_typesupport_introspection_cpp.hpp
[1.337s] -- Up-to-date: /home/moonly/fpv_ros2_workspace/install/dgps_msgs/include/dgps_msgs/msg/detail/gtimu__rosidl_typesupport_introspection_cpp.hpp
[1.337s] -- Up-to-date: /home/moonly/fpv_ros2_workspace/install/dgps_msgs/lib/libdgps_msgs__rosidl_typesupport_introspection_cpp.so
[1.337s] -- Up-to-date: /home/moonly/fpv_ros2_workspace/install/dgps_msgs/lib/libdgps_msgs__rosidl_typesupport_cpp.so
[1.338s] -- Up-to-date: /home/moonly/fpv_ros2_workspace/install/dgps_msgs/share/dgps_msgs/environment/pythonpath.sh
[1.338s] -- Up-to-date: /home/moonly/fpv_ros2_workspace/install/dgps_msgs/share/dgps_msgs/environment/pythonpath.dsv
[1.338s] -- Up-to-date: /home/moonly/fpv_ros2_workspace/install/dgps_msgs/lib/python3.8/site-packages/dgps_msgs/__init__.py
[1.363s] -- Up-to-date: /home/moonly/fpv_ros2_workspace/install/dgps_msgs/lib/python3.8/site-packages/dgps_msgs/msg
[1.363s] -- Up-to-date: /home/moonly/fpv_ros2_workspace/install/dgps_msgs/lib/python3.8/site-packages/dgps_msgs/msg/_gtimu_s.c
[1.363s] -- Up-to-date: /home/moonly/fpv_ros2_workspace/install/dgps_msgs/lib/python3.8/site-packages/dgps_msgs/msg/_gpfpd.py
[1.363s] -- Up-to-date: /home/moonly/fpv_ros2_workspace/install/dgps_msgs/lib/python3.8/site-packages/dgps_msgs/msg/__init__.py
[1.363s] -- Up-to-date: /home/moonly/fpv_ros2_workspace/install/dgps_msgs/lib/python3.8/site-packages/dgps_msgs/msg/_gnvtg_s.c
[1.363s] -- Up-to-date: /home/moonly/fpv_ros2_workspace/install/dgps_msgs/lib/python3.8/site-packages/dgps_msgs/msg/_gtimu.py
[1.363s] -- Up-to-date: /home/moonly/fpv_ros2_workspace/install/dgps_msgs/lib/python3.8/site-packages/dgps_msgs/msg/_gnvtg.py
[1.364s] -- Up-to-date: /home/moonly/fpv_ros2_workspace/install/dgps_msgs/lib/python3.8/site-packages/dgps_msgs/msg/_gpfpd_s.c
[1.364s] -- Up-to-date: /home/moonly/fpv_ros2_workspace/install/dgps_msgs/lib/python3.8/site-packages/dgps_msgs/dgps_msgs_s__rosidl_typesupport_fastrtps_c.cpython-38-x86_64-linux-gnu.so
[1.365s] -- Up-to-date: /home/moonly/fpv_ros2_workspace/install/dgps_msgs/lib/python3.8/site-packages/dgps_msgs/dgps_msgs_s__rosidl_typesupport_introspection_c.cpython-38-x86_64-linux-gnu.so
[1.368s] -- Up-to-date: /home/moonly/fpv_ros2_workspace/install/dgps_msgs/lib/python3.8/site-packages/dgps_msgs/dgps_msgs_s__rosidl_typesupport_c.cpython-38-x86_64-linux-gnu.so
[1.368s] -- Up-to-date: /home/moonly/fpv_ros2_workspace/install/dgps_msgs/lib/libdgps_msgs__python.so
[1.368s] -- Up-to-date: /home/moonly/fpv_ros2_workspace/install/dgps_msgs/share/dgps_msgs/msg/Gnvtg.idl
[1.368s] -- Up-to-date: /home/moonly/fpv_ros2_workspace/install/dgps_msgs/share/dgps_msgs/msg/Gpfpd.idl
[1.368s] -- Up-to-date: /home/moonly/fpv_ros2_workspace/install/dgps_msgs/share/dgps_msgs/msg/Gtimu.idl
[1.368s] -- Up-to-date: /home/moonly/fpv_ros2_workspace/install/dgps_msgs/share/dgps_msgs/msg/Gnvtg.msg
[1.368s] -- Up-to-date: /home/moonly/fpv_ros2_workspace/install/dgps_msgs/share/dgps_msgs/msg/Gpfpd.msg
[1.369s] -- Up-to-date: /home/moonly/fpv_ros2_workspace/install/dgps_msgs/share/dgps_msgs/msg/Gtimu.msg
[1.369s] -- Up-to-date: /home/moonly/fpv_ros2_workspace/install/dgps_msgs/share/ament_index/resource_index/package_run_dependencies/dgps_msgs
[1.369s] -- Up-to-date: /home/moonly/fpv_ros2_workspace/install/dgps_msgs/share/ament_index/resource_index/parent_prefix_path/dgps_msgs
[1.369s] -- Up-to-date: /home/moonly/fpv_ros2_workspace/install/dgps_msgs/share/dgps_msgs/environment/ament_prefix_path.sh
[1.369s] -- Up-to-date: /home/moonly/fpv_ros2_workspace/install/dgps_msgs/share/dgps_msgs/environment/ament_prefix_path.dsv
[1.369s] -- Up-to-date: /home/moonly/fpv_ros2_workspace/install/dgps_msgs/share/dgps_msgs/environment/path.sh
[1.369s] -- Up-to-date: /home/moonly/fpv_ros2_workspace/install/dgps_msgs/share/dgps_msgs/environment/path.dsv
[1.369s] -- Up-to-date: /home/moonly/fpv_ros2_workspace/install/dgps_msgs/share/dgps_msgs/local_setup.bash
[1.370s] -- Up-to-date: /home/moonly/fpv_ros2_workspace/install/dgps_msgs/share/dgps_msgs/local_setup.sh
[1.370s] -- Up-to-date: /home/moonly/fpv_ros2_workspace/install/dgps_msgs/share/dgps_msgs/local_setup.zsh
[1.370s] -- Up-to-date: /home/moonly/fpv_ros2_workspace/install/dgps_msgs/share/dgps_msgs/local_setup.dsv
[1.376s] -- Installing: /home/moonly/fpv_ros2_workspace/install/dgps_msgs/share/dgps_msgs/package.dsv
[1.377s] -- Up-to-date: /home/moonly/fpv_ros2_workspace/install/dgps_msgs/share/ament_index/resource_index/packages/dgps_msgs
[1.377s] -- Up-to-date: /home/moonly/fpv_ros2_workspace/install/dgps_msgs/share/dgps_msgs/cmake/dgps_msgs__rosidl_generator_cExport.cmake
[1.377s] -- Up-to-date: /home/moonly/fpv_ros2_workspace/install/dgps_msgs/share/dgps_msgs/cmake/dgps_msgs__rosidl_generator_cExport-noconfig.cmake
[1.377s] -- Up-to-date: /home/moonly/fpv_ros2_workspace/install/dgps_msgs/share/dgps_msgs/cmake/dgps_msgs__rosidl_typesupport_introspection_cExport.cmake
[1.377s] -- Up-to-date: /home/moonly/fpv_ros2_workspace/install/dgps_msgs/share/dgps_msgs/cmake/dgps_msgs__rosidl_typesupport_introspection_cExport-noconfig.cmake
[1.377s] -- Up-to-date: /home/moonly/fpv_ros2_workspace/install/dgps_msgs/share/dgps_msgs/cmake/dgps_msgs__rosidl_typesupport_cExport.cmake
[1.377s] -- Up-to-date: /home/moonly/fpv_ros2_workspace/install/dgps_msgs/share/dgps_msgs/cmake/dgps_msgs__rosidl_typesupport_cExport-noconfig.cmake
[1.377s] -- Up-to-date: /home/moonly/fpv_ros2_workspace/install/dgps_msgs/share/dgps_msgs/cmake/dgps_msgs__rosidl_generator_cppExport.cmake
[1.377s] -- Up-to-date: /home/moonly/fpv_ros2_workspace/install/dgps_msgs/share/dgps_msgs/cmake/dgps_msgs__rosidl_typesupport_introspection_cppExport.cmake
[1.377s] -- Up-to-date: /home/moonly/fpv_ros2_workspace/install/dgps_msgs/share/dgps_msgs/cmake/dgps_msgs__rosidl_typesupport_introspection_cppExport-noconfig.cmake
[1.378s] -- Up-to-date: /home/moonly/fpv_ros2_workspace/install/dgps_msgs/share/dgps_msgs/cmake/dgps_msgs__rosidl_typesupport_cppExport.cmake
[1.378s] -- Up-to-date: /home/moonly/fpv_ros2_workspace/install/dgps_msgs/share/dgps_msgs/cmake/dgps_msgs__rosidl_typesupport_cppExport-noconfig.cmake
[1.378s] -- Up-to-date: /home/moonly/fpv_ros2_workspace/install/dgps_msgs/share/dgps_msgs/cmake/rosidl_cmake-extras.cmake
[1.378s] -- Up-to-date: /home/moonly/fpv_ros2_workspace/install/dgps_msgs/share/dgps_msgs/cmake/ament_cmake_export_dependencies-extras.cmake
[1.378s] -- Up-to-date: /home/moonly/fpv_ros2_workspace/install/dgps_msgs/share/dgps_msgs/cmake/ament_cmake_export_libraries-extras.cmake
[1.378s] -- Up-to-date: /home/moonly/fpv_ros2_workspace/install/dgps_msgs/share/dgps_msgs/cmake/ament_cmake_export_targets-extras.cmake
[1.378s] -- Up-to-date: /home/moonly/fpv_ros2_workspace/install/dgps_msgs/share/dgps_msgs/cmake/ament_cmake_export_include_directories-extras.cmake
[1.379s] -- Up-to-date: /home/moonly/fpv_ros2_workspace/install/dgps_msgs/share/dgps_msgs/cmake/rosidl_cmake_export_typesupport_libraries-extras.cmake
[1.379s] -- Up-to-date: /home/moonly/fpv_ros2_workspace/install/dgps_msgs/share/dgps_msgs/cmake/rosidl_cmake_export_typesupport_targets-extras.cmake
[1.379s] -- Up-to-date: /home/moonly/fpv_ros2_workspace/install/dgps_msgs/share/dgps_msgs/cmake/dgps_msgsConfig.cmake
[1.379s] -- Up-to-date: /home/moonly/fpv_ros2_workspace/install/dgps_msgs/share/dgps_msgs/cmake/dgps_msgsConfig-version.cmake
[1.379s] -- Up-to-date: /home/moonly/fpv_ros2_workspace/install/dgps_msgs/share/dgps_msgs/package.xml
[1.380s] Invoked command in '/home/moonly/fpv_ros2_workspace/build/dgps_msgs' returned '0': CMAKE_PREFIX_PATH=${CMAKE_PREFIX_PATH}:/opt/ros/foxy _=/usr/bin/env /usr/bin/cmake --install /home/moonly/fpv_ros2_workspace/build/dgps_msgs
