[0.077s] Invoking command in '/home/moonly/fpv_ros2_workspace/build/manual_control': CMAKE_PREFIX_PATH=${CMAKE_PREFIX_PATH}:/opt/ros/foxy _=/usr/bin/env /usr/bin/cmake /home/moonly/fpv_ros2_workspace/src/manual_control -DCMAKE_INSTALL_PREFIX=/home/moonly/fpv_ros2_workspace/install/manual_control
[0.138s] -- Found ament_cmake: 0.9.12 (/opt/ros/foxy/share/ament_cmake/cmake)
[0.159s] -- Using PYTHON_EXECUTABLE: /usr/bin/python3
[0.762s] -- Found ament_lint_auto: 0.9.8 (/opt/ros/foxy/share/ament_lint_auto/cmake)
[1.072s] -- Found rclcpp: 2.4.3 (/opt/ros/foxy/share/rclcpp/cmake)
[1.262s] -- Using all available rosidl_typesupport_c: rosidl_typesupport_fastrtps_c;rosidl_typesupport_introspection_c
[1.267s] -- Found rosidl_adapter: 1.3.1 (/opt/ros/foxy/share/rosidl_adapter/cmake)
[1.708s] -- Using all available rosidl_typesupport_cpp: rosidl_typesupport_fastrtps_cpp;rosidl_typesupport_introspection_cpp
[1.889s] -- Found rmw_implementation_cmake: 1.0.4 (/opt/ros/foxy/share/rmw_implementation_cmake/cmake)
[1.897s] -- Using RMW implementation 'rmw_fastrtps_cpp' as default
[2.318s] -- Found geometry_msgs: 2.0.5 (/opt/ros/foxy/share/geometry_msgs/cmake)
[2.422s] -- Found sensor_msgs: 2.0.5 (/opt/ros/foxy/share/sensor_msgs/cmake)
[3.110s] CMake Error at CMakeLists.txt:47 (find_package):
[3.115s]   By not providing "Findfpv_msgs.cmake" in CMAKE_MODULE_PATH this project has
[3.116s]   asked CMake to find a package configuration file provided by "fpv_msgs",
[3.124s]   but CMake did not find one.
[3.124s] 
[3.124s]   Could not find a package configuration file provided by "fpv_msgs" with any
[3.124s]   of the following names:
[3.124s] 
[3.124s]     fpv_msgsConfig.cmake
[3.124s]     fpv_msgs-config.cmake
[3.124s] 
[3.124s]   Add the installation prefix of "fpv_msgs" to CMAKE_PREFIX_PATH or set
[3.125s]   "fpv_msgs_DIR" to a directory containing one of the above files.  If
[3.125s]   "fpv_msgs" provides a separate development package or SDK, be sure it has
[3.125s]   been installed.
[3.125s] 
[3.125s] 
[3.125s] -- Configuring incomplete, errors occurred!
[3.125s] See also "/home/moonly/fpv_ros2_workspace/build/manual_control/CMakeFiles/CMakeOutput.log".
[3.125s] See also "/home/moonly/fpv_ros2_workspace/build/manual_control/CMakeFiles/CMakeError.log".
