[0.353s] Invoking command in '/home/moonly/fpv_ros2_workspace/build/temp_msgs': CMAKE_PREFIX_PATH=${CMAKE_PREFIX_PATH}:/opt/ros/foxy _=/usr/bin/env /usr/bin/cmake --build /home/moonly/fpv_ros2_workspace/build/temp_msgs -- -j8 -l8
[0.850s] [  9%] Built target temp_msgs__rosidl_generator_c
[0.874s] [ 12%] Built target temp_msgs__cpp
[1.030s] [ 22%] Built target temp_msgs__rosidl_typesupport_cpp
[1.057s] [ 32%] Built target temp_msgs__rosidl_typesupport_introspection_c
[1.119s] [ 41%] Built target temp_msgs__rosidl_typesupport_c
[1.193s] [ 51%] Built target temp_msgs__rosidl_typesupport_introspection_cpp
[1.261s] [ 61%] Built target temp_msgs__rosidl_typesupport_fastrtps_cpp
[1.409s] [ 70%] Built target temp_msgs__rosidl_typesupport_fastrtps_c
[1.593s] [ 70%] Built target temp_msgs
[1.716s] [ 74%] Built target temp_msgs__py
[1.765s] [ 80%] Built target temp_msgs__python
[1.914s] [ 87%] Built target temp_msgs__rosidl_typesupport_fastrtps_c__pyext
[1.949s] [ 93%] Built target temp_msgs__rosidl_typesupport_c__pyext
[1.965s] [100%] Built target temp_msgs__rosidl_typesupport_introspection_c__pyext
[2.062s] Invoked command in '/home/moonly/fpv_ros2_workspace/build/temp_msgs' returned '0': CMAKE_PREFIX_PATH=${CMAKE_PREFIX_PATH}:/opt/ros/foxy _=/usr/bin/env /usr/bin/cmake --build /home/moonly/fpv_ros2_workspace/build/temp_msgs -- -j8 -l8
[2.494s] Invoking command in '/home/moonly/fpv_ros2_workspace/build/temp_msgs': CMAKE_PREFIX_PATH=${CMAKE_PREFIX_PATH}:/opt/ros/foxy _=/usr/bin/env /usr/bin/cmake --install /home/moonly/fpv_ros2_workspace/build/temp_msgs
[2.508s] -- Install configuration: ""
[2.511s] -- Up-to-date: /home/moonly/fpv_ros2_workspace/install/temp_msgs/share/ament_index/resource_index/rosidl_interfaces/temp_msgs
[2.513s] -- Up-to-date: /home/moonly/fpv_ros2_workspace/install/temp_msgs/include/temp_msgs
[2.516s] -- Up-to-date: /home/moonly/fpv_ros2_workspace/install/temp_msgs/include/temp_msgs/msg
[2.518s] -- Up-to-date: /home/moonly/fpv_ros2_workspace/install/temp_msgs/include/temp_msgs/msg/detail
[2.519s] -- Up-to-date: /home/moonly/fpv_ros2_workspace/install/temp_msgs/include/temp_msgs/msg/detail/temp_msg__struct.h
[2.520s] -- Up-to-date: /home/moonly/fpv_ros2_workspace/install/temp_msgs/include/temp_msgs/msg/detail/temp_msg__type_support.h
[2.521s] -- Up-to-date: /home/moonly/fpv_ros2_workspace/install/temp_msgs/include/temp_msgs/msg/detail/temp_msg__functions.h
[2.521s] -- Up-to-date: /home/moonly/fpv_ros2_workspace/install/temp_msgs/include/temp_msgs/msg/detail/temp_msg__functions.c
[2.522s] -- Up-to-date: /home/moonly/fpv_ros2_workspace/install/temp_msgs/include/temp_msgs/msg/temp_msg.h
[2.522s] -- Up-to-date: /home/moonly/fpv_ros2_workspace/install/temp_msgs/include/temp_msgs/msg/rosidl_generator_c__visibility_control.h
[2.522s] -- Up-to-date: /home/moonly/fpv_ros2_workspace/install/temp_msgs/share/temp_msgs/environment/library_path.sh
[2.522s] -- Up-to-date: /home/moonly/fpv_ros2_workspace/install/temp_msgs/share/temp_msgs/environment/library_path.dsv
[2.522s] -- Up-to-date: /home/moonly/fpv_ros2_workspace/install/temp_msgs/lib/libtemp_msgs__rosidl_generator_c.so
[2.522s] -- Up-to-date: /home/moonly/fpv_ros2_workspace/install/temp_msgs/include/temp_msgs
[2.522s] -- Up-to-date: /home/moonly/fpv_ros2_workspace/install/temp_msgs/include/temp_msgs/msg
[2.522s] -- Up-to-date: /home/moonly/fpv_ros2_workspace/install/temp_msgs/include/temp_msgs/msg/detail
[2.522s] -- Up-to-date: /home/moonly/fpv_ros2_workspace/install/temp_msgs/include/temp_msgs/msg/detail/temp_msg__rosidl_typesupport_fastrtps_c.h
[2.522s] -- Up-to-date: /home/moonly/fpv_ros2_workspace/install/temp_msgs/include/temp_msgs/msg/rosidl_typesupport_fastrtps_c__visibility_control.h
[2.522s] -- Up-to-date: /home/moonly/fpv_ros2_workspace/install/temp_msgs/lib/libtemp_msgs__rosidl_typesupport_fastrtps_c.so
[2.522s] -- Up-to-date: /home/moonly/fpv_ros2_workspace/install/temp_msgs/include/temp_msgs
[2.522s] -- Up-to-date: /home/moonly/fpv_ros2_workspace/install/temp_msgs/include/temp_msgs/msg
[2.523s] -- Up-to-date: /home/moonly/fpv_ros2_workspace/install/temp_msgs/include/temp_msgs/msg/detail
[2.526s] -- Up-to-date: /home/moonly/fpv_ros2_workspace/install/temp_msgs/include/temp_msgs/msg/detail/temp_msg__rosidl_typesupport_fastrtps_cpp.hpp
[2.532s] -- Up-to-date: /home/moonly/fpv_ros2_workspace/install/temp_msgs/include/temp_msgs/msg/detail/dds_fastrtps
[2.534s] -- Up-to-date: /home/moonly/fpv_ros2_workspace/install/temp_msgs/include/temp_msgs/msg/rosidl_typesupport_fastrtps_cpp__visibility_control.h
[2.536s] -- Up-to-date: /home/moonly/fpv_ros2_workspace/install/temp_msgs/lib/libtemp_msgs__rosidl_typesupport_fastrtps_cpp.so
[2.538s] -- Up-to-date: /home/moonly/fpv_ros2_workspace/install/temp_msgs/include/temp_msgs
[2.538s] -- Up-to-date: /home/moonly/fpv_ros2_workspace/install/temp_msgs/include/temp_msgs/msg
[2.538s] -- Up-to-date: /home/moonly/fpv_ros2_workspace/install/temp_msgs/include/temp_msgs/msg/detail
[2.538s] -- Up-to-date: /home/moonly/fpv_ros2_workspace/install/temp_msgs/include/temp_msgs/msg/detail/temp_msg__rosidl_typesupport_introspection_c.h
[2.538s] -- Up-to-date: /home/moonly/fpv_ros2_workspace/install/temp_msgs/include/temp_msgs/msg/detail/temp_msg__type_support.c
[2.538s] -- Up-to-date: /home/moonly/fpv_ros2_workspace/install/temp_msgs/include/temp_msgs/msg/rosidl_typesupport_introspection_c__visibility_control.h
[2.538s] -- Up-to-date: /home/moonly/fpv_ros2_workspace/install/temp_msgs/lib/libtemp_msgs__rosidl_typesupport_introspection_c.so
[2.539s] -- Up-to-date: /home/moonly/fpv_ros2_workspace/install/temp_msgs/lib/libtemp_msgs__rosidl_typesupport_c.so
[2.539s] -- Up-to-date: /home/moonly/fpv_ros2_workspace/install/temp_msgs/include/temp_msgs
[2.539s] -- Up-to-date: /home/moonly/fpv_ros2_workspace/install/temp_msgs/include/temp_msgs/msg
[2.539s] -- Up-to-date: /home/moonly/fpv_ros2_workspace/install/temp_msgs/include/temp_msgs/msg/temp_msg.hpp
[2.540s] -- Up-to-date: /home/moonly/fpv_ros2_workspace/install/temp_msgs/include/temp_msgs/msg/detail
[2.541s] -- Up-to-date: /home/moonly/fpv_ros2_workspace/install/temp_msgs/include/temp_msgs/msg/detail/temp_msg__traits.hpp
[2.541s] -- Up-to-date: /home/moonly/fpv_ros2_workspace/install/temp_msgs/include/temp_msgs/msg/detail/temp_msg__builder.hpp
[2.541s] -- Up-to-date: /home/moonly/fpv_ros2_workspace/install/temp_msgs/include/temp_msgs/msg/detail/temp_msg__type_support.hpp
[2.541s] -- Up-to-date: /home/moonly/fpv_ros2_workspace/install/temp_msgs/include/temp_msgs/msg/detail/temp_msg__struct.hpp
[2.543s] -- Up-to-date: /home/moonly/fpv_ros2_workspace/install/temp_msgs/include/temp_msgs/msg/rosidl_generator_cpp__visibility_control.hpp
[2.544s] -- Up-to-date: /home/moonly/fpv_ros2_workspace/install/temp_msgs/include/temp_msgs
[2.546s] -- Up-to-date: /home/moonly/fpv_ros2_workspace/install/temp_msgs/include/temp_msgs/msg
[2.547s] -- Up-to-date: /home/moonly/fpv_ros2_workspace/install/temp_msgs/include/temp_msgs/msg/detail
[2.550s] -- Up-to-date: /home/moonly/fpv_ros2_workspace/install/temp_msgs/include/temp_msgs/msg/detail/temp_msg__rosidl_typesupport_introspection_cpp.hpp
[2.551s] -- Up-to-date: /home/moonly/fpv_ros2_workspace/install/temp_msgs/include/temp_msgs/msg/detail/temp_msg__type_support.cpp
[2.553s] -- Up-to-date: /home/moonly/fpv_ros2_workspace/install/temp_msgs/lib/libtemp_msgs__rosidl_typesupport_introspection_cpp.so
[2.556s] -- Up-to-date: /home/moonly/fpv_ros2_workspace/install/temp_msgs/lib/libtemp_msgs__rosidl_typesupport_cpp.so
[2.557s] -- Up-to-date: /home/moonly/fpv_ros2_workspace/install/temp_msgs/share/temp_msgs/environment/pythonpath.sh
[2.557s] -- Up-to-date: /home/moonly/fpv_ros2_workspace/install/temp_msgs/share/temp_msgs/environment/pythonpath.dsv
[2.557s] -- Up-to-date: /home/moonly/fpv_ros2_workspace/install/temp_msgs/lib/python3.8/site-packages/temp_msgs/__init__.py
[2.612s] -- Up-to-date: /home/moonly/fpv_ros2_workspace/install/temp_msgs/lib/python3.8/site-packages/temp_msgs/msg
[2.612s] -- Up-to-date: /home/moonly/fpv_ros2_workspace/install/temp_msgs/lib/python3.8/site-packages/temp_msgs/msg/__init__.py
[2.612s] -- Up-to-date: /home/moonly/fpv_ros2_workspace/install/temp_msgs/lib/python3.8/site-packages/temp_msgs/msg/_temp_msg_s.c
[2.613s] -- Up-to-date: /home/moonly/fpv_ros2_workspace/install/temp_msgs/lib/python3.8/site-packages/temp_msgs/msg/_temp_msg.py
[2.613s] -- Up-to-date: /home/moonly/fpv_ros2_workspace/install/temp_msgs/lib/python3.8/site-packages/temp_msgs/temp_msgs_s__rosidl_typesupport_fastrtps_c.cpython-38-x86_64-linux-gnu.so
[2.613s] -- Up-to-date: /home/moonly/fpv_ros2_workspace/install/temp_msgs/lib/python3.8/site-packages/temp_msgs/temp_msgs_s__rosidl_typesupport_introspection_c.cpython-38-x86_64-linux-gnu.so
[2.613s] -- Up-to-date: /home/moonly/fpv_ros2_workspace/install/temp_msgs/lib/python3.8/site-packages/temp_msgs/temp_msgs_s__rosidl_typesupport_c.cpython-38-x86_64-linux-gnu.so
[2.620s] -- Up-to-date: /home/moonly/fpv_ros2_workspace/install/temp_msgs/lib/libtemp_msgs__python.so
[2.625s] -- Up-to-date: /home/moonly/fpv_ros2_workspace/install/temp_msgs/share/temp_msgs/msg/TempMsg.idl
[2.629s] -- Up-to-date: /home/moonly/fpv_ros2_workspace/install/temp_msgs/share/temp_msgs/msg/TempMsg.msg
[2.629s] -- Up-to-date: /home/moonly/fpv_ros2_workspace/install/temp_msgs/share/ament_index/resource_index/package_run_dependencies/temp_msgs
[2.629s] -- Up-to-date: /home/moonly/fpv_ros2_workspace/install/temp_msgs/share/ament_index/resource_index/parent_prefix_path/temp_msgs
[2.630s] -- Up-to-date: /home/moonly/fpv_ros2_workspace/install/temp_msgs/share/temp_msgs/environment/ament_prefix_path.sh
[2.630s] -- Up-to-date: /home/moonly/fpv_ros2_workspace/install/temp_msgs/share/temp_msgs/environment/ament_prefix_path.dsv
[2.630s] -- Up-to-date: /home/moonly/fpv_ros2_workspace/install/temp_msgs/share/temp_msgs/environment/path.sh
[2.630s] -- Up-to-date: /home/moonly/fpv_ros2_workspace/install/temp_msgs/share/temp_msgs/environment/path.dsv
[2.630s] -- Up-to-date: /home/moonly/fpv_ros2_workspace/install/temp_msgs/share/temp_msgs/local_setup.bash
[2.630s] -- Up-to-date: /home/moonly/fpv_ros2_workspace/install/temp_msgs/share/temp_msgs/local_setup.sh
[2.630s] -- Up-to-date: /home/moonly/fpv_ros2_workspace/install/temp_msgs/share/temp_msgs/local_setup.zsh
[2.630s] -- Up-to-date: /home/moonly/fpv_ros2_workspace/install/temp_msgs/share/temp_msgs/local_setup.dsv
[2.630s] -- Installing: /home/moonly/fpv_ros2_workspace/install/temp_msgs/share/temp_msgs/package.dsv
[2.630s] -- Up-to-date: /home/moonly/fpv_ros2_workspace/install/temp_msgs/share/ament_index/resource_index/packages/temp_msgs
[2.630s] -- Up-to-date: /home/moonly/fpv_ros2_workspace/install/temp_msgs/share/temp_msgs/cmake/temp_msgs__rosidl_generator_cExport.cmake
[2.631s] -- Up-to-date: /home/moonly/fpv_ros2_workspace/install/temp_msgs/share/temp_msgs/cmake/temp_msgs__rosidl_generator_cExport-noconfig.cmake
[2.631s] -- Up-to-date: /home/moonly/fpv_ros2_workspace/install/temp_msgs/share/temp_msgs/cmake/temp_msgs__rosidl_typesupport_introspection_cExport.cmake
[2.632s] -- Up-to-date: /home/moonly/fpv_ros2_workspace/install/temp_msgs/share/temp_msgs/cmake/temp_msgs__rosidl_typesupport_introspection_cExport-noconfig.cmake
[2.632s] -- Up-to-date: /home/moonly/fpv_ros2_workspace/install/temp_msgs/share/temp_msgs/cmake/temp_msgs__rosidl_typesupport_cExport.cmake
[2.632s] -- Up-to-date: /home/moonly/fpv_ros2_workspace/install/temp_msgs/share/temp_msgs/cmake/temp_msgs__rosidl_typesupport_cExport-noconfig.cmake
[2.632s] -- Up-to-date: /home/moonly/fpv_ros2_workspace/install/temp_msgs/share/temp_msgs/cmake/temp_msgs__rosidl_generator_cppExport.cmake
[2.632s] -- Up-to-date: /home/moonly/fpv_ros2_workspace/install/temp_msgs/share/temp_msgs/cmake/temp_msgs__rosidl_typesupport_introspection_cppExport.cmake
[2.632s] -- Up-to-date: /home/moonly/fpv_ros2_workspace/install/temp_msgs/share/temp_msgs/cmake/temp_msgs__rosidl_typesupport_introspection_cppExport-noconfig.cmake
[2.632s] -- Up-to-date: /home/moonly/fpv_ros2_workspace/install/temp_msgs/share/temp_msgs/cmake/temp_msgs__rosidl_typesupport_cppExport.cmake
[2.632s] -- Up-to-date: /home/moonly/fpv_ros2_workspace/install/temp_msgs/share/temp_msgs/cmake/temp_msgs__rosidl_typesupport_cppExport-noconfig.cmake
[2.632s] -- Up-to-date: /home/moonly/fpv_ros2_workspace/install/temp_msgs/share/temp_msgs/cmake/rosidl_cmake-extras.cmake
[2.632s] -- Up-to-date: /home/moonly/fpv_ros2_workspace/install/temp_msgs/share/temp_msgs/cmake/ament_cmake_export_dependencies-extras.cmake
[2.632s] -- Up-to-date: /home/moonly/fpv_ros2_workspace/install/temp_msgs/share/temp_msgs/cmake/ament_cmake_export_libraries-extras.cmake
[2.632s] -- Up-to-date: /home/moonly/fpv_ros2_workspace/install/temp_msgs/share/temp_msgs/cmake/ament_cmake_export_targets-extras.cmake
[2.632s] -- Up-to-date: /home/moonly/fpv_ros2_workspace/install/temp_msgs/share/temp_msgs/cmake/ament_cmake_export_include_directories-extras.cmake
[2.633s] -- Up-to-date: /home/moonly/fpv_ros2_workspace/install/temp_msgs/share/temp_msgs/cmake/rosidl_cmake_export_typesupport_libraries-extras.cmake
[2.634s] -- Up-to-date: /home/moonly/fpv_ros2_workspace/install/temp_msgs/share/temp_msgs/cmake/rosidl_cmake_export_typesupport_targets-extras.cmake
[2.636s] -- Up-to-date: /home/moonly/fpv_ros2_workspace/install/temp_msgs/share/temp_msgs/cmake/temp_msgsConfig.cmake
[2.637s] -- Up-to-date: /home/moonly/fpv_ros2_workspace/install/temp_msgs/share/temp_msgs/cmake/temp_msgsConfig-version.cmake
[2.638s] -- Up-to-date: /home/moonly/fpv_ros2_workspace/install/temp_msgs/share/temp_msgs/package.xml
[2.668s] Invoked command in '/home/moonly/fpv_ros2_workspace/build/temp_msgs' returned '0': CMAKE_PREFIX_PATH=${CMAKE_PREFIX_PATH}:/opt/ros/foxy _=/usr/bin/env /usr/bin/cmake --install /home/moonly/fpv_ros2_workspace/build/temp_msgs
